#
# A fatal error has been detected by the Java Runtime Environment:
#
#  SIGSEGV (0xb) at pc=0x0000000106069170, pid=57911, tid=775
#
# JRE version: OpenJDK Runtime Environment (13.0.1+9) (build 13.0.1+9)
# Java VM: OpenJDK 64-Bit Server VM (13.0.1+9, mixed mode, sharing, tiered, compressed oops, g1 gc, bsd-amd64)
# Problematic frame:
# C  [rsession+0x7e8170]  rstudio_boost::asio::placeholders::bytes_transferred()+0x1698a0
#
# No core dump will be written. Core dumps have been disabled. To enable core dumping, try "ulimit -c unlimited" before starting Java again
#
# If you would like to submit a bug report, please visit:
#   http://bugreport.java.com/bugreport/crash.jsp
# The crash happened outside the Java Virtual Machine in native code.
# See problematic frame for where to report the bug.
#

---------------  S U M M A R Y ------------

Command Line: -Djava.awt.headless=true -Xmx512m -Xrs vfprintf exit -Xss2m 

Host: MacBookPro15,4 x86_64 1400 MHz, 8 cores, 16G, Darwin 18.7.0
Time: Sat Sep 26 20:34:07 2020 EDT elapsed time: 38274 seconds (0d 10h 37m 54s)

---------------  T H R E A D  ---------------

Current thread (0x00007fba1b154000):  JavaThread "main" [_thread_in_native, id=775, stack(0x00007ffee9b7f000,0x00007ffeea37f000)]

Stack: [0x00007ffee9b7f000,0x00007ffeea37f000],  sp=0x00007ffeea37c820,  free space=8182k
Native frames: (J=compiled Java code, A=aot compiled Java code, j=interpreted, Vv=VM code, C=native code)
C  [rsession+0x7e8170]  rstudio_boost::asio::placeholders::bytes_transferred()+0x1698a0
C  [rsession+0x1702f1]  rstudio_boost::asio::detail::reactive_socket_accept_op_base<rstudio_boost::asio::basic_socket<rstudio_boost::asio::ip::tcp>, rstudio_boost::asio::ip::tcp>::do_perform(rstudio_boost::asio::detail::reactor_op*)+0xac001
C  [rsession+0x100775]  rstudio_boost::asio::detail::reactive_socket_accept_op_base<rstudio_boost::asio::basic_socket<rstudio_boost::asio::ip::tcp>, rstudio_boost::asio::ip::tcp>::do_perform(rstudio_boost::asio::detail::reactor_op*)+0x3c485
C  [rsession+0x31d9d]
[error occurred during error reporting (printing native stack), id 0xe0000000, Internal Error (/scratch/mesos/slaves/fcf4c0c4-d73e-4321-860c-6613427db92b-S1400/frameworks/1735e8a2-a1db-478c-8104-60c8b0af87dd-0196/executors/daacdadf-a1b9-40bc-9978-e61e217c02bb/runs/8ae9fce2-2d0e-4b1f-b6c6-d913bc747292/workspace/open/src/hotspot/os/bsd/decoder_machO.hpp:43)]


siginfo: si_signo: 11 (SIGSEGV), si_code: 0 (unknown), si_addr: 0x0000000000000000

Register to memory mapping:

RAX=0x00007fba0e6f90e0 points into unknown readable memory: 21 f0 e6 a0 fb 07 00 10
RBX=0x732e73726f727265 is an unknown value
RCX=0x0 is NULL
RDX=0x0000000000000007 is an unknown value
RSP=0x00007ffeea37c820 is pointing into the stack for thread: 0x00007fba1b154000
RBP=0x00007ffeea37c850 is pointing into the stack for thread: 0x00007fba1b154000
RSI=0x000000010634c3e3: _ZTSN13rstudio_boost6detail17sp_counted_impl_pINS0_16thread_data_baseEEE+0x1e02 in /Applications/RStudio.app/Contents/MacOS/rsession at 0x0000000105881000
RDI=0x0000000106467f28: _ZN13rstudio_boost9date_time14date_names_putINS_9gregorian17greg_facet_configEwNSt3__119ostreambuf_iteratorIwNS4_11char_traitsIwEEEEE2idE+0xc48 in /Applications/RStudio.app/Contents/MacOS/rsession at 0x0000000105881000
R8 =0x0000000000000070 is an unknown value
R9 =0x0000000000000580 is an unknown value
R10=0x0 is NULL
R11=0x00007ffde3f148b8 is an unknown value
R12=0x000000010634d4f6: _ZTSN13rstudio_boost6detail17sp_counted_impl_pINS0_16thread_data_baseEEE+0x2f15 in /Applications/RStudio.app/Contents/MacOS/rsession at 0x0000000105881000
R13=0x0000000000000007 is an unknown value
R14=0x6573736572707075 is an unknown value
R15=0x00000001063f8d2a: _ZTSN13rstudio_boost6detail17sp_counted_impl_pINS0_16thread_data_baseEEE+0xae749 in /Applications/RStudio.app/Contents/MacOS/rsession at 0x0000000105881000


Registers:
RAX=0x00007fba0e6f90e0, RBX=0x732e73726f727265, RCX=0x0000000000000000, RDX=0x0000000000000007
RSP=0x00007ffeea37c820, RBP=0x00007ffeea37c850, RSI=0x000000010634c3e3, RDI=0x0000000106467f28
R8 =0x0000000000000070, R9 =0x0000000000000580, R10=0x0000000000000000, R11=0x00007ffde3f148b8
R12=0x000000010634d4f6, R13=0x0000000000000007, R14=0x6573736572707075, R15=0x00000001063f8d2a
RIP=0x0000000106069170, EFLAGS=0x0000000000000206, ERR=0x00000000020000b8
  TRAPNO=0x0000000000000085

Top of Stack: (sp=0x00007ffeea37c820)
0x00007ffeea37c820:   0000000106467f28 7ffffffffffffffe
0x00007ffeea37c830:   8000000000000002 0000000000000007
0x00007ffeea37c840:   7ffffffffffffffe 00007ffeea37c8f8
0x00007ffeea37c850:   00007ffeea37c860 00000001059f12f1
0x00007ffeea37c860:   00007ffeea37c960 0000000105981775
0x00007ffeea37c870:   0000000000000000 00007ffeea37c8d0
0x00007ffeea37c880:   00007fba01ecc800 00007fba0618d7a0
0x00007ffeea37c890:   000000000000c350 0000000106449711
0x00007ffeea37c8a0:   00007ffeea37cad8 00007ffeea37cac0
0x00007ffeea37c8b0:   00007ffeea37ca10 00007ffeea37cb11
0x00007ffeea37c8c0:   0000000000000000 00000001058b3b10
0x00007ffeea37c8d0:   00007ffeea37cb10 000000010643ce10
0x00007ffeea37c8e0:   0000000000000000 0000000000000000
0x00007ffeea37c8f0:   00007ffeea37cab8 0000000000000001
0x00007ffeea37c900:   0000000000000000 0000000000000000
0x00007ffeea37c910:   706f746b7365640e 0000000000000000
0x00007ffeea37c920:   0000000000000000 0000000000000000
0x00007ffeea37c930:   00000001058b3b10 0000000000000001
0x00007ffeea37c940:   00007ffeea37cc48 00007fba0d041df0
0x00007ffeea37c950:   00007ffeea37cbc8 0000000000000001
0x00007ffeea37c960:   00007ffeea37cb50 00000001058b2d9d
0x00007ffeea37c970:   00007fba0ce00ae0 00000001058b2570
0x00007ffeea37c980:   0000000000203e04 0000000000000000
0x00007ffeea37c990:   0000000000000000 00007fba0ce00a01
0x00007ffeea37c9a0:   00000001058b3b10 0000000000203e04
0x00007ffeea37c9b0:   0000000000000000 0000000000000000
0x00007ffeea37c9c0:   0000000000203e04 0000000000000000
0x00007ffeea37c9d0:   0000000000000000 0000000000203e04
0x00007ffeea37c9e0:   0000000000000000 0000000000000000
0x00007ffeea37c9f0:   0000000000002800 00007fffa1f81410
0x00007ffeea37ca00:   0000000000000003 00007ffeea37dd68
0x00007ffeea37ca10:   0000000000000000 0000000000000000 

Instructions: (pc=0x0000000106069170)
0x0000000106069070:   41 5c 41 5e 41 5f 5d c3 48 89 c7 e8 40 d0 81 ff
0x0000000106069080:   48 89 c3 48 8d bd a0 fe ff ff e8 91 1d 82 ff eb
0x0000000106069090:   32 48 89 c3 48 8b 45 c0 48 85 c0 74 26 a8 01 75
0x00000001060690a0:   1a 48 83 e0 fe 48 8b 00 48 85 c0 74 0e 48 8d 7d
0x00000001060690b0:   c8 48 89 fe ba 02 00 00 00 ff d0 48 c7 45 c0 00
0x00000001060690c0:   00 00 00 48 89 df e8 c5 32 1d 00 0f 0b 48 89 c7
0x00000001060690d0:   e8 eb cf 81 ff 66 2e 0f 1f 84 00 00 00 00 00 90
0x00000001060690e0:   48 8b 47 08 48 85 c0 74 0c 48 8b 48 08 48 3b 48
0x00000001060690f0:   10 0f 95 c0 c3 55 48 89 e5 53 50 48 89 fb 48 8d
0x0000000106069100:   3d f5 fa 2f 00 48 8d 35 df fc 38 00 48 8d 15 af
0x0000000106069110:   53 2e 00 b9 69 00 00 00 e8 e3 03 11 00 48 8b 43
0x0000000106069120:   08 48 83 c4 08 5b 5d eb c0 0f 1f 80 00 00 00 00
0x0000000106069130:   55 48 89 e5 41 57 41 56 41 55 41 54 53 50 48 8b
0x0000000106069140:   47 08 48 85 c0 0f 84 d6 00 00 00 48 8b 58 08 4c
0x0000000106069150:   8b 70 10 4c 39 f3 0f 84 b0 00 00 00 4c 8d 3d c7
0x0000000106069160:   fb 38 00 4c 8d 25 8c 43 2e 00 66 0f 1f 44 00 00
0x0000000106069170:   48 8b 3b 48 85 ff 74 40 48 8b 07 ff 50 38 41 b5
0x0000000106069180:   01 84 c0 0f 85 86 00 00 00 48 8b 3b 48 85 ff 74
0x0000000106069190:   43 48 8b 07 ff 50 40 84 c0 75 74 48 8b 3b 48 85
0x00000001060691a0:   ff 74 4d 48 8b 07 ff 50 50 84 c0 75 62 48 83 c3
0x00000001060691b0:   10 49 39 de 75 ba eb 54 b9 de 02 00 00 48 8d 3d
0x00000001060691c0:   36 fa 2f 00 4c 89 fe 4c 89 e2 e8 31 03 11 00 48
0x00000001060691d0:   8b 3b eb a4 b9 de 02 00 00 48 8d 3d 1a fa 2f 00
0x00000001060691e0:   4c 89 fe 4c 89 e2 e8 15 03 11 00 48 8b 3b eb a1
0x00000001060691f0:   b9 de 02 00 00 48 8d 3d fe f9 2f 00 4c 89 fe 4c
0x0000000106069200:   89 e2 e8 f9 02 11 00 48 8b 3b eb 97 45 31 ed 44
0x0000000106069210:   89 e8 48 83 c4 08 5b 41 5c 41 5d 41 5e 41 5f 5d
0x0000000106069220:   c3 48 89 fb 48 8d 3d cf f9 2f 00 48 8d 35 b9 fb
0x0000000106069230:   38 00 48 8d 15 89 52 2e 00 b9 69 00 00 00 e8 bd
0x0000000106069240:   02 11 00 48 8b 43 08 e9 ff fe ff ff 0f 1f 40 00
0x0000000106069250:   55 48 89 e5 41 57 41 56 41 55 41 54 53 48 83 ec
0x0000000106069260:   58 49 89 ff 4c 8b 67 08 4d 85 e4 0f 84 86 01 00 


Stack slot to memory mapping:
stack at sp + 0 slots: 0x0000000106467f28: _ZN13rstudio_boost9date_time14date_names_putINS_9gregorian17greg_facet_configEwNSt3__119ostreambuf_iteratorIwNS4_11char_traitsIwEEEEE2idE+0xc48 in /Applications/RStudio.app/Contents/MacOS/rsession at 0x0000000105881000
stack at sp + 1 slots: 0x7ffffffffffffffe is an unknown value
stack at sp + 2 slots: 0x8000000000000002 is an unknown value
stack at sp + 3 slots: 0x0000000000000007 is an unknown value
stack at sp + 4 slots: 0x7ffffffffffffffe is an unknown value
stack at sp + 5 slots: 0x00007ffeea37c8f8 is pointing into the stack for thread: 0x00007fba1b154000
stack at sp + 6 slots: 0x00007ffeea37c860 is pointing into the stack for thread: 0x00007fba1b154000
stack at sp + 7 slots: 0x00000001059f12f1: _ZN13rstudio_boost4asio6detail30reactive_socket_accept_op_baseINS0_12basic_socketINS0_2ip3tcpEEES5_E10do_performEPNS1_10reactor_opE+0xac001 in /Applications/RStudio.app/Contents/MacOS/rsession at 0x0000000105881000


---------------  P R O C E S S  ---------------

Threads class SMR info:
_java_thread_list=0x00007fb9fcfa6980, length=9, elements={
0x00007fba1b154000, 0x00007fba1ac8b000, 0x00007fba1ad79000, 0x00007fba0f3af000,
0x00007fba19b53000, 0x00007fba1289d000, 0x00007fba0f86e000, 0x00007fba19ab7000,
0x00007fba1858e000
}

Java Threads: ( => current thread )
=>0x00007fba1b154000 JavaThread "main" [_thread_in_native, id=775, stack(0x00007ffee9b7f000,0x00007ffeea37f000)]
  0x00007fba1ac8b000 JavaThread "Reference Handler" daemon [_thread_blocked, id=14339, stack(0x000070000c3e3000,0x000070000c5e3000)]
  0x00007fba1ad79000 JavaThread "Finalizer" daemon [_thread_blocked, id=18691, stack(0x000070000c5e6000,0x000070000c7e6000)]
  0x00007fba0f3af000 JavaThread "Attach Listener" daemon [_thread_blocked, id=21763, stack(0x000070000c8ef000,0x000070000caef000)]
  0x00007fba19b53000 JavaThread "C2 CompilerThread0" daemon [_thread_blocked, id=42755, stack(0x000070000caf2000,0x000070000cbf2000)]
  0x00007fba1289d000 JavaThread "C1 CompilerThread0" daemon [_thread_blocked, id=42499, stack(0x000070000cbf5000,0x000070000ccf5000)]
  0x00007fba0f86e000 JavaThread "Sweeper thread" daemon [_thread_blocked, id=42243, stack(0x000070000ccf8000,0x000070000cef8000)]
  0x00007fba19ab7000 JavaThread "Service Thread" daemon [_thread_blocked, id=41987, stack(0x000070000cefb000,0x000070000d0fb000)]
  0x00007fba1858e000 JavaThread "Common-Cleaner" daemon [_thread_blocked, id=40963, stack(0x000070000d201000,0x000070000d401000)]

Other Threads:
  0x00007fba0f2e2800 VMThread "VM Thread" [stack: 0x000070000c2e0000,0x000070000c3e0000] [id=13827]
  0x00007fba12039000 WatcherThread [stack: 0x000070000d0fe000,0x000070000d1fe000] [id=41475]
  0x00007fba1ac61800 GCTaskThread "GC Thread#0" [stack: 0x000070000bdd1000,0x000070000bed1000] [id=21251]
  0x00007fba00b74800 GCTaskThread "GC Thread#1" [stack: 0x000070000d50a000,0x000070000d60a000] [id=26787]
  0x00007fba00917800 GCTaskThread "GC Thread#2" [stack: 0x000070000d60d000,0x000070000d70d000] [id=37911]
  0x00007fba01d5f000 GCTaskThread "GC Thread#3" [stack: 0x000070000d710000,0x000070000d810000] [id=37655]
  0x00007fba1b5bb000 GCTaskThread "GC Thread#4" [stack: 0x000070000d813000,0x000070000d913000] [id=37379]
  0x00007fb9ffb03800 GCTaskThread "GC Thread#5" [stack: 0x000070000d916000,0x000070000da16000] [id=37123]
  0x00007fba1acee000 ConcurrentGCThread "G1 Main Marker" [stack: 0x000070000bed4000,0x000070000bfd4000] [id=20739]
  0x00007fba1b298000 ConcurrentGCThread "G1 Conc#0" [stack: 0x000070000bfd7000,0x000070000c0d7000] [id=20227]
  0x00007fba1b3e1800 ConcurrentGCThread "G1 Refine#0" [stack: 0x000070000c0da000,0x000070000c1da000] [id=19715]
  0x00007fba1ad39000 ConcurrentGCThread "G1 Young RemSet Sampling" [stack: 0x000070000c1dd000,0x000070000c2dd000] [id=12291]

Threads with active compile tasks:

VM state:not at safepoint (normal execution)

VM Mutex/Monitor currently owned by a thread: None

Heap address: 0x00000007e0000000, size: 512 MB, Compressed Oops mode: Zero based, Oop shift amount: 3
Narrow klass base: 0x0000000800000000, Narrow klass shift: 3
Compressed class space size: 1073741824 Address: 0x0000000800add000

Heap:
 garbage-first heap   total 264192K, used 13902K [0x00000007e0000000, 0x0000000800000000)
  region size 1024K, 14 young (14336K), 2 survivors (2048K)
 Metaspace       used 3785K, capacity 6466K, committed 6784K, reserved 1056768K
  class space    used 313K, capacity 602K, committed 640K, reserved 1048576K
Heap Regions: E=young(eden), S=young(survivor), O=old, HS=humongous(starts), HC=humongous(continues), CS=collection set, F=free, A=archive, TAMS=top-at-mark-start (previous, next)
|   0|0x00000007e0000000, 0x00000007e0000000, 0x00000007e0100000|  0%| F|  |TAMS 0x00000007e0000000, 0x00000007e0000000| Untracked 
|   1|0x00000007e0100000, 0x00000007e0100000, 0x00000007e0200000|  0%| F|  |TAMS 0x00000007e0100000, 0x00000007e0100000| Untracked 
|   2|0x00000007e0200000, 0x00000007e0200000, 0x00000007e0300000|  0%| F|  |TAMS 0x00000007e0200000, 0x00000007e0200000| Untracked 
|   3|0x00000007e0300000, 0x00000007e0300000, 0x00000007e0400000|  0%| F|  |TAMS 0x00000007e0300000, 0x00000007e0300000| Untracked 
|   4|0x00000007e0400000, 0x00000007e0400000, 0x00000007e0500000|  0%| F|  |TAMS 0x00000007e0400000, 0x00000007e0400000| Untracked 
|   5|0x00000007e0500000, 0x00000007e0500000, 0x00000007e0600000|  0%| F|  |TAMS 0x00000007e0500000, 0x00000007e0500000| Untracked 
|   6|0x00000007e0600000, 0x00000007e0600000, 0x00000007e0700000|  0%| F|  |TAMS 0x00000007e0600000, 0x00000007e0600000| Untracked 
|   7|0x00000007e0700000, 0x00000007e0700000, 0x00000007e0800000|  0%| F|  |TAMS 0x00000007e0700000, 0x00000007e0700000| Untracked 
|   8|0x00000007e0800000, 0x00000007e0800000, 0x00000007e0900000|  0%| F|  |TAMS 0x00000007e0800000, 0x00000007e0800000| Untracked 
|   9|0x00000007e0900000, 0x00000007e0900000, 0x00000007e0a00000|  0%| F|  |TAMS 0x00000007e0900000, 0x00000007e0900000| Untracked 
|  10|0x00000007e0a00000, 0x00000007e0a00000, 0x00000007e0b00000|  0%| F|  |TAMS 0x00000007e0a00000, 0x00000007e0a00000| Untracked 
|  11|0x00000007e0b00000, 0x00000007e0b00000, 0x00000007e0c00000|  0%| F|  |TAMS 0x00000007e0b00000, 0x00000007e0b00000| Untracked 
|  12|0x00000007e0c00000, 0x00000007e0c00000, 0x00000007e0d00000|  0%| F|  |TAMS 0x00000007e0c00000, 0x00000007e0c00000| Untracked 
|  13|0x00000007e0d00000, 0x00000007e0d00000, 0x00000007e0e00000|  0%| F|  |TAMS 0x00000007e0d00000, 0x00000007e0d00000| Untracked 
|  14|0x00000007e0e00000, 0x00000007e0e00000, 0x00000007e0f00000|  0%| F|  |TAMS 0x00000007e0e00000, 0x00000007e0e00000| Untracked 
|  15|0x00000007e0f00000, 0x00000007e0f00000, 0x00000007e1000000|  0%| F|  |TAMS 0x00000007e0f00000, 0x00000007e0f00000| Untracked 
|  16|0x00000007e1000000, 0x00000007e1000000, 0x00000007e1100000|  0%| F|  |TAMS 0x00000007e1000000, 0x00000007e1000000| Untracked 
|  17|0x00000007e1100000, 0x00000007e1100000, 0x00000007e1200000|  0%| F|  |TAMS 0x00000007e1100000, 0x00000007e1100000| Untracked 
|  18|0x00000007e1200000, 0x00000007e1200000, 0x00000007e1300000|  0%| F|  |TAMS 0x00000007e1200000, 0x00000007e1200000| Untracked 
|  19|0x00000007e1300000, 0x00000007e1300000, 0x00000007e1400000|  0%| F|  |TAMS 0x00000007e1300000, 0x00000007e1300000| Untracked 
|  20|0x00000007e1400000, 0x00000007e1400000, 0x00000007e1500000|  0%| F|  |TAMS 0x00000007e1400000, 0x00000007e1400000| Untracked 
|  21|0x00000007e1500000, 0x00000007e1500000, 0x00000007e1600000|  0%| F|  |TAMS 0x00000007e1500000, 0x00000007e1500000| Untracked 
|  22|0x00000007e1600000, 0x00000007e1600000, 0x00000007e1700000|  0%| F|  |TAMS 0x00000007e1600000, 0x00000007e1600000| Untracked 
|  23|0x00000007e1700000, 0x00000007e1700000, 0x00000007e1800000|  0%| F|  |TAMS 0x00000007e1700000, 0x00000007e1700000| Untracked 
|  24|0x00000007e1800000, 0x00000007e1800000, 0x00000007e1900000|  0%| F|  |TAMS 0x00000007e1800000, 0x00000007e1800000| Untracked 
|  25|0x00000007e1900000, 0x00000007e1900000, 0x00000007e1a00000|  0%| F|  |TAMS 0x00000007e1900000, 0x00000007e1900000| Untracked 
|  26|0x00000007e1a00000, 0x00000007e1a00000, 0x00000007e1b00000|  0%| F|  |TAMS 0x00000007e1a00000, 0x00000007e1a00000| Untracked 
|  27|0x00000007e1b00000, 0x00000007e1b00000, 0x00000007e1c00000|  0%| F|  |TAMS 0x00000007e1b00000, 0x00000007e1b00000| Untracked 
|  28|0x00000007e1c00000, 0x00000007e1c00000, 0x00000007e1d00000|  0%| F|  |TAMS 0x00000007e1c00000, 0x00000007e1c00000| Untracked 
|  29|0x00000007e1d00000, 0x00000007e1d00000, 0x00000007e1e00000|  0%| F|  |TAMS 0x00000007e1d00000, 0x00000007e1d00000| Untracked 
|  30|0x00000007e1e00000, 0x00000007e1e00000, 0x00000007e1f00000|  0%| F|  |TAMS 0x00000007e1e00000, 0x00000007e1e00000| Untracked 
|  31|0x00000007e1f00000, 0x00000007e1f00000, 0x00000007e2000000|  0%| F|  |TAMS 0x00000007e1f00000, 0x00000007e1f00000| Untracked 
|  32|0x00000007e2000000, 0x00000007e2000000, 0x00000007e2100000|  0%| F|  |TAMS 0x00000007e2000000, 0x00000007e2000000| Untracked 
|  33|0x00000007e2100000, 0x00000007e2100000, 0x00000007e2200000|  0%| F|  |TAMS 0x00000007e2100000, 0x00000007e2100000| Untracked 
|  34|0x00000007e2200000, 0x00000007e2200000, 0x00000007e2300000|  0%| F|  |TAMS 0x00000007e2200000, 0x00000007e2200000| Untracked 
|  35|0x00000007e2300000, 0x00000007e2300000, 0x00000007e2400000|  0%| F|  |TAMS 0x00000007e2300000, 0x00000007e2300000| Untracked 
|  36|0x00000007e2400000, 0x00000007e2400000, 0x00000007e2500000|  0%| F|  |TAMS 0x00000007e2400000, 0x00000007e2400000| Untracked 
|  37|0x00000007e2500000, 0x00000007e2500000, 0x00000007e2600000|  0%| F|  |TAMS 0x00000007e2500000, 0x00000007e2500000| Untracked 
|  38|0x00000007e2600000, 0x00000007e2600000, 0x00000007e2700000|  0%| F|  |TAMS 0x00000007e2600000, 0x00000007e2600000| Untracked 
|  39|0x00000007e2700000, 0x00000007e2700000, 0x00000007e2800000|  0%| F|  |TAMS 0x00000007e2700000, 0x00000007e2700000| Untracked 
|  40|0x00000007e2800000, 0x00000007e2800000, 0x00000007e2900000|  0%| F|  |TAMS 0x00000007e2800000, 0x00000007e2800000| Untracked 
|  41|0x00000007e2900000, 0x00000007e2900000, 0x00000007e2a00000|  0%| F|  |TAMS 0x00000007e2900000, 0x00000007e2900000| Untracked 
|  42|0x00000007e2a00000, 0x00000007e2a00000, 0x00000007e2b00000|  0%| F|  |TAMS 0x00000007e2a00000, 0x00000007e2a00000| Untracked 
|  43|0x00000007e2b00000, 0x00000007e2b00000, 0x00000007e2c00000|  0%| F|  |TAMS 0x00000007e2b00000, 0x00000007e2b00000| Untracked 
|  44|0x00000007e2c00000, 0x00000007e2c00000, 0x00000007e2d00000|  0%| F|  |TAMS 0x00000007e2c00000, 0x00000007e2c00000| Untracked 
|  45|0x00000007e2d00000, 0x00000007e2d00000, 0x00000007e2e00000|  0%| F|  |TAMS 0x00000007e2d00000, 0x00000007e2d00000| Untracked 
|  46|0x00000007e2e00000, 0x00000007e2e00000, 0x00000007e2f00000|  0%| F|  |TAMS 0x00000007e2e00000, 0x00000007e2e00000| Untracked 
|  47|0x00000007e2f00000, 0x00000007e2f00000, 0x00000007e3000000|  0%| F|  |TAMS 0x00000007e2f00000, 0x00000007e2f00000| Untracked 
|  48|0x00000007e3000000, 0x00000007e3000000, 0x00000007e3100000|  0%| F|  |TAMS 0x00000007e3000000, 0x00000007e3000000| Untracked 
|  49|0x00000007e3100000, 0x00000007e3100000, 0x00000007e3200000|  0%| F|  |TAMS 0x00000007e3100000, 0x00000007e3100000| Untracked 
|  50|0x00000007e3200000, 0x00000007e3200000, 0x00000007e3300000|  0%| F|  |TAMS 0x00000007e3200000, 0x00000007e3200000| Untracked 
|  51|0x00000007e3300000, 0x00000007e3300000, 0x00000007e3400000|  0%| F|  |TAMS 0x00000007e3300000, 0x00000007e3300000| Untracked 
|  52|0x00000007e3400000, 0x00000007e3400000, 0x00000007e3500000|  0%| F|  |TAMS 0x00000007e3400000, 0x00000007e3400000| Untracked 
|  53|0x00000007e3500000, 0x00000007e3500000, 0x00000007e3600000|  0%| F|  |TAMS 0x00000007e3500000, 0x00000007e3500000| Untracked 
|  54|0x00000007e3600000, 0x00000007e3600000, 0x00000007e3700000|  0%| F|  |TAMS 0x00000007e3600000, 0x00000007e3600000| Untracked 
|  55|0x00000007e3700000, 0x00000007e3700000, 0x00000007e3800000|  0%| F|  |TAMS 0x00000007e3700000, 0x00000007e3700000| Untracked 
|  56|0x00000007e3800000, 0x00000007e3800000, 0x00000007e3900000|  0%| F|  |TAMS 0x00000007e3800000, 0x00000007e3800000| Untracked 
|  57|0x00000007e3900000, 0x00000007e3900000, 0x00000007e3a00000|  0%| F|  |TAMS 0x00000007e3900000, 0x00000007e3900000| Untracked 
|  58|0x00000007e3a00000, 0x00000007e3a00000, 0x00000007e3b00000|  0%| F|  |TAMS 0x00000007e3a00000, 0x00000007e3a00000| Untracked 
|  59|0x00000007e3b00000, 0x00000007e3b00000, 0x00000007e3c00000|  0%| F|  |TAMS 0x00000007e3b00000, 0x00000007e3b00000| Untracked 
|  60|0x00000007e3c00000, 0x00000007e3c00000, 0x00000007e3d00000|  0%| F|  |TAMS 0x00000007e3c00000, 0x00000007e3c00000| Untracked 
|  61|0x00000007e3d00000, 0x00000007e3d00000, 0x00000007e3e00000|  0%| F|  |TAMS 0x00000007e3d00000, 0x00000007e3d00000| Untracked 
|  62|0x00000007e3e00000, 0x00000007e3e00000, 0x00000007e3f00000|  0%| F|  |TAMS 0x00000007e3e00000, 0x00000007e3e00000| Untracked 
|  63|0x00000007e3f00000, 0x00000007e3f00000, 0x00000007e4000000|  0%| F|  |TAMS 0x00000007e3f00000, 0x00000007e3f00000| Untracked 
|  64|0x00000007e4000000, 0x00000007e4000000, 0x00000007e4100000|  0%| F|  |TAMS 0x00000007e4000000, 0x00000007e4000000| Untracked 
|  65|0x00000007e4100000, 0x00000007e4100000, 0x00000007e4200000|  0%| F|  |TAMS 0x00000007e4100000, 0x00000007e4100000| Untracked 
|  66|0x00000007e4200000, 0x00000007e4200000, 0x00000007e4300000|  0%| F|  |TAMS 0x00000007e4200000, 0x00000007e4200000| Untracked 
|  67|0x00000007e4300000, 0x00000007e4300000, 0x00000007e4400000|  0%| F|  |TAMS 0x00000007e4300000, 0x00000007e4300000| Untracked 
|  68|0x00000007e4400000, 0x00000007e4400000, 0x00000007e4500000|  0%| F|  |TAMS 0x00000007e4400000, 0x00000007e4400000| Untracked 
|  69|0x00000007e4500000, 0x00000007e4500000, 0x00000007e4600000|  0%| F|  |TAMS 0x00000007e4500000, 0x00000007e4500000| Untracked 
|  70|0x00000007e4600000, 0x00000007e4600000, 0x00000007e4700000|  0%| F|  |TAMS 0x00000007e4600000, 0x00000007e4600000| Untracked 
|  71|0x00000007e4700000, 0x00000007e4700000, 0x00000007e4800000|  0%| F|  |TAMS 0x00000007e4700000, 0x00000007e4700000| Untracked 
|  72|0x00000007e4800000, 0x00000007e4800000, 0x00000007e4900000|  0%| F|  |TAMS 0x00000007e4800000, 0x00000007e4800000| Untracked 
|  73|0x00000007e4900000, 0x00000007e4900000, 0x00000007e4a00000|  0%| F|  |TAMS 0x00000007e4900000, 0x00000007e4900000| Untracked 
|  74|0x00000007e4a00000, 0x00000007e4a00000, 0x00000007e4b00000|  0%| F|  |TAMS 0x00000007e4a00000, 0x00000007e4a00000| Untracked 
|  75|0x00000007e4b00000, 0x00000007e4b00000, 0x00000007e4c00000|  0%| F|  |TAMS 0x00000007e4b00000, 0x00000007e4b00000| Untracked 
|  76|0x00000007e4c00000, 0x00000007e4c00000, 0x00000007e4d00000|  0%| F|  |TAMS 0x00000007e4c00000, 0x00000007e4c00000| Untracked 
|  77|0x00000007e4d00000, 0x00000007e4d00000, 0x00000007e4e00000|  0%| F|  |TAMS 0x00000007e4d00000, 0x00000007e4d00000| Untracked 
|  78|0x00000007e4e00000, 0x00000007e4e00000, 0x00000007e4f00000|  0%| F|  |TAMS 0x00000007e4e00000, 0x00000007e4e00000| Untracked 
|  79|0x00000007e4f00000, 0x00000007e4f00000, 0x00000007e5000000|  0%| F|  |TAMS 0x00000007e4f00000, 0x00000007e4f00000| Untracked 
|  80|0x00000007e5000000, 0x00000007e5000000, 0x00000007e5100000|  0%| F|  |TAMS 0x00000007e5000000, 0x00000007e5000000| Untracked 
|  81|0x00000007e5100000, 0x00000007e5100000, 0x00000007e5200000|  0%| F|  |TAMS 0x00000007e5100000, 0x00000007e5100000| Untracked 
|  82|0x00000007e5200000, 0x00000007e5200000, 0x00000007e5300000|  0%| F|  |TAMS 0x00000007e5200000, 0x00000007e5200000| Untracked 
|  83|0x00000007e5300000, 0x00000007e5300000, 0x00000007e5400000|  0%| F|  |TAMS 0x00000007e5300000, 0x00000007e5300000| Untracked 
|  84|0x00000007e5400000, 0x00000007e5400000, 0x00000007e5500000|  0%| F|  |TAMS 0x00000007e5400000, 0x00000007e5400000| Untracked 
|  85|0x00000007e5500000, 0x00000007e5500000, 0x00000007e5600000|  0%| F|  |TAMS 0x00000007e5500000, 0x00000007e5500000| Untracked 
|  86|0x00000007e5600000, 0x00000007e5600000, 0x00000007e5700000|  0%| F|  |TAMS 0x00000007e5600000, 0x00000007e5600000| Untracked 
|  87|0x00000007e5700000, 0x00000007e5700000, 0x00000007e5800000|  0%| F|  |TAMS 0x00000007e5700000, 0x00000007e5700000| Untracked 
|  88|0x00000007e5800000, 0x00000007e5800000, 0x00000007e5900000|  0%| F|  |TAMS 0x00000007e5800000, 0x00000007e5800000| Untracked 
|  89|0x00000007e5900000, 0x00000007e5900000, 0x00000007e5a00000|  0%| F|  |TAMS 0x00000007e5900000, 0x00000007e5900000| Untracked 
|  90|0x00000007e5a00000, 0x00000007e5a00000, 0x00000007e5b00000|  0%| F|  |TAMS 0x00000007e5a00000, 0x00000007e5a00000| Untracked 
|  91|0x00000007e5b00000, 0x00000007e5b00000, 0x00000007e5c00000|  0%| F|  |TAMS 0x00000007e5b00000, 0x00000007e5b00000| Untracked 
|  92|0x00000007e5c00000, 0x00000007e5c00000, 0x00000007e5d00000|  0%| F|  |TAMS 0x00000007e5c00000, 0x00000007e5c00000| Untracked 
|  93|0x00000007e5d00000, 0x00000007e5d00000, 0x00000007e5e00000|  0%| F|  |TAMS 0x00000007e5d00000, 0x00000007e5d00000| Untracked 
|  94|0x00000007e5e00000, 0x00000007e5e00000, 0x00000007e5f00000|  0%| F|  |TAMS 0x00000007e5e00000, 0x00000007e5e00000| Untracked 
|  95|0x00000007e5f00000, 0x00000007e5f00000, 0x00000007e6000000|  0%| F|  |TAMS 0x00000007e5f00000, 0x00000007e5f00000| Untracked 
|  96|0x00000007e6000000, 0x00000007e6000000, 0x00000007e6100000|  0%| F|  |TAMS 0x00000007e6000000, 0x00000007e6000000| Untracked 
|  97|0x00000007e6100000, 0x00000007e6100000, 0x00000007e6200000|  0%| F|  |TAMS 0x00000007e6100000, 0x00000007e6100000| Untracked 
|  98|0x00000007e6200000, 0x00000007e6200000, 0x00000007e6300000|  0%| F|  |TAMS 0x00000007e6200000, 0x00000007e6200000| Untracked 
|  99|0x00000007e6300000, 0x00000007e6300000, 0x00000007e6400000|  0%| F|  |TAMS 0x00000007e6300000, 0x00000007e6300000| Untracked 
| 100|0x00000007e6400000, 0x00000007e6400000, 0x00000007e6500000|  0%| F|  |TAMS 0x00000007e6400000, 0x00000007e6400000| Untracked 
| 101|0x00000007e6500000, 0x00000007e6500000, 0x00000007e6600000|  0%| F|  |TAMS 0x00000007e6500000, 0x00000007e6500000| Untracked 
| 102|0x00000007e6600000, 0x00000007e6600000, 0x00000007e6700000|  0%| F|  |TAMS 0x00000007e6600000, 0x00000007e6600000| Untracked 
| 103|0x00000007e6700000, 0x00000007e6700000, 0x00000007e6800000|  0%| F|  |TAMS 0x00000007e6700000, 0x00000007e6700000| Untracked 
| 104|0x00000007e6800000, 0x00000007e6800000, 0x00000007e6900000|  0%| F|  |TAMS 0x00000007e6800000, 0x00000007e6800000| Untracked 
| 105|0x00000007e6900000, 0x00000007e6900000, 0x00000007e6a00000|  0%| F|  |TAMS 0x00000007e6900000, 0x00000007e6900000| Untracked 
| 106|0x00000007e6a00000, 0x00000007e6a00000, 0x00000007e6b00000|  0%| F|  |TAMS 0x00000007e6a00000, 0x00000007e6a00000| Untracked 
| 107|0x00000007e6b00000, 0x00000007e6b00000, 0x00000007e6c00000|  0%| F|  |TAMS 0x00000007e6b00000, 0x00000007e6b00000| Untracked 
| 108|0x00000007e6c00000, 0x00000007e6c00000, 0x00000007e6d00000|  0%| F|  |TAMS 0x00000007e6c00000, 0x00000007e6c00000| Untracked 
| 109|0x00000007e6d00000, 0x00000007e6d00000, 0x00000007e6e00000|  0%| F|  |TAMS 0x00000007e6d00000, 0x00000007e6d00000| Untracked 
| 110|0x00000007e6e00000, 0x00000007e6e00000, 0x00000007e6f00000|  0%| F|  |TAMS 0x00000007e6e00000, 0x00000007e6e00000| Untracked 
| 111|0x00000007e6f00000, 0x00000007e6f00000, 0x00000007e7000000|  0%| F|  |TAMS 0x00000007e6f00000, 0x00000007e6f00000| Untracked 
| 112|0x00000007e7000000, 0x00000007e7000000, 0x00000007e7100000|  0%| F|  |TAMS 0x00000007e7000000, 0x00000007e7000000| Untracked 
| 113|0x00000007e7100000, 0x00000007e7100000, 0x00000007e7200000|  0%| F|  |TAMS 0x00000007e7100000, 0x00000007e7100000| Untracked 
| 114|0x00000007e7200000, 0x00000007e7200000, 0x00000007e7300000|  0%| F|  |TAMS 0x00000007e7200000, 0x00000007e7200000| Untracked 
| 115|0x00000007e7300000, 0x00000007e7300000, 0x00000007e7400000|  0%| F|  |TAMS 0x00000007e7300000, 0x00000007e7300000| Untracked 
| 116|0x00000007e7400000, 0x00000007e7400000, 0x00000007e7500000|  0%| F|  |TAMS 0x00000007e7400000, 0x00000007e7400000| Untracked 
| 117|0x00000007e7500000, 0x00000007e7500000, 0x00000007e7600000|  0%| F|  |TAMS 0x00000007e7500000, 0x00000007e7500000| Untracked 
| 118|0x00000007e7600000, 0x00000007e7600000, 0x00000007e7700000|  0%| F|  |TAMS 0x00000007e7600000, 0x00000007e7600000| Untracked 
| 119|0x00000007e7700000, 0x00000007e7700000, 0x00000007e7800000|  0%| F|  |TAMS 0x00000007e7700000, 0x00000007e7700000| Untracked 
| 120|0x00000007e7800000, 0x00000007e7800000, 0x00000007e7900000|  0%| F|  |TAMS 0x00000007e7800000, 0x00000007e7800000| Untracked 
| 121|0x00000007e7900000, 0x00000007e7900000, 0x00000007e7a00000|  0%| F|  |TAMS 0x00000007e7900000, 0x00000007e7900000| Untracked 
| 122|0x00000007e7a00000, 0x00000007e7a00000, 0x00000007e7b00000|  0%| F|  |TAMS 0x00000007e7a00000, 0x00000007e7a00000| Untracked 
| 123|0x00000007e7b00000, 0x00000007e7b00000, 0x00000007e7c00000|  0%| F|  |TAMS 0x00000007e7b00000, 0x00000007e7b00000| Untracked 
| 124|0x00000007e7c00000, 0x00000007e7c00000, 0x00000007e7d00000|  0%| F|  |TAMS 0x00000007e7c00000, 0x00000007e7c00000| Untracked 
| 125|0x00000007e7d00000, 0x00000007e7d00000, 0x00000007e7e00000|  0%| F|  |TAMS 0x00000007e7d00000, 0x00000007e7d00000| Untracked 
| 126|0x00000007e7e00000, 0x00000007e7e00000, 0x00000007e7f00000|  0%| F|  |TAMS 0x00000007e7e00000, 0x00000007e7e00000| Untracked 
| 127|0x00000007e7f00000, 0x00000007e7f00000, 0x00000007e8000000|  0%| F|  |TAMS 0x00000007e7f00000, 0x00000007e7f00000| Untracked 
| 128|0x00000007e8000000, 0x00000007e8000000, 0x00000007e8100000|  0%| F|  |TAMS 0x00000007e8000000, 0x00000007e8000000| Untracked 
| 129|0x00000007e8100000, 0x00000007e8100000, 0x00000007e8200000|  0%| F|  |TAMS 0x00000007e8100000, 0x00000007e8100000| Untracked 
| 130|0x00000007e8200000, 0x00000007e8200000, 0x00000007e8300000|  0%| F|  |TAMS 0x00000007e8200000, 0x00000007e8200000| Untracked 
| 131|0x00000007e8300000, 0x00000007e8300000, 0x00000007e8400000|  0%| F|  |TAMS 0x00000007e8300000, 0x00000007e8300000| Untracked 
| 132|0x00000007e8400000, 0x00000007e8400000, 0x00000007e8500000|  0%| F|  |TAMS 0x00000007e8400000, 0x00000007e8400000| Untracked 
| 133|0x00000007e8500000, 0x00000007e8500000, 0x00000007e8600000|  0%| F|  |TAMS 0x00000007e8500000, 0x00000007e8500000| Untracked 
| 134|0x00000007e8600000, 0x00000007e8600000, 0x00000007e8700000|  0%| F|  |TAMS 0x00000007e8600000, 0x00000007e8600000| Untracked 
| 135|0x00000007e8700000, 0x00000007e8700000, 0x00000007e8800000|  0%| F|  |TAMS 0x00000007e8700000, 0x00000007e8700000| Untracked 
| 136|0x00000007e8800000, 0x00000007e8800000, 0x00000007e8900000|  0%| F|  |TAMS 0x00000007e8800000, 0x00000007e8800000| Untracked 
| 137|0x00000007e8900000, 0x00000007e8900000, 0x00000007e8a00000|  0%| F|  |TAMS 0x00000007e8900000, 0x00000007e8900000| Untracked 
| 138|0x00000007e8a00000, 0x00000007e8a00000, 0x00000007e8b00000|  0%| F|  |TAMS 0x00000007e8a00000, 0x00000007e8a00000| Untracked 
| 139|0x00000007e8b00000, 0x00000007e8b00000, 0x00000007e8c00000|  0%| F|  |TAMS 0x00000007e8b00000, 0x00000007e8b00000| Untracked 
| 140|0x00000007e8c00000, 0x00000007e8c00000, 0x00000007e8d00000|  0%| F|  |TAMS 0x00000007e8c00000, 0x00000007e8c00000| Untracked 
| 141|0x00000007e8d00000, 0x00000007e8d00000, 0x00000007e8e00000|  0%| F|  |TAMS 0x00000007e8d00000, 0x00000007e8d00000| Untracked 
| 142|0x00000007e8e00000, 0x00000007e8e00000, 0x00000007e8f00000|  0%| F|  |TAMS 0x00000007e8e00000, 0x00000007e8e00000| Untracked 
| 143|0x00000007e8f00000, 0x00000007e8f00000, 0x00000007e9000000|  0%| F|  |TAMS 0x00000007e8f00000, 0x00000007e8f00000| Untracked 
| 144|0x00000007e9000000, 0x00000007e9000000, 0x00000007e9100000|  0%| F|  |TAMS 0x00000007e9000000, 0x00000007e9000000| Untracked 
| 145|0x00000007e9100000, 0x00000007e9100000, 0x00000007e9200000|  0%| F|  |TAMS 0x00000007e9100000, 0x00000007e9100000| Untracked 
| 146|0x00000007e9200000, 0x00000007e9200000, 0x00000007e9300000|  0%| F|  |TAMS 0x00000007e9200000, 0x00000007e9200000| Untracked 
| 147|0x00000007e9300000, 0x00000007e9300000, 0x00000007e9400000|  0%| F|  |TAMS 0x00000007e9300000, 0x00000007e9300000| Untracked 
| 148|0x00000007e9400000, 0x00000007e9400000, 0x00000007e9500000|  0%| F|  |TAMS 0x00000007e9400000, 0x00000007e9400000| Untracked 
| 149|0x00000007e9500000, 0x00000007e9500000, 0x00000007e9600000|  0%| F|  |TAMS 0x00000007e9500000, 0x00000007e9500000| Untracked 
| 150|0x00000007e9600000, 0x00000007e9600000, 0x00000007e9700000|  0%| F|  |TAMS 0x00000007e9600000, 0x00000007e9600000| Untracked 
| 151|0x00000007e9700000, 0x00000007e9700000, 0x00000007e9800000|  0%| F|  |TAMS 0x00000007e9700000, 0x00000007e9700000| Untracked 
| 152|0x00000007e9800000, 0x00000007e9800000, 0x00000007e9900000|  0%| F|  |TAMS 0x00000007e9800000, 0x00000007e9800000| Untracked 
| 153|0x00000007e9900000, 0x00000007e9900000, 0x00000007e9a00000|  0%| F|  |TAMS 0x00000007e9900000, 0x00000007e9900000| Untracked 
| 154|0x00000007e9a00000, 0x00000007e9a00000, 0x00000007e9b00000|  0%| F|  |TAMS 0x00000007e9a00000, 0x00000007e9a00000| Untracked 
| 155|0x00000007e9b00000, 0x00000007e9b00000, 0x00000007e9c00000|  0%| F|  |TAMS 0x00000007e9b00000, 0x00000007e9b00000| Untracked 
| 156|0x00000007e9c00000, 0x00000007e9c00000, 0x00000007e9d00000|  0%| F|  |TAMS 0x00000007e9c00000, 0x00000007e9c00000| Untracked 
| 157|0x00000007e9d00000, 0x00000007e9d00000, 0x00000007e9e00000|  0%| F|  |TAMS 0x00000007e9d00000, 0x00000007e9d00000| Untracked 
| 158|0x00000007e9e00000, 0x00000007e9e00000, 0x00000007e9f00000|  0%| F|  |TAMS 0x00000007e9e00000, 0x00000007e9e00000| Untracked 
| 159|0x00000007e9f00000, 0x00000007e9f00000, 0x00000007ea000000|  0%| F|  |TAMS 0x00000007e9f00000, 0x00000007e9f00000| Untracked 
| 160|0x00000007ea000000, 0x00000007ea000000, 0x00000007ea100000|  0%| F|  |TAMS 0x00000007ea000000, 0x00000007ea000000| Untracked 
| 161|0x00000007ea100000, 0x00000007ea100000, 0x00000007ea200000|  0%| F|  |TAMS 0x00000007ea100000, 0x00000007ea100000| Untracked 
| 162|0x00000007ea200000, 0x00000007ea200000, 0x00000007ea300000|  0%| F|  |TAMS 0x00000007ea200000, 0x00000007ea200000| Untracked 
| 163|0x00000007ea300000, 0x00000007ea300000, 0x00000007ea400000|  0%| F|  |TAMS 0x00000007ea300000, 0x00000007ea300000| Untracked 
| 164|0x00000007ea400000, 0x00000007ea400000, 0x00000007ea500000|  0%| F|  |TAMS 0x00000007ea400000, 0x00000007ea400000| Untracked 
| 165|0x00000007ea500000, 0x00000007ea500000, 0x00000007ea600000|  0%| F|  |TAMS 0x00000007ea500000, 0x00000007ea500000| Untracked 
| 166|0x00000007ea600000, 0x00000007ea600000, 0x00000007ea700000|  0%| F|  |TAMS 0x00000007ea600000, 0x00000007ea600000| Untracked 
| 167|0x00000007ea700000, 0x00000007ea700000, 0x00000007ea800000|  0%| F|  |TAMS 0x00000007ea700000, 0x00000007ea700000| Untracked 
| 168|0x00000007ea800000, 0x00000007ea800000, 0x00000007ea900000|  0%| F|  |TAMS 0x00000007ea800000, 0x00000007ea800000| Untracked 
| 169|0x00000007ea900000, 0x00000007ea900000, 0x00000007eaa00000|  0%| F|  |TAMS 0x00000007ea900000, 0x00000007ea900000| Untracked 
| 170|0x00000007eaa00000, 0x00000007eaa00000, 0x00000007eab00000|  0%| F|  |TAMS 0x00000007eaa00000, 0x00000007eaa00000| Untracked 
| 171|0x00000007eab00000, 0x00000007eab00000, 0x00000007eac00000|  0%| F|  |TAMS 0x00000007eab00000, 0x00000007eab00000| Untracked 
| 172|0x00000007eac00000, 0x00000007eac00000, 0x00000007ead00000|  0%| F|  |TAMS 0x00000007eac00000, 0x00000007eac00000| Untracked 
| 173|0x00000007ead00000, 0x00000007ead00000, 0x00000007eae00000|  0%| F|  |TAMS 0x00000007ead00000, 0x00000007ead00000| Untracked 
| 174|0x00000007eae00000, 0x00000007eae00000, 0x00000007eaf00000|  0%| F|  |TAMS 0x00000007eae00000, 0x00000007eae00000| Untracked 
| 175|0x00000007eaf00000, 0x00000007eaf00000, 0x00000007eb000000|  0%| F|  |TAMS 0x00000007eaf00000, 0x00000007eaf00000| Untracked 
| 176|0x00000007eb000000, 0x00000007eb000000, 0x00000007eb100000|  0%| F|  |TAMS 0x00000007eb000000, 0x00000007eb000000| Untracked 
| 177|0x00000007eb100000, 0x00000007eb100000, 0x00000007eb200000|  0%| F|  |TAMS 0x00000007eb100000, 0x00000007eb100000| Untracked 
| 178|0x00000007eb200000, 0x00000007eb200000, 0x00000007eb300000|  0%| F|  |TAMS 0x00000007eb200000, 0x00000007eb200000| Untracked 
| 179|0x00000007eb300000, 0x00000007eb300000, 0x00000007eb400000|  0%| F|  |TAMS 0x00000007eb300000, 0x00000007eb300000| Untracked 
| 180|0x00000007eb400000, 0x00000007eb400000, 0x00000007eb500000|  0%| F|  |TAMS 0x00000007eb400000, 0x00000007eb400000| Untracked 
| 181|0x00000007eb500000, 0x00000007eb500000, 0x00000007eb600000|  0%| F|  |TAMS 0x00000007eb500000, 0x00000007eb500000| Untracked 
| 182|0x00000007eb600000, 0x00000007eb600000, 0x00000007eb700000|  0%| F|  |TAMS 0x00000007eb600000, 0x00000007eb600000| Untracked 
| 183|0x00000007eb700000, 0x00000007eb700000, 0x00000007eb800000|  0%| F|  |TAMS 0x00000007eb700000, 0x00000007eb700000| Untracked 
| 184|0x00000007eb800000, 0x00000007eb800000, 0x00000007eb900000|  0%| F|  |TAMS 0x00000007eb800000, 0x00000007eb800000| Untracked 
| 185|0x00000007eb900000, 0x00000007eb900000, 0x00000007eba00000|  0%| F|  |TAMS 0x00000007eb900000, 0x00000007eb900000| Untracked 
| 186|0x00000007eba00000, 0x00000007eba00000, 0x00000007ebb00000|  0%| F|  |TAMS 0x00000007eba00000, 0x00000007eba00000| Untracked 
| 187|0x00000007ebb00000, 0x00000007ebb00000, 0x00000007ebc00000|  0%| F|  |TAMS 0x00000007ebb00000, 0x00000007ebb00000| Untracked 
| 188|0x00000007ebc00000, 0x00000007ebc00000, 0x00000007ebd00000|  0%| F|  |TAMS 0x00000007ebc00000, 0x00000007ebc00000| Untracked 
| 189|0x00000007ebd00000, 0x00000007ebd00000, 0x00000007ebe00000|  0%| F|  |TAMS 0x00000007ebd00000, 0x00000007ebd00000| Untracked 
| 190|0x00000007ebe00000, 0x00000007ebe00000, 0x00000007ebf00000|  0%| F|  |TAMS 0x00000007ebe00000, 0x00000007ebe00000| Untracked 
| 191|0x00000007ebf00000, 0x00000007ebf00000, 0x00000007ec000000|  0%| F|  |TAMS 0x00000007ebf00000, 0x00000007ebf00000| Untracked 
| 192|0x00000007ec000000, 0x00000007ec000000, 0x00000007ec100000|  0%| F|  |TAMS 0x00000007ec000000, 0x00000007ec000000| Untracked 
| 193|0x00000007ec100000, 0x00000007ec100000, 0x00000007ec200000|  0%| F|  |TAMS 0x00000007ec100000, 0x00000007ec100000| Untracked 
| 194|0x00000007ec200000, 0x00000007ec200000, 0x00000007ec300000|  0%| F|  |TAMS 0x00000007ec200000, 0x00000007ec200000| Untracked 
| 195|0x00000007ec300000, 0x00000007ec300000, 0x00000007ec400000|  0%| F|  |TAMS 0x00000007ec300000, 0x00000007ec300000| Untracked 
| 196|0x00000007ec400000, 0x00000007ec400000, 0x00000007ec500000|  0%| F|  |TAMS 0x00000007ec400000, 0x00000007ec400000| Untracked 
| 197|0x00000007ec500000, 0x00000007ec500000, 0x00000007ec600000|  0%| F|  |TAMS 0x00000007ec500000, 0x00000007ec500000| Untracked 
| 198|0x00000007ec600000, 0x00000007ec600000, 0x00000007ec700000|  0%| F|  |TAMS 0x00000007ec600000, 0x00000007ec600000| Untracked 
| 199|0x00000007ec700000, 0x00000007ec7d6a20, 0x00000007ec800000| 83%| S|CS|TAMS 0x00000007ec700000, 0x00000007ec700000| Complete 
| 200|0x00000007ec800000, 0x00000007ec900000, 0x00000007ec900000|100%| S|CS|TAMS 0x00000007ec800000, 0x00000007ec800000| Complete 
| 201|0x00000007ec900000, 0x00000007ec900000, 0x00000007eca00000|  0%| F|  |TAMS 0x00000007ec900000, 0x00000007ec900000| Untracked 
| 202|0x00000007eca00000, 0x00000007eca00000, 0x00000007ecb00000|  0%| F|  |TAMS 0x00000007eca00000, 0x00000007eca00000| Untracked 
| 203|0x00000007ecb00000, 0x00000007ecb00000, 0x00000007ecc00000|  0%| F|  |TAMS 0x00000007ecb00000, 0x00000007ecb00000| Untracked 
| 204|0x00000007ecc00000, 0x00000007ecc00000, 0x00000007ecd00000|  0%| F|  |TAMS 0x00000007ecc00000, 0x00000007ecc00000| Untracked 
| 205|0x00000007ecd00000, 0x00000007ecd00000, 0x00000007ece00000|  0%| F|  |TAMS 0x00000007ecd00000, 0x00000007ecd00000| Untracked 
| 206|0x00000007ece00000, 0x00000007ece00000, 0x00000007ecf00000|  0%| F|  |TAMS 0x00000007ece00000, 0x00000007ece00000| Untracked 
| 207|0x00000007ecf00000, 0x00000007ecf00000, 0x00000007ed000000|  0%| F|  |TAMS 0x00000007ecf00000, 0x00000007ecf00000| Untracked 
| 208|0x00000007ed000000, 0x00000007ed000000, 0x00000007ed100000|  0%| F|  |TAMS 0x00000007ed000000, 0x00000007ed000000| Untracked 
| 209|0x00000007ed100000, 0x00000007ed100000, 0x00000007ed200000|  0%| F|  |TAMS 0x00000007ed100000, 0x00000007ed100000| Untracked 
| 210|0x00000007ed200000, 0x00000007ed200000, 0x00000007ed300000|  0%| F|  |TAMS 0x00000007ed200000, 0x00000007ed200000| Untracked 
| 211|0x00000007ed300000, 0x00000007ed300000, 0x00000007ed400000|  0%| F|  |TAMS 0x00000007ed300000, 0x00000007ed300000| Untracked 
| 212|0x00000007ed400000, 0x00000007ed400000, 0x00000007ed500000|  0%| F|  |TAMS 0x00000007ed400000, 0x00000007ed400000| Untracked 
| 213|0x00000007ed500000, 0x00000007ed500000, 0x00000007ed600000|  0%| F|  |TAMS 0x00000007ed500000, 0x00000007ed500000| Untracked 
| 214|0x00000007ed600000, 0x00000007ed600000, 0x00000007ed700000|  0%| F|  |TAMS 0x00000007ed600000, 0x00000007ed600000| Untracked 
| 215|0x00000007ed700000, 0x00000007ed700000, 0x00000007ed800000|  0%| F|  |TAMS 0x00000007ed700000, 0x00000007ed700000| Untracked 
| 216|0x00000007ed800000, 0x00000007ed800000, 0x00000007ed900000|  0%| F|  |TAMS 0x00000007ed800000, 0x00000007ed800000| Untracked 
| 217|0x00000007ed900000, 0x00000007ed900000, 0x00000007eda00000|  0%| F|  |TAMS 0x00000007ed900000, 0x00000007ed900000| Untracked 
| 218|0x00000007eda00000, 0x00000007eda00000, 0x00000007edb00000|  0%| F|  |TAMS 0x00000007eda00000, 0x00000007eda00000| Untracked 
| 219|0x00000007edb00000, 0x00000007edb00000, 0x00000007edc00000|  0%| F|  |TAMS 0x00000007edb00000, 0x00000007edb00000| Untracked 
| 220|0x00000007edc00000, 0x00000007edc00000, 0x00000007edd00000|  0%| F|  |TAMS 0x00000007edc00000, 0x00000007edc00000| Untracked 
| 221|0x00000007edd00000, 0x00000007edd00000, 0x00000007ede00000|  0%| F|  |TAMS 0x00000007edd00000, 0x00000007edd00000| Untracked 
| 222|0x00000007ede00000, 0x00000007ede00000, 0x00000007edf00000|  0%| F|  |TAMS 0x00000007ede00000, 0x00000007ede00000| Untracked 
| 223|0x00000007edf00000, 0x00000007edf00000, 0x00000007ee000000|  0%| F|  |TAMS 0x00000007edf00000, 0x00000007edf00000| Untracked 
| 224|0x00000007ee000000, 0x00000007ee000000, 0x00000007ee100000|  0%| F|  |TAMS 0x00000007ee000000, 0x00000007ee000000| Untracked 
| 225|0x00000007ee100000, 0x00000007ee100000, 0x00000007ee200000|  0%| F|  |TAMS 0x00000007ee100000, 0x00000007ee100000| Untracked 
| 226|0x00000007ee200000, 0x00000007ee200000, 0x00000007ee300000|  0%| F|  |TAMS 0x00000007ee200000, 0x00000007ee200000| Untracked 
| 227|0x00000007ee300000, 0x00000007ee300000, 0x00000007ee400000|  0%| F|  |TAMS 0x00000007ee300000, 0x00000007ee300000| Untracked 
| 228|0x00000007ee400000, 0x00000007ee400000, 0x00000007ee500000|  0%| F|  |TAMS 0x00000007ee400000, 0x00000007ee400000| Untracked 
| 229|0x00000007ee500000, 0x00000007ee500000, 0x00000007ee600000|  0%| F|  |TAMS 0x00000007ee500000, 0x00000007ee500000| Untracked 
| 230|0x00000007ee600000, 0x00000007ee600000, 0x00000007ee700000|  0%| F|  |TAMS 0x00000007ee600000, 0x00000007ee600000| Untracked 
| 231|0x00000007ee700000, 0x00000007ee700000, 0x00000007ee800000|  0%| F|  |TAMS 0x00000007ee700000, 0x00000007ee700000| Untracked 
| 232|0x00000007ee800000, 0x00000007ee800000, 0x00000007ee900000|  0%| F|  |TAMS 0x00000007ee800000, 0x00000007ee800000| Untracked 
| 233|0x00000007ee900000, 0x00000007ee900000, 0x00000007eea00000|  0%| F|  |TAMS 0x00000007ee900000, 0x00000007ee900000| Untracked 
| 234|0x00000007eea00000, 0x00000007eea00000, 0x00000007eeb00000|  0%| F|  |TAMS 0x00000007eea00000, 0x00000007eea00000| Untracked 
| 235|0x00000007eeb00000, 0x00000007eeb00000, 0x00000007eec00000|  0%| F|  |TAMS 0x00000007eeb00000, 0x00000007eeb00000| Untracked 
| 236|0x00000007eec00000, 0x00000007eec00000, 0x00000007eed00000|  0%| F|  |TAMS 0x00000007eec00000, 0x00000007eec00000| Untracked 
| 237|0x00000007eed00000, 0x00000007eed00000, 0x00000007eee00000|  0%| F|  |TAMS 0x00000007eed00000, 0x00000007eed00000| Untracked 
| 238|0x00000007eee00000, 0x00000007eee00000, 0x00000007eef00000|  0%| F|  |TAMS 0x00000007eee00000, 0x00000007eee00000| Untracked 
| 239|0x00000007eef00000, 0x00000007eef00000, 0x00000007ef000000|  0%| F|  |TAMS 0x00000007eef00000, 0x00000007eef00000| Untracked 
| 240|0x00000007ef000000, 0x00000007ef000000, 0x00000007ef100000|  0%| F|  |TAMS 0x00000007ef000000, 0x00000007ef000000| Untracked 
| 241|0x00000007ef100000, 0x00000007ef100000, 0x00000007ef200000|  0%| F|  |TAMS 0x00000007ef100000, 0x00000007ef100000| Untracked 
| 242|0x00000007ef200000, 0x00000007ef200000, 0x00000007ef300000|  0%| F|  |TAMS 0x00000007ef200000, 0x00000007ef200000| Untracked 
| 243|0x00000007ef300000, 0x00000007ef300000, 0x00000007ef400000|  0%| F|  |TAMS 0x00000007ef300000, 0x00000007ef300000| Untracked 
| 244|0x00000007ef400000, 0x00000007ef500000, 0x00000007ef500000|100%| E|  |TAMS 0x00000007ef400000, 0x00000007ef400000| Complete 
| 245|0x00000007ef500000, 0x00000007ef600000, 0x00000007ef600000|100%| E|CS|TAMS 0x00000007ef500000, 0x00000007ef500000| Complete 
| 246|0x00000007ef600000, 0x00000007ef700000, 0x00000007ef700000|100%| E|CS|TAMS 0x00000007ef600000, 0x00000007ef600000| Complete 
| 247|0x00000007ef700000, 0x00000007ef800000, 0x00000007ef800000|100%| E|CS|TAMS 0x00000007ef700000, 0x00000007ef700000| Complete 
| 248|0x00000007ef800000, 0x00000007ef900000, 0x00000007ef900000|100%| E|CS|TAMS 0x00000007ef800000, 0x00000007ef800000| Complete 
| 249|0x00000007ef900000, 0x00000007efa00000, 0x00000007efa00000|100%| E|CS|TAMS 0x00000007ef900000, 0x00000007ef900000| Complete 
| 250|0x00000007efa00000, 0x00000007efb00000, 0x00000007efb00000|100%| E|CS|TAMS 0x00000007efa00000, 0x00000007efa00000| Complete 
| 251|0x00000007efb00000, 0x00000007efc00000, 0x00000007efc00000|100%| E|CS|TAMS 0x00000007efb00000, 0x00000007efb00000| Complete 
| 252|0x00000007efc00000, 0x00000007efd00000, 0x00000007efd00000|100%| E|CS|TAMS 0x00000007efc00000, 0x00000007efc00000| Complete 
| 253|0x00000007efd00000, 0x00000007efe00000, 0x00000007efe00000|100%| E|CS|TAMS 0x00000007efd00000, 0x00000007efd00000| Complete 
| 254|0x00000007efe00000, 0x00000007eff00000, 0x00000007eff00000|100%| E|CS|TAMS 0x00000007efe00000, 0x00000007efe00000| Complete 
| 255|0x00000007eff00000, 0x00000007f0000000, 0x00000007f0000000|100%| E|CS|TAMS 0x00000007eff00000, 0x00000007eff00000| Complete 
| 510|0x00000007ffe00000, 0x00000007ffe47000, 0x00000007fff00000| 27%|OA|  |TAMS 0x00000007ffe00000, 0x00000007ffe00000| Untracked 
| 511|0x00000007fff00000, 0x00000007fff76000, 0x0000000800000000| 46%|CA|  |TAMS 0x00000007fff00000, 0x00000007fff00000| Untracked 

Card table byte_map: [0x0000000128f7d000,0x000000012907d000] _byte_map_base: 0x000000012507d000

Marking Bits (Prev, Next): (CMBitMap*) 0x00007fba13b6ba18, (CMBitMap*) 0x00007fba13b6ba58
 Prev Bits: [0x000000012917d000, 0x000000012997d000)
 Next Bits: [0x000000012997d000, 0x000000012a17d000)

Polling page: 0x0000000107608000

Metaspace:

Usage:
  Non-class:      5.73 MB capacity,     3.39 MB ( 59%) used,     2.33 MB ( 41%) free+waste,     6.50 KB ( <1%) overhead. 
      Class:    602.00 KB capacity,   313.89 KB ( 52%) used,   284.73 KB ( 47%) free+waste,     3.38 KB ( <1%) overhead. 
       Both:      6.31 MB capacity,     3.70 MB ( 59%) used,     2.61 MB ( 41%) free+waste,     9.88 KB ( <1%) overhead. 

Virtual space:
  Non-class space:        8.00 MB reserved,       6.00 MB ( 75%) committed 
      Class space:        1.00 GB reserved,     640.00 KB ( <1%) committed 
             Both:        1.01 GB reserved,       6.62 MB ( <1%) committed 

Chunk freelists:
   Non-Class:  36.00 KB
       Class:  18.00 KB
        Both:  54.00 KB

MaxMetaspaceSize: unlimited
CompressedClassSpaceSize: 1.00 GB

CodeHeap 'non-profiled nmethods': size=120032Kb used=539Kb max_used=539Kb free=119492Kb
 bounds [0x0000000121145000, 0x00000001213b5000, 0x000000012867d000]
CodeHeap 'profiled nmethods': size=120028Kb used=2656Kb max_used=2656Kb free=117372Kb
 bounds [0x0000000119c0e000, 0x0000000119eae000, 0x0000000121145000]
CodeHeap 'non-nmethods': size=5700Kb used=1173Kb max_used=1196Kb free=4526Kb
 bounds [0x000000011967d000, 0x00000001198ed000, 0x0000000119c0e000]
 total_blobs=1917 nmethods=1177 adapters=338
 compilation: enabled
              stopped_count=0, restarted_count=0
 full_count=0

Compilation events (20 events):
Event: 2137.956 Thread 0x00007fba19b53000 1166       4       java.util.ArrayList::<init> (12 bytes)
Event: 2137.958 Thread 0x00007fba19b53000 nmethod 1166 0x00000001211c9f10 code [0x00000001211ca080, 0x00000001211ca1b8]
Event: 2153.309 Thread 0x00007fba19b53000 1167       4       org.postgresql.core.PGStream::sendInteger2 (72 bytes)
Event: 2153.312 Thread 0x00007fba19b53000 nmethod 1167 0x00000001211ca210 code [0x00000001211ca3a0, 0x00000001211ca7b8]
Event: 2174.951 Thread 0x00007fba19b53000 1168       4       java.lang.AbstractStringBuilder::append (63 bytes)
Event: 2174.958 Thread 0x00007fba19b53000 nmethod 1168 0x00000001211caa10 code [0x00000001211cabc0, 0x00000001211cb338]
Event: 2174.959 Thread 0x00007fba1289d000 1169       3       RJavaTools::isPrimitive (76 bytes)
Event: 2174.960 Thread 0x00007fba1289d000 nmethod 1169 0x0000000119e9d990 code [0x0000000119e9dba0, 0x0000000119e9e7b0]
Event: 2174.961 Thread 0x00007fba1289d000 1170       3       java.sql.Timestamp::valueOf (517 bytes)
Event: 2174.963 Thread 0x00007fba1289d000 nmethod 1170 0x0000000119e9e990 code [0x0000000119e9eea0, 0x0000000119ea1748]
Event: 2174.963 Thread 0x00007fba1289d000 1171       3       org.postgresql.jdbc.PgPreparedStatement::setTimestamp (90 bytes)
Event: 2174.964 Thread 0x00007fba1289d000 nmethod 1171 0x0000000119ea2810 code [0x0000000119ea2aa0, 0x0000000119ea3a38]
Event: 5372.467 Thread 0x00007fba1289d000 1173       3       java.lang.ref.ReferenceQueue::reallyPoll (65 bytes)
Event: 5372.467 Thread 0x00007fba1289d000 nmethod 1173 0x0000000119ea3e90 code [0x0000000119ea4060, 0x0000000119ea4610]
Event: 12872.845 Thread 0x00007fba1289d000 1174   !   3       java.lang.ref.ReferenceQueue::remove (125 bytes)
Event: 12872.846 Thread 0x00007fba1289d000 nmethod 1174 0x0000000119ea4710 code [0x0000000119ea4920, 0x0000000119ea5218]
Event: 12932.848 Thread 0x00007fba1289d000 1175   !   3       jdk.internal.ref.PhantomCleanable::isListEmpty (34 bytes)
Event: 12932.848 Thread 0x00007fba1289d000 nmethod 1175 0x0000000119ea5510 code [0x0000000119ea56c0, 0x0000000119ea5a70]
Event: 12932.848 Thread 0x00007fba1289d000 1176       3       jdk.internal.misc.InnocuousThread::eraseThreadLocals (23 bytes)
Event: 12932.849 Thread 0x00007fba1289d000 nmethod 1176 0x0000000119ea5b90 code [0x0000000119ea5d40, 0x0000000119ea5fb0]

GC Heap History (4 events):
Event: 751.744 GC heap before
{Heap before GC invocations=0 (full 0):
 garbage-first heap   total 264192K, used 24308K [0x00000007e0000000, 0x0000000800000000)
  region size 1024K, 24 young (24576K), 0 survivors (0K)
 Metaspace       used 3456K, capacity 6272K, committed 6528K, reserved 1056768K
  class space    used 312K, capacity 602K, committed 640K, reserved 1048576K
}
Event: 751.751 GC heap after
{Heap after GC invocations=1 (full 0):
 garbage-first heap   total 264192K, used 2631K [0x00000007e0000000, 0x0000000800000000)
  region size 1024K, 2 young (2048K), 2 survivors (2048K)
 Metaspace       used 3456K, capacity 6272K, committed 6528K, reserved 1056768K
  class space    used 312K, capacity 602K, committed 640K, reserved 1048576K
}
Event: 1922.283 GC heap before
{Heap before GC invocations=1 (full 0):
 garbage-first heap   total 264192K, used 56903K [0x00000007e0000000, 0x0000000800000000)
  region size 1024K, 55 young (56320K), 2 survivors (2048K)
 Metaspace       used 3752K, capacity 6466K, committed 6784K, reserved 1056768K
  class space    used 313K, capacity 602K, committed 640K, reserved 1048576K
}
Event: 1922.287 GC heap after
{Heap after GC invocations=2 (full 0):
 garbage-first heap   total 264192K, used 2638K [0x00000007e0000000, 0x0000000800000000)
  region size 1024K, 2 young (2048K), 2 survivors (2048K)
 Metaspace       used 3752K, capacity 6466K, committed 6784K, reserved 1056768K
  class space    used 313K, capacity 602K, committed 640K, reserved 1048576K
}

Deoptimization events (20 events):
Event: 1450.245 Thread 0x00007fba1b154000 DEOPT PACKING pc=0x0000000119dd85f4 sp=0x00007ffeea372fb0
Event: 1450.245 Thread 0x00007fba1b154000 DEOPT UNPACKING pc=0x00000001196c633a sp=0x00007ffeea3724c0 mode 0
Event: 1450.245 Thread 0x00007fba1b154000 DEOPT PACKING pc=0x0000000119de0d98 sp=0x00007ffeea372e20
Event: 1450.245 Thread 0x00007fba1b154000 DEOPT UNPACKING pc=0x00000001196c633a sp=0x00007ffeea3724b8 mode 0
Event: 1922.274 Thread 0x00007fba1b154000 Uncommon trap: trap_request=0xffffffbe fr.pc=0x00000001211c2ff0 relative=0x0000000000000ab0
Event: 1922.274 Thread 0x00007fba1b154000 Uncommon trap: reason=profile_predicate action=maybe_recompile pc=0x00000001211c2ff0 method=java.util.regex.Pattern$BnM.optimize(Ljava/util/regex/Pattern$Node;)Ljava/util/regex/Pattern$Node; @ 67 c2
Event: 1922.274 Thread 0x00007fba1b154000 DEOPT PACKING pc=0x00000001211c2ff0 sp=0x00007ffeea372c20
Event: 1922.274 Thread 0x00007fba1b154000 DEOPT UNPACKING pc=0x00000001196c5e25 sp=0x00007ffeea372b80 mode 2
Event: 1922.274 Thread 0x00007fba1b154000 Uncommon trap: trap_request=0xffffffbe fr.pc=0x00000001211c2ff0 relative=0x0000000000000ab0
Event: 1922.274 Thread 0x00007fba1b154000 Uncommon trap: reason=profile_predicate action=maybe_recompile pc=0x00000001211c2ff0 method=java.util.regex.Pattern$BnM.optimize(Ljava/util/regex/Pattern$Node;)Ljava/util/regex/Pattern$Node; @ 67 c2
Event: 1922.274 Thread 0x00007fba1b154000 DEOPT PACKING pc=0x00000001211c2ff0 sp=0x00007ffeea372c80
Event: 1922.274 Thread 0x00007fba1b154000 DEOPT UNPACKING pc=0x00000001196c5e25 sp=0x00007ffeea372be0 mode 2
Event: 1922.274 Thread 0x00007fba1b154000 Uncommon trap: trap_request=0xffffffbe fr.pc=0x00000001211c2ff0 relative=0x0000000000000ab0
Event: 1922.274 Thread 0x00007fba1b154000 Uncommon trap: reason=profile_predicate action=maybe_recompile pc=0x00000001211c2ff0 method=java.util.regex.Pattern$BnM.optimize(Ljava/util/regex/Pattern$Node;)Ljava/util/regex/Pattern$Node; @ 67 c2
Event: 1922.274 Thread 0x00007fba1b154000 DEOPT PACKING pc=0x00000001211c2ff0 sp=0x00007ffeea372c80
Event: 1922.274 Thread 0x00007fba1b154000 DEOPT UNPACKING pc=0x00000001196c5e25 sp=0x00007ffeea372be0 mode 2
Event: 1947.835 Thread 0x00007fba1b154000 Uncommon trap: trap_request=0xffffffbe fr.pc=0x00000001211c2ff0 relative=0x0000000000000ab0
Event: 1947.835 Thread 0x00007fba1b154000 Uncommon trap: reason=profile_predicate action=maybe_recompile pc=0x00000001211c2ff0 method=java.util.regex.Pattern$BnM.optimize(Ljava/util/regex/Pattern$Node;)Ljava/util/regex/Pattern$Node; @ 67 c2
Event: 1947.835 Thread 0x00007fba1b154000 DEOPT PACKING pc=0x00000001211c2ff0 sp=0x00007ffeea372c20
Event: 1947.835 Thread 0x00007fba1b154000 DEOPT UNPACKING pc=0x00000001196c5e25 sp=0x00007ffeea372b80 mode 2

Classes unloaded (0 events):
No events

Classes redefined (0 events):
No events

Internal exceptions (1 events):
Event: 498.452 Thread 0x00007fba1b154000 Exception <a 'java/lang/NoSuchMethodError'{0x00000007ef9fd898}: 'int java.lang.invoke.DirectMethodHandle$Holder.invokeSpecialIFC(java.lang.Object, java.lang.Object, int)'> (0x00000007ef9fd898) 
thrown [/scratch/mesos/slaves/fcf4c0c4-d73e-4321-860c-6613427db92b-S1400/frameworks/1735e8a2-a1db-478c-8104-60c8b0af87dd-0196/executors/daacdadf-a1b9-40bc-9978-e61e217c02bb/runs/8ae9fce2-2d0e-4b1f-b6c6-d913bc747292/workspace/open/src/hotspot/share/interpreter/linkResolver.cpp, line 767]

Events (20 events):
Event: 751.744 Executing VM operation: G1CollectForAllocation
Event: 751.751 Executing VM operation: G1CollectForAllocation done
Event: 751.751 Executing VM operation: RevokeBias
Event: 751.751 Executing VM operation: RevokeBias done
Event: 751.751 Executing VM operation: RevokeBias
Event: 751.751 Executing VM operation: RevokeBias done
Event: 751.751 Executing VM operation: RevokeBias
Event: 751.751 Executing VM operation: RevokeBias done
Event: 751.751 Executing VM operation: RevokeBias
Event: 751.751 Executing VM operation: RevokeBias done
Event: 751.752 Executing VM operation: RevokeBias
Event: 751.752 Executing VM operation: RevokeBias done
Event: 751.752 Executing VM operation: RevokeBias
Event: 751.752 Executing VM operation: RevokeBias done
Event: 781.870 Loaded shared library /Library/Java/JavaVirtualMachines/openjdk-13.0.1.jdk/Contents/Home/lib/libnio.dylib
Event: 781.871 Loaded shared library /Library/Java/JavaVirtualMachines/openjdk-13.0.1.jdk/Contents/Home/lib/libnio.dylib
Event: 781.871 Loaded shared library /Library/Java/JavaVirtualMachines/openjdk-13.0.1.jdk/Contents/Home/lib/libnio.dylib
Event: 781.871 Loaded shared library /Library/Java/JavaVirtualMachines/openjdk-13.0.1.jdk/Contents/Home/lib/libnio.dylib
Event: 1922.283 Executing VM operation: G1CollectForAllocation
Event: 1922.287 Executing VM operation: G1CollectForAllocation done


Dynamic libraries:
0x00000001064eb000 	/Library/Frameworks/R.framework/Resources/lib/libR.dylib
0x00007fff3ce60000 	/System/Library/Frameworks/AppKit.framework/Versions/C/AppKit
0x00007fff3dc67000 	/System/Library/Frameworks/ApplicationServices.framework/Versions/A/ApplicationServices
0x00007fff3f84a000 	/System/Library/Frameworks/CoreFoundation.framework/Versions/A/CoreFoundation
0x00007fff41acf000 	/System/Library/Frameworks/Foundation.framework/Versions/C/Foundation
0x00007fff42187000 	/System/Library/Frameworks/IOKit.framework/Versions/A/IOKit
0x00007fff4ad99000 	/System/Library/Frameworks/Security.framework/Versions/A/Security
0x00007fff68a0d000 	/usr/lib/libbsm.0.dylib
0x00007fff687e7000 	/usr/lib/libSystem.B.dylib
0x00007fff6ae90000 	/usr/lib/libz.1.dylib
0x00007fff40aa1000 	/System/Library/Frameworks/CoreServices.framework/Versions/A/CoreServices
0x00000001069da000 	/Applications/RStudio.app/Contents/Frameworks/libssl.1.1.dylib
0x0000000106a5c000 	/Applications/RStudio.app/Contents/Frameworks/libcrypto.1.1.dylib
0x00007fff68a2c000 	/usr/lib/libc++.1.dylib
0x00007fff3fc91000 	/System/Library/Frameworks/CoreGraphics.framework/Versions/A/CoreGraphics
0x00007fff41479000 	/System/Library/Frameworks/CoreText.framework/Versions/A/CoreText
0x00007fff6a020000 	/usr/lib/libobjc.A.dylib
0x00007fff622aa000 	/System/Library/PrivateFrameworks/RemoteViewServices.framework/Versions/A/RemoteViewServices
0x00007fff66523000 	/System/Library/PrivateFrameworks/UIFoundation.framework/Versions/A/UIFoundation
0x00007fff67c08000 	/System/Library/PrivateFrameworks/XCTTargetBootstrap.framework/Versions/A/XCTTargetBootstrap
0x00007fff3f759000 	/System/Library/Frameworks/CoreDisplay.framework/Versions/A/CoreDisplay
0x00007fff5cfe2000 	/System/Library/PrivateFrameworks/IconServices.framework/Versions/A/IconServices
0x00007fff44404000 	/System/Library/Frameworks/Metal.framework/Versions/A/Metal
0x00007fff54526000 	/System/Library/PrivateFrameworks/DesktopServicesPriv.framework/Versions/A/DesktopServicesPriv
0x00007fff69383000 	/usr/lib/libenergytrace.dylib
0x00007fff64a09000 	/System/Library/PrivateFrameworks/SkyLight.framework/Versions/A/SkyLight
0x00007fff3bc2c000 	/System/Library/Frameworks/Accelerate.framework/Versions/A/Accelerate
0x00007fff42218000 	/System/Library/Frameworks/IOSurface.framework/Versions/A/IOSurface
0x00007fff54392000 	/System/Library/PrivateFrameworks/DFRFoundation.framework/Versions/A/DFRFoundation
0x00007fff3e14a000 	/System/Library/Frameworks/AudioToolbox.framework/Versions/A/AudioToolbox
0x00007fff3e3c3000 	/System/Library/Frameworks/AudioUnit.framework/Versions/A/AudioUnit
0x00007fff3f3d3000 	/System/Library/Frameworks/CoreData.framework/Versions/A/CoreData
0x00007fff54427000 	/System/Library/PrivateFrameworks/DataDetectorsCore.framework/Versions/A/DataDetectorsCore
0x00007fff3ead8000 	/System/Library/Frameworks/Carbon.framework/Versions/A/Frameworks/HIToolbox.framework/Versions/A/HIToolbox
0x00007fff694dc000 	/usr/lib/libicucore.A.dylib
0x00007fff4a30c000 	/System/Library/Frameworks/QuartzCore.framework/Versions/A/QuartzCore
0x00007fff3eead000 	/System/Library/Frameworks/Carbon.framework/Versions/A/Frameworks/SpeechRecognition.framework/Versions/A/SpeechRecognition
0x00007fff6893b000 	/usr/lib/libauto.dylib
0x00007fff6ad83000 	/usr/lib/libxml2.2.dylib
0x00007fff53f6d000 	/System/Library/PrivateFrameworks/CoreUI.framework/Versions/A/CoreUI
0x00007fff3f2be000 	/System/Library/Frameworks/CoreAudio.framework/Versions/A/CoreAudio
0x00007fff41903000 	/System/Library/Frameworks/DiskArbitration.framework/Versions/A/DiskArbitration
0x00007fff6978a000 	/usr/lib/liblangid.dylib
0x00007fff5e3ee000 	/System/Library/PrivateFrameworks/MultitouchSupport.framework/Versions/A/MultitouchSupport
0x00007fff683a7000 	/usr/lib/libDiagnosticMessagesClient.dylib
0x00007fff600a9000 	/System/Library/PrivateFrameworks/PerformanceAnalysis.framework/Versions/A/PerformanceAnalysis
0x00007fff494f3000 	/System/Library/Frameworks/OpenGL.framework/Versions/A/OpenGL
0x00007fff3efe3000 	/System/Library/Frameworks/ColorSync.framework/Versions/A/ColorSync
0x00007fff40323000 	/System/Library/Frameworks/CoreImage.framework/Versions/A/CoreImage
0x00007fff4227b000 	/System/Library/Frameworks/ImageIO.framework/Versions/A/ImageIO
0x00007fff505bd000 	/System/Library/PrivateFrameworks/Backup.framework/Versions/A/Backup
0x00007fff6888e000 	/usr/lib/libarchive.2.dylib
0x00007fff3e71c000 	/System/Library/Frameworks/CFNetwork.framework/Versions/A/CFNetwork
0x00007fff4b4f5000 	/System/Library/Frameworks/SystemConfiguration.framework/Versions/A/SystemConfiguration
0x00007fff682d8000 	/usr/lib/libCRFSuite.dylib
0x00007fff68a80000 	/usr/lib/libc++abi.dylib
0x00007fff6b686000 	/usr/lib/system/libcache.dylib
0x00007fff6b68b000 	/usr/lib/system/libcommonCrypto.dylib
0x00007fff6b696000 	/usr/lib/system/libcompiler_rt.dylib
0x00007fff6b69e000 	/usr/lib/system/libcopyfile.dylib
0x00007fff6b6a8000 	/usr/lib/system/libcorecrypto.dylib
0x00007fff6b7b3000 	/usr/lib/system/libdispatch.dylib
0x00007fff6b7ed000 	/usr/lib/system/libdyld.dylib
0x00007fff6b81a000 	/usr/lib/system/libkeymgr.dylib
0x00007fff6b828000 	/usr/lib/system/liblaunch.dylib
0x00007fff6b829000 	/usr/lib/system/libmacho.dylib
0x00007fff6b82f000 	/usr/lib/system/libquarantine.dylib
0x00007fff6b832000 	/usr/lib/system/libremovefile.dylib
0x00007fff6b834000 	/usr/lib/system/libsystem_asl.dylib
0x00007fff6b84c000 	/usr/lib/system/libsystem_blocks.dylib
0x00007fff6b84d000 	/usr/lib/system/libsystem_c.dylib
0x00007fff6b8d5000 	/usr/lib/system/libsystem_configuration.dylib
0x00007fff6b8d9000 	/usr/lib/system/libsystem_coreservices.dylib
0x00007fff6b8dd000 	/usr/lib/system/libsystem_darwin.dylib
0x00007fff6b8e4000 	/usr/lib/system/libsystem_dnssd.dylib
0x00007fff6b8eb000 	/usr/lib/system/libsystem_info.dylib
0x00007fff6b960000 	/usr/lib/system/libsystem_m.dylib
0x00007fff6b9ac000 	/usr/lib/system/libsystem_malloc.dylib
0x00007fff6b9d7000 	/usr/lib/system/libsystem_networkextension.dylib
0x00007fff6b9e2000 	/usr/lib/system/libsystem_notify.dylib
0x00007fff6b9ff000 	/usr/lib/system/libsystem_sandbox.dylib
0x00007fff6ba03000 	/usr/lib/system/libsystem_secinit.dylib
0x00007fff6b937000 	/usr/lib/system/libsystem_kernel.dylib
0x00007fff6b9ea000 	/usr/lib/system/libsystem_platform.dylib
0x00007fff6b9f4000 	/usr/lib/system/libsystem_pthread.dylib
0x00007fff6ba06000 	/usr/lib/system/libsystem_symptoms.dylib
0x00007fff6ba0e000 	/usr/lib/system/libsystem_trace.dylib
0x00007fff6ba25000 	/usr/lib/system/libunwind.dylib
0x00007fff6ba2b000 	/usr/lib/system/libxpc.dylib
0x00007fff6b81b000 	/usr/lib/system/libkxld.dylib
0x00007fff4f9ae000 	/System/Library/PrivateFrameworks/AppleFSCompression.framework/Versions/A/AppleFSCompression
0x00007fff686a7000 	/usr/lib/libOpenScriptingUtil.dylib
0x00007fff68d35000 	/usr/lib/libcoretls.dylib
0x00007fff68d4c000 	/usr/lib/libcoretls_cfhelpers.dylib
0x00007fff6a7b7000 	/usr/lib/libpam.2.dylib
0x00007fff6a977000 	/usr/lib/libsqlite3.dylib
0x00007fff6ad71000 	/usr/lib/libxar.1.dylib
0x00007fff68a1e000 	/usr/lib/libbz2.1.0.dylib
0x00007fff6978c000 	/usr/lib/liblzma.5.dylib
0x00007fff69c3d000 	/usr/lib/libnetwork.dylib
0x00007fff68877000 	/usr/lib/libapple_nghttp2.dylib
0x00007fff6a7be000 	/usr/lib/libpcap.A.dylib
0x00007fff40e40000 	/System/Library/Frameworks/CoreServices.framework/Versions/A/Frameworks/FSEvents.framework/Versions/A/FSEvents
0x00007fff40b1f000 	/System/Library/Frameworks/CoreServices.framework/Versions/A/Frameworks/CarbonCore.framework/Versions/A/CarbonCore
0x00007fff40ffb000 	/System/Library/Frameworks/CoreServices.framework/Versions/A/Frameworks/Metadata.framework/Versions/A/Metadata
0x00007fff4109a000 	/System/Library/Frameworks/CoreServices.framework/Versions/A/Frameworks/OSServices.framework/Versions/A/OSServices
0x00007fff410e5000 	/System/Library/Frameworks/CoreServices.framework/Versions/A/Frameworks/SearchKit.framework/Versions/A/SearchKit
0x00007fff40aa2000 	/System/Library/Frameworks/CoreServices.framework/Versions/A/Frameworks/AE.framework/Versions/A/AE
0x00007fff40e49000 	/System/Library/Frameworks/CoreServices.framework/Versions/A/Frameworks/LaunchServices.framework/Versions/A/LaunchServices
0x00007fff40df7000 	/System/Library/Frameworks/CoreServices.framework/Versions/A/Frameworks/DictionaryServices.framework/Versions/A/DictionaryServices
0x00007fff4114d000 	/System/Library/Frameworks/CoreServices.framework/Versions/A/Frameworks/SharedFileList.framework/Versions/A/SharedFileList
0x00007fff454ce000 	/System/Library/Frameworks/NetFS.framework/Versions/A/NetFS
0x00007fff5e654000 	/System/Library/PrivateFrameworks/NetAuth.framework/Versions/A/NetAuth
0x00007fff6800c000 	/System/Library/PrivateFrameworks/login.framework/Versions/A/Frameworks/loginsupport.framework/Versions/A/loginsupport
0x00007fff6612c000 	/System/Library/PrivateFrameworks/TCC.framework/Versions/A/TCC
0x00007fff535ca000 	/System/Library/PrivateFrameworks/CoreNLP.framework/Versions/A/CoreNLP
0x00007fff5e0e9000 	/System/Library/PrivateFrameworks/MetadataUtilities.framework/Versions/A/MetadataUtilities
0x00007fff69861000 	/usr/lib/libmecabra.dylib
0x00007fff3dc68000 	/System/Library/Frameworks/ApplicationServices.framework/Versions/A/Frameworks/ATS.framework/Versions/A/ATS
0x00007fff3dfb7000 	/System/Library/Frameworks/ApplicationServices.framework/Versions/A/Frameworks/ColorSyncLegacy.framework/Versions/A/ColorSyncLegacy
0x00007fff3e056000 	/System/Library/Frameworks/ApplicationServices.framework/Versions/A/Frameworks/HIServices.framework/Versions/A/HIServices
0x00007fff3e0a9000 	/System/Library/Frameworks/ApplicationServices.framework/Versions/A/Frameworks/LangAnalysis.framework/Versions/A/LangAnalysis
0x00007fff3e0b9000 	/System/Library/Frameworks/ApplicationServices.framework/Versions/A/Frameworks/PrintCore.framework/Versions/A/PrintCore
0x00007fff3e103000 	/System/Library/Frameworks/ApplicationServices.framework/Versions/A/Frameworks/QD.framework/Versions/A/QD
0x00007fff3e13d000 	/System/Library/Frameworks/ApplicationServices.framework/Versions/A/Frameworks/SpeechSynthesis.framework/Versions/A/SpeechSynthesis
0x00007fff68aa8000 	/usr/lib/libcompression.dylib
0x00007fff446d4000 	/System/Library/Frameworks/MetalPerformanceShaders.framework/Versions/A/MetalPerformanceShaders
0x00007fff3bc44000 	/System/Library/Frameworks/Accelerate.framework/Versions/A/Frameworks/vImage.framework/Versions/A/vImage
0x00007fff3ccbe000 	/System/Library/Frameworks/Accelerate.framework/Versions/A/Frameworks/vecLib.framework/Versions/A/vecLib
0x00007fff3cc0a000 	/System/Library/Frameworks/Accelerate.framework/Versions/A/Frameworks/vecLib.framework/Versions/A/libvMisc.dylib
0x00007fff3ca22000 	/System/Library/Frameworks/Accelerate.framework/Versions/A/Frameworks/vecLib.framework/Versions/A/libvDSP.dylib
0x00007fff3c2de000 	/System/Library/Frameworks/Accelerate.framework/Versions/A/Frameworks/vecLib.framework/Versions/A/libBLAS.dylib
0x00007fff3c5cb000 	/System/Library/Frameworks/Accelerate.framework/Versions/A/Frameworks/vecLib.framework/Versions/A/libLAPACK.dylib
0x00007fff3c975000 	/System/Library/Frameworks/Accelerate.framework/Versions/A/Frameworks/vecLib.framework/Versions/A/libLinearAlgebra.dylib
0x00007fff3ca0e000 	/System/Library/Frameworks/Accelerate.framework/Versions/A/Frameworks/vecLib.framework/Versions/A/libSparseBLAS.dylib
0x00007fff3c98b000 	/System/Library/Frameworks/Accelerate.framework/Versions/A/Frameworks/vecLib.framework/Versions/A/libQuadrature.dylib
0x00007fff3c558000 	/System/Library/Frameworks/Accelerate.framework/Versions/A/Frameworks/vecLib.framework/Versions/A/libBNNS.dylib
0x00007fff3c991000 	/System/Library/Frameworks/Accelerate.framework/Versions/A/Frameworks/vecLib.framework/Versions/A/libSparse.dylib
0x00007fff5a918000 	/System/Library/PrivateFrameworks/GPUWrangler.framework/Versions/A/GPUWrangler
0x00007fff5cc17000 	/System/Library/PrivateFrameworks/IOAccelerator.framework/Versions/A/IOAccelerator
0x00007fff5cc22000 	/System/Library/PrivateFrameworks/IOPresentment.framework/Versions/A/IOPresentment
0x00007fff543a2000 	/System/Library/PrivateFrameworks/DSExternalDisplay.framework/Versions/A/DSExternalDisplay
0x00007fff4894a000 	/System/Library/Frameworks/OpenGL.framework/Versions/A/Libraries/libCoreFSCache.dylib
0x00007fff444c8000 	/System/Library/Frameworks/MetalPerformanceShaders.framework/Frameworks/MPSCore.framework/Versions/A/MPSCore
0x00007fff444e8000 	/System/Library/Frameworks/MetalPerformanceShaders.framework/Frameworks/MPSImage.framework/Versions/A/MPSImage
0x00007fff4458d000 	/System/Library/Frameworks/MetalPerformanceShaders.framework/Frameworks/MPSNeuralNetwork.framework/Versions/A/MPSNeuralNetwork
0x00007fff44565000 	/System/Library/Frameworks/MetalPerformanceShaders.framework/Frameworks/MPSMatrix.framework/Versions/A/MPSMatrix
0x00007fff446b9000 	/System/Library/Frameworks/MetalPerformanceShaders.framework/Frameworks/MPSRayIntersector.framework/Versions/A/MPSRayIntersector
0x00007fff5e112000 	/System/Library/PrivateFrameworks/MetalTools.framework/Versions/A/MetalTools
0x00007fff4f258000 	/System/Library/PrivateFrameworks/AggregateDictionary.framework/Versions/A/AggregateDictionary
0x00007fff68687000 	/usr/lib/libMobileGestalt.dylib
0x00007fff415dc000 	/System/Library/Frameworks/CoreVideo.framework/Versions/A/CoreVideo
0x00007fff5b729000 	/System/Library/PrivateFrameworks/GraphVisualizer.framework/Versions/A/GraphVisualizer
0x00007fff555a8000 	/System/Library/PrivateFrameworks/FaceCore.framework/Versions/A/FaceCore
0x00007fff47f78000 	/System/Library/Frameworks/OpenCL.framework/Versions/A/OpenCL
0x00007fff683df000 	/usr/lib/libFosl_dynamic.dylib
0x00007fff5eebf000 	/System/Library/PrivateFrameworks/OTSVG.framework/Versions/A/OTSVG
0x00007fff3dd6c000 	/System/Library/Frameworks/ApplicationServices.framework/Versions/A/Frameworks/ATS.framework/Versions/A/Resources/libFontParser.dylib
0x00007fff3de84000 	/System/Library/Frameworks/ApplicationServices.framework/Versions/A/Frameworks/ATS.framework/Versions/A/Resources/libFontRegistry.dylib
0x00007fff424ea000 	/System/Library/Frameworks/ImageIO.framework/Versions/A/Resources/libJPEG.dylib
0x00007fff4280f000 	/System/Library/Frameworks/ImageIO.framework/Versions/A/Resources/libTIFF.dylib
0x00007fff427e5000 	/System/Library/Frameworks/ImageIO.framework/Versions/A/Resources/libPng.dylib
0x00007fff42408000 	/System/Library/Frameworks/ImageIO.framework/Versions/A/Resources/libGIF.dylib
0x00007fff4240d000 	/System/Library/Frameworks/ImageIO.framework/Versions/A/Resources/libJP2.dylib
0x00007fff4280c000 	/System/Library/Frameworks/ImageIO.framework/Versions/A/Resources/libRadiance.dylib
0x00007fff4fb05000 	/System/Library/PrivateFrameworks/AppleJPEG.framework/Versions/A/AppleJPEG
0x00007fff48955000 	/System/Library/Frameworks/OpenGL.framework/Versions/A/Libraries/libGFXShared.dylib
0x00007fff48b18000 	/System/Library/Frameworks/OpenGL.framework/Versions/A/Libraries/libGLU.dylib
0x00007fff4895e000 	/System/Library/Frameworks/OpenGL.framework/Versions/A/Libraries/libGL.dylib
0x00007fff4896a000 	/System/Library/Frameworks/OpenGL.framework/Versions/A/Libraries/libGLImage.dylib
0x00007fff48947000 	/System/Library/Frameworks/OpenGL.framework/Versions/A/Libraries/libCVMSPluginSupport.dylib
0x00007fff48950000 	/System/Library/Frameworks/OpenGL.framework/Versions/A/Libraries/libCoreVMClient.dylib
0x00007fff691f9000 	/usr/lib/libcups.2.dylib
0x00007fff439cf000 	/System/Library/Frameworks/Kerberos.framework/Versions/A/Kerberos
0x00007fff41eeb000 	/System/Library/Frameworks/GSS.framework/Versions/A/GSS
0x00007fff6a90c000 	/usr/lib/libresolv.9.dylib
0x00007fff693eb000 	/usr/lib/libiconv.2.dylib
0x00007fff5b89e000 	/System/Library/PrivateFrameworks/Heimdal.framework/Versions/A/Heimdal
0x00007fff693bb000 	/usr/lib/libheimdal-asn1.dylib
0x00007fff47fec000 	/System/Library/Frameworks/OpenDirectory.framework/Versions/A/OpenDirectory
0x00007fff5232d000 	/System/Library/PrivateFrameworks/CommonAuth.framework/Versions/A/CommonAuth
0x00007fff47fd0000 	/System/Library/Frameworks/OpenDirectory.framework/Versions/A/Frameworks/CFOpenDirectory.framework/Versions/A/CFOpenDirectory
0x00007fff4b09a000 	/System/Library/Frameworks/SecurityFoundation.framework/Versions/A/SecurityFoundation
0x00007fff4e79e000 	/System/Library/PrivateFrameworks/APFS.framework/Versions/A/APFS
0x00007fff6ad6d000 	/usr/lib/libutil.dylib
0x00007fff68a96000 	/usr/lib/libcharset.1.dylib
0x00007fff4fda2000 	/System/Library/PrivateFrameworks/AppleSauce.framework/Versions/A/AppleSauce
0x00007fff4ff23000 	/System/Library/PrivateFrameworks/AssertionServices.framework/Versions/A/AssertionServices
0x00007fff50653000 	/System/Library/PrivateFrameworks/BaseBoard.framework/Versions/A/BaseBoard
0x00007fff697bc000 	/usr/lib/libmecab.1.0.0.dylib
0x00007fff693b5000 	/usr/lib/libgermantok.dylib
0x00007fff68864000 	/usr/lib/libThaiTokenizer.dylib
0x00007fff6830f000 	/usr/lib/libChineseTokenizer.dylib
0x00007fff5d2cf000 	/System/Library/PrivateFrameworks/LanguageModeling.framework/Versions/A/LanguageModeling
0x00007fff5300f000 	/System/Library/PrivateFrameworks/CoreEmoji.framework/Versions/A/CoreEmoji
0x00007fff5d3ab000 	/System/Library/PrivateFrameworks/Lexicon.framework/Versions/A/Lexicon
0x00007fff5d3ee000 	/System/Library/PrivateFrameworks/LinguisticData.framework/Versions/A/LinguisticData
0x00007fff68a97000 	/usr/lib/libcmph.dylib
0x00007fff4b158000 	/System/Library/Frameworks/ServiceManagement.framework/Versions/A/ServiceManagement
0x00007fff505b4000 	/System/Library/PrivateFrameworks/BackgroundTaskManagement.framework/Versions/A/BackgroundTaskManagement
0x00007fff6ae67000 	/usr/lib/libxslt.1.dylib
0x00007fff3edda000 	/System/Library/Frameworks/Carbon.framework/Versions/A/Frameworks/Ink.framework/Versions/A/Ink
0x00007fff6639e000 	/System/Library/PrivateFrameworks/TextureIO.framework/Versions/A/TextureIO
0x00007fff688b8000 	/usr/lib/libate.dylib
0x00007fff542f1000 	/System/Library/PrivateFrameworks/CrashReporterSupport.framework/Versions/A/CrashReporterSupport
0x00007fff63ad6000 	/System/Library/PrivateFrameworks/Sharing.framework/Versions/A/Sharing
0x00007fff50306000 	/System/Library/PrivateFrameworks/AuthKit.framework/Versions/A/AuthKit
0x00007fff4f85a000 	/System/Library/PrivateFrameworks/Apple80211.framework/Versions/A/Apple80211
0x00007fff54099000 	/System/Library/PrivateFrameworks/CoreUtils.framework/Versions/A/CoreUtils
0x00007fff4161d000 	/System/Library/Frameworks/CoreWLAN.framework/Versions/A/CoreWLAN
0x00007fff4201a000 	/System/Library/Frameworks/IOBluetooth.framework/Versions/A/IOBluetooth
0x00007fff61f4a000 	/System/Library/PrivateFrameworks/ProtocolBuffer.framework/Versions/A/ProtocolBuffer
0x00007fff5e34a000 	/System/Library/PrivateFrameworks/MobileKeyBag.framework/Versions/A/MobileKeyBag
0x00007fff538dd000 	/System/Library/PrivateFrameworks/CorePhoneNumbers.framework/Versions/A/CorePhoneNumbers
0x00007fff4fab9000 	/System/Library/PrivateFrameworks/AppleIDAuthSupport.framework/Versions/A/AppleIDAuthSupport
0x00007fff5d2a2000 	/System/Library/PrivateFrameworks/KeychainCircle.framework/Versions/A/KeychainCircle
0x00007fff62100000 	/System/Library/PrivateFrameworks/ROCKit.framework/Versions/A/ROCKit
0x00007fff5428d000 	/System/Library/PrivateFrameworks/CoreWiFi.framework/Versions/A/CoreWiFi
0x00007fff3f3a8000 	/System/Library/Frameworks/CoreBluetooth.framework/Versions/A/CoreBluetooth
0x00007fff544e8000 	/System/Library/PrivateFrameworks/DebugSymbols.framework/Versions/A/DebugSymbols
0x00007fff53e59000 	/System/Library/PrivateFrameworks/CoreSymbolication.framework/Versions/A/CoreSymbolication
0x00007fff65bb9000 	/System/Library/PrivateFrameworks/Symbolication.framework/Versions/A/Symbolication
0x00007fff6545c000 	/System/Library/PrivateFrameworks/SpeechRecognitionCore.framework/Versions/A/SpeechRecognitionCore
0x0000000106c90000 	/Library/Frameworks/R.framework/Versions/4.0/Resources/lib/libRblas.dylib
0x0000000106cc2000 	/Library/Frameworks/R.framework/Versions/4.0/Resources/lib/libgfortran.5.dylib
0x0000000106f7b000 	/Library/Frameworks/R.framework/Versions/4.0/Resources/lib/libquadmath.0.dylib
0x00007fff69a6a000 	/usr/lib/libncurses.5.4.dylib
0x0000000106fc7000 	/Library/Frameworks/R.framework/Versions/4.0/Resources/lib/libgcc_s.1.dylib
0x0000000109119000 	/Library/Frameworks/R.framework/Versions/4.0/Resources/library/methods/libs/methods.so
0x000000010759c000 	/Library/Frameworks/R.framework/Versions/4.0/Resources/library/grDevices/libs/grDevices.so
0x0000000109268000 	/Library/Frameworks/R.framework/Versions/4.0/Resources/library/graphics/libs/graphics.so
0x00000001075f0000 	/Library/Frameworks/R.framework/Versions/4.0/Resources/library/utils/libs/utils.so
0x00000001098d8000 	/Library/Frameworks/R.framework/Versions/4.0/Resources/library/stats/libs/stats.so
0x000000010999f000 	/Library/Frameworks/R.framework/Versions/4.0/Resources/lib/libRlapack.dylib
0x0000000109bcd000 	/Library/Frameworks/R.framework/Versions/4.0/Resources/library/fansi/libs/fansi.so
0x0000000107603000 	/Library/Frameworks/R.framework/Versions/4.0/Resources/library/glue/libs/glue.so
0x0000000109bf2000 	/Library/Frameworks/R.framework/Versions/4.0/Resources/library/tools/libs/tools.so
0x0000000109c7e000 	/Library/Frameworks/R.framework/Versions/4.0/Resources/library/rlang/libs/rlang.so
0x000000010910a000 	/Library/Frameworks/R.framework/Versions/4.0/Resources/library/ellipsis/libs/ellipsis.so
0x0000000109caa000 	/Library/Frameworks/R.framework/Versions/4.0/Resources/library/digest/libs/digest.so
0x0000000109d0d000 	/Library/Frameworks/R.framework/Versions/4.0/Resources/library/processx/libs/processx.so
0x0000000109d1f000 	/Library/Frameworks/R.framework/Versions/4.0/Resources/library/ps/libs/ps.so
0x000000010910e000 	/Library/Frameworks/R.framework/Versions/4.0/Resources/library/pkgload/libs/pkgload.so
0x0000000109112000 	/Library/Frameworks/R.framework/Versions/4.0/Resources/library/backports/libs/backports.so
0x0000000109f0b000 	/Library/Frameworks/R.framework/Versions/4.0/Resources/library/testthat/libs/testthat.so
0x000000010a000000 	/Library/Frameworks/R.framework/Versions/4.0/Resources/library/fs/libs/fs.so
0x000000010a066000 	/Library/Frameworks/R.framework/Versions/4.0/Resources/library/curl/libs/curl.so
0x00007fff69278000 	/usr/lib/libcurl.4.dylib
0x00007fff690e5000 	/usr/lib/libcrypto.42.dylib
0x00007fff6ac18000 	/usr/lib/libssl.44.dylib
0x00007fff439e9000 	/System/Library/Frameworks/LDAP.framework/Versions/A/LDAP
0x00007fff6651c000 	/System/Library/PrivateFrameworks/TrustEvaluationAgent.framework/Versions/A/TrustEvaluationAgent
0x00007fff6a962000 	/usr/lib/libsasl2.2.dylib
0x00007fff52e0c000 	/System/Library/PrivateFrameworks/CoreDaemon.framework/Versions/B/CoreDaemon
0x00007fff4fd9d000 	/System/Library/PrivateFrameworks/AppleSRP.framework/Versions/A/AppleSRP
0x000000010a0d6000 	/Library/Frameworks/R.framework/Versions/4.0/Resources/library/vctrs/libs/vctrs.so
0x000000010a15f000 	/Library/Frameworks/R.framework/Versions/4.0/Resources/library/tibble/libs/tibble.so
0x000000010a18a000 	/Library/Frameworks/R.framework/Versions/4.0/Resources/library/purrr/libs/purrr.so
0x000000010a20d000 	/Library/Frameworks/R.framework/Versions/4.0/Resources/library/dplyr/libs/dplyr.so
0x000000010a21b000 	/Library/Frameworks/R.framework/Versions/4.0/Resources/library/stringi/libs/stringi.so
0x000000010c3a9000 	/Library/Frameworks/R.framework/Versions/4.0/Resources/library/grid/libs/grid.so
0x000000010c439000 	/Library/Frameworks/R.framework/Versions/4.0/Resources/library/colorspace/libs/colorspace.so
0x000000010c70c000 	/Library/Frameworks/R.framework/Versions/4.0/Resources/library/jsonlite/libs/jsonlite.so
0x000000010c7ee000 	/Library/Frameworks/R.framework/Versions/4.0/Resources/library/Rcpp/libs/Rcpp.so
0x000000010c9c6000 	/Library/Frameworks/R.framework/Versions/4.0/Resources/library/magick/libs/magick.so
0x00007fff69384000 	/usr/lib/libexpat.1.dylib
0x0000000109350000 	/Library/Frameworks/R.framework/Versions/4.0/Resources/library/lattice/libs/lattice.so
0x000000010935a000 	/Library/Frameworks/R.framework/Versions/4.0/Resources/library/hexbin/libs/hexbin.so
0x000000010ea47000 	/Library/Frameworks/R.framework/Versions/4.0/Resources/library/sysfonts/libs/sysfonts.so
0x000000010ec96000 	/Library/Frameworks/R.framework/Versions/4.0/Resources/library/showtext/libs/showtext.so
0x000000010f1a7000 	/Library/Frameworks/R.framework/Versions/4.0/Resources/library/readr/libs/readr.so
0x0000000109384000 	/Library/Frameworks/R.framework/Versions/4.0/Resources/library/readr/rcon/librcon.so
0x000000010c46e000 	/Library/Frameworks/R.framework/Versions/4.0/Resources/library/splines/libs/splines.so
0x000000010f51c000 	/Library/Frameworks/R.framework/Versions/4.0/Resources/library/Matrix/libs/Matrix.so
0x000000010c75a000 	/Library/Frameworks/R.framework/Versions/4.0/Resources/library/survival/libs/survival.so
0x000000010937a000 	/Library/Frameworks/R.framework/Versions/4.0/Resources/library/base64enc/libs/base64enc.so
0x000000010c956000 	/Library/Frameworks/R.framework/Versions/4.0/Resources/library/png/libs/png.so
0x000000010e959000 	/Library/Frameworks/R.framework/Versions/4.0/Resources/library/jpeg/libs/jpeg.so
0x000000010c886000 	/Library/Frameworks/R.framework/Versions/4.0/Resources/library/cluster/libs/cluster.so
0x000000010e9d5000 	/Library/Frameworks/R.framework/Versions/4.0/Resources/library/foreign/libs/foreign.so
0x0000000109405000 	/Library/Frameworks/R.framework/Versions/4.0/Resources/library/nnet/libs/nnet.so
0x000000010e9f9000 	/Library/Frameworks/R.framework/Versions/4.0/Resources/library/rpart/libs/rpart.so
0x0000000109bdf000 	/Library/Frameworks/R.framework/Versions/4.0/Resources/library/checkmate/libs/checkmate.so
0x0000000109388000 	/Library/Frameworks/R.framework/Versions/4.0/Resources/library/htmltools/libs/htmltools.so
0x0000000109413000 	/Library/Frameworks/R.framework/Versions/4.0/Resources/library/xfun/libs/xfun.so
0x000000010fa25000 	/Library/Frameworks/R.framework/Versions/4.0/Resources/library/data.table/libs/datatable.so
0x000000010c8b2000 	/Library/Frameworks/R.framework/Versions/4.0/Resources/library/Hmisc/libs/Hmisc.so
0x000000010faa4000 	/Library/Frameworks/R.framework/Versions/4.0/Resources/library/gmp/libs/gmp.so
0x000000010fb68000 	/Library/Frameworks/R.framework/Versions/4.0/Resources/library/lubridate/libs/lubridate.so
0x000000010fe98000 	/Library/Frameworks/R.framework/Versions/4.0/Resources/library/tidyr/libs/tidyr.so
0x000000010ff6e000 	/Library/Frameworks/R.framework/Versions/4.0/Resources/library/utf8/libs/utf8.so
0x00000001103b8000 	/Library/Java/JavaVirtualMachines/openjdk-13.0.1.jdk/Contents/Home/lib/server/libjvm.dylib
0x000000010f733000 	/Library/Frameworks/R.framework/Versions/4.0/Resources/library/rJava/libs/rJava.so
0x000000010f658000 	/Library/Java/JavaVirtualMachines/openjdk-13.0.1.jdk/Contents/Home/lib/libverify.dylib
0x000000010fb28000 	/Library/Java/JavaVirtualMachines/openjdk-13.0.1.jdk/Contents/Home/lib/libjava.dylib
0x000000010c582000 	/Library/Java/JavaVirtualMachines/openjdk-13.0.1.jdk/Contents/Home/lib/libzip.dylib
0x000000010ea3d000 	/Library/Java/JavaVirtualMachines/openjdk-13.0.1.jdk/Contents/Home/lib/libjimage.dylib
0x0000000133d29000 	/Library/Frameworks/R.framework/Resources/modules//internet.so
0x0000000133feb000 	/Library/Frameworks/R.framework/Versions/4.0/Resources/library/haven/libs/haven.so
0x0000000134074000 	/Library/Frameworks/R.framework/Versions/4.0/Resources/library/readxl/libs/readxl.so
0x0000000133ede000 	/Library/Frameworks/R.framework/Versions/4.0/Resources/library/xml2/libs/xml2.so
0x0000000134166000 	/Library/Frameworks/R.framework/Versions/4.0/Resources/library/RMySQL/libs/RMySQL.so
0x0000000110372000 	/Library/Java/JavaVirtualMachines/openjdk-13.0.1.jdk/Contents/Home/lib/libnio.dylib
0x000000012e250000 	/Library/Java/JavaVirtualMachines/openjdk-13.0.1.jdk/Contents/Home/lib/./libnet.dylib
0x0000000109381000 	/Library/Java/JavaVirtualMachines/openjdk-13.0.1.jdk/Contents/Home/lib/libextnet.dylib
0x0000000134548000 	/Library/Frameworks/R.framework/Versions/4.0/Resources/library/triebeard/libs/triebeard.so
0x000000013459e000 	/Library/Frameworks/R.framework/Versions/4.0/Resources/library/urltools/libs/urltools.so


VM Arguments:
jvm_args: -Djava.awt.headless=true -Xmx512m -Xrs vfprintf exit -Xss2m 
java_command: <unknown>
java_class_path (initial): /Library/Frameworks/R.framework/Versions/4.0/Resources/library/rJava/java/boot
Launcher Type: generic

[Global flags]
     intx CICompilerCount                          = 4                                         {product} {ergonomic}
     uint ConcGCThreads                            = 2                                         {product} {ergonomic}
     uint G1ConcRefinementThreads                  = 8                                         {product} {ergonomic}
   size_t G1HeapRegionSize                         = 1048576                                   {product} {ergonomic}
    uintx GCDrainStackTargetSize                   = 64                                        {product} {ergonomic}
   size_t InitialHeapSize                          = 268435456                                 {product} {ergonomic}
   size_t MarkStackSize                            = 4194304                                   {product} {ergonomic}
   size_t MaxHeapSize                              = 536870912                                 {product} {command line}
   size_t MaxNewSize                               = 321912832                                 {product} {ergonomic}
   size_t MinHeapDeltaBytes                        = 1048576                                   {product} {ergonomic}
   size_t MinHeapSize                              = 8388608                                   {product} {ergonomic}
    uintx NonNMethodCodeHeapSize                   = 5836300                                {pd product} {ergonomic}
    uintx NonProfiledCodeHeapSize                  = 122910970                              {pd product} {ergonomic}
    uintx ProfiledCodeHeapSize                     = 122910970                              {pd product} {ergonomic}
     bool ReduceSignalUsage                        = true                                      {product} {command line}
    uintx ReservedCodeCacheSize                    = 251658240                              {pd product} {ergonomic}
     bool SegmentedCodeCache                       = true                                      {product} {ergonomic}
   size_t SoftMaxHeapSize                          = 536870912                              {manageable} {ergonomic}
     intx ThreadStackSize                          = 2048                                   {pd product} {command line}
     bool UseCompressedClassPointers               = true                                 {lp64_product} {ergonomic}
     bool UseCompressedOops                        = true                                 {lp64_product} {ergonomic}
     bool UseG1GC                                  = true                                      {product} {ergonomic}

Logging:
Log output configuration:
 #0: stdout all=warning uptime,level,tags
 #1: stderr all=off uptime,level,tags

Environment Variables:
PATH=/usr/bin:/bin:/usr/sbin:/sbin:/usr/local/bin:/opt/local/bin:/Applications/RStudio.app/Contents/MacOS/postback:/Applications/RStudio.app/Contents/MacOS/postback:/Applications/RStudio.app/Contents/MacOS/postback
LD_LIBRARY_PATH=
SHELL=/bin/bash
DISPLAY=:0
DYLD_LIBRARY_PATH=/Library/Java/JavaVirtualMachines/openjdk-13.0.1.jdk/Contents/Home/lib/server
DYLD_FALLBACK_LIBRARY_PATH=/Library/Frameworks/R.framework/Resources/lib:/Users/patelm9/lib:/usr/local/lib:/usr/lib:::/lib:/Library/Java/JavaVirtualMachines/jdk1.8.0_241.jdk/Contents/Home/jre/lib/server

Signal Handlers:
SIGSEGV: [libjvm.dylib+0x781580], sa_mask[0]=11111111011111110111111111111111, sa_flags=SA_ONSTACK|SA_RESTART|SA_SIGINFO
SIGBUS: [libjvm.dylib+0x781580], sa_mask[0]=11111111011111110111111111111111, sa_flags=SA_RESTART|SA_SIGINFO
SIGFPE: [libjvm.dylib+0x781580], sa_mask[0]=11111111011111110111111111111111, sa_flags=SA_RESTART|SA_SIGINFO
SIGPIPE: SIG_IGN, sa_mask[0]=00000000000000000000000000000000, sa_flags=SA_RESTART
SIGXFSZ: [libjvm.dylib+0x627f85], sa_mask[0]=11111111011111110111111111111111, sa_flags=SA_RESTART|SA_SIGINFO
SIGILL: [libjvm.dylib+0x781580], sa_mask[0]=11111111011111110111111111111111, sa_flags=SA_RESTART|SA_SIGINFO
SIGUSR2: SIG_IGN, sa_mask[0]=00000000000000000000000000000000, sa_flags=none
SIGHUP: SIG_DFL, sa_mask[0]=00000000000000000000000000000000, sa_flags=none
SIGINT: [rsession+0x156130], sa_mask[0]=00000000000000000000000000000000, sa_flags=SA_RESTART
SIGTERM: SIG_DFL, sa_mask[0]=00000000000000000000000000000000, sa_flags=none
SIGQUIT: SIG_DFL, sa_mask[0]=00000000000000000000000000000000, sa_flags=none


---------------  S Y S T E M  ---------------

OS:uname:Darwin 18.7.0 Darwin Kernel Version 18.7.0: Thu Jun 18 20:50:10 PDT 2020; root:xnu-4903.278.43~1/RELEASE_X86_64 x86_64
rlimit: STACK 8192k, CORE 0k, NPROC 1418, NOFILE 12544, AS infinity, DATA infinity, FSIZE infinity
load average:2.38 2.65 2.78

CPU:total 8 (initial active 8) (4 cores per cpu, 2 threads per core) family 6 model 142 stepping 10, cmov, cx8, fxsr, mmx, sse, sse2, sse3, ssse3, sse4.1, sse4.2, popcnt, avx, avx2, aes, clmul, erms, 3dnowpref, lzcnt, ht, tsc, tscinvbit, bmi1, bmi2, adx, fma

Memory: 4k page, physical 16777216k(2061704k free), swap 15728640k(4462848k free)

vm_info: OpenJDK 64-Bit Server VM (13.0.1+9) for bsd-amd64 JRE (13.0.1+9), built on Oct  6 2019 11:52:16 by "mach5one" with clang 4.2.1 Compatible Apple LLVM 10.0.0 (clang-1000.11.45.5)

END.
