#
# A fatal error has been detected by the Java Runtime Environment:
#
#  SIGBUS (0xa) at pc=0x00000001216aea7b, pid=6769, tid=775
#
# JRE version: Java(TM) SE Runtime Environment (14.0.2+12) (build 14.0.2+12-46)
# Java VM: Java HotSpot(TM) 64-Bit Server VM (14.0.2+12-46, mixed mode, sharing, tiered, compressed oops, g1 gc, bsd-amd64)
# Problematic frame:
# J 205 c1 java.util.ArrayList.size()I java.base@14.0.2 (5 bytes) @ 0x00000001216aea7b [0x00000001216aea20+0x000000000000005b]
#
# No core dump will be written. Core dumps have been disabled. To enable core dumping, try "ulimit -c unlimited" before starting Java again
#
# If you would like to submit a bug report, please visit:
#   https://bugreport.java.com/bugreport/crash.jsp
#

---------------  S U M M A R Y ------------

Command Line: -Djava.awt.headless=true -Xmx512m -Xrs vfprintf exit -Xss2m 

Host: MacBookPro14,1 x86_64 2300 MHz, 4 cores, 16G, Darwin 19.6.0
Time: Sun Sep 13 16:12:09 2020 EDT elapsed time: 36 seconds (0d 0h 0m 36s)

---------------  T H R E A D  ---------------

Current thread (0x00007fc805c23000):  JavaThread "main" [_thread_in_Java, id=775, stack(0x00007ffee97a0000,0x00007ffee9fa0000)]

Stack: [0x00007ffee97a0000,0x00007ffee9fa0000],  sp=0x00007ffee9f95778,  free space=8149k
Native frames: (J=compiled Java code, A=aot compiled Java code, j=interpreted, Vv=VM code, C=native code)
J 205 c1 java.util.ArrayList.size()I java.base@14.0.2 (5 bytes) @ 0x00000001216aea7b [0x00000001216aea20+0x000000000000005b]

[error occurred during error reporting (printing native stack), id 0xb, SIGSEGV (0xb) at pc=0x000000010ec2586f]


siginfo: si_signo: 10 (SIGBUS), si_code: 2 (BUS_ADRERR), si_addr: 0x00000001306abba8

Register to memory mapping:

RAX=0x0000000000000800 is an unknown value
RBX=0x0000000000000776 is an unknown value
RCX={method} {0x000000012b05b618} 'next' '()Z' in 'java/sql/ResultSet'
RDX=0x000000012b189930 is pointing into metadata
RSP=0x00007ffee9f95778 is pointing into the stack for thread: 0x00007fc805c23000
RBP=0x00007ffee9f958a8 is pointing into the stack for thread: 0x00007fc805c23000
RSI=0x00000007e0a1d658 is an oop: java.util.ArrayList 
{0x00000007e0a1d658} - klass: 'java/util/ArrayList'
RDI=0x00000007e0a1d658 is an oop: java.util.ArrayList 
{0x00000007e0a1d658} - klass: 'java/util/ArrayList'
R8 =0x0000000000000003 is an unknown value
R9 =0x00000000000009f5 is an unknown value
R10=0x0000000107189008 is an unknown value
R11=0x000000011a3507a0 is at entry_point+64 in (nmethod*)0x000000011a350490
R12=0x0 is NULL
R13=0x00007ffee9f95858 is pointing into the stack for thread: 0x00007fc805c23000
R14=0x0000000800b952c8 is pointing into metadata
R15=0x00007fc805c23000 is a thread


Registers:
RAX=0x0000000000000800, RBX=0x0000000000000776, RCX=0x000000012b05b618, RDX=0x000000012b189930
RSP=0x00007ffee9f95778, RBP=0x00007ffee9f958a8, RSI=0x00000007e0a1d658, RDI=0x00000007e0a1d658
R8 =0x0000000000000003, R9 =0x00000000000009f5, R10=0x0000000107189008, R11=0x000000011a3507a0
R12=0x0000000000000000, R13=0x00007ffee9f95858, R14=0x0000000800b952c8, R15=0x00007fc805c23000
RIP=0x00000001216aea7b, EFLAGS=0x0000000000000202, ERR=0x00000000020000b8
  TRAPNO=0x0000000000000085

Top of Stack: (sp=0x00007ffee9f95778)
0x00007ffee9f95778:   000000011a35096c 00007ffee9f958a8
0x00007ffee9f95788:   000000011a352dbc 000002ca000009f5
0x00007ffee9f95798:   0000000000000007 00000007e081c028
0x00007ffee9f957a8:   00000007ef9ce060 00000007e081c028
0x00007ffee9f957b8:   00002000000004fa 00000007e0036880
0x00007ffee9f957c8:   00000001000001b7 0000000000000003
0x00007ffee9f957d8:   000000012b10c958 00000000fc006d10
0x00007ffee9f957e8:   000000012170eab0 0000000000000000
0x00007ffee9f957f8:   00007fc800000776 00000007e011b2b0
0x00007ffee9f95808:   00000007e011b2b0 0000000100000003
0x00007ffee9f95818:   00007ffee9f958c8 00007ffee9f958a8
0x00007ffee9f95828:   0000000119be1bb5 00007ffee9f958c8
0x00007ffee9f95838:   0000000119be1bb5 00007ffee9f958a8
0x00007ffee9f95848:   0000000119be16d5 0000000119be16d5
0x00007ffee9f95858:   00000007e011b2b0 00007ffee9f95860
0x00007ffee9f95868:   000000012b142388 00007ffee9f958c8
0x00007ffee9f95878:   000000012b142be0 0000000000000000
0x00007ffee9f95888:   00000007e0018000 000000012b142418
0x00007ffee9f95898:   00007ffee9f95858 00007ffee9f958c8
0x00007ffee9f958a8:   00007ffee9f95930 0000000119bd8949
0x00007ffee9f958b8:   0000000000000000 0000000000000003
0x00007ffee9f958c8:   00000007e011b900 00007ffe00001fa1
0x00007ffee9f958d8:   00007fc805c23000 00007ffee9f95bc0
0x00007ffee9f958e8:   00007ffee9f95bc8 00007ffee9f95ac0
0x00007ffee9f958f8:   0000000000000001 00007ffee9f95988
0x00007ffee9f95908:   00007ffee9f95bc8 000000000000000a
0x00007ffee9f95918:   000000012b142418 0000000119be62c0
0x00007ffee9f95928:   00007ffee9f95ac8 00007ffee9f95a10
0x00007ffee9f95938:   000000010ecdf6f6 0000000000000001
0x00007ffee9f95948:   00007fc805c23000 00007fc805c23000
0x00007ffee9f95958:   00007fc80a19c0a0 00007fc8046e7ec0
0x00007ffee9f95968:   00007fc8046e7ed8 00007fc8046e7fa8 

Instructions: (pc=0x00000001216aea7b)
0x00000001216ae97b:   21 01 00 00 00 30 02 00 00 f1 01 00 00 90 01 00
0x00000001216ae98b:   00 30 02 00 00 60 02 00 00 60 02 00 00 00 00 00
0x00000001216ae99b:   00 68 02 00 00 88 02 00 00 90 02 00 00 90 02 00
0x00000001216ae9ab:   00 90 02 00 00 90 02 00 00 90 02 00 00 20 00 00
0x00000001216ae9bb:   00 cd 00 00 00 01 00 00 00 00 00 00 00 02 00 00
0x00000001216ae9cb:   00 00 00 00 00 00 00 00 00 00 00 00 00 e0 01 00
0x00000001216ae9db:   00 06 00 00 00 ff ff ff ff ff ff ff ff 1b 60 40
0x00000001216ae9eb:   b0 34 64 11 00 00 64 03 f8 17 0f da 6d 01 00 05
0x00000001216ae9fb:   70 0e 64 01 f8 9e ff 06 90 0c 64 00 00 00 00 00
0x00000001216aea0b:   00 00 00 00 00 00 00 00 00 00 00 00 00 00 00 00
0x00000001216aea1b:   00 00 00 00 00 44 8b 56 08 49 c1 e2 03 49 bc 00
0x00000001216aea2b:   00 00 00 08 00 00 00 4d 03 d4 4d 33 e4 4c 3b d0
0x00000001216aea3b:   0f 85 bf 42 57 f8 66 66 66 0f 1f 84 00 00 00 00
0x00000001216aea4b:   00 66 66 66 90 66 66 66 0f 1f 84 00 00 00 00 00
0x00000001216aea5b:   66 66 66 90 90 89 84 24 00 c0 fe ff 55 48 83 ec
0x00000001216aea6b:   30 8b 46 10 48 83 c4 30 5d 4d 8b 97 10 01 00 00
0x00000001216aea7b:   41 85 02 c3 90 90 49 8b 87 e8 03 00 00 49 ba 00
0x00000001216aea8b:   00 00 00 00 00 00 00 4d 89 97 e8 03 00 00 49 ba
0x00000001216aea9b:   00 00 00 00 00 00 00 00 4d 89 97 f0 03 00 00 48
0x00000001216aeaab:   83 c4 30 5d e9 cc e5 61 f8 f4 f4 f4 f4 f4 f4 f4
0x00000001216aeabb:   f4 f4 f4 f4 f4 e8 bb 12 62 f8 48 bf da 6d 17 0f
0x00000001216aeacb:   01 00 00 00 48 83 e4 f0 e8 58 0b 81 ed f4 49 ba
0x00000001216aeadb:   d9 ea 6a 21 01 00 00 00 41 52 e9 b6 25 57 f8 f4
0x00000001216aeaeb:   f4 f4 f4 f4 f4 ff 00 00 00 00 00 00 00 ff ff ff
0x00000001216aeafb:   ff 00 00 00 00 00 00 00 00 00 00 00 00 d1 00 00
0x00000001216aeb0b:   00 00 00 00 00 00 00 00 00 00 00 00 00 00 00 00
0x00000001216aeb1b:   00 00 00 00 00 00 00 00 00 00 00 00 00 00 00 00
0x00000001216aeb2b:   00 00 00 00 00 00 00 00 00 00 00 00 00 00 00 00
0x00000001216aeb3b:   00 00 00 00 00 00 00 00 00 00 00 00 00 00 00 00
0x00000001216aeb4b:   00 00 00 00 00 00 00 00 00 00 00 00 00 00 00 00
0x00000001216aeb5b:   00 00 00 00 00 00 00 00 00 00 00 00 00 00 00 00
0x00000001216aeb6b:   00 00 00 00 00 00 00 00 00 00 00 00 00 00 00 00 


Stack slot to memory mapping:
stack at sp + 0 slots: 0x000000011a35096c is at entry_point+524 in (nmethod*)0x000000011a350490
stack at sp + 1 slots: 0x00007ffee9f958a8 is pointing into the stack for thread: 0x00007fc805c23000
stack at sp + 2 slots: 0x000000011a352dbc is at entry_point+1052 in (nmethod*)0x000000011a352710
stack at sp + 3 slots: 0x000002ca000009f5 is an unknown value
stack at sp + 4 slots: 0x0000000000000007 is an unknown value
stack at sp + 5 slots: 0x00000007e081c028 is an oop: [C 
{0x00000007e081c028} - klass: {type array char}
 - length: 2549
stack at sp + 6 slots: 0x00000007ef9ce060 is an oop: java.lang.String 
{0x00000007ef9ce060} - klass: 'java/lang/String'
stack at sp + 7 slots: 0x00000007e081c028 is an oop: [C 
{0x00000007e081c028} - klass: {type array char}
 - length: 2549

--------------------------------------------------------------------------------
[Constant Pool (empty)]

--------------------------------------------------------------------------------

[MachCode]
  0x00000001216aea20: 448b 5608 | 49c1 e203 | 49bc 0000 | 0000 0800 | 0000 4d03 | d44d 33e4 | 4c3b d00f | 85bf 4257 
  0x00000001216aea40: f866 6666 | 0f1f 8400 | 0000 0000 | 6666 6690 | 6666 660f | 1f84 0000 | 0000 0066 | 6666 9090 
  0x00000001216aea60: 8984 2400 | c0fe ff55 | 4883 ec30 | 8b46 1048 | 83c4 305d | 4d8b 9710 | 0100 0041 | 8502 c390 
  0x00000001216aea80: 9049 8b87 | e803 0000 | 49ba 0000 | 0000 0000 | 0000 4d89 | 97e8 0300 | 0049 ba00 | 0000 0000 
  0x00000001216aeaa0: 0000 004d | 8997 f003 | 0000 4883 | c430 5de9 | cce5 61f8 | f4f4 f4f4 | f4f4 f4f4 | f4f4 f4f4 
  0x00000001216aeac0: e8bb 1262 | f848 bfda | 6d17 0f01 | 0000 0048 | 83e4 f0e8 | 580b 81ed | f449 bad9 | ea6a 2101 
  0x00000001216aeae0: 0000 0041 | 52e9 b625 | 57f8 f4f4 | f4f4 f4f4 
[/MachCode]
--------------------------------------------------------------------------------


---------------  P R O C E S S  ---------------

Threads class SMR info:
_java_thread_list=0x00007fc7f9215ed0, length=11, elements={
0x00007fc805c23000, 0x00007fc80cc9a800, 0x00007fc80f808800, 0x00007fc80ed8a800,
0x00007fc8062af800, 0x00007fc80579a800, 0x00007fc80b6d6800, 0x00007fc806483800,
0x00007fc80ef05800, 0x00007fc80f839000, 0x00007fc80f94a800
}

Java Threads: ( => current thread )
=>0x00007fc805c23000 JavaThread "main" [_thread_in_Java, id=775, stack(0x00007ffee97a0000,0x00007ffee9fa0000)]
  0x00007fc80cc9a800 JavaThread "Reference Handler" daemon [_thread_blocked, id=18947, stack(0x0000700008886000,0x0000700008a86000)]
  0x00007fc80f808800 JavaThread "Finalizer" daemon [_thread_blocked, id=18179, stack(0x0000700008a89000,0x0000700008c89000)]
  0x00007fc80ed8a800 JavaThread "Attach Listener" daemon [_thread_blocked, id=14851, stack(0x0000700008d92000,0x0000700008f92000)]
  0x00007fc8062af800 JavaThread "Service Thread" daemon [_thread_blocked, id=15107, stack(0x0000700008f95000,0x0000700009195000)]
  0x00007fc80579a800 JavaThread "C2 CompilerThread0" daemon [_thread_blocked, id=22275, stack(0x0000700009198000,0x0000700009298000)]
  0x00007fc80b6d6800 JavaThread "C1 CompilerThread0" daemon [_thread_blocked, id=22531, stack(0x000070000929b000,0x000070000939b000)]
  0x00007fc806483800 JavaThread "Sweeper thread" daemon [_thread_blocked, id=42755, stack(0x000070000939e000,0x000070000959e000)]
  0x00007fc80ef05800 JavaThread "Notification Thread" daemon [_thread_blocked, id=23555, stack(0x00007000095a1000,0x00007000097a1000)]
  0x00007fc80f839000 JavaThread "Common-Cleaner" daemon [_thread_blocked, id=41475, stack(0x00007000098a7000,0x0000700009aa7000)]
  0x00007fc80f94a800 JavaThread "C2 CompilerThread1" daemon [_thread_blocked, id=26639, stack(0x0000700009eb9000,0x0000700009fb9000)]

Other Threads:
  0x00007fc80cc9a000 VMThread "VM Thread" [stack: 0x0000700008783000,0x0000700008883000] [id=13059] _threads_hazard_ptr=0x00007fc7f9215ed0
  0x00007fc80efc9800 WatcherThread [stack: 0x00007000097a4000,0x00007000098a4000] [id=23811]
  0x00007fc80c081800 GCTaskThread "GC Thread#0" [stack: 0x0000700008274000,0x0000700008374000] [id=20995]
  0x00007fc801e63800 GCTaskThread "GC Thread#1" [stack: 0x0000700009bb0000,0x0000700009cb0000] [id=14363]
  0x00007fc8018f0000 GCTaskThread "GC Thread#2" [stack: 0x0000700009cb3000,0x0000700009db3000] [id=38403]
  0x00007fc801f1b000 GCTaskThread "GC Thread#3" [stack: 0x0000700009db6000,0x0000700009eb6000] [id=26371]
  0x00007fc80b50a000 ConcurrentGCThread "G1 Main Marker" [stack: 0x0000700008377000,0x0000700008477000] [id=20483]
  0x00007fc802d8d000 ConcurrentGCThread "G1 Conc#0" [stack: 0x000070000847a000,0x000070000857a000] [id=12291]
  0x00007fc80ccd6000 ConcurrentGCThread "G1 Refine#0" [stack: 0x000070000857d000,0x000070000867d000] [id=19715]
  0x00007fc803912800 ConcurrentGCThread "G1 Young RemSet Sampling" [stack: 0x0000700008680000,0x0000700008780000] [id=19459]

Threads with active compile tasks:
C2 CompilerThread0    36659  983       4       org.postgresql.jdbc.PgResultSet::next (253 bytes)
C2 CompilerThread1    36659  981   !   4       org.postgresql.core.PGStream::receiveTupleV3 (89 bytes)

VM state:synchronizing (normal execution)

VM Mutex/Monitor currently owned by a thread:  ([mutex/lock_event])
[0x00007fc80165aaa0] Threads_lock - owner thread: 0x00007fc80cc9a000
[0x00007fc80a7ef440] Heap_lock - owner thread: 0x00007fc80b50a000

Heap address: 0x00000007e0000000, size: 512 MB, Compressed Oops mode: Zero based, Oop shift amount: 3
Narrow klass base: 0x0000000800000000, Narrow klass shift: 3
Compressed class space size: 1073741824 Address: 0x0000000800b05000

Heap:
 garbage-first heap   total 24576K, used 11430K [0x00000007e0000000, 0x0000000800000000)
  region size 1024K, 2 young (2048K), 1 survivors (1024K)
 Metaspace       used 3702K, capacity 6451K, committed 6528K, reserved 1056768K
  class space    used 335K, capacity 623K, committed 640K, reserved 1048576K
Heap Regions: E=young(eden), S=young(survivor), O=old, HS=humongous(starts), HC=humongous(continues), CS=collection set, F=free, OA=open archive, CA=closed archive, TAMS=top-at-mark-start (previous, next)
|   0|0x00000007e0000000, 0x00000007e00ffd58, 0x00000007e0100000| 99%| O|  |TAMS 0x00000007e00ffd58, 0x00000007e0000000| Updating 
|   1|0x00000007e0100000, 0x00000007e0200000, 0x00000007e0200000|100%| O|  |TAMS 0x00000007e0200000, 0x00000007e0100000| Updating 
|   2|0x00000007e0200000, 0x00000007e02013f8, 0x00000007e0300000|  0%| O|  |TAMS 0x00000007e02013f8, 0x00000007e0200000| Updating 
|   3|0x00000007e0300000, 0x00000007e0400000, 0x00000007e0400000|100%| O|  |TAMS 0x00000007e0400000, 0x00000007e0300000| Updating 
|   4|0x00000007e0400000, 0x00000007e0500000, 0x00000007e0500000|100%| O|  |TAMS 0x00000007e0500000, 0x00000007e0400000| Updating 
|   5|0x00000007e0500000, 0x00000007e0600000, 0x00000007e0600000|100%| O|  |TAMS 0x00000007e0600000, 0x00000007e0500000| Updating 
|   6|0x00000007e0600000, 0x00000007e06ff990, 0x00000007e0700000| 99%| O|  |TAMS 0x00000007e06ff990, 0x00000007e0600000| Updating 
|   7|0x00000007e0700000, 0x00000007e0733438, 0x00000007e0800000| 20%| O|  |TAMS 0x00000007e0733438, 0x00000007e0700000| Updating 
|   8|0x00000007e0800000, 0x00000007e0900000, 0x00000007e0900000|100%| O|  |TAMS 0x00000007e081bc00, 0x00000007e0800000| Untracked 
|   9|0x00000007e0900000, 0x00000007e0a00000, 0x00000007e0a00000|100%| O|  |TAMS 0x00000007e0900000, 0x00000007e0900000| Untracked 
|  10|0x00000007e0a00000, 0x00000007e0b00000, 0x00000007e0b00000|100%| O|  |TAMS 0x00000007e0a00000, 0x00000007e0a00000| Untracked 
|  11|0x00000007e0b00000, 0x00000007e0b29a00, 0x00000007e0c00000| 16%| O|  |TAMS 0x00000007e0b00000, 0x00000007e0b00000| Untracked 
|  12|0x00000007e0c00000, 0x00000007e0c00000, 0x00000007e0d00000|  0%| F|  |TAMS 0x00000007e0c00000, 0x00000007e0c00000| Untracked 
|  13|0x00000007e0d00000, 0x00000007e0d00000, 0x00000007e0e00000|  0%| F|  |TAMS 0x00000007e0d00000, 0x00000007e0d00000| Untracked 
|  14|0x00000007e0e00000, 0x00000007e0e00000, 0x00000007e0f00000|  0%| F|  |TAMS 0x00000007e0e00000, 0x00000007e0e00000| Untracked 
|  15|0x00000007e0f00000, 0x00000007e0f00000, 0x00000007e1000000|  0%| F|  |TAMS 0x00000007e0f00000, 0x00000007e0f00000| Untracked 
|  16|0x00000007e1000000, 0x00000007e1000000, 0x00000007e1100000|  0%| F|  |TAMS 0x00000007e1000000, 0x00000007e1000000| Untracked 
|  17|0x00000007e1100000, 0x00000007e1100000, 0x00000007e1200000|  0%| F|  |TAMS 0x00000007e1100000, 0x00000007e1100000| Untracked 
|  18|0x00000007e1200000, 0x00000007e1200000, 0x00000007e1300000|  0%| F|  |TAMS 0x00000007e1200000, 0x00000007e1200000| Untracked 
|  19|0x00000007e1300000, 0x00000007e1300000, 0x00000007e1400000|  0%| F|  |TAMS 0x00000007e1300000, 0x00000007e1300000| Untracked 
|  20|0x00000007e1400000, 0x00000007e1500000, 0x00000007e1500000|100%| S|CS|TAMS 0x00000007e1400000, 0x00000007e1400000| Complete 
| 249|0x00000007ef900000, 0x00000007ef9d3598, 0x00000007efa00000| 82%| E|  |TAMS 0x00000007ef900000, 0x00000007ef900000| Complete 
| 510|0x00000007ffe00000, 0x00000007ffe51000, 0x00000007fff00000| 31%|OA|  |TAMS 0x00000007ffe51000, 0x00000007ffe00000| Untracked 
| 511|0x00000007fff00000, 0x00000007fff7b000, 0x0000000800000000| 48%|CA|  |TAMS 0x00000007fff7b000, 0x00000007fff00000| Untracked 

Card table byte_map: [0x000000010fa5b000,0x000000010fb5b000] _byte_map_base: 0x000000010bb5b000

Marking Bits (Prev, Next): (CMBitMap*) 0x00007fc803870058, (CMBitMap*) 0x00007fc803870018
 Prev Bits: [0x000000011045b000, 0x0000000110c5b000)
 Next Bits: [0x000000010fc5b000, 0x000000011045b000)

Polling page: 0x0000000107189000

Metaspace:

Usage:
  Non-class:      5.69 MB capacity,     3.29 MB ( 58%) used,     2.40 MB ( 42%) free+waste,     8.19 KB ( <1%) overhead. 
      Class:    623.00 KB capacity,   335.64 KB ( 54%) used,   282.67 KB ( 45%) free+waste,     4.69 KB ( <1%) overhead. 
       Both:      6.30 MB capacity,     3.62 MB ( 57%) used,     2.67 MB ( 42%) free+waste,    12.88 KB ( <1%) overhead. 

Virtual space:
  Non-class space:        8.00 MB reserved,       5.75 MB ( 72%) committed 
      Class space:        1.00 GB reserved,     640.00 KB ( <1%) committed 
             Both:        1.01 GB reserved,       6.38 MB ( <1%) committed 

Chunk freelists:
   Non-Class:  28.00 KB
       Class:  0 bytes
        Both:  28.00 KB

MaxMetaspaceSize: unlimited
CompressedClassSpaceSize: 1.00 GB

CodeHeap 'non-profiled nmethods': size=120032Kb used=456Kb max_used=456Kb free=119575Kb
 bounds [0x00000001216a0000, 0x0000000121910000, 0x0000000128bd8000]
CodeHeap 'profiled nmethods': size=120028Kb used=2023Kb max_used=2023Kb free=118004Kb
 bounds [0x000000011a169000, 0x000000011a3d9000, 0x00000001216a0000]
CodeHeap 'non-nmethods': size=5700Kb used=1174Kb max_used=1208Kb free=4526Kb
 bounds [0x0000000119bd8000, 0x0000000119e48000, 0x000000011a169000]
 total_blobs=1415 nmethods=981 adapters=348
 compilation: enabled
              stopped_count=0, restarted_count=0
 full_count=0

Compilation events (20 events):
Event: 36.622 Thread 0x00007fc80579a800  972       4       java.lang.String::checkBoundsOffCount (64 bytes)
Event: 36.623 Thread 0x00007fc80579a800 nmethod 972 0x000000012170d910 code [0x000000012170daa0, 0x000000012170db78]
Event: 36.623 Thread 0x00007fc80b6d6800 nmethod 974 0x000000011a35b790 code [0x000000011a35bc60, 0x000000011a35eae0]
Event: 36.623 Thread 0x00007fc80579a800  975  s!   4       org.postgresql.core.UTF8Encoding::decode (554 bytes)
Event: 36.626 Thread 0x00007fc80f94a800 nmethod 957 0x000000012170dc90 code [0x000000012170de40, 0x000000012170e478]
Event: 36.628 Thread 0x00007fc80f94a800  976   !   4       org.postgresql.jdbc.PgResultSet::getString (224 bytes)
Event: 36.631 Thread 0x00007fc80b6d6800  978   !   3       sun.nio.ch.NioSocketImpl::endRead (58 bytes)
Event: 36.632 Thread 0x00007fc80b6d6800 nmethod 978 0x000000011a360190 code [0x000000011a360360, 0x000000011a3608d0]
Event: 36.632 Thread 0x00007fc80b6d6800  980   !   3       sun.nio.ch.NioSocketImpl::tryRead (87 bytes)
Event: 36.632 Thread 0x00007fc80b6d6800 nmethod 980 0x000000011a360b10 code [0x000000011a360d20, 0x000000011a3612f0]
Event: 36.637 Thread 0x00007fc80f94a800 nmethod 976 0x000000012170e610 code [0x000000012170e900, 0x000000012170ef68]
Event: 36.637 Thread 0x00007fc80f94a800  979       4       org.postgresql.core.VisibleBufferedInputStream::read (199 bytes)
Event: 36.644 Thread 0x00007fc80f94a800 nmethod 979 0x000000012170f510 code [0x000000012170f740, 0x000000012170fd08]
Event: 36.645 Thread 0x00007fc80f94a800  981   !   4       org.postgresql.core.PGStream::receiveTupleV3 (89 bytes)
Event: 36.646 Thread 0x00007fc80579a800 nmethod 975 0x0000000121710110 code [0x0000000121710400, 0x0000000121711620]
Event: 36.646 Thread 0x00007fc80579a800  977       4       org.postgresql.jdbc.PgResultSet::trimString (38 bytes)
Event: 36.647 Thread 0x00007fc80579a800 nmethod 977 0x0000000121711d90 code [0x0000000121711f00, 0x0000000121711fb8]
Event: 36.648 Thread 0x00007fc80b6d6800  982       3       org.postgresql.core.UTF8Encoding::checkByte (50 bytes)
Event: 36.648 Thread 0x00007fc80b6d6800 nmethod 982 0x000000011a361610 code [0x000000011a3618a0, 0x000000011a3628d0]
Event: 36.649 Thread 0x00007fc80579a800  983       4       org.postgresql.jdbc.PgResultSet::next (253 bytes)

GC Heap History (20 events):
Event: 34.135 GC heap before
{Heap before GC invocations=2 (full 1):
 garbage-first heap   total 17408K, used 8929K [0x00000007e0000000, 0x0000000800000000)
  region size 1024K, 7 young (7168K), 1 survivors (1024K)
 Metaspace       used 3527K, capacity 6387K, committed 6528K, reserved 1056768K
  class space    used 332K, capacity 623K, committed 640K, reserved 1048576K
}
Event: 34.139 GC heap after
{Heap after GC invocations=3 (full 1):
 garbage-first heap   total 19456K, used 8737K [0x00000007e0000000, 0x0000000800000000)
  region size 1024K, 1 young (1024K), 1 survivors (1024K)
 Metaspace       used 3527K, capacity 6387K, committed 6528K, reserved 1056768K
  class space    used 332K, capacity 623K, committed 640K, reserved 1048576K
}
Event: 34.169 GC heap before
{Heap before GC invocations=3 (full 1):
 garbage-first heap   total 19456K, used 9761K [0x00000007e0000000, 0x0000000800000000)
  region size 1024K, 2 young (2048K), 1 survivors (1024K)
 Metaspace       used 3598K, capacity 6387K, committed 6528K, reserved 1056768K
  class space    used 334K, capacity 623K, committed 640K, reserved 1048576K
}
Event: 34.171 GC heap after
{Heap after GC invocations=4 (full 1):
 garbage-first heap   total 19456K, used 9798K [0x00000007e0000000, 0x0000000800000000)
  region size 1024K, 1 young (1024K), 1 survivors (1024K)
 Metaspace       used 3598K, capacity 6387K, committed 6528K, reserved 1056768K
  class space    used 334K, capacity 623K, committed 640K, reserved 1048576K
}
Event: 34.208 GC heap before
{Heap before GC invocations=5 (full 1):
 garbage-first heap   total 24576K, used 10822K [0x00000007e0000000, 0x0000000800000000)
  region size 1024K, 2 young (2048K), 1 survivors (1024K)
 Metaspace       used 3633K, capacity 6451K, committed 6528K, reserved 1056768K
  class space    used 334K, capacity 623K, committed 640K, reserved 1048576K
}
Event: 34.210 GC heap after
{Heap after GC invocations=6 (full 1):
 garbage-first heap   total 24576K, used 10842K [0x00000007e0000000, 0x0000000800000000)
  region size 1024K, 1 young (1024K), 1 survivors (1024K)
 Metaspace       used 3633K, capacity 6451K, committed 6528K, reserved 1056768K
  class space    used 334K, capacity 623K, committed 640K, reserved 1048576K
}
Event: 34.242 GC heap before
{Heap before GC invocations=6 (full 1):
 garbage-first heap   total 24576K, used 11866K [0x00000007e0000000, 0x0000000800000000)
  region size 1024K, 2 young (2048K), 1 survivors (1024K)
 Metaspace       used 3641K, capacity 6451K, committed 6528K, reserved 1056768K
  class space    used 334K, capacity 623K, committed 640K, reserved 1048576K
}
Event: 34.244 GC heap after
{Heap after GC invocations=7 (full 1):
 garbage-first heap   total 24576K, used 11665K [0x00000007e0000000, 0x0000000800000000)
  region size 1024K, 1 young (1024K), 1 survivors (1024K)
 Metaspace       used 3641K, capacity 6451K, committed 6528K, reserved 1056768K
  class space    used 334K, capacity 623K, committed 640K, reserved 1048576K
}
Event: 34.305 GC heap before
{Heap before GC invocations=7 (full 1):
 garbage-first heap   total 24576K, used 13713K [0x00000007e0000000, 0x0000000800000000)
  region size 1024K, 3 young (3072K), 1 survivors (1024K)
 Metaspace       used 3660K, capacity 6451K, committed 6528K, reserved 1056768K
  class space    used 334K, capacity 623K, committed 640K, reserved 1048576K
}
Event: 34.307 GC heap after
{Heap after GC invocations=8 (full 1):
 garbage-first heap   total 24576K, used 13446K [0x00000007e0000000, 0x0000000800000000)
  region size 1024K, 1 young (1024K), 1 survivors (1024K)
 Metaspace       used 3660K, capacity 6451K, committed 6528K, reserved 1056768K
  class space    used 334K, capacity 623K, committed 640K, reserved 1048576K
}
Event: 34.344 GC heap before
{Heap before GC invocations=9 (full 1):
 garbage-first heap   total 27648K, used 14470K [0x00000007e0000000, 0x0000000800000000)
  region size 1024K, 2 young (2048K), 1 survivors (1024K)
 Metaspace       used 3661K, capacity 6451K, committed 6528K, reserved 1056768K
  class space    used 334K, capacity 623K, committed 640K, reserved 1048576K
}
Event: 34.345 GC heap after
{Heap after GC invocations=10 (full 1):
 garbage-first heap   total 27648K, used 14370K [0x00000007e0000000, 0x0000000800000000)
  region size 1024K, 1 young (1024K), 1 survivors (1024K)
 Metaspace       used 3661K, capacity 6451K, committed 6528K, reserved 1056768K
  class space    used 334K, capacity 623K, committed 640K, reserved 1048576K
}
Event: 36.553 GC heap before
{Heap before GC invocations=10 (full 1):
 garbage-first heap   total 27648K, used 15394K [0x00000007e0000000, 0x0000000800000000)
  region size 1024K, 3 young (3072K), 1 survivors (1024K)
 Metaspace       used 3665K, capacity 6451K, committed 6528K, reserved 1056768K
  class space    used 334K, capacity 623K, committed 640K, reserved 1048576K
}
Event: 36.562 GC heap after
{Heap after GC invocations=11 (full 2):
 garbage-first heap   total 24576K, used 4095K [0x00000007e0000000, 0x0000000800000000)
  region size 1024K, 0 young (0K), 0 survivors (0K)
 Metaspace       used 3665K, capacity 6451K, committed 6528K, reserved 1056768K
  class space    used 334K, capacity 623K, committed 640K, reserved 1048576K
}
Event: 36.609 GC heap before
{Heap before GC invocations=11 (full 2):
 garbage-first heap   total 24576K, used 8191K [0x00000007e0000000, 0x0000000800000000)
  region size 1024K, 4 young (4096K), 0 survivors (0K)
 Metaspace       used 3702K, capacity 6451K, committed 6528K, reserved 1056768K
  class space    used 335K, capacity 623K, committed 640K, reserved 1048576K
}
Event: 36.610 GC heap after
{Heap after GC invocations=12 (full 2):
 garbage-first heap   total 24576K, used 8302K [0x00000007e0000000, 0x0000000800000000)
  region size 1024K, 1 young (1024K), 1 survivors (1024K)
 Metaspace       used 3702K, capacity 6451K, committed 6528K, reserved 1056768K
  class space    used 335K, capacity 623K, committed 640K, reserved 1048576K
}
Event: 36.635 GC heap before
{Heap before GC invocations=12 (full 2):
 garbage-first heap   total 24576K, used 10350K [0x00000007e0000000, 0x0000000800000000)
  region size 1024K, 3 young (3072K), 1 survivors (1024K)
 Metaspace       used 3702K, capacity 6451K, committed 6528K, reserved 1056768K
  class space    used 335K, capacity 623K, committed 640K, reserved 1048576K
}
Event: 36.637 GC heap after
{Heap after GC invocations=13 (full 2):
 garbage-first heap   total 24576K, used 10239K [0x00000007e0000000, 0x0000000800000000)
  region size 1024K, 1 young (1024K), 1 survivors (1024K)
 Metaspace       used 3702K, capacity 6451K, committed 6528K, reserved 1056768K
  class space    used 335K, capacity 623K, committed 640K, reserved 1048576K
}
Event: 36.647 GC heap before
{Heap before GC invocations=13 (full 2):
 garbage-first heap   total 24576K, used 11263K [0x00000007e0000000, 0x0000000800000000)
  region size 1024K, 2 young (2048K), 1 survivors (1024K)
 Metaspace       used 3702K, capacity 6451K, committed 6528K, reserved 1056768K
  class space    used 335K, capacity 623K, committed 640K, reserved 1048576K
}
Event: 36.648 GC heap after
{Heap after GC invocations=14 (full 2):
 garbage-first heap   total 24576K, used 11430K [0x00000007e0000000, 0x0000000800000000)
  region size 1024K, 1 young (1024K), 1 survivors (1024K)
 Metaspace       used 3702K, capacity 6451K, committed 6528K, reserved 1056768K
  class space    used 335K, capacity 623K, committed 640K, reserved 1048576K
}

Deoptimization events (20 events):
Event: 36.643 Thread 0x00007fc805c23000 DEOPT PACKING pc=0x000000011a35e282 sp=0x00007ffee9f95690
Event: 36.643 Thread 0x00007fc805c23000 DEOPT UNPACKING pc=0x0000000119c2133a sp=0x00007ffee9f94c20 mode 0
Event: 36.643 Thread 0x00007fc805c23000 DEOPT PACKING pc=0x000000011a35e282 sp=0x00007ffee9f95690
Event: 36.643 Thread 0x00007fc805c23000 DEOPT UNPACKING pc=0x0000000119c2133a sp=0x00007ffee9f94c20 mode 0
Event: 36.644 Thread 0x00007fc805c23000 DEOPT PACKING pc=0x000000011a35e282 sp=0x00007ffee9f95690
Event: 36.644 Thread 0x00007fc805c23000 DEOPT UNPACKING pc=0x0000000119c2133a sp=0x00007ffee9f94c20 mode 0
Event: 36.644 Thread 0x00007fc805c23000 DEOPT PACKING pc=0x000000011a35e282 sp=0x00007ffee9f95690
Event: 36.644 Thread 0x00007fc805c23000 DEOPT UNPACKING pc=0x0000000119c2133a sp=0x00007ffee9f94c20 mode 0
Event: 36.644 Thread 0x00007fc805c23000 DEOPT PACKING pc=0x000000011a35e282 sp=0x00007ffee9f95690
Event: 36.644 Thread 0x00007fc805c23000 DEOPT UNPACKING pc=0x0000000119c2133a sp=0x00007ffee9f94c20 mode 0
Event: 36.644 Thread 0x00007fc805c23000 DEOPT PACKING pc=0x000000011a35e282 sp=0x00007ffee9f95690
Event: 36.644 Thread 0x00007fc805c23000 DEOPT UNPACKING pc=0x0000000119c2133a sp=0x00007ffee9f94c20 mode 0
Event: 36.644 Thread 0x00007fc805c23000 DEOPT PACKING pc=0x000000011a35e282 sp=0x00007ffee9f95690
Event: 36.644 Thread 0x00007fc805c23000 DEOPT UNPACKING pc=0x0000000119c2133a sp=0x00007ffee9f94c20 mode 0
Event: 36.645 Thread 0x00007fc805c23000 DEOPT PACKING pc=0x000000011a35e282 sp=0x00007ffee9f95690
Event: 36.645 Thread 0x00007fc805c23000 DEOPT UNPACKING pc=0x0000000119c2133a sp=0x00007ffee9f94c20 mode 0
Event: 36.645 Thread 0x00007fc805c23000 DEOPT PACKING pc=0x000000011a35e282 sp=0x00007ffee9f95690
Event: 36.645 Thread 0x00007fc805c23000 DEOPT UNPACKING pc=0x0000000119c2133a sp=0x00007ffee9f94c20 mode 0
Event: 36.646 Thread 0x00007fc805c23000 DEOPT PACKING pc=0x000000011a35e282 sp=0x00007ffee9f95690
Event: 36.646 Thread 0x00007fc805c23000 DEOPT UNPACKING pc=0x0000000119c2133a sp=0x00007ffee9f94c20 mode 0

Classes unloaded (0 events):
No events

Classes redefined (0 events):
No events

Internal exceptions (1 events):
Event: 3.742 Thread 0x00007fc805c23000 Exception <a 'java/lang/NoSuchMethodError'{0x00000007ef9f2de8}: 'int java.lang.invoke.DirectMethodHandle$Holder.invokeSpecialIFC(java.lang.Object, java.lang.Object, int)'> (0x00000007ef9f2de8) 
thrown [./open/src/hotspot/share/interpreter/linkResolver.cpp, line 766]

Events (20 events):
Event: 34.321 Executing VM operation: G1Concurrent done
Event: 34.328 Executing VM operation: G1Concurrent
Event: 34.329 Executing VM operation: G1Concurrent done
Event: 34.344 Executing VM operation: G1CollectForAllocation
Event: 34.345 Executing VM operation: G1CollectForAllocation done
Event: 36.541 Protecting memory [0x0000700009eb9000,0x0000700009ebd000] with protection modes 3
Event: 36.541 Thread 0x00007fc80ee94800 Thread exited: 0x00007fc80ee94800
Event: 36.553 Executing VM operation: G1CollectFull
Event: 36.563 Executing VM operation: G1CollectFull done
Event: 36.605 Thread 0x00007fc80f94a800 Thread added: 0x00007fc80f94a800
Event: 36.605 Protecting memory [0x0000700009eb9000,0x0000700009ebd000] with protection modes 0
Event: 36.609 Executing VM operation: G1CollectForAllocation
Event: 36.610 Executing VM operation: G1CollectForAllocation done
Event: 36.635 Executing VM operation: G1CollectForAllocation
Event: 36.637 Executing VM operation: G1CollectForAllocation done
Event: 36.645 Executing VM operation: G1Concurrent
Event: 36.646 Executing VM operation: G1Concurrent done
Event: 36.647 Executing VM operation: G1CollectForAllocation
Event: 36.648 Executing VM operation: G1CollectForAllocation done
Event: 36.651 Executing VM operation: G1Concurrent


Dynamic libraries:
0x00007fff34128000 	/System/Library/Frameworks/AppKit.framework/Versions/C/AppKit
0x0000000106cfb000 	/Library/Frameworks/R.framework/Versions/3.6/Resources/lib/libR.dylib
0x00007fff6df48000 	/usr/lib/libSystem.B.dylib
0x00007fff70484000 	/usr/lib/libz.1.dylib
0x00007fff3825d000 	/System/Library/Frameworks/CoreServices.framework/Versions/A/CoreServices
0x000000010718b000 	/Applications/RStudio.app/Contents/Frameworks/libssl.1.0.0.dylib
0x00000001071f1000 	/Applications/RStudio.app/Contents/Frameworks/libcrypto.1.0.0.dylib
0x00007fff6e22e000 	/usr/lib/libc++.1.dylib
0x00007fff36e75000 	/System/Library/Frameworks/CoreFoundation.framework/Versions/A/CoreFoundation
0x00007fff39532000 	/System/Library/Frameworks/Foundation.framework/Versions/C/Foundation
0x00007fff6fda8000 	/usr/lib/libobjc.A.dylib
0x00007fff67f5e000 	/System/Library/PrivateFrameworks/UIFoundation.framework/Versions/A/UIFoundation
0x00007fff62ff2000 	/System/Library/PrivateFrameworks/RemoteViewServices.framework/Versions/A/RemoteViewServices
0x00007fff6aab8000 	/System/Library/PrivateFrameworks/XCTTargetBootstrap.framework/Versions/A/XCTTargetBootstrap
0x00007fff36d42000 	/System/Library/Frameworks/CoreDisplay.framework/Versions/A/CoreDisplay
0x00007fff3c3ec000 	/System/Library/Frameworks/Metal.framework/Versions/A/Metal
0x00007fff50fdf000 	/System/Library/PrivateFrameworks/DesktopServicesPriv.framework/Versions/A/DesktopServicesPriv
0x00007fff6f083000 	/usr/lib/liblangid.dylib
0x00007fff50274000 	/System/Library/PrivateFrameworks/CoreSVG.framework/Versions/A/CoreSVG
0x00007fff6614e000 	/System/Library/PrivateFrameworks/SkyLight.framework/Versions/A/SkyLight
0x00007fff372f6000 	/System/Library/Frameworks/CoreGraphics.framework/Versions/A/CoreGraphics
0x00007fff32afc000 	/System/Library/Frameworks/Accelerate.framework/Versions/A/Accelerate
0x00007fff70375000 	/usr/lib/libxml2.2.dylib
0x00007fff5bf7d000 	/System/Library/PrivateFrameworks/IconServices.framework/Versions/A/IconServices
0x00007fff39d11000 	/System/Library/Frameworks/IOSurface.framework/Versions/A/IOSurface
0x00007fff6da72000 	/usr/lib/libDiagnosticMessagesClient.dylib
0x00007fff34f38000 	/System/Library/Frameworks/ApplicationServices.framework/Versions/A/ApplicationServices
0x00007fff50e39000 	/System/Library/PrivateFrameworks/DFRFoundation.framework/Versions/A/DFRFoundation
0x00007fff6ee12000 	/usr/lib/libicucore.A.dylib
0x00007fff3526a000 	/System/Library/Frameworks/AudioToolbox.framework/Versions/A/AudioToolbox
0x00007fff3534d000 	/System/Library/Frameworks/AudioUnit.framework/Versions/A/AudioUnit
0x00007fff6e14a000 	/usr/lib/libauto.dylib
0x00007fff36957000 	/System/Library/Frameworks/CoreData.framework/Versions/A/CoreData
0x00007fff50edb000 	/System/Library/PrivateFrameworks/DataDetectorsCore.framework/Versions/A/DataDetectorsCore
0x00007fff35af4000 	/System/Library/Frameworks/Carbon.framework/Versions/A/Frameworks/HIToolbox.framework/Versions/A/HIToolbox
0x00007fff429c4000 	/System/Library/Frameworks/QuartzCore.framework/Versions/A/QuartzCore
0x00007fff437c8000 	/System/Library/Frameworks/Security.framework/Versions/A/Security
0x00007fff35e33000 	/System/Library/Frameworks/Carbon.framework/Versions/A/Frameworks/SpeechRecognition.framework/Versions/A/SpeechRecognition
0x00007fff5094d000 	/System/Library/PrivateFrameworks/CoreUI.framework/Versions/A/CoreUI
0x00007fff363c2000 	/System/Library/Frameworks/CoreAudio.framework/Versions/A/CoreAudio
0x00007fff391f1000 	/System/Library/Frameworks/DiskArbitration.framework/Versions/A/DiskArbitration
0x00007fff5dfcd000 	/System/Library/PrivateFrameworks/MultitouchSupport.framework/Versions/A/MultitouchSupport
0x00007fff6ecd9000 	/usr/lib/libenergytrace.dylib
0x00007fff39c6b000 	/System/Library/Frameworks/IOKit.framework/Versions/A/IOKit
0x00007fff60185000 	/System/Library/PrivateFrameworks/PerformanceAnalysis.framework/Versions/A/PerformanceAnalysis
0x00007fff419f7000 	/System/Library/Frameworks/OpenGL.framework/Versions/A/OpenGL
0x00007fff35fe1000 	/System/Library/Frameworks/ColorSync.framework/Versions/A/ColorSync
0x00007fff37979000 	/System/Library/Frameworks/CoreImage.framework/Versions/A/CoreImage
0x00007fff38cd0000 	/System/Library/Frameworks/CoreText.framework/Versions/A/CoreText
0x00007fff39da1000 	/System/Library/Frameworks/ImageIO.framework/Versions/A/ImageIO
0x00007fff6e2aa000 	/usr/lib/libcompression.dylib
0x00007fff6ddb6000 	/usr/lib/libMobileGestalt.dylib
0x00007fff67cc8000 	/System/Library/PrivateFrameworks/TextureIO.framework/Versions/A/TextureIO
0x00007fff6e0ad000 	/usr/lib/libate.dylib
0x00007fff5c186000 	/System/Library/PrivateFrameworks/InternationalSupport.framework/Versions/A/InternationalSupport
0x00007fff70d45000 	/usr/lib/system/libcache.dylib
0x00007fff70d4b000 	/usr/lib/system/libcommonCrypto.dylib
0x00007fff70d57000 	/usr/lib/system/libcompiler_rt.dylib
0x00007fff70d5f000 	/usr/lib/system/libcopyfile.dylib
0x00007fff70d69000 	/usr/lib/system/libcorecrypto.dylib
0x00007fff70f08000 	/usr/lib/system/libdispatch.dylib
0x00007fff70f49000 	/usr/lib/system/libdyld.dylib
0x00007fff70f80000 	/usr/lib/system/libkeymgr.dylib
0x00007fff70f8e000 	/usr/lib/system/liblaunch.dylib
0x00007fff70f8f000 	/usr/lib/system/libmacho.dylib
0x00007fff70f95000 	/usr/lib/system/libquarantine.dylib
0x00007fff70f98000 	/usr/lib/system/libremovefile.dylib
0x00007fff70f9a000 	/usr/lib/system/libsystem_asl.dylib
0x00007fff70fb2000 	/usr/lib/system/libsystem_blocks.dylib
0x00007fff70fb3000 	/usr/lib/system/libsystem_c.dylib
0x00007fff7103b000 	/usr/lib/system/libsystem_configuration.dylib
0x00007fff7103f000 	/usr/lib/system/libsystem_coreservices.dylib
0x00007fff71043000 	/usr/lib/system/libsystem_darwin.dylib
0x00007fff7104c000 	/usr/lib/system/libsystem_dnssd.dylib
0x00007fff71054000 	/usr/lib/system/libsystem_featureflags.dylib
0x00007fff71056000 	/usr/lib/system/libsystem_info.dylib
0x00007fff710d1000 	/usr/lib/system/libsystem_m.dylib
0x00007fff71119000 	/usr/lib/system/libsystem_malloc.dylib
0x00007fff71141000 	/usr/lib/system/libsystem_networkextension.dylib
0x00007fff7114f000 	/usr/lib/system/libsystem_notify.dylib
0x00007fff7116d000 	/usr/lib/system/libsystem_sandbox.dylib
0x00007fff71172000 	/usr/lib/system/libsystem_secinit.dylib
0x00007fff710a4000 	/usr/lib/system/libsystem_kernel.dylib
0x00007fff71159000 	/usr/lib/system/libsystem_platform.dylib
0x00007fff71162000 	/usr/lib/system/libsystem_pthread.dylib
0x00007fff71175000 	/usr/lib/system/libsystem_symptoms.dylib
0x00007fff7117d000 	/usr/lib/system/libsystem_trace.dylib
0x00007fff71195000 	/usr/lib/system/libunwind.dylib
0x00007fff7119b000 	/usr/lib/system/libxpc.dylib
0x00007fff6e281000 	/usr/lib/libc++abi.dylib
0x00007fff6f085000 	/usr/lib/liblzma.5.dylib
0x00007fff6ed00000 	/usr/lib/libfakelink.dylib
0x00007fff6e03a000 	/usr/lib/libarchive.2.dylib
0x00007fff44879000 	/System/Library/Frameworks/SystemConfiguration.framework/Versions/A/SystemConfiguration
0x00007fff6d9a5000 	/usr/lib/libCRFSuite.dylib
0x00007fff356e4000 	/System/Library/Frameworks/CFNetwork.framework/Versions/A/CFNetwork
0x00007fff6e210000 	/usr/lib/libbsm.0.dylib
0x00007fff70f81000 	/usr/lib/system/libkxld.dylib
0x00007fff4a7b6000 	/System/Library/PrivateFrameworks/AppleFSCompression.framework/Versions/A/AppleFSCompression
0x00007fff6e59b000 	/usr/lib/libcoretls.dylib
0x00007fff6e5b2000 	/usr/lib/libcoretls_cfhelpers.dylib
0x00007fff6fdee000 	/usr/lib/libpam.2.dylib
0x00007fff6ff23000 	/usr/lib/libsqlite3.dylib
0x00007fff70362000 	/usr/lib/libxar.1.dylib
0x00007fff6e221000 	/usr/lib/libbz2.1.0.dylib
0x00007fff6ed21000 	/usr/lib/libiconv.2.dylib
0x00007fff6e297000 	/usr/lib/libcharset.1.dylib
0x00007fff6f88b000 	/usr/lib/libnetwork.dylib
0x00007fff6fdf5000 	/usr/lib/libpcap.A.dylib
0x00007fff6dfef000 	/usr/lib/libapple_nghttp2.dylib
0x00007fff38614000 	/System/Library/Frameworks/CoreServices.framework/Versions/A/Frameworks/FSEvents.framework/Versions/A/FSEvents
0x00007fff382e4000 	/System/Library/Frameworks/CoreServices.framework/Versions/A/Frameworks/CarbonCore.framework/Versions/A/CarbonCore
0x00007fff38858000 	/System/Library/Frameworks/CoreServices.framework/Versions/A/Frameworks/Metadata.framework/Versions/A/Metadata
0x00007fff388f1000 	/System/Library/Frameworks/CoreServices.framework/Versions/A/Frameworks/OSServices.framework/Versions/A/OSServices
0x00007fff3891f000 	/System/Library/Frameworks/CoreServices.framework/Versions/A/Frameworks/SearchKit.framework/Versions/A/SearchKit
0x00007fff3825e000 	/System/Library/Frameworks/CoreServices.framework/Versions/A/Frameworks/AE.framework/Versions/A/AE
0x00007fff3861d000 	/System/Library/Frameworks/CoreServices.framework/Versions/A/Frameworks/LaunchServices.framework/Versions/A/LaunchServices
0x00007fff385c6000 	/System/Library/Frameworks/CoreServices.framework/Versions/A/Frameworks/DictionaryServices.framework/Versions/A/DictionaryServices
0x00007fff38987000 	/System/Library/Frameworks/CoreServices.framework/Versions/A/Frameworks/SharedFileList.framework/Versions/A/SharedFileList
0x00007fff3d816000 	/System/Library/Frameworks/NetFS.framework/Versions/A/NetFS
0x00007fff5e4fd000 	/System/Library/PrivateFrameworks/NetAuth.framework/Versions/A/NetAuth
0x00007fff6ae85000 	/System/Library/PrivateFrameworks/login.framework/Versions/A/Frameworks/loginsupport.framework/Versions/A/loginsupport
0x00007fff67793000 	/System/Library/PrivateFrameworks/TCC.framework/Versions/A/TCC
0x00007fff4f3e7000 	/System/Library/PrivateFrameworks/CoreNLP.framework/Versions/A/CoreNLP
0x00007fff5d9fa000 	/System/Library/PrivateFrameworks/MetadataUtilities.framework/Versions/A/MetadataUtilities
0x00007fff6f15d000 	/usr/lib/libmecabra.dylib
0x00007fff6f0b5000 	/usr/lib/libmecab.dylib
0x00007fff6ed11000 	/usr/lib/libgermantok.dylib
0x00007fff6dfd6000 	/usr/lib/libThaiTokenizer.dylib
0x00007fff6d9dc000 	/usr/lib/libChineseTokenizer.dylib
0x00007fff32b14000 	/System/Library/Frameworks/Accelerate.framework/Versions/A/Frameworks/vImage.framework/Versions/A/vImage
0x00007fff33f7e000 	/System/Library/Frameworks/Accelerate.framework/Versions/A/Frameworks/vecLib.framework/Versions/A/vecLib
0x00007fff33ebb000 	/System/Library/Frameworks/Accelerate.framework/Versions/A/Frameworks/vecLib.framework/Versions/A/libvMisc.dylib
0x00007fff33ce3000 	/System/Library/Frameworks/Accelerate.framework/Versions/A/Frameworks/vecLib.framework/Versions/A/libvDSP.dylib
0x00007fff3316b000 	/System/Library/Frameworks/Accelerate.framework/Versions/A/Frameworks/vecLib.framework/Versions/A/libBLAS.dylib
0x00007fff338a7000 	/System/Library/Frameworks/Accelerate.framework/Versions/A/Frameworks/vecLib.framework/Versions/A/libLAPACK.dylib
0x00007fff33c43000 	/System/Library/Frameworks/Accelerate.framework/Versions/A/Frameworks/vecLib.framework/Versions/A/libLinearAlgebra.dylib
0x00007fff33cd0000 	/System/Library/Frameworks/Accelerate.framework/Versions/A/Frameworks/vecLib.framework/Versions/A/libSparseBLAS.dylib
0x00007fff33c59000 	/System/Library/Frameworks/Accelerate.framework/Versions/A/Frameworks/vecLib.framework/Versions/A/libQuadrature.dylib
0x00007fff333d3000 	/System/Library/Frameworks/Accelerate.framework/Versions/A/Frameworks/vecLib.framework/Versions/A/libBNNS.dylib
0x00007fff33c5f000 	/System/Library/Frameworks/Accelerate.framework/Versions/A/Frameworks/vecLib.framework/Versions/A/libSparse.dylib
0x00007fff5c56e000 	/System/Library/PrivateFrameworks/LanguageModeling.framework/Versions/A/LanguageModeling
0x00007fff4ed97000 	/System/Library/PrivateFrameworks/CoreEmoji.framework/Versions/A/CoreEmoji
0x00007fff5c68c000 	/System/Library/PrivateFrameworks/LinguisticData.framework/Versions/A/LinguisticData
0x00007fff5c63d000 	/System/Library/PrivateFrameworks/Lexicon.framework/Versions/A/Lexicon
0x00007fff6e298000 	/usr/lib/libcmph.dylib
0x00007fff40405000 	/System/Library/Frameworks/OpenDirectory.framework/Versions/A/Frameworks/CFOpenDirectory.framework/Versions/A/CFOpenDirectory
0x00007fff40422000 	/System/Library/Frameworks/OpenDirectory.framework/Versions/A/OpenDirectory
0x00007fff48863000 	/System/Library/PrivateFrameworks/APFS.framework/Versions/A/APFS
0x00007fff43b12000 	/System/Library/Frameworks/SecurityFoundation.framework/Versions/A/SecurityFoundation
0x00007fff7035e000 	/usr/lib/libutil.dylib
0x00007fff502cc000 	/System/Library/PrivateFrameworks/CoreServicesStore.framework/Versions/A/CoreServicesStore
0x00007fff43bc9000 	/System/Library/Frameworks/ServiceManagement.framework/Versions/A/ServiceManagement
0x00007fff4bf86000 	/System/Library/PrivateFrameworks/BackgroundTaskManagement.framework/Versions/A/BackgroundTaskManagement
0x00007fff7045b000 	/usr/lib/libxslt.1.dylib
0x00007fff4ae29000 	/System/Library/PrivateFrameworks/AppleSystemInfo.framework/Versions/A/AppleSystemInfo
0x00007fff39fbc000 	/System/Library/Frameworks/ImageIO.framework/Versions/A/Resources/libJPEG.dylib
0x00007fff3a27a000 	/System/Library/Frameworks/ImageIO.framework/Versions/A/Resources/libTIFF.dylib
0x00007fff3a25d000 	/System/Library/Frameworks/ImageIO.framework/Versions/A/Resources/libPng.dylib
0x00007fff39efe000 	/System/Library/Frameworks/ImageIO.framework/Versions/A/Resources/libGIF.dylib
0x00007fff39f02000 	/System/Library/Frameworks/ImageIO.framework/Versions/A/Resources/libJP2.dylib
0x00007fff3a278000 	/System/Library/Frameworks/ImageIO.framework/Versions/A/Resources/libRadiance.dylib
0x00007fff6ecda000 	/usr/lib/libexpat.1.dylib
0x00007fff4a911000 	/System/Library/PrivateFrameworks/AppleJPEG.framework/Versions/A/AppleJPEG
0x00007fff535e2000 	/System/Library/PrivateFrameworks/FontServices.framework/libFontParser.dylib
0x00007fff69e87000 	/System/Library/PrivateFrameworks/WatchdogClient.framework/Versions/A/WatchdogClient
0x00007fff5bbc9000 	/System/Library/PrivateFrameworks/IOAccelerator.framework/Versions/A/IOAccelerator
0x00007fff3c787000 	/System/Library/Frameworks/MetalPerformanceShaders.framework/Versions/A/MetalPerformanceShaders
0x00007fff5835f000 	/System/Library/PrivateFrameworks/GPUWrangler.framework/Versions/A/GPUWrangler
0x00007fff5bbde000 	/System/Library/PrivateFrameworks/IOPresentment.framework/Versions/A/IOPresentment
0x00007fff50e4c000 	/System/Library/PrivateFrameworks/DSExternalDisplay.framework/Versions/A/DSExternalDisplay
0x00007fff40d96000 	/System/Library/Frameworks/OpenGL.framework/Versions/A/Libraries/libCoreFSCache.dylib
0x00007fff3c4d3000 	/System/Library/Frameworks/MetalPerformanceShaders.framework/Frameworks/MPSCore.framework/Versions/A/MPSCore
0x00007fff3c511000 	/System/Library/Frameworks/MetalPerformanceShaders.framework/Frameworks/MPSImage.framework/Versions/A/MPSImage
0x00007fff3c5d8000 	/System/Library/Frameworks/MetalPerformanceShaders.framework/Frameworks/MPSNeuralNetwork.framework/Versions/A/MPSNeuralNetwork
0x00007fff3c59c000 	/System/Library/Frameworks/MetalPerformanceShaders.framework/Frameworks/MPSMatrix.framework/Versions/A/MPSMatrix
0x00007fff3c737000 	/System/Library/Frameworks/MetalPerformanceShaders.framework/Frameworks/MPSRayIntersector.framework/Versions/A/MPSRayIntersector
0x00007fff3c5c2000 	/System/Library/Frameworks/MetalPerformanceShaders.framework/Frameworks/MPSNDArray.framework/Versions/A/MPSNDArray
0x00007fff5da47000 	/System/Library/PrivateFrameworks/MetalTools.framework/Versions/A/MetalTools
0x00007fff49a3d000 	/System/Library/PrivateFrameworks/AggregateDictionary.framework/Versions/A/AggregateDictionary
0x00007fff4e7df000 	/System/Library/PrivateFrameworks/CoreAnalytics.framework/Versions/A/CoreAnalytics
0x00007fff4ad48000 	/System/Library/PrivateFrameworks/AppleSauce.framework/Versions/A/AppleSauce
0x00007fff6dc98000 	/usr/lib/libIOReport.dylib
0x00007fff38e88000 	/System/Library/Frameworks/CoreVideo.framework/Versions/A/CoreVideo
0x00007fff597d8000 	/System/Library/PrivateFrameworks/GraphVisualizer.framework/Versions/A/GraphVisualizer
0x00007fff52b28000 	/System/Library/PrivateFrameworks/FaceCore.framework/Versions/A/FaceCore
0x00007fff403ac000 	/System/Library/Frameworks/OpenCL.framework/Versions/A/OpenCL
0x00007fff6daba000 	/usr/lib/libFosl_dynamic.dylib
0x00007fff5ef1d000 	/System/Library/PrivateFrameworks/OTSVG.framework/Versions/A/OTSVG
0x00007fff3503d000 	/System/Library/Frameworks/ApplicationServices.framework/Versions/A/Frameworks/ATS.framework/Versions/A/Resources/libFontRegistry.dylib
0x00007fff537b3000 	/System/Library/PrivateFrameworks/FontServices.framework/libhvf.dylib
0x00007fff40da1000 	/System/Library/Frameworks/OpenGL.framework/Versions/A/Libraries/libGFXShared.dylib
0x00007fff40f7f000 	/System/Library/Frameworks/OpenGL.framework/Versions/A/Libraries/libGLU.dylib
0x00007fff40daa000 	/System/Library/Frameworks/OpenGL.framework/Versions/A/Libraries/libGL.dylib
0x00007fff40db5000 	/System/Library/Frameworks/OpenGL.framework/Versions/A/Libraries/libGLImage.dylib
0x00007fff40d93000 	/System/Library/Frameworks/OpenGL.framework/Versions/A/Libraries/libCVMSPluginSupport.dylib
0x00007fff40d9c000 	/System/Library/Frameworks/OpenGL.framework/Versions/A/Libraries/libCoreVMClient.dylib
0x00007fff6f72c000 	/usr/lib/libncurses.5.4.dylib
0x00007fff34f39000 	/System/Library/Frameworks/ApplicationServices.framework/Versions/A/Frameworks/ATS.framework/Versions/A/ATS
0x00007fff35106000 	/System/Library/Frameworks/ApplicationServices.framework/Versions/A/Frameworks/ColorSyncLegacy.framework/Versions/A/ColorSyncLegacy
0x00007fff351a4000 	/System/Library/Frameworks/ApplicationServices.framework/Versions/A/Frameworks/HIServices.framework/Versions/A/HIServices
0x00007fff351fc000 	/System/Library/Frameworks/ApplicationServices.framework/Versions/A/Frameworks/LangAnalysis.framework/Versions/A/LangAnalysis
0x00007fff3520b000 	/System/Library/Frameworks/ApplicationServices.framework/Versions/A/Frameworks/PrintCore.framework/Versions/A/PrintCore
0x00007fff35251000 	/System/Library/Frameworks/ApplicationServices.framework/Versions/A/Frameworks/QD.framework/Versions/A/QD
0x00007fff3525c000 	/System/Library/Frameworks/ApplicationServices.framework/Versions/A/Frameworks/SpeechSynthesis.framework/Versions/A/SpeechSynthesis
0x00007fff350d6000 	/System/Library/Frameworks/ApplicationServices.framework/Versions/A/Frameworks/ATSUI.framework/Versions/A/ATSUI
0x00007fff6eb70000 	/usr/lib/libcups.2.dylib
0x00007fff3b822000 	/System/Library/Frameworks/Kerberos.framework/Versions/A/Kerberos
0x00007fff39964000 	/System/Library/Frameworks/GSS.framework/Versions/A/GSS
0x00007fff6feaf000 	/usr/lib/libresolv.9.dylib
0x00007fff59985000 	/System/Library/PrivateFrameworks/Heimdal.framework/Versions/A/Heimdal
0x00007fff3b835000 	/System/Library/Frameworks/Kerberos.framework/Versions/A/Libraries/libHeimdalProxy.dylib
0x00007fff6ed17000 	/usr/lib/libheimdal-asn1.dylib
0x00007fff4dc77000 	/System/Library/PrivateFrameworks/CommonAuth.framework/Versions/A/CommonAuth
0x00007fff4aec6000 	/System/Library/PrivateFrameworks/AssertionServices.framework/Versions/A/AssertionServices
0x00007fff4ba69000 	/System/Library/PrivateFrameworks/AudioToolboxCore.framework/Versions/A/AudioToolboxCore
0x00007fff6ab35000 	/System/Library/PrivateFrameworks/caulk.framework/Versions/A/caulk
0x00007fff4c032000 	/System/Library/PrivateFrameworks/BaseBoard.framework/Versions/A/BaseBoard
0x00007fff63180000 	/System/Library/PrivateFrameworks/RunningBoardServices.framework/Versions/A/RunningBoardServices
0x00007fff60191000 	/System/Library/PrivateFrameworks/PersistentConnection.framework/Versions/A/PersistentConnection
0x00007fff62b79000 	/System/Library/PrivateFrameworks/ProtocolBuffer.framework/Versions/A/ProtocolBuffer
0x00007fff4dc9b000 	/System/Library/PrivateFrameworks/CommonUtilities.framework/Versions/A/CommonUtilities
0x00007fff4c1c0000 	/System/Library/PrivateFrameworks/Bom.framework/Versions/A/Bom
0x00007fff6d96b000 	/usr/lib/libAudioToolboxUtility.dylib
0x00007fff4bf90000 	/System/Library/PrivateFrameworks/Backup.framework/Versions/A/Backup
0x00007fff50d6d000 	/System/Library/PrivateFrameworks/CrashReporterSupport.framework/Versions/A/CrashReporterSupport
0x00007fff64c12000 	/System/Library/PrivateFrameworks/Sharing.framework/Versions/A/Sharing
0x00007fff4a4d4000 	/System/Library/PrivateFrameworks/Apple80211.framework/Versions/A/Apple80211
0x00007fff4bcad000 	/System/Library/PrivateFrameworks/AuthKit.framework/Versions/A/AuthKit
0x00007fff50a7a000 	/System/Library/PrivateFrameworks/CoreUtils.framework/Versions/A/CoreUtils
0x00007fff38ecd000 	/System/Library/Frameworks/CoreWLAN.framework/Versions/A/CoreWLAN
0x00007fff39af1000 	/System/Library/Frameworks/IOBluetooth.framework/Versions/A/IOBluetooth
0x00007fff5dd4c000 	/System/Library/PrivateFrameworks/MobileKeyBag.framework/Versions/A/MobileKeyBag
0x00007fff4f87f000 	/System/Library/PrivateFrameworks/CorePhoneNumbers.framework/Versions/A/CorePhoneNumbers
0x00007fff4a8c4000 	/System/Library/PrivateFrameworks/AppleIDAuthSupport.framework/Versions/A/AppleIDAuthSupport
0x00007fff3d823000 	/System/Library/Frameworks/Network.framework/Versions/A/Network
0x00007fff5c41a000 	/System/Library/PrivateFrameworks/KeychainCircle.framework/Versions/A/KeychainCircle
0x00007fff3691e000 	/System/Library/Frameworks/CoreBluetooth.framework/Versions/A/CoreBluetooth
0x00007fff66c91000 	/System/Library/PrivateFrameworks/SpeechRecognitionCore.framework/Versions/A/SpeechRecognitionCore
0x00000001073b7000 	/Library/Frameworks/R.framework/Versions/3.6/Resources/lib/libRblas.dylib
0x00000001073eb000 	/Library/Frameworks/R.framework/Versions/3.6/Resources/lib/libgfortran.3.dylib
0x000000010757b000 	/Library/Frameworks/R.framework/Versions/3.6/Resources/lib/libquadmath.0.dylib
0x00000001075c1000 	/Library/Frameworks/R.framework/Versions/3.6/Resources/lib/libreadline.5.2.dylib
0x0000000107604000 	/Library/Frameworks/R.framework/Versions/3.6/Resources/lib/libomp.dylib
0x000000010769b000 	/Library/Frameworks/R.framework/Versions/3.6/Resources/lib/libgcc_s.1.dylib
0x000000010922b000 	/Library/Frameworks/R.framework/Versions/3.6/Resources/library/methods/libs/methods.so
0x0000000109236000 	/Library/Frameworks/R.framework/Versions/3.6/Resources/library/grDevices/libs/grDevices.so
0x00007fff6ae88000 	/System/Library/PrivateFrameworks/login.framework/Versions/A/login
0x0000000109285000 	/Library/Frameworks/R.framework/Versions/3.6/Resources/library/graphics/libs/graphics.so
0x00000001092c9000 	/Library/Frameworks/R.framework/Versions/3.6/Resources/library/utils/libs/utils.so
0x00000001092d8000 	/Library/Frameworks/R.framework/Versions/3.6/Resources/library/stats/libs/stats.so
0x000000010939e000 	/Library/Frameworks/R.framework/Versions/3.6/Resources/lib/libRlapack.dylib
0x00000001095cb000 	/Library/Frameworks/R.framework/Versions/3.6/Resources/library/fansi/libs/fansi.so
0x00000001071ec000 	/Library/Frameworks/R.framework/Versions/3.6/Resources/library/glue/libs/glue.so
0x00000001095dd000 	/Library/Frameworks/R.framework/Versions/3.6/Resources/library/tools/libs/tools.so
0x00000001095f7000 	/Library/Frameworks/R.framework/Versions/3.6/Resources/library/rlang/libs/rlang.so
0x00000001073e6000 	/Library/Frameworks/R.framework/Versions/3.6/Resources/library/ellipsis/libs/ellipsis.so
0x0000000109623000 	/Library/Frameworks/R.framework/Versions/3.6/Resources/library/digest/libs/digest.so
0x0000000109645000 	/Library/Frameworks/R.framework/Versions/3.6/Resources/lib/libc++.1.dylib
0x0000000109717000 	/Library/Frameworks/R.framework/Versions/3.6/Resources/lib/libc++abi.1.dylib
0x000000010978c000 	/Library/Frameworks/R.framework/Versions/3.6/Resources/library/processx/libs/processx.so
0x000000010979e000 	/Library/Frameworks/R.framework/Versions/3.6/Resources/library/ps/libs/ps.so
0x0000000107576000 	/Library/Frameworks/R.framework/Versions/3.6/Resources/library/pkgload/libs/pkgload.so
0x00000001075ff000 	/Library/Frameworks/R.framework/Versions/3.6/Resources/library/backports/libs/backports.so
0x00000001097b1000 	/Library/Frameworks/R.framework/Versions/3.6/Resources/library/testthat/libs/testthat.so
0x000000010986a000 	/Library/Frameworks/R.framework/Versions/3.6/Resources/library/fs/libs/fs.so
0x00000001098a5000 	/Library/Frameworks/R.framework/Versions/3.6/Resources/library/curl/libs/curl.so
0x00007fff6ebd1000 	/usr/lib/libcurl.4.dylib
0x00007fff6ea56000 	/usr/lib/libcrypto.44.dylib
0x00007fff70201000 	/usr/lib/libssl.46.dylib
0x00007fff3b836000 	/System/Library/Frameworks/LDAP.framework/Versions/A/LDAP
0x00007fff67f25000 	/System/Library/PrivateFrameworks/TrustEvaluationAgent.framework/Versions/A/TrustEvaluationAgent
0x00007fff6ff0e000 	/usr/lib/libsasl2.2.dylib
0x00007fff4eb0b000 	/System/Library/PrivateFrameworks/CoreDaemon.framework/Versions/B/CoreDaemon
0x00007fff4ad43000 	/System/Library/PrivateFrameworks/AppleSRP.framework/Versions/A/AppleSRP
0x00007fff70303000 	/usr/lib/libusrtcp.dylib
0x00000001098bd000 	/Library/Frameworks/R.framework/Versions/3.6/Resources/library/vctrs/libs/vctrs.so
0x0000000109914000 	/Library/Frameworks/R.framework/Versions/3.6/Resources/library/tibble/libs/tibble.so
0x000000010991a000 	/Library/Frameworks/R.framework/Versions/3.6/Resources/library/purrr/libs/purrr.so
0x0000000109924000 	/Library/Frameworks/R.framework/Versions/3.6/Resources/library/dplyr/libs/dplyr.so
0x0000000109932000 	/Library/Frameworks/R.framework/Versions/3.6/Resources/library/stringi/libs/stringi.so
0x000000010b967000 	/Library/Frameworks/R.framework/Versions/3.6/Resources/library/grid/libs/grid.so
0x000000010b98f000 	/Library/Frameworks/R.framework/Versions/3.6/Resources/library/colorspace/libs/colorspace.so
0x000000010b9a1000 	/Library/Frameworks/R.framework/Versions/3.6/Resources/library/jsonlite/libs/jsonlite.so
0x000000010b9b4000 	/Library/Frameworks/R.framework/Versions/3.6/Resources/library/Rcpp/libs/Rcpp.so
0x000000010ba45000 	/Library/Frameworks/R.framework/Versions/3.6/Resources/library/magick/libs/magick.so
0x000000010d788000 	/Library/Frameworks/R.framework/Versions/3.6/Resources/library/lattice/libs/lattice.so
0x000000010d78d000 	/Library/Frameworks/R.framework/Versions/3.6/Resources/library/hexbin/libs/hexbin.so
0x000000010d792000 	/Library/Frameworks/R.framework/Versions/3.6/Resources/library/sysfonts/libs/sysfonts.so
0x000000010d797000 	/opt/X11/lib/libfreetype.6.dylib
0x000000010d9d1000 	/Library/Frameworks/R.framework/Versions/3.6/Resources/library/showtext/libs/showtext.so
0x000000010decb000 	/Library/Frameworks/R.framework/Versions/3.6/Resources/library/MASS/libs/MASS.so
0x000000010ded5000 	/Library/Frameworks/R.framework/Versions/3.6/Resources/library/readr/libs/readr.so
0x000000010df92000 	/Library/Frameworks/R.framework/Versions/3.6/Resources/library/readr/rcon/librcon.so
0x000000010df96000 	/Library/Frameworks/R.framework/Versions/3.6/Resources/library/qpdf/libs/qpdf.so
0x000000010e152000 	/Library/Frameworks/R.framework/Versions/3.6/Resources/library/pdftools/libs/pdftools.so
0x000000010e5b2000 	/Library/Frameworks/R.framework/Versions/3.6/Resources/library/splines/libs/splines.so
0x000000010e5b7000 	/Library/Frameworks/R.framework/Versions/3.6/Resources/library/Matrix/libs/Matrix.so
0x000000010e69b000 	/Library/Frameworks/R.framework/Versions/3.6/Resources/library/survival/libs/survival.so
0x000000010e6e0000 	/Library/Frameworks/R.framework/Versions/3.6/Resources/library/base64enc/libs/base64enc.so
0x000000010e6e7000 	/Library/Frameworks/R.framework/Versions/3.6/Resources/library/png/libs/png.so
0x000000010e728000 	/Library/Frameworks/R.framework/Versions/3.6/Resources/library/jpeg/libs/jpeg.so
0x000000010e771000 	/Library/Frameworks/R.framework/Versions/3.6/Resources/library/cluster/libs/cluster.so
0x000000010e786000 	/Library/Frameworks/R.framework/Versions/3.6/Resources/library/foreign/libs/foreign.so
0x000000010e7a5000 	/Library/Frameworks/R.framework/Versions/3.6/Resources/library/nnet/libs/nnet.so
0x000000010e7ae000 	/Library/Frameworks/R.framework/Versions/3.6/Resources/library/rpart/libs/rpart.so
0x000000010e7c2000 	/Library/Frameworks/R.framework/Versions/3.6/Resources/library/checkmate/libs/checkmate.so
0x000000010e7d5000 	/Library/Frameworks/R.framework/Versions/3.6/Resources/library/htmltools/libs/htmltools.so
0x000000010e7d9000 	/Library/Frameworks/R.framework/Versions/3.6/Resources/library/xfun/libs/xfun.so
0x000000010e7de000 	/Library/Frameworks/R.framework/Versions/3.6/Resources/library/data.table/libs/datatable.so
0x000000010e863000 	/Library/Frameworks/R.framework/Versions/3.6/Resources/library/Hmisc/libs/Hmisc.so
0x000000010e86c000 	/Library/Frameworks/R.framework/Versions/3.6/Resources/library/gmp/libs/gmp.so
0x000000010e8ed000 	/Library/Frameworks/R.framework/Versions/3.6/Resources/library/lubridate/libs/lubridate.so
0x000000010e92b000 	/Library/Frameworks/R.framework/Versions/3.6/Resources/library/tidyr/libs/tidyr.so
0x000000010e946000 	/Library/Frameworks/R.framework/Versions/3.6/Resources/library/utf8/libs/utf8.so
0x000000010e994000 	/Library/Java/JavaVirtualMachines/jdk-14.0.2.jdk/Contents/Home/lib/server/libjvm.dylib
0x000000010f71e000 	/Library/Frameworks/R.framework/Versions/3.6/Resources/library/rJava/libs/rJava.so
0x000000010f732000 	/Library/Java/JavaVirtualMachines/jdk-14.0.2.jdk/Contents/Home/lib/libjimage.dylib
0x000000010f745000 	/Library/Java/JavaVirtualMachines/jdk-14.0.2.jdk/Contents/Home/lib/libjava.dylib
0x000000010f76d000 	/Library/Java/JavaVirtualMachines/jdk-14.0.2.jdk/Contents/Home/lib/libzip.dylib
0x000000012bc00000 	/Applications/Xcode.app/Contents/Developer/Toolchains/XcodeDefault.xctoolchain/usr/lib/libclang.dylib
0x0000000110c75000 	/Library/Frameworks/R.framework/Versions/3.6/Resources/modules/internet.so
0x0000000110d96000 	/Library/Frameworks/R.framework/Versions/3.6/Resources/library/haven/libs/haven.so
0x0000000110e1b000 	/Library/Frameworks/R.framework/Versions/3.6/Resources/library/readxl/libs/readxl.so
0x0000000110e79000 	/Library/Frameworks/R.framework/Versions/3.6/Resources/library/xml2/libs/xml2.so
0x0000000110e94000 	/Library/Frameworks/R.framework/Versions/3.6/Resources/library/XML/libs/XML.so
0x0000000110eba000 	/Library/Frameworks/R.framework/Versions/3.6/Resources/library/bitops/libs/bitops.so
0x0000000110ebf000 	/Library/Frameworks/R.framework/Versions/3.6/Resources/library/caTools/libs/caTools.so
0x0000000110ece000 	/Library/Frameworks/R.framework/Versions/3.6/Resources/library/openssl/libs/openssl.so
0x0000000111180000 	/Library/Frameworks/R.framework/Versions/3.6/Resources/library/semver/libs/semver.so
0x00000001111b8000 	/Library/Frameworks/R.framework/Versions/3.6/Resources/library/later/libs/later.so
0x00000001111fd000 	/Library/Frameworks/R.framework/Versions/3.6/Resources/library/promises/libs/promises.so
0x000000013193a000 	/Library/Frameworks/R.framework/Versions/3.6/Resources/library/httpuv/libs/httpuv.so
0x0000000111216000 	/Library/Frameworks/R.framework/Versions/3.6/Resources/library/mime/libs/mime.so
0x000000011121a000 	/Library/Frameworks/R.framework/Versions/3.6/Resources/library/fastmap/libs/fastmap.so
0x0000000111229000 	/Library/Frameworks/R.framework/Versions/3.6/Resources/library/yaml/libs/yaml.so
0x0000000131a7c000 	/Library/Frameworks/R.framework/Versions/3.6/Resources/library/RMySQL/libs/RMySQL.so
0x0000000111255000 	/Library/Java/JavaVirtualMachines/jdk-14.0.2.jdk/Contents/Home/lib/libnio.dylib
0x0000000111268000 	/Library/Java/JavaVirtualMachines/jdk-14.0.2.jdk/Contents/Home/lib/libnet.dylib
0x0000000111280000 	/Library/Java/JavaVirtualMachines/jdk-14.0.2.jdk/Contents/Home/lib/libextnet.dylib
0x0000000111287000 	/Library/Frameworks/R.framework/Versions/3.6/Resources/library/triebeard/libs/triebeard.so
0x00000001112d7000 	/Library/Frameworks/R.framework/Versions/3.6/Resources/library/urltools/libs/urltools.so


VM Arguments:
jvm_args: -Djava.awt.headless=true -Xmx512m -Xrs vfprintf exit -Xss2m 
java_command: <unknown>
java_class_path (initial): /Library/Frameworks/R.framework/Versions/3.6/Resources/library/rJava/java/boot
Launcher Type: generic

[Global flags]
     intx CICompilerCount                          = 3                                         {product} {ergonomic}
     uint ConcGCThreads                            = 1                                         {product} {ergonomic}
     uint G1ConcRefinementThreads                  = 4                                         {product} {ergonomic}
   size_t G1HeapRegionSize                         = 1048576                                   {product} {ergonomic}
    uintx GCDrainStackTargetSize                   = 64                                        {product} {ergonomic}
   size_t InitialHeapSize                          = 268435456                                 {product} {ergonomic}
   size_t MarkStackSize                            = 4194304                                   {product} {ergonomic}
   size_t MaxHeapSize                              = 536870912                                 {product} {command line}
   size_t MaxNewSize                               = 321912832                                 {product} {ergonomic}
   size_t MinHeapDeltaBytes                        = 1048576                                   {product} {ergonomic}
   size_t MinHeapSize                              = 8388608                                   {product} {ergonomic}
    uintx NonNMethodCodeHeapSize                   = 5832780                                {pd product} {ergonomic}
    uintx NonProfiledCodeHeapSize                  = 122912730                              {pd product} {ergonomic}
    uintx ProfiledCodeHeapSize                     = 122912730                              {pd product} {ergonomic}
     bool ReduceSignalUsage                        = true                                      {product} {command line}
    uintx ReservedCodeCacheSize                    = 251658240                              {pd product} {ergonomic}
     bool SegmentedCodeCache                       = true                                      {product} {ergonomic}
   size_t SoftMaxHeapSize                          = 536870912                              {manageable} {ergonomic}
     intx ThreadStackSize                          = 2048                                   {pd product} {command line}
     bool UseCompressedClassPointers               = true                                 {lp64_product} {ergonomic}
     bool UseCompressedOops                        = true                                 {lp64_product} {ergonomic}
     bool UseG1GC                                  = true                                      {product} {ergonomic}

Logging:
Log output configuration:
 #0: stdout all=warning uptime,level,tags
 #1: stderr all=off uptime,level,tags

Environment Variables:
PATH=/usr/bin:/bin:/usr/sbin:/sbin:/Applications/RStudio.app/Contents/MacOS/rpostback:/Applications/RStudio.app/Contents/MacOS/postback:/usr/local/bin:/Users/meerapatel/Library/Python/2.7/bin:/Library/TeX/texbin:/opt/X11/bin:/Library/Apple/usr/bin:/Applications/Postgres.app/Contents/Versions/latest/bin:/opt/local/bin
SHELL=/bin/zsh
DISPLAY=/private/tmp/com.apple.launchd.B7JF8H5ucJ/org.macosforge.xquartz:0
DYLD_LIBRARY_PATH=/Library/Java/JavaVirtualMachines/jdk-14.0.2.jdk/Contents/Home/lib/server
DYLD_FALLBACK_LIBRARY_PATH=/Library/Frameworks/R.framework/Resources/lib:/Users/meerapatel/lib:/usr/local/lib:/usr/lib:::/lib:/Library/Java/JavaVirtualMachines/openjdk-13.jdk/Contents/Home/lib/server

Signal Handlers:
SIGSEGV: [libjvm.dylib+0x7415b8], sa_mask[0]=11111111011111110111111111111111, sa_flags=SA_ONSTACK|SA_RESTART|SA_SIGINFO
SIGBUS: [libjvm.dylib+0x7415b8], sa_mask[0]=11111111011111110111111111111111, sa_flags=SA_RESTART|SA_SIGINFO
SIGFPE: [libjvm.dylib+0x7415b8], sa_mask[0]=11111111011111110111111111111111, sa_flags=SA_RESTART|SA_SIGINFO
SIGPIPE: SIG_IGN, sa_mask[0]=00000000000000000000000000000000, sa_flags=SA_RESTART
SIGXFSZ: [libjvm.dylib+0x5eb4b1], sa_mask[0]=11111111011111110111111111111111, sa_flags=SA_RESTART|SA_SIGINFO
SIGILL: [libjvm.dylib+0x7415b8], sa_mask[0]=11111111011111110111111111111111, sa_flags=SA_RESTART|SA_SIGINFO
SIGUSR2: SIG_IGN, sa_mask[0]=00000000000000000000000000000000, sa_flags=none
SIGHUP: SIG_DFL, sa_mask[0]=00000000000000000000000000000000, sa_flags=none
SIGINT: [rsession+0x1053c0], sa_mask[0]=00000000000000000000000000000000, sa_flags=SA_RESTART
SIGTERM: SIG_DFL, sa_mask[0]=00000000000000000000000000000000, sa_flags=none
SIGQUIT: SIG_DFL, sa_mask[0]=00000000000000000000000000000000, sa_flags=none


---------------  S Y S T E M  ---------------

OS:uname:Darwin 19.6.0 Darwin Kernel Version 19.6.0: Sun Jul  5 00:43:10 PDT 2020; root:xnu-6153.141.1~9/RELEASE_X86_64 x86_64
OS uptime: 2 days 4:31 hours
rlimit: STACK 8192k, CORE 0k, NPROC 2784, NOFILE 12544, AS infinity, DATA infinity, FSIZE infinity
load average:1.86 1.63 1.54

CPU:total 4 (initial active 4) (2 cores per cpu, 2 threads per core) family 6 model 142 stepping 9, cmov, cx8, fxsr, mmx, sse, sse2, sse3, ssse3, sse4.1, sse4.2, popcnt, avx, avx2, aes, clmul, erms, rtm, 3dnowpref, lzcnt, ht, tsc, tscinvbit, bmi1, bmi2, adx, fma

Memory: 4k page, physical 16777216k(2602016k free), swap 2097152k(1435392k free)

vm_info: Java HotSpot(TM) 64-Bit Server VM (14.0.2+12-46) for bsd-amd64 JRE (14.0.2+12-46), built on Jul  8 2020 23:32:31 by "mach5one" with clang 4.2.1 Compatible Apple LLVM 10.0.0 (clang-1000.11.45.5)

END.
