#
# A fatal error has been detected by the Java Runtime Environment:
#
#  SIGBUS (0xa) at pc=0x0000000121b93975, pid=92847, tid=23811
#
# JRE version: OpenJDK Runtime Environment (13.0.1+9) (build 13.0.1+9)
# Java VM: OpenJDK 64-Bit Server VM (13.0.1+9, mixed mode, sharing, tiered, compressed oops, g1 gc, bsd-amd64)
# Problematic frame:
# J 1242 c1 jdk.internal.ref.PhantomCleanable.remove()Z java.base@13.0.1 (60 bytes) @ 0x0000000121b93975 [0x0000000121b936c0+0x00000000000002b5]
#
# No core dump will be written. Core dumps have been disabled. To enable core dumping, try "ulimit -c unlimited" before starting Java again
#
# If you would like to submit a bug report, please visit:
#   http://bugreport.java.com/bugreport/crash.jsp
#

---------------  S U M M A R Y ------------

Command Line: -Djava.awt.headless=true -Xmx512m -Xrs vfprintf exit -Xss2m 

Host: MacBookPro15,4 x86_64 1400 MHz, 8 cores, 16G, Darwin 18.7.0
Time: Wed Sep 23 01:50:54 2020 EDT elapsed time: 530 seconds (0d 0h 8m 50s)

---------------  T H R E A D  ---------------

Current thread (0x00007fb6f322e800):  JavaThread "Common-Cleaner" daemon [_thread_in_Java, id=23811, stack(0x0000700009956000,0x0000700009b56000)]

Stack: [0x0000700009956000,0x0000700009b56000],  sp=0x0000700009b558e8,  free space=2046k
Native frames: (J=compiled Java code, A=aot compiled Java code, j=interpreted, Vv=VM code, C=native code)
J 1242 c1 jdk.internal.ref.PhantomCleanable.remove()Z java.base@13.0.1 (60 bytes) @ 0x0000000121b93975 [0x0000000121b936c0+0x00000000000002b5]

[error occurred during error reporting (printing native stack), id 0xb, SIGSEGV (0xb) at pc=0x00000001182fc587]


siginfo: si_signo: 10 (SIGBUS), si_code: 2 (BUS_ADRERR), si_addr: 0x000000013a8770d0

Register to memory mapping:

RAX=0x0000000000000001 is an unknown value
RBX=0x00000007e01930b8 is an oop: jdk.internal.ref.CleanerImpl$PhantomCleanableRef 
{0x00000007e01930b8} - klass: 'jdk/internal/ref/CleanerImpl$PhantomCleanableRef'
RCX=0x0000000000000005 is an unknown value
RDX=0x0 is NULL
RSP=0x0000700009b558e8 is pointing into the stack for thread: 0x00007fb6f322e800
RBP=0x0000700009b55950 is pointing into the stack for thread: 0x00007fb6f322e800
RSI=0x0000000000000001 is an unknown value
RDI=0x00000007e0137ff8 is an oop: jdk.internal.ref.CleanerImpl$PhantomCleanableRef 
{0x00000007e0137ff8} - klass: 'jdk/internal/ref/CleanerImpl$PhantomCleanableRef'
R8 =0x00000000001bc97d is an unknown value
R9 =0xffffffff00000000 is an unknown value
R10=0x000000010ebd1008 is an unknown value
R11=0x0000000121b93700 is at entry_point+64 in (nmethod*)0x0000000121b93510

[timeout occurred during error reporting in step "printing register info"] after 30 s.
Registers:
RAX=0x0000000000000001, RBX=0x00000007e01930b8, RCX=0x0000000000000005, RDX=0x0000000000000000
RSP=0x0000700009b558e8, RBP=0x0000700009b55950, RSI=0x0000000000000001, RDI=0x00000007e0137ff8
R8 =0x00000000001bc97d, R9 =0xffffffff00000000, R10=0x000000010ebd1008, R11=0x0000000121b93700
R12=0x0000000000000000, R13=0x0000700009b55900, R14=0x0000700009b55960, R15=0x00007fb6f322e800
RIP=0x0000000121b93975, EFLAGS=0x0000000000000202, ERR=0x00000000020000b8
  TRAPNO=0x0000000000000085

Top of Stack: (sp=0x0000700009b558e8)
0x0000700009b558e8:   000000012134a750 000000080030bff8
0x0000700009b558f8:   000000012134a750 00000007e0191d18
0x0000700009b55908:   0000700009b55908 0000000800863549
0x0000700009b55918:   0000700009b55960 000000080039b2f8
0x0000700009b55928:   0000000000000000 00000007ffe20458
0x0000700009b55938:   0000000800238658 0000700009b55900
0x0000700009b55948:   0000700009b55960 0000700009b559b0
0x0000700009b55958:   000000012134aff8 00000007e0191d18
0x0000700009b55968:   0000700009b55968 000000080089fad5
0x0000700009b55978:   0000700009b559d8 0000000800268868
0x0000700009b55988:   0000000000000000 00000007ffe20550
0x0000700009b55998:   0000000800268d38 0000700009b55960
0x0000700009b559a8:   0000700009b559d8 0000700009b55a28
0x0000700009b559b8:   000000012134aff8 00000007e0191d18
0x0000700009b559c8:   00000007e0138180 00000007e0138180
0x0000700009b559d8:   00000007e0137fa8 0000700009b559e0
0x0000700009b559e8:   00000008006c34f3 0000700009b55a38
0x0000700009b559f8:   00000008003b4088 0000000000000000
0x0000700009b55a08:   00000007ffe2c738 0000000800112b38
0x0000700009b55a18:   0000700009b559d8 0000700009b55a38
0x0000700009b55a28:   0000700009b55a88 000000012134afb3
0x0000700009b55a38:   00000007e0138180 0000700009b55a40
0x0000700009b55a48:   000000080089c174 0000700009b55a98
0x0000700009b55a58:   0000000800265860 0000000000000000
0x0000700009b55a68:   00000007ffe1ffe8 0000000800265730
0x0000700009b55a78:   0000700009b55a38 0000700009b55a98
0x0000700009b55a88:   0000700009b55b00 0000000121341949
0x0000700009b55a98:   00000007e0138180 0000700000001fa0
0x0000700009b55aa8:   0000700009b55cd8 0000700009b55db0
0x0000700009b55ab8:   0000000800265730 00007fb6f322e800
0x0000700009b55ac8:   0000000000000001 0000700009b55b60
0x0000700009b55ad8:   0000700009b55db8 000070000000000a 

Instructions: (pc=0x0000000121b93975)
0x0000000121b93875:   c1 e3 03 41 0f be 57 30 83 fa 00 0f 85 c9 01 00
0x0000000121b93885:   00 4c 8b d3 49 c1 ea 03 44 89 50 1c 48 8b d0 48
0x0000000121b93895:   33 d3 48 c1 ea 14 48 83 fa 00 0f 85 ce 01 00 00
0x0000000121b938a5:   8b 5e 1c 48 c1 e3 03 41 0f be 57 30 83 fa 00 0f
0x0000000121b938b5:   85 d1 01 00 00 4c 8b d0 49 c1 ea 03 44 89 53 20
0x0000000121b938c5:   48 8b fb 48 33 f8 48 c1 ef 14 48 83 ff 00 0f 85
0x0000000121b938d5:   d6 01 00 00 41 0f be 47 30 83 f8 00 0f 85 e0 01
0x0000000121b938e5:   00 00 4c 8b d6 49 c1 ea 03 44 89 56 1c 48 8b c6
0x0000000121b938f5:   48 33 c6 48 c1 e8 14 48 83 f8 00 0f 85 e0 01 00
0x0000000121b93905:   00 41 0f be 47 30 83 f8 00 0f 85 ea 01 00 00 4c
0x0000000121b93915:   8b d6 49 c1 ea 03 44 89 56 20 48 8b c6 48 33 c6
0x0000000121b93925:   48 c1 e8 14 48 83 f8 00 0f 85 ea 01 00 00 48 8d
0x0000000121b93935:   44 24 20 48 8b 78 08 48 8b 37 48 83 e6 07 48 83
0x0000000121b93945:   fe 05 0f 84 17 00 00 00 48 8b 30 48 85 f6 0f 84
0x0000000121b93955:   0b 00 00 00 f0 48 0f b1 37 0f 85 d1 01 00 00 b8
0x0000000121b93965:   01 00 00 00 48 83 c4 40 5d 4d 8b 97 08 01 00 00
0x0000000121b93975:   41 85 02 c3 48 8d 44 24 20 48 8b 78 08 48 8b 37
0x0000000121b93985:   48 83 e6 07 48 83 fe 05 0f 84 17 00 00 00 48 8b
0x0000000121b93995:   30 48 85 f6 0f 84 0b 00 00 00 f0 48 0f b1 37 0f
0x0000000121b939a5:   85 9e 01 00 00 b8 00 00 00 00 48 83 c4 40 5d 4d
0x0000000121b939b5:   8b 97 08 01 00 00 41 85 02 c3 49 8b 87 f0 03 00
0x0000000121b939c5:   00 4d 33 d2 4d 89 97 f0 03 00 00 4d 33 d2 4d 89
0x0000000121b939d5:   97 f8 03 00 00 48 8b f0 48 8d 44 24 20 48 8b 58
0x0000000121b939e5:   08 48 8b 3b 48 83 e7 07 48 83 ff 05 0f 84 17 00
0x0000000121b939f5:   00 00 48 8b 38 48 85 ff 0f 84 0b 00 00 00 f0 48
0x0000000121b93a05:   0f b1 3b 0f 85 4d 01 00 00 48 8b c6 e9 8d 01 00
0x0000000121b93a15:   00 49 ba 00 86 23 00 08 00 00 00 4c 89 54 24 08
0x0000000121b93a25:   48 c7 04 24 ff ff ff ff e8 4e 9b 8a ff e9 fd fc
0x0000000121b93a35:   ff ff e8 64 44 8a ff 48 89 7c 24 08 48 89 1c 24
0x0000000121b93a45:   e8 36 77 8a ff e9 e2 fd ff ff 8b 50 1c 48 c1 e2
0x0000000121b93a55:   03 48 83 fa 00 0f 84 26 fe ff ff 48 89 14 24 e8
0x0000000121b93a65:   17 a1 8a ff e9 18 fe ff ff e8 2d 44 8a ff 48 83 


Stack slot to memory mapping:
stack at sp + 0 slots: 0x000000012134a750 is at code_begin+208 in an Interpreter codelet
invoke return entry points  [0x000000012134a680, 0x000000012134b0a0]  2592 bytes
stack at sp + 1 slots: {method} {0x000000080030bff8} 'remove' '(J)Ljava/lang/ref/Reference;' in 'java/lang/ref/ReferenceQueue'
stack at sp + 2 slots: 0x000000012134a750 is at code_begin+208 in an Interpreter codelet
invoke return entry points  [0x000000012134a680, 0x000000012134b0a0]  2592 bytes
stack at sp + 3 slots: 0x00000007e0191d18 is an oop: jdk.internal.ref.CleanerImpl$PhantomCleanableRef 
{0x00000007e0191d18} - klass: 'jdk/internal/ref/CleanerImpl$PhantomCleanableRef'
stack at sp + 4 slots: 0x0000700009b55908 is pointing into the stack for thread: 0x00007fb6f322e800
stack at sp + 5 slots: 0x0000000800863549 is pointing into metadata
stack at sp + 6 slots: 0x0000700009b55960 is pointing into the stack for thread: 0x00007fb6f322e800
stack at sp + 7 slots: 0x000000080039b2f8 is pointing into metadata

--------------------------------------------------------------------------------
[Constant Pool (empty)]

--------------------------------------------------------------------------------

[MachCode]
  0x0000000121b936c0: 448b 5608 | 49c1 e203 | 49bc 0000 | 0000 0800 | 0000 4d03 | d44d 33e4 | 4c3b d00f | 851f 867f 
  0x0000000121b936e0: ff66 6666 | 0f1f 8400 | 0000 0000 | 6666 6690 | 6666 660f | 1f84 0000 | 0000 0066 | 6666 9090 
  0x0000000121b93700: 8984 2400 | c0fe ff55 | 4883 ec40 | 48b8 a8c0 | 8234 0100 | 0000 8bb8 | dc00 0000 | 83c7 0889 
  0x0000000121b93720: b8dc 0000 | 0081 e7f8 | 1f00 0083 | ff00 0f84 | e202 0000 | 8b7e 2448 | c1e7 0348 | 8d5c 2420 
  0x0000000121b93740: 4889 7b08 | 488b 0748 | 8bd0 4883 | e207 4883 | fa05 0f85 | b100 0000 | 8b57 0848 | c1e2 0349 
  0x0000000121b93760: bc00 0000 | 0008 0000 | 0049 03d4 | 4d33 e448 | 8b92 b800 | 0000 490b | d748 33d0 | 4883 e287 
  0x0000000121b93780: 0f84 ab00 | 0000 48f7 | c207 0000 | 0075 5748 | f7c2 0003 | 0000 751d | 4881 e07f | 0300 0048 
  0x0000000121b937a0: 8bd0 490b | d7f0 480f | b117 0f85 | 8c02 0000 | e97c 0000 | 008b 5708 | 48c1 e203 | 49bc 0000 
  0x0000000121b937c0: 0000 0800 | 0000 4903 | d44d 33e4 | 488b 92b8 | 0000 0049 | 0bd7 f048 | 0fb1 170f | 855b 0200 
  0x0000000121b937e0: 00e9 4b00 | 0000 8b57 | 0848 c1e2 | 0349 bc00 | 0000 0008 | 0000 0049 | 03d4 4d33 | e448 8b92 
  0x0000000121b93800: b800 0000 | f048 0fb1 | 1748 8b07 | 4883 c801 | 4889 03f0 | 480f b11f | 0f84 1300 | 0000 482b 
  0x0000000121b93820: c448 81e0 | 07f0 ffff | 4889 030f | 850b 0200 | 008b 4620 | 48c1 e003 | 483b c648 | bba8 c082 
  0x0000000121b93840: 3401 0000 | 0048 ba20 | 0100 0000 | 0000 000f | 840a 0000 | 0048 ba30 | 0100 0000 | 0000 0048 
  0x0000000121b93860: 8b0c 1348 | 8d49 0148 | 890c 130f | 8408 0100 | 008b 5e1c | 48c1 e303 | 410f be57 | 3083 fa00 
  0x0000000121b93880: 0f85 c901 | 0000 4c8b | d349 c1ea | 0344 8950 | 1c48 8bd0 | 4833 d348 | c1ea 1448 | 83fa 000f 
  0x0000000121b938a0: 85ce 0100 | 008b 5e1c | 48c1 e303 | 410f be57 | 3083 fa00 | 0f85 d101 | 0000 4c8b | d049 c1ea 
  0x0000000121b938c0: 0344 8953 | 2048 8bfb | 4833 f848 | c1ef 1448 | 83ff 000f | 85d6 0100 | 0041 0fbe | 4730 83f8 
  0x0000000121b938e0: 000f 85e0 | 0100 004c | 8bd6 49c1 | ea03 4489 | 561c 488b | c648 33c6 | 48c1 e814 | 4883 f800 
  0x0000000121b93900: 0f85 e001 | 0000 410f | be47 3083 | f800 0f85 | ea01 0000 | 4c8b d649 | c1ea 0344 | 8956 2048 
  0x0000000121b93920: 8bc6 4833 | c648 c1e8 | 1448 83f8 | 000f 85ea | 0100 0048 | 8d44 2420 | 488b 7808 | 488b 3748 
  0x0000000121b93940: 83e6 0748 | 83fe 050f | 8417 0000 | 0048 8b30 | 4885 f60f | 840b 0000 | 00f0 480f | b137 0f85 
  0x0000000121b93960: d101 0000 | b801 0000 | 0048 83c4 | 405d 4d8b | 9708 0100 | 0041 8502 | c348 8d44 | 2420 488b 
  0x0000000121b93980: 7808 488b | 3748 83e6 | 0748 83fe | 050f 8417 | 0000 0048 | 8b30 4885 | f60f 840b | 0000 00f0 
  0x0000000121b939a0: 480f b137 | 0f85 9e01 | 0000 b800 | 0000 0048 | 83c4 405d | 4d8b 9708 | 0100 0041 | 8502 c349 
  0x0000000121b939c0: 8b87 f003 | 0000 4d33 | d24d 8997 | f003 0000 | 4d33 d24d | 8997 f803 | 0000 488b | f048 8d44 
  0x0000000121b939e0: 2420 488b | 5808 488b | 3b48 83e7 | 0748 83ff | 050f 8417 | 0000 0048 | 8b38 4885 | ff0f 840b 
  0x0000000121b93a00: 0000 00f0 | 480f b13b | 0f85 4d01 | 0000 488b | c6e9 8d01 | 0000 49ba | 0086 2300 | 0800 0000 
  0x0000000121b93a20: 4c89 5424 | 0848 c704 | 24ff ffff | ffe8 4e9b | 8aff e9fd | fcff ffe8 | 6444 8aff | 4889 7c24 
  0x0000000121b93a40: 0848 891c | 24e8 3677 | 8aff e9e2 | fdff ff8b | 501c 48c1 | e203 4883 | fa00 0f84 | 26fe ffff 
  0x0000000121b93a60: 4889 1424 | e817 a18a | ffe9 18fe | ffff e82d | 448a ff48 | 83fb 000f | 8428 feff | ff48 8904 
  0x0000000121b93a80: 24e8 faa3 | 8aff e91a | feff ff8b | 5320 48c1 | e203 4883 | fa00 0f84 | 1efe ffff | 4889 1424 
  0x0000000121b93aa0: e8db a08a | ffe9 10fe | ffff e8f1 | 438a ff48 | 83f8 000f | 8420 feff | ff48 891c | 24e8 bea3 
  0x0000000121b93ac0: 8aff e912 | feff ff8b | 461c 48c1 | e003 4883 | f800 0f84 | 0ffe ffff | 4889 0424 | e89f a08a 
  0x0000000121b93ae0: ffe9 01fe | ffff 4883 | fe00 0f84 | 16fe ffff | 4889 3424 | e887 a38a | ffe9 08fe | ffff 8b46 
  0x0000000121b93b00: 2048 c1e0 | 0348 83f8 | 000f 8405 | feff ff48 | 8904 24e8 | 68a0 8aff | e9f7 fdff | ff48 83fe 
  0x0000000121b93b20: 000f 840c | feff ff48 | 8934 24e8 | 50a3 8aff | e9fe fdff | ff48 8d44 | 2420 4889 | 0424 e83d 
  0x0000000121b93b40: 7c8a ffe9 | 1cfe ffff | 488d 4424 | 2048 8904 | 24e8 2a7c | 8aff e94f | feff ff48 | 8d44 2420 
  0x0000000121b93b60: 4889 0424 | e817 7c8a | ffe9 a0fe | ffff e82d | 438a ffe8 | 2843 8aff | 9090 498b | 87f0 0300 
  0x0000000121b93b80: 0049 ba00 | 0000 0000 | 0000 004d | 8997 f003 | 0000 49ba | 0000 0000 | 0000 0000 | 4d89 97f8 
  0x0000000121b93ba0: 0300 0048 | 83c4 405d | e9d3 308a | fff4 f4f4 | f4f4 f4f4 | f4f4 f4f4 | f4f4 f4f4 | f4f4 f4f4 
  0x0000000121b93bc0: e8bb 608a | ff48 8964 | 24d8 4881 | ec80 0000 | 0048 8944 | 2478 4889 | 4c24 7048 | 8954 2468 
  0x0000000121b93be0: 4889 5c24 | 6048 896c | 2450 4889 | 7424 4848 | 897c 2440 | 4c89 4424 | 384c 894c | 2430 4c89 
  0x0000000121b93c00: 5424 284c | 895c 2420 | 4c89 6424 | 184c 896c | 2410 4c89 | 7424 084c | 893c 2448 | bf47 5d7d 
  0x0000000121b93c20: 1801 0000 | 0048 bec5 | 3bb9 2101 | 0000 0048 | 8bd4 4883 | e4f0 e83f | 669f f6f4 | 49ba 3c3c 
  0x0000000121b93c40: b921 0100 | 0000 4152 | e953 647f | fff4 f4f4 
[/MachCode]
--------------------------------------------------------------------------------


---------------  P R O C E S S  ---------------

Threads class SMR info:
_java_thread_list=0x00007fb6e158eec0, length=9, elements={
0x00007fb6eb03a800, 0x00007fb6f3edb800, 0x00007fb6f3e4e800, 0x00007fb6f3edc800,
0x00007fb6f7396800, 0x00007fb6f2c18000, 0x00007fb6ef47e000, 0x00007fb6f3edd800,
0x00007fb6f322e800
}

Java Threads: ( => current thread )
  0x00007fb6eb03a800 JavaThread "main" [_thread_blocked, id=775, stack(0x00007ffee1e94000,0x00007ffee2694000)]
  0x00007fb6f3edb800 JavaThread "Reference Handler" daemon [_thread_blocked, id=17923, stack(0x0000700008b38000,0x0000700008d38000)]
  0x00007fb6f3e4e800 JavaThread "Finalizer" daemon [_thread_blocked, id=14083, stack(0x0000700008d3b000,0x0000700008f3b000)]
  0x00007fb6f3edc800 JavaThread "Attach Listener" daemon [_thread_blocked, id=21763, stack(0x0000700009044000,0x0000700009244000)]
  0x00007fb6f7396800 JavaThread "C2 CompilerThread0" daemon [_thread_blocked, id=42755, stack(0x0000700009247000,0x0000700009347000)]
  0x00007fb6f2c18000 JavaThread "C1 CompilerThread0" daemon [_thread_blocked, id=22531, stack(0x000070000934a000,0x000070000944a000)]
  0x00007fb6ef47e000 JavaThread "Sweeper thread" daemon [_thread_blocked, id=42243, stack(0x000070000944d000,0x000070000964d000)]
  0x00007fb6f3edd800 JavaThread "Service Thread" daemon [_thread_blocked, id=23043, stack(0x0000700009650000,0x0000700009850000)]
=>0x00007fb6f322e800 JavaThread "Common-Cleaner" daemon [_thread_blocked, id=23811, stack(0x0000700009956000,0x0000700009b56000)]

Other Threads:
  0x00007fb6f76a5000 VMThread "VM Thread" [stack: 0x0000700008a35000,0x0000700008b35000] [id=12803]
  0x00007fb6f3e50800 WatcherThread [stack: 0x0000700009853000,0x0000700009953000] [id=41219]
  0x00007fb6f552c000 GCTaskThread "GC Thread#0" [stack: 0x0000700008526000,0x0000700008626000] [id=20739]
  0x00007fb6dcea4000 GCTaskThread "GC Thread#1" [stack: 0x0000700009c5f000,0x0000700009d5f000] [id=27403]
  0x00007fb6d96ed000 GCTaskThread "GC Thread#2" [stack: 0x0000700009d62000,0x0000700009e62000] [id=38915]
  0x00007fb6d94b5800 GCTaskThread "GC Thread#3" [stack: 0x0000700009e65000,0x0000700009f65000] [id=38403]
  0x00007fb6d925b000 GCTaskThread "GC Thread#4" [stack: 0x0000700009f68000,0x000070000a068000] [id=28163]
  0x00007fb6d91af000 GCTaskThread "GC Thread#5" [stack: 0x000070000a06b000,0x000070000a16b000] [id=28675]
  0x00007fb6f5588800 ConcurrentGCThread "G1 Main Marker" [stack: 0x0000700008629000,0x0000700008729000] [id=11011]
  0x00007fb6f3c15000 ConcurrentGCThread "G1 Conc#0" [stack: 0x000070000872c000,0x000070000882c000] [id=19715]
  0x00007fb6f3ed9000 ConcurrentGCThread "G1 Refine#0" [stack: 0x000070000882f000,0x000070000892f000] [id=19459]
  0x00007fb6f3eda000 ConcurrentGCThread "G1 Young RemSet Sampling" [stack: 0x0000700008932000,0x0000700008a32000] [id=12035]

Threads with active compile tasks:

VM state:at safepoint (normal execution)

VM Mutex/Monitor currently owned by a thread:  ([mutex/lock_event])
[0x00007fb6eacf5340] Threads_lock - owner thread: 0x00007fb6f76a5000

Heap address: 0x00000007e0000000, size: 512 MB, Compressed Oops mode: Zero based, Oop shift amount: 3
Narrow klass base: 0x0000000800000000, Narrow klass shift: 3
Compressed class space size: 1073741824 Address: 0x0000000800add000

Heap:
 garbage-first heap   total 14336K, used 2591K [0x00000007e0000000, 0x0000000800000000)
  region size 1024K, 1 young (1024K), 0 survivors (0K)
 Metaspace       used 4042K, capacity 6554K, committed 6784K, reserved 1056768K
  class space    used 337K, capacity 612K, committed 640K, reserved 1048576K
Heap Regions: E=young(eden), S=young(survivor), O=old, HS=humongous(starts), HC=humongous(continues), CS=collection set, F=free, A=archive, TAMS=top-at-mark-start (previous, next)
|   0|0x00000007e0000000, 0x00000007e00ffff0, 0x00000007e0100000| 99%| O|  |TAMS 0x00000007e0000000, 0x00000007e0000000| Untracked 
|   1|0x00000007e0100000, 0x00000007e01cacc0, 0x00000007e0200000| 79%| O|  |TAMS 0x00000007e0100000, 0x00000007e0100000| Untracked 
|   2|0x00000007e0200000, 0x00000007e0200000, 0x00000007e0300000|  0%| F|  |TAMS 0x00000007e0200000, 0x00000007e0200000| Untracked 
|   3|0x00000007e0300000, 0x00000007e0300000, 0x00000007e0400000|  0%| F|  |TAMS 0x00000007e0300000, 0x00000007e0300000| Untracked 
|   4|0x00000007e0400000, 0x00000007e0400000, 0x00000007e0500000|  0%| F|  |TAMS 0x00000007e0400000, 0x00000007e0400000| Untracked 
|   5|0x00000007e0500000, 0x00000007e0500000, 0x00000007e0600000|  0%| F|  |TAMS 0x00000007e0500000, 0x00000007e0500000| Untracked 
|   6|0x00000007e0600000, 0x00000007e0600000, 0x00000007e0700000|  0%| F|  |TAMS 0x00000007e0600000, 0x00000007e0600000| Untracked 
|   7|0x00000007e0700000, 0x00000007e0700000, 0x00000007e0800000|  0%| F|  |TAMS 0x00000007e0700000, 0x00000007e0700000| Untracked 
|   8|0x00000007e0800000, 0x00000007e0800000, 0x00000007e0900000|  0%| F|  |TAMS 0x00000007e0800000, 0x00000007e0800000| Untracked 
|   9|0x00000007e0900000, 0x00000007e0900000, 0x00000007e0a00000|  0%| F|  |TAMS 0x00000007e0900000, 0x00000007e0900000| Untracked 
|  10|0x00000007e0a00000, 0x00000007e0a00000, 0x00000007e0b00000|  0%| F|  |TAMS 0x00000007e0a00000, 0x00000007e0a00000| Untracked 
|  11|0x00000007e0b00000, 0x00000007e0b79bc0, 0x00000007e0c00000| 47%| E|  |TAMS 0x00000007e0b00000, 0x00000007e0b00000| Complete 
| 510|0x00000007ffe00000, 0x00000007ffe47000, 0x00000007fff00000| 27%|OA|  |TAMS 0x00000007ffe00000, 0x00000007ffe00000| Untracked 
| 511|0x00000007fff00000, 0x00000007fff76000, 0x0000000800000000| 46%|CA|  |TAMS 0x00000007fff00000, 0x00000007fff00000| Untracked 

Card table byte_map: [0x0000000130c41000,0x0000000130d41000] _byte_map_base: 0x000000012cd41000

Marking Bits (Prev, Next): (CMBitMap*) 0x00007fb6ef5f7e18, (CMBitMap*) 0x00007fb6ef5f7e58
 Prev Bits: [0x0000000130e41000, 0x0000000131641000)
 Next Bits: [0x0000000131641000, 0x0000000131e41000)

Polling page: 0x000000010ebd1000

Metaspace:

Usage:
  Non-class:      5.80 MB capacity,     3.62 MB ( 62%) used,     2.18 MB ( 38%) free+waste,     7.44 KB ( <1%) overhead. 
      Class:    612.00 KB capacity,   337.52 KB ( 55%) used,   270.48 KB ( 44%) free+waste,     4.00 KB ( <1%) overhead. 
       Both:      6.40 MB capacity,     3.95 MB ( 62%) used,     2.44 MB ( 38%) free+waste,    11.44 KB ( <1%) overhead. 

Virtual space:
  Non-class space:        8.00 MB reserved,       6.00 MB ( 75%) committed 
      Class space:        1.00 GB reserved,     640.00 KB ( <1%) committed 
             Both:        1.01 GB reserved,       6.62 MB ( <1%) committed 

Chunk freelists:
   Non-Class:  6.00 KB
       Class:  8.00 KB
        Both:  14.00 KB

MaxMetaspaceSize: unlimited
CompressedClassSpaceSize: 1.00 GB

CodeHeap 'non-profiled nmethods': size=120032Kb used=615Kb max_used=615Kb free=119416Kb
 bounds [0x0000000128e09000, 0x0000000129079000, 0x0000000130341000]
CodeHeap 'profiled nmethods': size=120028Kb used=2956Kb max_used=2956Kb free=117071Kb
 bounds [0x00000001218d2000, 0x0000000121bc2000, 0x0000000128e09000]
CodeHeap 'non-nmethods': size=5700Kb used=1173Kb max_used=1201Kb free=4526Kb
 bounds [0x0000000121341000, 0x00000001215b1000, 0x00000001218d2000]
 total_blobs=2044 nmethods=1293 adapters=339
 compilation: enabled
              stopped_count=0, restarted_count=0
 full_count=0

Compilation events (20 events):
Event: 453.026 Thread 0x00007fb6f2c18000 nmethod 1283 0x0000000128e9d010 code [0x0000000128e9d1a0, 0x0000000128e9d2d0]
Event: 453.026 Thread 0x00007fb6f2c18000 1285       1       sun.util.calendar.CalendarDate::setLeapYear (6 bytes)
Event: 453.026 Thread 0x00007fb6f2c18000 nmethod 1285 0x0000000128e9d310 code [0x0000000128e9d4a0, 0x0000000128e9d5d0]
Event: 453.027 Thread 0x00007fb6f2c18000 1286       3       org.postgresql.core.v3.SimpleParameterList::writeV3Value (118 bytes)
Event: 453.030 Thread 0x00007fb6f2c18000 nmethod 1286 0x0000000121bb1710 code [0x0000000121bb19a0, 0x0000000121bb2928]
Event: 453.030 Thread 0x00007fb6f2c18000 1287       3       java.lang.StringCoding::hasNegatives (25 bytes)
Event: 453.031 Thread 0x00007fb6f2c18000 nmethod 1287 0x0000000121bb2d10 code [0x0000000121bb2ec0, 0x0000000121bb3130]
Event: 453.031 Thread 0x00007fb6f2c18000 1288       3       java.io.FilterOutputStream::write (9 bytes)
Event: 453.031 Thread 0x00007fb6f2c18000 nmethod 1288 0x0000000121bb3290 code [0x0000000121bb3440, 0x0000000121bb3688]
Event: 453.121 Thread 0x00007fb6f7396800 nmethod 1280 0x0000000128e9d610 code [0x0000000128e9d980, 0x0000000128ea0450]
Event: 526.407 Thread 0x00007fb6f2c18000 1289       3       java.util.Arrays::rangeCheck (74 bytes)
Event: 526.408 Thread 0x00007fb6f2c18000 nmethod 1289 0x0000000121bb3790 code [0x0000000121bb3a60, 0x0000000121bb4788]
Event: 528.832 Thread 0x00007fb6f7396800 1290       4       org.postgresql.core.PGStream::receive (51 bytes)
Event: 528.836 Thread 0x00007fb6f7396800 nmethod 1290 0x0000000128ea1d90 code [0x0000000128ea1f20, 0x0000000128ea2288]
Event: 528.850 Thread 0x00007fb6f7396800 1291       4       org.postgresql.jdbc.PgResultSet::checkResultSet (58 bytes)
Event: 528.852 Thread 0x00007fb6f7396800 nmethod 1291 0x0000000128ea2590 code [0x0000000128ea2720, 0x0000000128ea2858]
Event: 529.921 Thread 0x00007fb6f2c18000 1292  s    3       java.util.Properties::put (10 bytes)
Event: 529.922 Thread 0x00007fb6f2c18000 nmethod 1292 0x0000000121bb4c10 code [0x0000000121bb4dc0, 0x0000000121bb5188]
Event: 530.001 Thread 0x00007fb6f7396800 1293       4       java.lang.String::checkBoundsOffCount (64 bytes)
Event: 530.002 Thread 0x00007fb6f7396800 nmethod 1293 0x0000000128ea2990 code [0x0000000128ea2b00, 0x0000000128ea2b98]

GC Heap History (20 events):
Event: 146.057 GC heap before
{Heap before GC invocations=126 (full 126):
 garbage-first heap   total 14336K, used 2673K [0x00000007e0000000, 0x0000000800000000)
  region size 1024K, 1 young (1024K), 0 survivors (0K)
 Metaspace       used 4020K, capacity 6554K, committed 6784K, reserved 1056768K
  class space    used 336K, capacity 612K, committed 640K, reserved 1048576K
}
Event: 146.066 GC heap after
{Heap after GC invocations=127 (full 127):
 garbage-first heap   total 14336K, used 2681K [0x00000007e0000000, 0x0000000800000000)
  region size 1024K, 0 young (0K), 0 survivors (0K)
 Metaspace       used 4020K, capacity 6554K, committed 6784K, reserved 1056768K
  class space    used 336K, capacity 612K, committed 640K, reserved 1048576K
}
Event: 146.104 GC heap before
{Heap before GC invocations=127 (full 127):
 garbage-first heap   total 14336K, used 2681K [0x00000007e0000000, 0x0000000800000000)
  region size 1024K, 1 young (1024K), 0 survivors (0K)
 Metaspace       used 4022K, capacity 6554K, committed 6784K, reserved 1056768K
  class space    used 336K, capacity 612K, committed 640K, reserved 1048576K
}
Event: 146.113 GC heap after
{Heap after GC invocations=128 (full 128):
 garbage-first heap   total 14336K, used 2739K [0x00000007e0000000, 0x0000000800000000)
  region size 1024K, 0 young (0K), 0 survivors (0K)
 Metaspace       used 4022K, capacity 6554K, committed 6784K, reserved 1056768K
  class space    used 336K, capacity 612K, committed 640K, reserved 1048576K
}
Event: 146.137 GC heap before
{Heap before GC invocations=128 (full 128):
 garbage-first heap   total 14336K, used 2739K [0x00000007e0000000, 0x0000000800000000)
  region size 1024K, 1 young (1024K), 0 survivors (0K)
 Metaspace       used 4032K, capacity 6554K, committed 6784K, reserved 1056768K
  class space    used 336K, capacity 612K, committed 640K, reserved 1048576K
}
Event: 146.146 GC heap after
{Heap after GC invocations=129 (full 129):
 garbage-first heap   total 14336K, used 2748K [0x00000007e0000000, 0x0000000800000000)
  region size 1024K, 0 young (0K), 0 survivors (0K)
 Metaspace       used 4032K, capacity 6554K, committed 6784K, reserved 1056768K
  class space    used 336K, capacity 612K, committed 640K, reserved 1048576K
}
Event: 288.827 GC heap before
{Heap before GC invocations=129 (full 129):
 garbage-first heap   total 14336K, used 2748K [0x00000007e0000000, 0x0000000800000000)
  region size 1024K, 2 young (2048K), 0 survivors (0K)
 Metaspace       used 4037K, capacity 6554K, committed 6784K, reserved 1056768K
  class space    used 336K, capacity 612K, committed 640K, reserved 1048576K
}
Event: 288.839 GC heap after
{Heap after GC invocations=130 (full 130):
 garbage-first heap   total 14336K, used 2713K [0x00000007e0000000, 0x0000000800000000)
  region size 1024K, 0 young (0K), 0 survivors (0K)
 Metaspace       used 4037K, capacity 6554K, committed 6784K, reserved 1056768K
  class space    used 336K, capacity 612K, committed 640K, reserved 1048576K
}
Event: 288.865 GC heap before
{Heap before GC invocations=130 (full 130):
 garbage-first heap   total 14336K, used 2713K [0x00000007e0000000, 0x0000000800000000)
  region size 1024K, 1 young (1024K), 0 survivors (0K)
 Metaspace       used 4037K, capacity 6554K, committed 6784K, reserved 1056768K
  class space    used 336K, capacity 612K, committed 640K, reserved 1048576K
}
Event: 288.876 GC heap after
{Heap after GC invocations=131 (full 131):
 garbage-first heap   total 14336K, used 2668K [0x00000007e0000000, 0x0000000800000000)
  region size 1024K, 0 young (0K), 0 survivors (0K)
 Metaspace       used 4037K, capacity 6554K, committed 6784K, reserved 1056768K
  class space    used 336K, capacity 612K, committed 640K, reserved 1048576K
}
Event: 316.484 GC heap before
{Heap before GC invocations=131 (full 131):
 garbage-first heap   total 14336K, used 2668K [0x00000007e0000000, 0x0000000800000000)
  region size 1024K, 2 young (2048K), 0 survivors (0K)
 Metaspace       used 4037K, capacity 6554K, committed 6784K, reserved 1056768K
  class space    used 336K, capacity 612K, committed 640K, reserved 1048576K
}
Event: 316.497 GC heap after
{Heap after GC invocations=132 (full 132):
 garbage-first heap   total 14336K, used 2670K [0x00000007e0000000, 0x0000000800000000)
  region size 1024K, 0 young (0K), 0 survivors (0K)
 Metaspace       used 4037K, capacity 6554K, committed 6784K, reserved 1056768K
  class space    used 336K, capacity 612K, committed 640K, reserved 1048576K
}
Event: 316.530 GC heap before
{Heap before GC invocations=132 (full 132):
 garbage-first heap   total 14336K, used 2670K [0x00000007e0000000, 0x0000000800000000)
  region size 1024K, 1 young (1024K), 0 survivors (0K)
 Metaspace       used 4037K, capacity 6554K, committed 6784K, reserved 1056768K
  class space    used 336K, capacity 612K, committed 640K, reserved 1048576K
}
Event: 316.541 GC heap after
{Heap after GC invocations=133 (full 133):
 garbage-first heap   total 14336K, used 2678K [0x00000007e0000000, 0x0000000800000000)
  region size 1024K, 0 young (0K), 0 survivors (0K)
 Metaspace       used 4037K, capacity 6554K, committed 6784K, reserved 1056768K
  class space    used 336K, capacity 612K, committed 640K, reserved 1048576K
}
Event: 344.594 GC heap before
{Heap before GC invocations=133 (full 133):
 garbage-first heap   total 14336K, used 2678K [0x00000007e0000000, 0x0000000800000000)
  region size 1024K, 2 young (2048K), 0 survivors (0K)
 Metaspace       used 4037K, capacity 6554K, committed 6784K, reserved 1056768K
  class space    used 336K, capacity 612K, committed 640K, reserved 1048576K
}
Event: 344.606 GC heap after
{Heap after GC invocations=134 (full 134):
 garbage-first heap   total 14336K, used 2680K [0x00000007e0000000, 0x0000000800000000)
  region size 1024K, 0 young (0K), 0 survivors (0K)
 Metaspace       used 4037K, capacity 6554K, committed 6784K, reserved 1056768K
  class space    used 336K, capacity 612K, committed 640K, reserved 1048576K
}
Event: 528.837 GC heap before
{Heap before GC invocations=134 (full 134):
 garbage-first heap   total 14336K, used 3704K [0x00000007e0000000, 0x0000000800000000)
  region size 1024K, 2 young (2048K), 0 survivors (0K)
 Metaspace       used 4041K, capacity 6554K, committed 6784K, reserved 1056768K
  class space    used 337K, capacity 612K, committed 640K, reserved 1048576K
}
Event: 528.849 GC heap after
{Heap after GC invocations=135 (full 135):
 garbage-first heap   total 14336K, used 2770K [0x00000007e0000000, 0x0000000800000000)
  region size 1024K, 0 young (0K), 0 survivors (0K)
 Metaspace       used 4041K, capacity 6554K, committed 6784K, reserved 1056768K
  class space    used 337K, capacity 612K, committed 640K, reserved 1048576K
}
Event: 530.009 GC heap before
{Heap before GC invocations=135 (full 135):
 garbage-first heap   total 14336K, used 2770K [0x00000007e0000000, 0x0000000800000000)
  region size 1024K, 1 young (1024K), 0 survivors (0K)
 Metaspace       used 4042K, capacity 6554K, committed 6784K, reserved 1056768K
  class space    used 337K, capacity 612K, committed 640K, reserved 1048576K
}
Event: 530.021 GC heap after
{Heap after GC invocations=136 (full 136):
 garbage-first heap   total 14336K, used 2591K [0x00000007e0000000, 0x0000000800000000)
  region size 1024K, 0 young (0K), 0 survivors (0K)
 Metaspace       used 4042K, capacity 6554K, committed 6784K, reserved 1056768K
  class space    used 337K, capacity 612K, committed 640K, reserved 1048576K
}

Deoptimization events (20 events):
Event: 135.935 Thread 0x00007fb6eb03a800 Uncommon trap: trap_request=0xffffffbe fr.pc=0x0000000128e7cc18 relative=0x00000000000020b8
Event: 135.935 Thread 0x00007fb6eb03a800 Uncommon trap: reason=profile_predicate action=maybe_recompile pc=0x0000000128e7cc18 method=org.postgresql.core.Parser.parseJdbcSql(Ljava/lang/String;ZZZZ[Ljava/lang/String;)Ljava/util/List; @ 128 c2
Event: 135.935 Thread 0x00007fb6eb03a800 DEOPT PACKING pc=0x0000000128e7cc18 sp=0x00007ffee26855f0
Event: 135.935 Thread 0x00007fb6eb03a800 DEOPT UNPACKING pc=0x0000000121389e25 sp=0x00007ffee2685628 mode 2
Event: 137.038 Thread 0x00007fb6eb03a800 Uncommon trap: trap_request=0xffffffbe fr.pc=0x0000000128e8489c relative=0x000000000000149c
Event: 137.038 Thread 0x00007fb6eb03a800 Uncommon trap: reason=profile_predicate action=maybe_recompile pc=0x0000000128e8489c method=org.postgresql.core.Parser.parseSql([CILjava/lang/StringBuilder;ZZ)I @ 20 c2
Event: 137.038 Thread 0x00007fb6eb03a800 DEOPT PACKING pc=0x0000000128e8489c sp=0x00007ffee2687a50
Event: 137.038 Thread 0x00007fb6eb03a800 DEOPT UNPACKING pc=0x0000000121389e25 sp=0x00007ffee2687a48 mode 2
Event: 137.038 Thread 0x00007fb6eb03a800 Uncommon trap: trap_request=0xffffffbe fr.pc=0x0000000128e7cc18 relative=0x00000000000020b8
Event: 137.038 Thread 0x00007fb6eb03a800 Uncommon trap: reason=profile_predicate action=maybe_recompile pc=0x0000000128e7cc18 method=org.postgresql.core.Parser.parseJdbcSql(Ljava/lang/String;ZZZZ[Ljava/lang/String;)Ljava/util/List; @ 128 c2
Event: 137.038 Thread 0x00007fb6eb03a800 DEOPT PACKING pc=0x0000000128e7cc18 sp=0x00007ffee2687a00
Event: 137.038 Thread 0x00007fb6eb03a800 DEOPT UNPACKING pc=0x0000000121389e25 sp=0x00007ffee2687a38 mode 2
Event: 453.027 Thread 0x00007fb6eb03a800 Uncommon trap: trap_request=0xffffff45 fr.pc=0x0000000128e95160 relative=0x0000000000000340
Event: 453.027 Thread 0x00007fb6eb03a800 Uncommon trap: reason=unstable_if action=reinterpret pc=0x0000000128e95160 method=java.io.BufferedOutputStream.write([BII)V @ 35 c2
Event: 453.027 Thread 0x00007fb6eb03a800 DEOPT PACKING pc=0x0000000128e95160 sp=0x00007ffee268acf0
Event: 453.027 Thread 0x00007fb6eb03a800 DEOPT UNPACKING pc=0x0000000121389e25 sp=0x00007ffee268ac30 mode 2
Event: 453.028 Thread 0x00007fb6eb03a800 Uncommon trap: trap_request=0xffffff45 fr.pc=0x0000000128e58e74 relative=0x0000000000000174
Event: 453.028 Thread 0x00007fb6eb03a800 Uncommon trap: reason=unstable_if action=reinterpret pc=0x0000000128e58e74 method=java.lang.StringCoding.hasNegatives([BII)Z @ 12 c2
Event: 453.028 Thread 0x00007fb6eb03a800 DEOPT PACKING pc=0x0000000128e58e74 sp=0x00007ffee268aae0
Event: 453.028 Thread 0x00007fb6eb03a800 DEOPT UNPACKING pc=0x0000000121389e25 sp=0x00007ffee268aa90 mode 2

Classes unloaded (0 events):
No events

Classes redefined (0 events):
No events

Internal exceptions (1 events):
Event: 4.522 Thread 0x00007fb6eb03a800 Exception <a 'java/lang/NoSuchMethodError'{0x00000007e17e5960}: 'int java.lang.invoke.DirectMethodHandle$Holder.invokeSpecialIFC(java.lang.Object, java.lang.Object, int)'> (0x00000007e17e5960) 
thrown [/scratch/mesos/slaves/fcf4c0c4-d73e-4321-860c-6613427db92b-S1400/frameworks/1735e8a2-a1db-478c-8104-60c8b0af87dd-0196/executors/daacdadf-a1b9-40bc-9978-e61e217c02bb/runs/8ae9fce2-2d0e-4b1f-b6c6-d913bc747292/workspace/open/src/hotspot/share/interpreter/linkResolver.cpp, line 767]

Events (20 events):
Event: 146.146 Executing VM operation: G1CollectFull done
Event: 288.827 Executing VM operation: G1CollectFull
Event: 288.839 Executing VM operation: G1CollectFull done
Event: 288.865 Executing VM operation: G1CollectFull
Event: 288.876 Executing VM operation: G1CollectFull done
Event: 316.484 Executing VM operation: G1CollectFull
Event: 316.497 Executing VM operation: G1CollectFull done
Event: 316.530 Executing VM operation: G1CollectFull
Event: 316.541 Executing VM operation: G1CollectFull done
Event: 344.594 Executing VM operation: G1CollectFull
Event: 344.606 Executing VM operation: G1CollectFull done
Event: 453.024 loading class org/postgresql/core/v3/DescribeRequest
Event: 453.024 loading class org/postgresql/core/v3/DescribeRequest done
Event: 453.027 Executing VM operation: RevokeBias
Event: 453.027 Executing VM operation: RevokeBias done
Event: 528.837 Executing VM operation: G1CollectFull
Event: 528.849 Executing VM operation: G1CollectFull done
Event: 530.009 Executing VM operation: G1CollectFull
Event: 530.021 Executing VM operation: G1CollectFull done
Event: 530.021 Executing VM operation: BulkRevokeBias


Dynamic libraries:
0x000000010e1d6000 	/Library/Frameworks/R.framework/Resources/lib/libR.dylib
0x00007fff31808000 	/System/Library/Frameworks/AppKit.framework/Versions/C/AppKit
0x00007fff3260f000 	/System/Library/Frameworks/ApplicationServices.framework/Versions/A/ApplicationServices
0x00007fff341f2000 	/System/Library/Frameworks/CoreFoundation.framework/Versions/A/CoreFoundation
0x00007fff36477000 	/System/Library/Frameworks/Foundation.framework/Versions/C/Foundation
0x00007fff36b2f000 	/System/Library/Frameworks/IOKit.framework/Versions/A/IOKit
0x00007fff3f741000 	/System/Library/Frameworks/Security.framework/Versions/A/Security
0x00007fff5d3b5000 	/usr/lib/libbsm.0.dylib
0x00007fff5d18f000 	/usr/lib/libSystem.B.dylib
0x00007fff5f838000 	/usr/lib/libz.1.dylib
0x00007fff35449000 	/System/Library/Frameworks/CoreServices.framework/Versions/A/CoreServices
0x000000010e6c6000 	/Applications/RStudio.app/Contents/Frameworks/libssl.1.1.dylib
0x000000010e747000 	/Applications/RStudio.app/Contents/Frameworks/libcrypto.1.1.dylib
0x00007fff5d3d4000 	/usr/lib/libc++.1.dylib
0x00007fff34639000 	/System/Library/Frameworks/CoreGraphics.framework/Versions/A/CoreGraphics
0x00007fff35e21000 	/System/Library/Frameworks/CoreText.framework/Versions/A/CoreText
0x00007fff5e9c8000 	/usr/lib/libobjc.A.dylib
0x00007fff56c52000 	/System/Library/PrivateFrameworks/RemoteViewServices.framework/Versions/A/RemoteViewServices
0x00007fff5aecb000 	/System/Library/PrivateFrameworks/UIFoundation.framework/Versions/A/UIFoundation
0x00007fff5c5b0000 	/System/Library/PrivateFrameworks/XCTTargetBootstrap.framework/Versions/A/XCTTargetBootstrap
0x00007fff34101000 	/System/Library/Frameworks/CoreDisplay.framework/Versions/A/CoreDisplay
0x00007fff5198a000 	/System/Library/PrivateFrameworks/IconServices.framework/Versions/A/IconServices
0x00007fff38dac000 	/System/Library/Frameworks/Metal.framework/Versions/A/Metal
0x00007fff48ece000 	/System/Library/PrivateFrameworks/DesktopServicesPriv.framework/Versions/A/DesktopServicesPriv
0x00007fff5dd2b000 	/usr/lib/libenergytrace.dylib
0x00007fff593b1000 	/System/Library/PrivateFrameworks/SkyLight.framework/Versions/A/SkyLight
0x00007fff305d4000 	/System/Library/Frameworks/Accelerate.framework/Versions/A/Accelerate
0x00007fff36bc0000 	/System/Library/Frameworks/IOSurface.framework/Versions/A/IOSurface
0x00007fff48d3a000 	/System/Library/PrivateFrameworks/DFRFoundation.framework/Versions/A/DFRFoundation
0x00007fff32af2000 	/System/Library/Frameworks/AudioToolbox.framework/Versions/A/AudioToolbox
0x00007fff32d6b000 	/System/Library/Frameworks/AudioUnit.framework/Versions/A/AudioUnit
0x00007fff33d7b000 	/System/Library/Frameworks/CoreData.framework/Versions/A/CoreData
0x00007fff48dcf000 	/System/Library/PrivateFrameworks/DataDetectorsCore.framework/Versions/A/DataDetectorsCore
0x00007fff33480000 	/System/Library/Frameworks/Carbon.framework/Versions/A/Frameworks/HIToolbox.framework/Versions/A/HIToolbox
0x00007fff5de84000 	/usr/lib/libicucore.A.dylib
0x00007fff3ecb4000 	/System/Library/Frameworks/QuartzCore.framework/Versions/A/QuartzCore
0x00007fff33855000 	/System/Library/Frameworks/Carbon.framework/Versions/A/Frameworks/SpeechRecognition.framework/Versions/A/SpeechRecognition
0x00007fff5d2e3000 	/usr/lib/libauto.dylib
0x00007fff5f72b000 	/usr/lib/libxml2.2.dylib
0x00007fff48915000 	/System/Library/PrivateFrameworks/CoreUI.framework/Versions/A/CoreUI
0x00007fff33c66000 	/System/Library/Frameworks/CoreAudio.framework/Versions/A/CoreAudio
0x00007fff362ab000 	/System/Library/Frameworks/DiskArbitration.framework/Versions/A/DiskArbitration
0x00007fff5e132000 	/usr/lib/liblangid.dylib
0x00007fff52d96000 	/System/Library/PrivateFrameworks/MultitouchSupport.framework/Versions/A/MultitouchSupport
0x00007fff5cd4f000 	/usr/lib/libDiagnosticMessagesClient.dylib
0x00007fff54a51000 	/System/Library/PrivateFrameworks/PerformanceAnalysis.framework/Versions/A/PerformanceAnalysis
0x00007fff3de9b000 	/System/Library/Frameworks/OpenGL.framework/Versions/A/OpenGL
0x00007fff3398b000 	/System/Library/Frameworks/ColorSync.framework/Versions/A/ColorSync
0x00007fff34ccb000 	/System/Library/Frameworks/CoreImage.framework/Versions/A/CoreImage
0x00007fff36c23000 	/System/Library/Frameworks/ImageIO.framework/Versions/A/ImageIO
0x00007fff44f65000 	/System/Library/PrivateFrameworks/Backup.framework/Versions/A/Backup
0x00007fff5d236000 	/usr/lib/libarchive.2.dylib
0x00007fff330c4000 	/System/Library/Frameworks/CFNetwork.framework/Versions/A/CFNetwork
0x00007fff3fe9d000 	/System/Library/Frameworks/SystemConfiguration.framework/Versions/A/SystemConfiguration
0x00007fff5cc80000 	/usr/lib/libCRFSuite.dylib
0x00007fff5d428000 	/usr/lib/libc++abi.dylib
0x00007fff6002e000 	/usr/lib/system/libcache.dylib
0x00007fff60033000 	/usr/lib/system/libcommonCrypto.dylib
0x00007fff6003e000 	/usr/lib/system/libcompiler_rt.dylib
0x00007fff60046000 	/usr/lib/system/libcopyfile.dylib
0x00007fff60050000 	/usr/lib/system/libcorecrypto.dylib
0x00007fff6015b000 	/usr/lib/system/libdispatch.dylib
0x00007fff60195000 	/usr/lib/system/libdyld.dylib
0x00007fff601c2000 	/usr/lib/system/libkeymgr.dylib
0x00007fff601d0000 	/usr/lib/system/liblaunch.dylib
0x00007fff601d1000 	/usr/lib/system/libmacho.dylib
0x00007fff601d7000 	/usr/lib/system/libquarantine.dylib
0x00007fff601da000 	/usr/lib/system/libremovefile.dylib
0x00007fff601dc000 	/usr/lib/system/libsystem_asl.dylib
0x00007fff601f4000 	/usr/lib/system/libsystem_blocks.dylib
0x00007fff601f5000 	/usr/lib/system/libsystem_c.dylib
0x00007fff6027d000 	/usr/lib/system/libsystem_configuration.dylib
0x00007fff60281000 	/usr/lib/system/libsystem_coreservices.dylib
0x00007fff60285000 	/usr/lib/system/libsystem_darwin.dylib
0x00007fff6028c000 	/usr/lib/system/libsystem_dnssd.dylib
0x00007fff60293000 	/usr/lib/system/libsystem_info.dylib
0x00007fff60308000 	/usr/lib/system/libsystem_m.dylib
0x00007fff60354000 	/usr/lib/system/libsystem_malloc.dylib
0x00007fff6037f000 	/usr/lib/system/libsystem_networkextension.dylib
0x00007fff6038a000 	/usr/lib/system/libsystem_notify.dylib
0x00007fff603a7000 	/usr/lib/system/libsystem_sandbox.dylib
0x00007fff603ab000 	/usr/lib/system/libsystem_secinit.dylib
0x00007fff602df000 	/usr/lib/system/libsystem_kernel.dylib
0x00007fff60392000 	/usr/lib/system/libsystem_platform.dylib
0x00007fff6039c000 	/usr/lib/system/libsystem_pthread.dylib
0x00007fff603ae000 	/usr/lib/system/libsystem_symptoms.dylib
0x00007fff603b6000 	/usr/lib/system/libsystem_trace.dylib
0x00007fff603cd000 	/usr/lib/system/libunwind.dylib
0x00007fff603d3000 	/usr/lib/system/libxpc.dylib
0x00007fff601c3000 	/usr/lib/system/libkxld.dylib
0x00007fff44356000 	/System/Library/PrivateFrameworks/AppleFSCompression.framework/Versions/A/AppleFSCompression
0x00007fff5d04f000 	/usr/lib/libOpenScriptingUtil.dylib
0x00007fff5d6dd000 	/usr/lib/libcoretls.dylib
0x00007fff5d6f4000 	/usr/lib/libcoretls_cfhelpers.dylib
0x00007fff5f15f000 	/usr/lib/libpam.2.dylib
0x00007fff5f31f000 	/usr/lib/libsqlite3.dylib
0x00007fff5f719000 	/usr/lib/libxar.1.dylib
0x00007fff5d3c6000 	/usr/lib/libbz2.1.0.dylib
0x00007fff5e134000 	/usr/lib/liblzma.5.dylib
0x00007fff5e5e5000 	/usr/lib/libnetwork.dylib
0x00007fff5d21f000 	/usr/lib/libapple_nghttp2.dylib
0x00007fff5f166000 	/usr/lib/libpcap.A.dylib
0x00007fff357e8000 	/System/Library/Frameworks/CoreServices.framework/Versions/A/Frameworks/FSEvents.framework/Versions/A/FSEvents
0x00007fff354c7000 	/System/Library/Frameworks/CoreServices.framework/Versions/A/Frameworks/CarbonCore.framework/Versions/A/CarbonCore
0x00007fff359a3000 	/System/Library/Frameworks/CoreServices.framework/Versions/A/Frameworks/Metadata.framework/Versions/A/Metadata
0x00007fff35a42000 	/System/Library/Frameworks/CoreServices.framework/Versions/A/Frameworks/OSServices.framework/Versions/A/OSServices
0x00007fff35a8d000 	/System/Library/Frameworks/CoreServices.framework/Versions/A/Frameworks/SearchKit.framework/Versions/A/SearchKit
0x00007fff3544a000 	/System/Library/Frameworks/CoreServices.framework/Versions/A/Frameworks/AE.framework/Versions/A/AE
0x00007fff357f1000 	/System/Library/Frameworks/CoreServices.framework/Versions/A/Frameworks/LaunchServices.framework/Versions/A/LaunchServices
0x00007fff3579f000 	/System/Library/Frameworks/CoreServices.framework/Versions/A/Frameworks/DictionaryServices.framework/Versions/A/DictionaryServices
0x00007fff35af5000 	/System/Library/Frameworks/CoreServices.framework/Versions/A/Frameworks/SharedFileList.framework/Versions/A/SharedFileList
0x00007fff39e76000 	/System/Library/Frameworks/NetFS.framework/Versions/A/NetFS
0x00007fff52ffc000 	/System/Library/PrivateFrameworks/NetAuth.framework/Versions/A/NetAuth
0x00007fff5c9b4000 	/System/Library/PrivateFrameworks/login.framework/Versions/A/Frameworks/loginsupport.framework/Versions/A/loginsupport
0x00007fff5aad4000 	/System/Library/PrivateFrameworks/TCC.framework/Versions/A/TCC
0x00007fff47f72000 	/System/Library/PrivateFrameworks/CoreNLP.framework/Versions/A/CoreNLP
0x00007fff52a91000 	/System/Library/PrivateFrameworks/MetadataUtilities.framework/Versions/A/MetadataUtilities
0x00007fff5e209000 	/usr/lib/libmecabra.dylib
0x00007fff32610000 	/System/Library/Frameworks/ApplicationServices.framework/Versions/A/Frameworks/ATS.framework/Versions/A/ATS
0x00007fff3295f000 	/System/Library/Frameworks/ApplicationServices.framework/Versions/A/Frameworks/ColorSyncLegacy.framework/Versions/A/ColorSyncLegacy
0x00007fff329fe000 	/System/Library/Frameworks/ApplicationServices.framework/Versions/A/Frameworks/HIServices.framework/Versions/A/HIServices
0x00007fff32a51000 	/System/Library/Frameworks/ApplicationServices.framework/Versions/A/Frameworks/LangAnalysis.framework/Versions/A/LangAnalysis
0x00007fff32a61000 	/System/Library/Frameworks/ApplicationServices.framework/Versions/A/Frameworks/PrintCore.framework/Versions/A/PrintCore
0x00007fff32aab000 	/System/Library/Frameworks/ApplicationServices.framework/Versions/A/Frameworks/QD.framework/Versions/A/QD
0x00007fff32ae5000 	/System/Library/Frameworks/ApplicationServices.framework/Versions/A/Frameworks/SpeechSynthesis.framework/Versions/A/SpeechSynthesis
0x00007fff5d450000 	/usr/lib/libcompression.dylib
0x00007fff3907c000 	/System/Library/Frameworks/MetalPerformanceShaders.framework/Versions/A/MetalPerformanceShaders
0x00007fff305ec000 	/System/Library/Frameworks/Accelerate.framework/Versions/A/Frameworks/vImage.framework/Versions/A/vImage
0x00007fff31666000 	/System/Library/Frameworks/Accelerate.framework/Versions/A/Frameworks/vecLib.framework/Versions/A/vecLib
0x00007fff315b2000 	/System/Library/Frameworks/Accelerate.framework/Versions/A/Frameworks/vecLib.framework/Versions/A/libvMisc.dylib
0x00007fff313ca000 	/System/Library/Frameworks/Accelerate.framework/Versions/A/Frameworks/vecLib.framework/Versions/A/libvDSP.dylib
0x00007fff30c86000 	/System/Library/Frameworks/Accelerate.framework/Versions/A/Frameworks/vecLib.framework/Versions/A/libBLAS.dylib
0x00007fff30f73000 	/System/Library/Frameworks/Accelerate.framework/Versions/A/Frameworks/vecLib.framework/Versions/A/libLAPACK.dylib
0x00007fff3131d000 	/System/Library/Frameworks/Accelerate.framework/Versions/A/Frameworks/vecLib.framework/Versions/A/libLinearAlgebra.dylib
0x00007fff313b6000 	/System/Library/Frameworks/Accelerate.framework/Versions/A/Frameworks/vecLib.framework/Versions/A/libSparseBLAS.dylib
0x00007fff31333000 	/System/Library/Frameworks/Accelerate.framework/Versions/A/Frameworks/vecLib.framework/Versions/A/libQuadrature.dylib
0x00007fff30f00000 	/System/Library/Frameworks/Accelerate.framework/Versions/A/Frameworks/vecLib.framework/Versions/A/libBNNS.dylib
0x00007fff31339000 	/System/Library/Frameworks/Accelerate.framework/Versions/A/Frameworks/vecLib.framework/Versions/A/libSparse.dylib
0x00007fff4f2c0000 	/System/Library/PrivateFrameworks/GPUWrangler.framework/Versions/A/GPUWrangler
0x00007fff515bf000 	/System/Library/PrivateFrameworks/IOAccelerator.framework/Versions/A/IOAccelerator
0x00007fff515ca000 	/System/Library/PrivateFrameworks/IOPresentment.framework/Versions/A/IOPresentment
0x00007fff48d4a000 	/System/Library/PrivateFrameworks/DSExternalDisplay.framework/Versions/A/DSExternalDisplay
0x00007fff3d2f2000 	/System/Library/Frameworks/OpenGL.framework/Versions/A/Libraries/libCoreFSCache.dylib
0x00007fff38e70000 	/System/Library/Frameworks/MetalPerformanceShaders.framework/Frameworks/MPSCore.framework/Versions/A/MPSCore
0x00007fff38e90000 	/System/Library/Frameworks/MetalPerformanceShaders.framework/Frameworks/MPSImage.framework/Versions/A/MPSImage
0x00007fff38f35000 	/System/Library/Frameworks/MetalPerformanceShaders.framework/Frameworks/MPSNeuralNetwork.framework/Versions/A/MPSNeuralNetwork
0x00007fff38f0d000 	/System/Library/Frameworks/MetalPerformanceShaders.framework/Frameworks/MPSMatrix.framework/Versions/A/MPSMatrix
0x00007fff39061000 	/System/Library/Frameworks/MetalPerformanceShaders.framework/Frameworks/MPSRayIntersector.framework/Versions/A/MPSRayIntersector
0x00007fff52aba000 	/System/Library/PrivateFrameworks/MetalTools.framework/Versions/A/MetalTools
0x00007fff43c00000 	/System/Library/PrivateFrameworks/AggregateDictionary.framework/Versions/A/AggregateDictionary
0x00007fff5d02f000 	/usr/lib/libMobileGestalt.dylib
0x00007fff35f84000 	/System/Library/Frameworks/CoreVideo.framework/Versions/A/CoreVideo
0x00007fff500d1000 	/System/Library/PrivateFrameworks/GraphVisualizer.framework/Versions/A/GraphVisualizer
0x00007fff49f50000 	/System/Library/PrivateFrameworks/FaceCore.framework/Versions/A/FaceCore
0x00007fff3c920000 	/System/Library/Frameworks/OpenCL.framework/Versions/A/OpenCL
0x00007fff5cd87000 	/usr/lib/libFosl_dynamic.dylib
0x00007fff53867000 	/System/Library/PrivateFrameworks/OTSVG.framework/Versions/A/OTSVG
0x00007fff32714000 	/System/Library/Frameworks/ApplicationServices.framework/Versions/A/Frameworks/ATS.framework/Versions/A/Resources/libFontParser.dylib
0x00007fff3282c000 	/System/Library/Frameworks/ApplicationServices.framework/Versions/A/Frameworks/ATS.framework/Versions/A/Resources/libFontRegistry.dylib
0x00007fff36e92000 	/System/Library/Frameworks/ImageIO.framework/Versions/A/Resources/libJPEG.dylib
0x00007fff371b7000 	/System/Library/Frameworks/ImageIO.framework/Versions/A/Resources/libTIFF.dylib
0x00007fff3718d000 	/System/Library/Frameworks/ImageIO.framework/Versions/A/Resources/libPng.dylib
0x00007fff36db0000 	/System/Library/Frameworks/ImageIO.framework/Versions/A/Resources/libGIF.dylib
0x00007fff36db5000 	/System/Library/Frameworks/ImageIO.framework/Versions/A/Resources/libJP2.dylib
0x00007fff371b4000 	/System/Library/Frameworks/ImageIO.framework/Versions/A/Resources/libRadiance.dylib
0x00007fff444ad000 	/System/Library/PrivateFrameworks/AppleJPEG.framework/Versions/A/AppleJPEG
0x00007fff3d2fd000 	/System/Library/Frameworks/OpenGL.framework/Versions/A/Libraries/libGFXShared.dylib
0x00007fff3d4c0000 	/System/Library/Frameworks/OpenGL.framework/Versions/A/Libraries/libGLU.dylib
0x00007fff3d306000 	/System/Library/Frameworks/OpenGL.framework/Versions/A/Libraries/libGL.dylib
0x00007fff3d312000 	/System/Library/Frameworks/OpenGL.framework/Versions/A/Libraries/libGLImage.dylib
0x00007fff3d2ef000 	/System/Library/Frameworks/OpenGL.framework/Versions/A/Libraries/libCVMSPluginSupport.dylib
0x00007fff3d2f8000 	/System/Library/Frameworks/OpenGL.framework/Versions/A/Libraries/libCoreVMClient.dylib
0x00007fff5dba1000 	/usr/lib/libcups.2.dylib
0x00007fff38377000 	/System/Library/Frameworks/Kerberos.framework/Versions/A/Kerberos
0x00007fff36893000 	/System/Library/Frameworks/GSS.framework/Versions/A/GSS
0x00007fff5f2b4000 	/usr/lib/libresolv.9.dylib
0x00007fff5dd93000 	/usr/lib/libiconv.2.dylib
0x00007fff50246000 	/System/Library/PrivateFrameworks/Heimdal.framework/Versions/A/Heimdal
0x00007fff5dd63000 	/usr/lib/libheimdal-asn1.dylib
0x00007fff3c994000 	/System/Library/Frameworks/OpenDirectory.framework/Versions/A/OpenDirectory
0x00007fff46cd5000 	/System/Library/PrivateFrameworks/CommonAuth.framework/Versions/A/CommonAuth
0x00007fff3c978000 	/System/Library/Frameworks/OpenDirectory.framework/Versions/A/Frameworks/CFOpenDirectory.framework/Versions/A/CFOpenDirectory
0x00007fff3fa42000 	/System/Library/Frameworks/SecurityFoundation.framework/Versions/A/SecurityFoundation
0x00007fff43146000 	/System/Library/PrivateFrameworks/APFS.framework/Versions/A/APFS
0x00007fff5f715000 	/usr/lib/libutil.dylib
0x00007fff5d43e000 	/usr/lib/libcharset.1.dylib
0x00007fff4474a000 	/System/Library/PrivateFrameworks/AppleSauce.framework/Versions/A/AppleSauce
0x00007fff448cb000 	/System/Library/PrivateFrameworks/AssertionServices.framework/Versions/A/AssertionServices
0x00007fff44ffb000 	/System/Library/PrivateFrameworks/BaseBoard.framework/Versions/A/BaseBoard
0x00007fff5e164000 	/usr/lib/libmecab.1.0.0.dylib
0x00007fff5dd5d000 	/usr/lib/libgermantok.dylib
0x00007fff5d20c000 	/usr/lib/libThaiTokenizer.dylib
0x00007fff5ccb7000 	/usr/lib/libChineseTokenizer.dylib
0x00007fff51c77000 	/System/Library/PrivateFrameworks/LanguageModeling.framework/Versions/A/LanguageModeling
0x00007fff479b7000 	/System/Library/PrivateFrameworks/CoreEmoji.framework/Versions/A/CoreEmoji
0x00007fff51d53000 	/System/Library/PrivateFrameworks/Lexicon.framework/Versions/A/Lexicon
0x00007fff51d96000 	/System/Library/PrivateFrameworks/LinguisticData.framework/Versions/A/LinguisticData
0x00007fff5d43f000 	/usr/lib/libcmph.dylib
0x00007fff3fb00000 	/System/Library/Frameworks/ServiceManagement.framework/Versions/A/ServiceManagement
0x00007fff44f5c000 	/System/Library/PrivateFrameworks/BackgroundTaskManagement.framework/Versions/A/BackgroundTaskManagement
0x00007fff5f80f000 	/usr/lib/libxslt.1.dylib
0x00007fff33782000 	/System/Library/Frameworks/Carbon.framework/Versions/A/Frameworks/Ink.framework/Versions/A/Ink
0x00007fff5ad46000 	/System/Library/PrivateFrameworks/TextureIO.framework/Versions/A/TextureIO
0x00007fff5d260000 	/usr/lib/libate.dylib
0x00007fff48c99000 	/System/Library/PrivateFrameworks/CrashReporterSupport.framework/Versions/A/CrashReporterSupport
0x00007fff5847e000 	/System/Library/PrivateFrameworks/Sharing.framework/Versions/A/Sharing
0x00007fff44cae000 	/System/Library/PrivateFrameworks/AuthKit.framework/Versions/A/AuthKit
0x00007fff44202000 	/System/Library/PrivateFrameworks/Apple80211.framework/Versions/A/Apple80211
0x00007fff48a41000 	/System/Library/PrivateFrameworks/CoreUtils.framework/Versions/A/CoreUtils
0x00007fff35fc5000 	/System/Library/Frameworks/CoreWLAN.framework/Versions/A/CoreWLAN
0x00007fff369c2000 	/System/Library/Frameworks/IOBluetooth.framework/Versions/A/IOBluetooth
0x00007fff568f2000 	/System/Library/PrivateFrameworks/ProtocolBuffer.framework/Versions/A/ProtocolBuffer
0x00007fff52cf2000 	/System/Library/PrivateFrameworks/MobileKeyBag.framework/Versions/A/MobileKeyBag
0x00007fff48285000 	/System/Library/PrivateFrameworks/CorePhoneNumbers.framework/Versions/A/CorePhoneNumbers
0x00007fff44461000 	/System/Library/PrivateFrameworks/AppleIDAuthSupport.framework/Versions/A/AppleIDAuthSupport
0x00007fff51c4a000 	/System/Library/PrivateFrameworks/KeychainCircle.framework/Versions/A/KeychainCircle
0x00007fff56aa8000 	/System/Library/PrivateFrameworks/ROCKit.framework/Versions/A/ROCKit
0x00007fff48c35000 	/System/Library/PrivateFrameworks/CoreWiFi.framework/Versions/A/CoreWiFi
0x00007fff33d50000 	/System/Library/Frameworks/CoreBluetooth.framework/Versions/A/CoreBluetooth
0x00007fff48e90000 	/System/Library/PrivateFrameworks/DebugSymbols.framework/Versions/A/DebugSymbols
0x00007fff48801000 	/System/Library/PrivateFrameworks/CoreSymbolication.framework/Versions/A/CoreSymbolication
0x00007fff5a561000 	/System/Library/PrivateFrameworks/Symbolication.framework/Versions/A/Symbolication
0x00007fff59e04000 	/System/Library/PrivateFrameworks/SpeechRecognitionCore.framework/Versions/A/SpeechRecognitionCore
0x000000010e97b000 	/Library/Frameworks/R.framework/Versions/4.0/Resources/lib/libRblas.dylib
0x000000010ec9f000 	/Library/Frameworks/R.framework/Versions/4.0/Resources/lib/libgfortran.5.dylib
0x000000010e9ad000 	/Library/Frameworks/R.framework/Versions/4.0/Resources/lib/libquadmath.0.dylib
0x00007fff5e412000 	/usr/lib/libncurses.5.4.dylib
0x000000010e9f9000 	/Library/Frameworks/R.framework/Versions/4.0/Resources/lib/libgcc_s.1.dylib
0x0000000110dfd000 	/Library/Frameworks/R.framework/Versions/4.0/Resources/library/methods/libs/methods.so
0x0000000110d48000 	/Library/Frameworks/R.framework/Versions/4.0/Resources/library/grDevices/libs/grDevices.so
0x0000000110f4c000 	/Library/Frameworks/R.framework/Versions/4.0/Resources/library/graphics/libs/graphics.so
0x00000001115bc000 	/Library/Frameworks/R.framework/Versions/4.0/Resources/library/utils/libs/utils.so
0x00000001115cf000 	/Library/Frameworks/R.framework/Versions/4.0/Resources/library/stats/libs/stats.so
0x0000000111696000 	/Library/Frameworks/R.framework/Versions/4.0/Resources/lib/libRlapack.dylib
0x0000000110deb000 	/Library/Frameworks/R.framework/Versions/4.0/Resources/library/fansi/libs/fansi.so
0x000000010ebc4000 	/Library/Frameworks/R.framework/Versions/4.0/Resources/library/glue/libs/glue.so
0x00000001118d7000 	/Library/Frameworks/R.framework/Versions/4.0/Resources/library/tools/libs/tools.so
0x0000000111963000 	/Library/Frameworks/R.framework/Versions/4.0/Resources/library/rlang/libs/rlang.so
0x000000010ebc9000 	/Library/Frameworks/R.framework/Versions/4.0/Resources/library/ellipsis/libs/ellipsis.so
0x000000011198f000 	/Library/Frameworks/R.framework/Versions/4.0/Resources/library/digest/libs/digest.so
0x00000001119f2000 	/Library/Frameworks/R.framework/Versions/4.0/Resources/library/processx/libs/processx.so
0x0000000111a04000 	/Library/Frameworks/R.framework/Versions/4.0/Resources/library/ps/libs/ps.so
0x000000010ebcd000 	/Library/Frameworks/R.framework/Versions/4.0/Resources/library/pkgload/libs/pkgload.so
0x0000000110f95000 	/Library/Frameworks/R.framework/Versions/4.0/Resources/library/backports/libs/backports.so
0x0000000111bf0000 	/Library/Frameworks/R.framework/Versions/4.0/Resources/library/testthat/libs/testthat.so
0x0000000111ce5000 	/Library/Frameworks/R.framework/Versions/4.0/Resources/library/fs/libs/fs.so
0x0000000111d4b000 	/Library/Frameworks/R.framework/Versions/4.0/Resources/library/curl/libs/curl.so
0x00007fff5dc20000 	/usr/lib/libcurl.4.dylib
0x00007fff5da8d000 	/usr/lib/libcrypto.42.dylib
0x00007fff5f5c0000 	/usr/lib/libssl.44.dylib
0x00007fff38391000 	/System/Library/Frameworks/LDAP.framework/Versions/A/LDAP
0x00007fff5aec4000 	/System/Library/PrivateFrameworks/TrustEvaluationAgent.framework/Versions/A/TrustEvaluationAgent
0x00007fff5f30a000 	/usr/lib/libsasl2.2.dylib
0x00007fff477b4000 	/System/Library/PrivateFrameworks/CoreDaemon.framework/Versions/B/CoreDaemon
0x00007fff44745000 	/System/Library/PrivateFrameworks/AppleSRP.framework/Versions/A/AppleSRP
0x0000000111dc1000 	/Library/Frameworks/R.framework/Versions/4.0/Resources/library/vctrs/libs/vctrs.so
0x0000000111e4a000 	/Library/Frameworks/R.framework/Versions/4.0/Resources/library/tibble/libs/tibble.so
0x0000000111e75000 	/Library/Frameworks/R.framework/Versions/4.0/Resources/library/purrr/libs/purrr.so
0x0000000111ef8000 	/Library/Frameworks/R.framework/Versions/4.0/Resources/library/dplyr/libs/dplyr.so
0x0000000111f06000 	/Library/Frameworks/R.framework/Versions/4.0/Resources/library/stringi/libs/stringi.so
0x0000000114094000 	/Library/Frameworks/R.framework/Versions/4.0/Resources/library/grid/libs/grid.so
0x0000000114124000 	/Library/Frameworks/R.framework/Versions/4.0/Resources/library/colorspace/libs/colorspace.so
0x00000001143f6000 	/Library/Frameworks/R.framework/Versions/4.0/Resources/library/jsonlite/libs/jsonlite.so
0x00000001144d8000 	/Library/Frameworks/R.framework/Versions/4.0/Resources/library/Rcpp/libs/Rcpp.so
0x00000001146b0000 	/Library/Frameworks/R.framework/Versions/4.0/Resources/library/magick/libs/magick.so
0x00007fff5dd2c000 	/usr/lib/libexpat.1.dylib
0x0000000111034000 	/Library/Frameworks/R.framework/Versions/4.0/Resources/library/lattice/libs/lattice.so
0x000000011103e000 	/Library/Frameworks/R.framework/Versions/4.0/Resources/library/hexbin/libs/hexbin.so
0x0000000116731000 	/Library/Frameworks/R.framework/Versions/4.0/Resources/library/sysfonts/libs/sysfonts.so
0x0000000116980000 	/Library/Frameworks/R.framework/Versions/4.0/Resources/library/showtext/libs/showtext.so
0x0000000116e91000 	/Library/Frameworks/R.framework/Versions/4.0/Resources/library/readr/libs/readr.so
0x0000000111068000 	/Library/Frameworks/R.framework/Versions/4.0/Resources/library/readr/rcon/librcon.so
0x0000000114159000 	/Library/Frameworks/R.framework/Versions/4.0/Resources/library/splines/libs/splines.so
0x0000000117206000 	/Library/Frameworks/R.framework/Versions/4.0/Resources/library/Matrix/libs/Matrix.so
0x0000000114444000 	/Library/Frameworks/R.framework/Versions/4.0/Resources/library/survival/libs/survival.so
0x000000011105e000 	/Library/Frameworks/R.framework/Versions/4.0/Resources/library/base64enc/libs/base64enc.so
0x0000000114640000 	/Library/Frameworks/R.framework/Versions/4.0/Resources/library/png/libs/png.so
0x0000000116643000 	/Library/Frameworks/R.framework/Versions/4.0/Resources/library/jpeg/libs/jpeg.so
0x0000000114570000 	/Library/Frameworks/R.framework/Versions/4.0/Resources/library/cluster/libs/cluster.so
0x00000001166bf000 	/Library/Frameworks/R.framework/Versions/4.0/Resources/library/foreign/libs/foreign.so
0x00000001110e9000 	/Library/Frameworks/R.framework/Versions/4.0/Resources/library/nnet/libs/nnet.so
0x00000001166e3000 	/Library/Frameworks/R.framework/Versions/4.0/Resources/library/rpart/libs/rpart.so
0x00000001118c4000 	/Library/Frameworks/R.framework/Versions/4.0/Resources/library/checkmate/libs/checkmate.so
0x000000011106c000 	/Library/Frameworks/R.framework/Versions/4.0/Resources/library/htmltools/libs/htmltools.so
0x00000001110f7000 	/Library/Frameworks/R.framework/Versions/4.0/Resources/library/xfun/libs/xfun.so
0x000000011770f000 	/Library/Frameworks/R.framework/Versions/4.0/Resources/library/data.table/libs/datatable.so
0x000000011459c000 	/Library/Frameworks/R.framework/Versions/4.0/Resources/library/Hmisc/libs/Hmisc.so
0x000000011778e000 	/Library/Frameworks/R.framework/Versions/4.0/Resources/library/gmp/libs/gmp.so
0x0000000117852000 	/Library/Frameworks/R.framework/Versions/4.0/Resources/library/lubridate/libs/lubridate.so
0x0000000117b82000 	/Library/Frameworks/R.framework/Versions/4.0/Resources/library/tidyr/libs/tidyr.so
0x0000000117c16000 	/Library/Frameworks/R.framework/Versions/4.0/Resources/library/utf8/libs/utf8.so
0x0000000118018000 	/Library/Java/JavaVirtualMachines/openjdk-13.0.1.jdk/Contents/Home/lib/server/libjvm.dylib
0x0000000117471000 	/Library/Frameworks/R.framework/Versions/4.0/Resources/library/rJava/libs/rJava.so
0x0000000117342000 	/Library/Java/JavaVirtualMachines/openjdk-13.0.1.jdk/Contents/Home/lib/libverify.dylib
0x0000000117812000 	/Library/Java/JavaVirtualMachines/openjdk-13.0.1.jdk/Contents/Home/lib/libjava.dylib
0x000000011426d000 	/Library/Java/JavaVirtualMachines/openjdk-13.0.1.jdk/Contents/Home/lib/libzip.dylib
0x00000001146a8000 	/Library/Java/JavaVirtualMachines/openjdk-13.0.1.jdk/Contents/Home/lib/libjimage.dylib
0x000000013643e000 	/Library/Developer/CommandLineTools/usr/lib/libclang.dylib
0x000000013ba01000 	/Library/Frameworks/R.framework/Resources/modules//internet.so
0x000000013bc3c000 	/Library/Frameworks/R.framework/Versions/4.0/Resources/library/haven/libs/haven.so
0x000000013bcc5000 	/Library/Frameworks/R.framework/Versions/4.0/Resources/library/readxl/libs/readxl.so
0x0000000116706000 	/Library/Frameworks/R.framework/Versions/4.0/Resources/library/xml2/libs/xml2.so
0x000000013bd33000 	/Library/Frameworks/R.framework/Versions/4.0/Resources/library/later/libs/later.so
0x000000013bd7b000 	/Library/Frameworks/R.framework/Versions/4.0/Resources/library/promises/libs/promises.so
0x000000013bd95000 	/Library/Frameworks/R.framework/Versions/4.0/Resources/library/httpuv/libs/httpuv.so
0x000000011458a000 	/Library/Frameworks/R.framework/Versions/4.0/Resources/library/mime/libs/mime.so
0x000000013bedf000 	/Library/Frameworks/R.framework/Versions/4.0/Resources/library/fastmap/libs/fastmap.so
0x000000013bf4d000 	/Library/Frameworks/R.framework/Versions/4.0/Resources/library/yaml/libs/yaml.so
0x000000013bf79000 	/Library/Frameworks/R.framework/Versions/4.0/Resources/library/RMySQL/libs/RMySQL.so
0x000000013c2d4000 	/Library/Frameworks/R.framework/Versions/4.0/Resources/library/qpdf/libs/qpdf.so
0x000000013c49d000 	/Library/Frameworks/R.framework/Versions/4.0/Resources/library/pdftools/libs/pdftools.so
0x000000013c8fa000 	/Library/Frameworks/R.framework/Versions/4.0/Resources/library/tesseract/libs/tesseract.so
0x00000001145a5000 	/Library/Frameworks/R.framework/Versions/4.0/Resources/library/rappdirs/libs/rappdirs.so
0x000000013cfaf000 	/Library/Frameworks/R.framework/Versions/4.0/Resources/library/zip/libs/zip.so
0x000000013cfcd000 	/Library/Frameworks/R.framework/Versions/4.0/Resources/library/openxlsx/libs/openxlsx.so
0x000000013d2ba000 	/Library/Java/JavaVirtualMachines/openjdk-13.0.1.jdk/Contents/Home/lib/libnio.dylib
0x000000013d2c8000 	/Library/Java/JavaVirtualMachines/openjdk-13.0.1.jdk/Contents/Home/lib/./libnet.dylib
0x0000000111065000 	/Library/Java/JavaVirtualMachines/openjdk-13.0.1.jdk/Contents/Home/lib/libextnet.dylib
0x000000013d38d000 	/Library/Frameworks/R.framework/Versions/4.0/Resources/library/triebeard/libs/triebeard.so
0x000000013d3e3000 	/Library/Frameworks/R.framework/Versions/4.0/Resources/library/urltools/libs/urltools.so


VM Arguments:
jvm_args: -Djava.awt.headless=true -Xmx512m -Xrs vfprintf exit -Xss2m 
java_command: <unknown>
java_class_path (initial): /Library/Frameworks/R.framework/Versions/4.0/Resources/library/rJava/java/boot
Launcher Type: generic

[Global flags]
     intx CICompilerCount                          = 4                                         {product} {ergonomic}
     uint ConcGCThreads                            = 2                                         {product} {ergonomic}
     uint G1ConcRefinementThreads                  = 8                                         {product} {ergonomic}
   size_t G1HeapRegionSize                         = 1048576                                   {product} {ergonomic}
    uintx GCDrainStackTargetSize                   = 64                                        {product} {ergonomic}
   size_t InitialHeapSize                          = 268435456                                 {product} {ergonomic}
   size_t MarkStackSize                            = 4194304                                   {product} {ergonomic}
   size_t MaxHeapSize                              = 536870912                                 {product} {command line}
   size_t MaxNewSize                               = 321912832                                 {product} {ergonomic}
   size_t MinHeapDeltaBytes                        = 1048576                                   {product} {ergonomic}
   size_t MinHeapSize                              = 8388608                                   {product} {ergonomic}
    uintx NonNMethodCodeHeapSize                   = 5836300                                {pd product} {ergonomic}
    uintx NonProfiledCodeHeapSize                  = 122910970                              {pd product} {ergonomic}
    uintx ProfiledCodeHeapSize                     = 122910970                              {pd product} {ergonomic}
     bool ReduceSignalUsage                        = true                                      {product} {command line}
    uintx ReservedCodeCacheSize                    = 251658240                              {pd product} {ergonomic}
     bool SegmentedCodeCache                       = true                                      {product} {ergonomic}
   size_t SoftMaxHeapSize                          = 536870912                              {manageable} {ergonomic}
     intx ThreadStackSize                          = 2048                                   {pd product} {command line}
     bool UseCompressedClassPointers               = true                                 {lp64_product} {ergonomic}
     bool UseCompressedOops                        = true                                 {lp64_product} {ergonomic}
     bool UseG1GC                                  = true                                      {product} {ergonomic}

Logging:
Log output configuration:
 #0: stdout all=warning uptime,level,tags
 #1: stderr all=off uptime,level,tags

Environment Variables:
PATH=/usr/bin:/bin:/usr/sbin:/sbin:/usr/local/bin:/opt/local/bin:/Applications/RStudio.app/Contents/MacOS/postback:/Applications/RStudio.app/Contents/MacOS/postback:/Applications/RStudio.app/Contents/MacOS/postback:/Applications/RStudio.app/Contents/MacOS/postback
LD_LIBRARY_PATH=
SHELL=/bin/bash
DISPLAY=:0
DYLD_LIBRARY_PATH=/Library/Java/JavaVirtualMachines/openjdk-13.0.1.jdk/Contents/Home/lib/server
DYLD_FALLBACK_LIBRARY_PATH=/Library/Frameworks/R.framework/Resources/lib:/Library/Frameworks/R.framework/Resources/lib:/Users/patelm9/lib:/usr/local/lib:/usr/lib:::/lib:/Library/Java/JavaVirtualMachines/jdk1.8.0_241.jdk/Contents/Home/jre/lib/server:::/Library/Frameworks/R.framework/Resources/lib:/Library/Java/JavaVirtualMachines/jdk1.8.0_241.jdk/Contents/Home/jre/lib/server

Signal Handlers:
SIGSEGV: [libjvm.dylib+0x781580], sa_mask[0]=11111111011111110111111111111111, sa_flags=SA_ONSTACK|SA_RESTART|SA_SIGINFO
SIGBUS: [libjvm.dylib+0x781580], sa_mask[0]=11111111011111110111111111111111, sa_flags=SA_RESTART|SA_SIGINFO
SIGFPE: [libjvm.dylib+0x781580], sa_mask[0]=11111111011111110111111111111111, sa_flags=SA_RESTART|SA_SIGINFO
SIGPIPE: SIG_IGN, sa_mask[0]=00000000000000000000000000000000, sa_flags=SA_RESTART
SIGXFSZ: [libjvm.dylib+0x627f85], sa_mask[0]=11111111011111110111111111111111, sa_flags=SA_RESTART|SA_SIGINFO
SIGILL: [libjvm.dylib+0x781580], sa_mask[0]=11111111011111110111111111111111, sa_flags=SA_RESTART|SA_SIGINFO
SIGUSR2: SIG_IGN, sa_mask[0]=00000000000000000000000000000000, sa_flags=none
SIGHUP: SIG_DFL, sa_mask[0]=00000000000000000000000000000000, sa_flags=none
SIGINT: [rsession+0x156130], sa_mask[0]=00000000000000000000000000000000, sa_flags=SA_RESTART
SIGTERM: SIG_DFL, sa_mask[0]=00000000000000000000000000000000, sa_flags=none
SIGQUIT: SIG_DFL, sa_mask[0]=00000000000000000000000000000000, sa_flags=none


---------------  S Y S T E M  ---------------

OS:uname:Darwin 18.7.0 Darwin Kernel Version 18.7.0: Thu Jun 18 20:50:10 PDT 2020; root:xnu-4903.278.43~1/RELEASE_X86_64 x86_64
rlimit: STACK 8192k, CORE 0k, NPROC 1418, NOFILE 12544, AS infinity, DATA infinity, FSIZE infinity
load average:2.46 2.36 2.34

CPU:total 8 (initial active 8) (4 cores per cpu, 2 threads per core) family 6 model 142 stepping 10, cmov, cx8, fxsr, mmx, sse, sse2, sse3, ssse3, sse4.1, sse4.2, popcnt, avx, avx2, aes, clmul, erms, 3dnowpref, lzcnt, ht, tsc, tscinvbit, bmi1, bmi2, adx, fma

Memory: 4k page, physical 16777216k(149224k free), swap 2097152k(1026816k free)

vm_info: OpenJDK 64-Bit Server VM (13.0.1+9) for bsd-amd64 JRE (13.0.1+9), built on Oct  6 2019 11:52:16 by "mach5one" with clang 4.2.1 Compatible Apple LLVM 10.0.0 (clang-1000.11.45.5)

END.
