#
# A fatal error has been detected by the Java Runtime Environment:
#
#  SIGBUS (0xa) at pc=0x0000000121411931, pid=69539, tid=775
#
# JRE version: Java(TM) SE Runtime Environment (14.0.2+12) (build 14.0.2+12-46)
# Java VM: Java HotSpot(TM) 64-Bit Server VM (14.0.2+12-46, mixed mode, sharing, tiered, compressed oops, g1 gc, bsd-amd64)
# Problematic frame:
# J 601 c2 java.lang.AbstractStringBuilder.append(C)Ljava/lang/AbstractStringBuilder; java.base@14.0.2 (77 bytes) @ 0x0000000121411931 [0x0000000121411700+0x0000000000000231]
#
# No core dump will be written. Core dumps have been disabled. To enable core dumping, try "ulimit -c unlimited" before starting Java again
#
# If you would like to submit a bug report, please visit:
#   https://bugreport.java.com/bugreport/crash.jsp
#

---------------  S U M M A R Y ------------

Command Line: -Djava.awt.headless=true -Xmx512m -Xrs vfprintf exit -Xss2m 

Host: MacBookPro14,1 x86_64 2300 MHz, 4 cores, 16G, Darwin 19.6.0
Time: Thu Sep 17 16:51:35 2020 EDT elapsed time: 122 seconds (0d 0h 2m 2s)

---------------  T H R E A D  ---------------

Current thread (0x00007fd658d7e000):  JavaThread "main" [_thread_in_Java, id=775, stack(0x00007ffeedf7a000,0x00007ffeee77a000)]

Stack: [0x00007ffeedf7a000,0x00007ffeee77a000],  sp=0x00007ffeee76b118,  free space=8132k
Native frames: (J=compiled Java code, A=aot compiled Java code, j=interpreted, Vv=VM code, C=native code)
J 601 c2 java.lang.AbstractStringBuilder.append(C)Ljava/lang/AbstractStringBuilder; java.base@14.0.2 (77 bytes) @ 0x0000000121411931 [0x0000000121411700+0x0000000000000231]

[error occurred during error reporting (printing native stack), id 0xb, SIGSEGV (0xb) at pc=0x000000010a44586f]


siginfo: si_signo: 10 (SIGBUS), si_code: 2 (BUS_ADRERR), si_addr: 0x000000012d3c8ba8

Register to memory mapping:

RAX=0x00000007e0c0fae8 is an oop: java.lang.StringBuffer 
{0x00000007e0c0fae8} - klass: 'java/lang/StringBuffer'
RBX=0x00000007e0c0fcd0 is an oop: [B 
{0x00000007e0c0fcd0} - klass: {type array byte}
 - length: 34
RCX=0x0 is NULL
RDX=0x0 is NULL
RSP=0x00007ffeee76b118 is pointing into the stack for thread: 0x00007fd658d7e000
RBP=0x00007ffeee76b328 is pointing into the stack for thread: 0x00007fd658d7e000
RSI=0x00000007e0c0fce8 is pointing into object: [B 
{0x00000007e0c0fcd0} - klass: {type array byte}
 - length: 34
RDI=0x00000007e0c0fb08 is an oop: [B 
{0x00000007e0c0fb08} - klass: {type array byte}
 - length: 16
R8 =0x00000007e0c0fae8 is an oop: java.lang.StringBuffer 
{0x00000007e0c0fae8} - klass: 'java/lang/StringBuffer'
R9 =0x0000000000000010 is an unknown value
R10=0x000000010af5d008 is an unknown value
R11=0x000000000000003a is an unknown value
R12=0x0 is NULL
R13=4229439386 is a compressed pointer to object: [B 
{0x00000007e0c0fcd0} - klass: {type array byte}
 - length: 34
R14=0x00000000000045bf is an unknown value
R15=0x00007fd658d7e000 is a thread


Registers:
RAX=0x00000007e0c0fae8, RBX=0x00000007e0c0fcd0, RCX=0x0000000000000000, RDX=0x0000000000000000
RSP=0x00007ffeee76b118, RBP=0x00007ffeee76b328, RSI=0x00000007e0c0fce8, RDI=0x00000007e0c0fb08
R8 =0x00000007e0c0fae8, R9 =0x0000000000000010, R10=0x000000010af5d008, R11=0x000000000000003a
R12=0x0000000000000000, R13=0x00000000fc181f9a, R14=0x00000000000045bf, R15=0x00007fd658d7e000
RIP=0x0000000121411931, EFLAGS=0x0000000000000202, ERR=0x00000000020000b8
  TRAPNO=0x0000000000000085

Top of Stack: (sp=0x00007ffeee76b118)
0x00007ffeee76b118:   0000000119fcfcec 00000007e00041d0
0x00007ffeee76b128:   00000007e001cb30 00000007e001d170
0x00007ffeee76b138:   00000001213ffcc3 00007ffeee76b328
0x00007ffeee76b148:   0000000119fe9564 000000000000002a
0x00007ffeee76b158:   00000000fcc4ab5b 00000007e00041d0
0x00007ffeee76b168:   000000010e9eb500 00007ffeee76b328
0x00007ffeee76b178:   0000000119fc080c 00000007e6220778
0x00007ffeee76b188:   00000007e62206c0 00000007e02721b8
0x00007ffeee76b198:   00000007e0c0fae8 000000000000000a
0x00007ffeee76b1a8:   00000007e0b94788 000000010e90d3d0
0x00007ffeee76b1b8:   00000007e0c0fae8 00000007e00041d0
0x00007ffeee76b1c8:   0000000000000000 00007ffeee76b328
0x00007ffeee76b1d8:   000000011a0054bc 00000000000000a0
0x00007ffeee76b1e8:   0000000000000005 0000000500000000
0x00007ffeee76b1f8:   0000000700000400 00000007e00041d0
0x00007ffeee76b208:   00000007e62206c0 00000007e0c0fac8
0x00007ffeee76b218:   00000007e0c0fae8 000000800000001b
0x00007ffeee76b228:   0000000000000000 00007ffeee76b328
0x00007ffeee76b238:   0000000119ff8b74 00000007e6255ac0
0x00007ffeee76b248:   0000000800096c48 00000007e0b90900
0x00007ffeee76b258:   0000000119926c40 00000000fcc4ab58
0x00007ffeee76b268:   0000000121413e1c 0000000800620647
0x00007ffeee76b278:   00007ffe000000d8 00000007e62206c0
0x00007ffeee76b288:   00000007e0c0fac8 00000007e0c0fae8
0x00007ffeee76b298:   00000007e00041d0 00007ffeee76b328
0x00007ffeee76b2a8:   0000000119926c40 00007ffeee76b328
0x00007ffeee76b2b8:   0000000119926c40 00000007e0c0fac8
0x00007ffeee76b2c8:   00000007e62206c0 00000000000010d8
0x00007ffeee76b2d8:   00000007e02e6278 00007ffeee76b2e0
0x00007ffeee76b2e8:   000000010e99e9cf 00007ffeee76b348
0x00007ffeee76b2f8:   000000010e99f250 0000000000000000
0x00007ffeee76b308:   00000007e621e660 000000010e99ea88 

Instructions: (pc=0x0000000121411931)
0x0000000121411831:   40 01 00 00 41 0f 0d 89 80 01 00 00 4c 8b cb 49
0x0000000121411841:   83 c1 10 49 c1 ea 03 4c 8b eb 49 c1 ed 03 85 ed
0x0000000121411851:   0f 84 8d 02 00 00 4b 8d 0c dc 4f 8d 5c dc 10 41
0x0000000121411861:   3b e8 0f 8c 11 01 00 00 48 83 c2 f0 48 c1 ea 03
0x0000000121411871:   49 8b fb 49 8b f1 c5 f8 77 49 ba c0 91 96 19 01
0x0000000121411881:   00 00 00 41 ff d2 41 80 7f 30 00 0f 85 44 01 00
0x0000000121411891:   00 4c 8b 54 24 28 45 89 6a 14 4c 8b d3 4c 8b 5c
0x00000001214118a1:   24 28 4d 33 d3 49 c1 ea 14 4d 85 d2 74 1a 49 c1
0x00000001214118b1:   eb 09 48 bf 00 d0 37 07 01 00 00 00 49 03 fb 80
0x00000001214118c1:   3f 08 0f 85 49 01 00 00 4c 8b 54 24 28 41 0f be
0x00000001214118d1:   4a 10 45 8b 4a 0c 4c 8b db 49 c1 eb 03 45 8b d1
0x00000001214118e1:   41 ff c2 85 c9 75 6e 8b 4c 24 08 c1 e9 08 85 c9
0x00000001214118f1:   75 42 4c 8b 44 24 28 45 89 50 0c 0f be 6c 24 08
0x0000000121411901:   47 8b 54 dc 0c 45 3b ca 0f 83 a1 01 00 00 4f 8d
0x0000000121411911:   14 dc 44 8b 5c 24 08 47 88 5c 0a 10 48 8b 44 24
0x0000000121411921:   28 c5 f8 77 48 83 c4 50 5d 4d 8b 97 10 01 00 00
0x0000000121411931:   41 85 02 c3 48 8b 74 24 28 48 8b ee 66 66 90 c5
0x0000000121411941:   f8 77 e8 b8 60 55 f8 44 8b 5d 14 44 8b 4d 0c 45
0x0000000121411951:   8b d1 41 ff c2 4c 8b 44 24 28 45 89 50 0c 49 8b
0x0000000121411961:   f3 48 c1 e6 03 41 8b d1 8b 4c 24 08 49 8b e8 c5
0x0000000121411971:   f8 77 e8 88 5a 55 f8 eb a3 48 63 d5 4c 8b c2 49
0x0000000121411981:   83 c0 10 49 8b c8 48 83 e1 f8 48 8b fb 48 03 f9
0x0000000121411991:   49 c1 e8 03 4d 2b d0 49 8b ca 48 33 c0 48 83 f9
0x00000001214119a1:   08 7f 10 48 ff c9 78 12 48 89 04 cf 48 ff c9 7d
0x00000001214119b1:   f7 eb 07 48 c1 e1 03 f3 48 aa 49 8b fb 49 8b f1
0x00000001214119c1:   c5 f8 77 49 ba 40 8d 96 19 01 00 00 00 41 ff d2
0x00000001214119d1:   e9 b1 fe ff ff 4c 8b 54 24 28 45 8b 5a 14 45 85
0x00000001214119e1:   db 0f 84 aa fe ff ff 4d 8b 57 38 49 8b fb 48 c1
0x00000001214119f1:   e7 03 4d 85 d2 0f 84 88 01 00 00 4d 8b 5f 48 4b
0x0000000121411a01:   89 7c 13 f8 49 83 c2 f8 4d 89 57 38 e9 80 fe ff
0x0000000121411a11:   ff 4d 8b 57 78 4d 8b 5f 68 f0 83 44 24 c0 00 80
0x0000000121411a21:   3f 00 74 2a c6 07 00 4d 85 db 74 0f 4b 89 7c 1a 


Stack slot to memory mapping:
stack at sp + 0 slots: 0x0000000119fcfcec is at entry_point+2092 in (nmethod*)0x0000000119fcf290
stack at sp + 1 slots: 0x00000007e00041d0 is an oop: org.postgresql.jdbc.PgResultSet 
{0x00000007e00041d0} - klass: 'org/postgresql/jdbc/PgResultSet'
stack at sp + 2 slots: 0x00000007e001cb30 is an oop: org.postgresql.jdbc.TimestampUtils 
{0x00000007e001cb30} - klass: 'org/postgresql/jdbc/TimestampUtils'
stack at sp + 3 slots: 0x00000007e001d170 is an oop: java.util.GregorianCalendar 
{0x00000007e001d170} - klass: 'java/util/GregorianCalendar'
stack at sp + 4 slots: 0x00000001213ffcc3 is at entry_point+259 in (nmethod*)0x00000001213ffa10
stack at sp + 5 slots: 0x00007ffeee76b328 is pointing into the stack for thread: 0x00007fd658d7e000
stack at sp + 6 slots: 0x0000000119fe9564 is at entry_point+1924 in (nmethod*)0x0000000119fe8a90
stack at sp + 7 slots: 0x000000000000002a is an unknown value

--------------------------------------------------------------------------------
[Constant Pool (empty)]

--------------------------------------------------------------------------------

[MachCode]
  0x0000000121411700: 448b 5608 | 49c1 e203 | 49bc 0000 | 0000 0800 | 0000 4d03 | d44d 33e4 | 493b c20f | 85df 6555 
  0x0000000121411720: f866 6690 | 0f1f 8400 | 0000 0000 | 6666 6690 | 8984 2400 | c0fe ff55 | 4883 ec50 | 8954 2408 
  0x0000000121411740: 4889 7424 | 2844 8b5e | 1443 8b5c | dc0c 0fbe | 4e10 448b | 4e0c 448b | c341 d3f8 | 418b f941 
  0x0000000121411760: 2bf8 458b | d141 ffc2 | ffc7 85ff | 0f8e 7201 | 0000 41d1 | e041 8bf8 | 412b f9ff | c785 ff7c 
  0x0000000121411780: 0641 83c0 | 02eb 0345 | 8bc2 bdf7 | ffff 7fd3 | fd45 85c0 | 0f8e ae03 | 0000 412b | e885 ed0f 
  0x00000001214117a0: 8cf7 0300 | 0041 d3e0 | 4181 f800 | 0010 000f | 8727 0300 | 004d 63d0 | 418b c83b | d98b e90f 
  0x00000001214117c0: 4ceb 3bdd | 0f82 4903 | 0000 3bcd | 0f82 4103 | 0000 4983 | c217 498b | d248 83e2 | f841 81f8 
  0x00000001214117e0: 0000 1000 | 0f87 7a02 | 0000 498b | 9f20 0100 | 004c 8bcb | 4c03 ca4d | 3b8f 3001 | 0000 0f83 
  0x0000000121411800: 6002 0000 | 4d89 8f20 | 0100 0041 | 0f0d 89c0 | 0000 0048 | c703 0100 | 0000 410f | 0d89 0001 
  0x0000000121411820: 0000 c743 | 086c 1307 | 0044 8943 | 0c41 0f0d | 8940 0100 | 0041 0f0d | 8980 0100 | 004c 8bcb 
  0x0000000121411840: 4983 c110 | 49c1 ea03 | 4c8b eb49 | c1ed 0385 | ed0f 848d | 0200 004b | 8d0c dc4f | 8d5c dc10 
  0x0000000121411860: 413b e80f | 8c11 0100 | 0048 83c2 | f048 c1ea | 0349 8bfb | 498b f1c5 | f877 49ba | c091 9619 
  0x0000000121411880: 0100 0000 | 41ff d241 | 807f 3000 | 0f85 4401 | 0000 4c8b | 5424 2845 | 896a 144c | 8bd3 4c8b 
  0x00000001214118a0: 5c24 284d | 33d3 49c1 | ea14 4d85 | d274 1a49 | c1eb 0948 | bf00 d037 | 0701 0000 | 0049 03fb 
  0x00000001214118c0: 803f 080f | 8549 0100 | 004c 8b54 | 2428 410f | be4a 1045 | 8b4a 0c4c | 8bdb 49c1 | eb03 458b 
  0x00000001214118e0: d141 ffc2 | 85c9 756e | 8b4c 2408 | c1e9 0885 | c975 424c | 8b44 2428 | 4589 500c | 0fbe 6c24 
  0x0000000121411900: 0847 8b54 | dc0c 453b | ca0f 83a1 | 0100 004f | 8d14 dc44 | 8b5c 2408 | 4788 5c0a | 1048 8b44 
  0x0000000121411920: 2428 c5f8 | 7748 83c4 | 505d 4d8b | 9710 0100 | 0041 8502 | c348 8b74 | 2428 488b | ee66 6690 
  0x0000000121411940: c5f8 77e8 | b860 55f8 | 448b 5d14 | 448b 4d0c | 458b d141 | ffc2 4c8b | 4424 2845 | 8950 0c49 
  0x0000000121411960: 8bf3 48c1 | e603 418b | d18b 4c24 | 0849 8be8 | c5f8 77e8 | 885a 55f8 | eba3 4863 | d54c 8bc2 
  0x0000000121411980: 4983 c010 | 498b c848 | 83e1 f848 | 8bfb 4803 | f949 c1e8 | 034d 2bd0 | 498b ca48 | 33c0 4883 
  0x00000001214119a0: f908 7f10 | 48ff c978 | 1248 8904 | cf48 ffc9 | 7df7 eb07 | 48c1 e103 | f348 aa49 | 8bfb 498b 
  0x00000001214119c0: f1c5 f877 | 49ba 408d | 9619 0100 | 0000 41ff | d2e9 b1fe | ffff 4c8b | 5424 2845 | 8b5a 1445 
  0x00000001214119e0: 85db 0f84 | aafe ffff | 4d8b 5738 | 498b fb48 | c1e7 034d | 85d2 0f84 | 8801 0000 | 4d8b 5f48 
  0x0000000121411a00: 4b89 7c13 | f849 83c2 | f84d 8957 | 38e9 80fe | ffff 4d8b | 5778 4d8b | 5f68 f083 | 4424 c000 
  0x0000000121411a20: 803f 0074 | 2ac6 0700 | 4d85 db74 | 0f4b 897c | 1af8 4983 | c3f8 4d89 | 5f68 eb13 | 498b f7c5 
  0x0000000121411a40: f877 49ba | a8d6 440a | 0100 0000 | 41ff d24c | 8b54 2428 | 458b 5214 | 49c1 e203 | 498b dae9 
  0x0000000121411a60: 65fe ffff | 4889 5424 | 204c 8954 | 2418 4489 | 4424 1044 | 895c 240c | 4889 3424 | 48be 609b 
  0x0000000121411a80: 3800 0800 | 0000 418b | d066 6690 | c5f8 77e8 | ec9c 60f8 | 448b 5c24 | 0c44 8b44 | 2410 4c8b 
  0x0000000121411aa0: 5424 1848 | 8b54 2420 | 488b d8e9 | 8dfd ffff | bee4 ffff | ff44 895c | 2408 4489 | 4c24 0c90 
  0x0000000121411ac0: c5f8 77e8 | b842 55f8 | 48bf b542 | 970a 0100 | 0000 4883 | e4f0 e855 | db2c e9f4 | 4d63 d0e9 
  0x0000000121411ae0: d4fc ffff | 4983 c2fe | 498b ca49 | 8bf9 4833 | c048 83f9 | 087f 1048 | ffc9 7812 | 4889 04cf 
  0x0000000121411b00: 48ff c97d | f7eb 0748 | c1e1 03f3 | 48aa e974 | fdff ffbe | ccff ffff | 488b 6c24 | 2889 1424 
  0x0000000121411b20: 4489 5c24 | 0444 8944 | 2414 6690 | c5f8 77e8 | 4c42 55f8 | 48bf b542 | 970a 0100 | 0000 4883 
  0x0000000121411b40: e4f0 e8e9 | da2c e9f4 | be45 ffff | ff48 ff74 | 2428 488f | 0424 4489 | 5c24 0c44 | 8954 2428 
  0x0000000121411b60: 4489 4424 | 3066 6690 | c5f8 77e8 | 1042 55f8 | 48bf b542 | 970a 0100 | 0000 4883 | e4f0 e8ad 
  0x0000000121411b80: da2c e9f4 | 498b f7c5 | f877 49ba | 84d6 440a | 0100 0000 | 41ff d2e9 | f6fc ffff | be45 ffff 
  0x0000000121411ba0: ff48 ff74 | 2428 488f | 0424 4489 | 5c24 0c44 | 8954 2428 | 4489 4424 | 2c66 6690 | c5f8 77e8 
  0x0000000121411bc0: bc41 55f8 | 48bf b542 | 970a 0100 | 0000 4883 | e4f0 e859 | da2c e9f4 | bef6 ffff | ff66 6690 
  0x0000000121411be0: c5f8 77e8 | 9841 55f8 | 48bf b542 | 970a 0100 | 0000 4883 | e4f0 e835 | da2c e9f4 | bef6 ffff 
  0x0000000121411c00: ff44 890c | 2466 6690 | c5f8 77e8 | 7041 55f8 | 48bf b542 | 970a 0100 | 0000 4883 | e4f0 e80d 
  0x0000000121411c20: da2c e9f4 | 488b f0eb | 0848 8bf0 | eb03 488b | f0c5 f877 | 4883 c450 | 5de9 c2a3 | 60f8 f4f4 
  0x0000000121411c40: 48bb 0000 | 0000 0000 | 0000 e9fb | ffff ff48 | bb00 0000 | 0000 0000 | 00e9 fbff | ffff e91d 
  0x0000000121411c60: 0460 f8e8 | 0000 0000 | 4883 2c24 | 05e9 2e44 | 55f8 f4f4 | f4f4 f4f4 
[/MachCode]
--------------------------------------------------------------------------------


---------------  P R O C E S S  ---------------

Threads class SMR info:
_java_thread_list=0x00007fd657f43400, length=10, elements={
0x00007fd658d7e000, 0x00007fd659450000, 0x00007fd655211800, 0x00007fd65d293800,
0x00007fd65d296800, 0x00007fd6584a1800, 0x00007fd65d297000, 0x00007fd65d298000,
0x00007fd65696a800, 0x00007fd65c544800
}

Java Threads: ( => current thread )
=>0x00007fd658d7e000 JavaThread "main" [_thread_in_Java, id=775, stack(0x00007ffeedf7a000,0x00007ffeee77a000)]
  0x00007fd659450000 JavaThread "Reference Handler" daemon [_thread_blocked, id=17923, stack(0x000070000b1f5000,0x000070000b3f5000)]
  0x00007fd655211800 JavaThread "Finalizer" daemon [_thread_blocked, id=17667, stack(0x000070000b3f8000,0x000070000b5f8000)]
  0x00007fd65d293800 JavaThread "Attach Listener" daemon [_thread_blocked, id=15619, stack(0x000070000b701000,0x000070000b901000)]
  0x00007fd65d296800 JavaThread "Service Thread" daemon [_thread_blocked, id=15107, stack(0x000070000b904000,0x000070000bb04000)]
  0x00007fd6584a1800 JavaThread "C2 CompilerThread0" daemon [_thread_blocked, id=22275, stack(0x000070000bb07000,0x000070000bc07000)]
  0x00007fd65d297000 JavaThread "C1 CompilerThread0" daemon [_thread_blocked, id=43011, stack(0x000070000bc0a000,0x000070000bd0a000)]
  0x00007fd65d298000 JavaThread "Sweeper thread" daemon [_thread_blocked, id=22787, stack(0x000070000bd0d000,0x000070000bf0d000)]
  0x00007fd65696a800 JavaThread "Notification Thread" daemon [_thread_blocked, id=41987, stack(0x000070000bf10000,0x000070000c110000)]
  0x00007fd65c544800 JavaThread "Common-Cleaner" daemon [_thread_blocked, id=23555, stack(0x000070000c216000,0x000070000c416000)]

Other Threads:
  0x00007fd659332000 VMThread "VM Thread" [stack: 0x000070000b0f2000,0x000070000b1f2000] [id=18947] _threads_hazard_ptr=0x00007fd657f43400
  0x00007fd65d503800 WatcherThread [stack: 0x000070000c113000,0x000070000c213000] [id=41475]
  0x00007fd65d134000 GCTaskThread "GC Thread#0" [stack: 0x000070000abe3000,0x000070000ace3000] [id=20483]
  0x00007fd6443e2000 GCTaskThread "GC Thread#1" [stack: 0x000070000c51f000,0x000070000c61f000] [id=13871]
  0x00007fd644598800 GCTaskThread "GC Thread#2" [stack: 0x000070000c622000,0x000070000c722000] [id=26883]
  0x00007fd64459b000 GCTaskThread "GC Thread#3" [stack: 0x000070000c725000,0x000070000c825000] [id=27395]
  0x00007fd65d16e800 ConcurrentGCThread "G1 Main Marker" [stack: 0x000070000ace6000,0x000070000ade6000] [id=11267]
  0x00007fd652a34800 ConcurrentGCThread "G1 Conc#0" [stack: 0x000070000ade9000,0x000070000aee9000] [id=11779]
  0x00007fd65d149800 ConcurrentGCThread "G1 Refine#0" [stack: 0x000070000aeec000,0x000070000afec000] [id=19459]
  0x00007fd65d14a000 ConcurrentGCThread "G1 Young RemSet Sampling" [stack: 0x000070000afef000,0x000070000b0ef000] [id=12291]

Threads with active compile tasks:
C2 CompilerThread0   123013  665       4       java.text.SimpleDateFormat::subFormat (1264 bytes)

VM state:synchronizing (normal execution)

VM Mutex/Monitor currently owned by a thread:  ([mutex/lock_event])
[0x00007fd657abb210] Threads_lock - owner thread: 0x00007fd659332000
[0x00007fd657a6b4f0] Heap_lock - owner thread: 0x00007fd65d16e800

Heap address: 0x00000007e0000000, size: 512 MB, Compressed Oops mode: Zero based, Oop shift amount: 3
Narrow klass base: 0x0000000800000000, Narrow klass shift: 3
Compressed class space size: 1073741824 Address: 0x0000000800b05000

Heap:
 garbage-first heap   total 17408K, used 7505K [0x00000007e0000000, 0x0000000800000000)
  region size 1024K, 2 young (2048K), 1 survivors (1024K)
 Metaspace       used 2986K, capacity 6121K, committed 6272K, reserved 1056768K
  class space    used 271K, capacity 595K, committed 640K, reserved 1048576K
Heap Regions: E=young(eden), S=young(survivor), O=old, HS=humongous(starts), HC=humongous(continues), CS=collection set, F=free, OA=open archive, CA=closed archive, TAMS=top-at-mark-start (previous, next)
|   0|0x00000007e0000000, 0x00000007e007c288, 0x00000007e0100000| 48%| O|  |TAMS 0x00000007e0000000, 0x00000007e007c288| Untracked 
|   1|0x00000007e0100000, 0x00000007e0200000, 0x00000007e0200000|100%| O|  |TAMS 0x00000007e0100000, 0x00000007e0200000| Untracked 
|   2|0x00000007e0200000, 0x00000007e0300000, 0x00000007e0300000|100%| O|  |TAMS 0x00000007e0200000, 0x00000007e0300000| Untracked 
|   3|0x00000007e0300000, 0x00000007e0400000, 0x00000007e0400000|100%| O|  |TAMS 0x00000007e0300000, 0x00000007e0391a00| Untracked 
|   4|0x00000007e0400000, 0x00000007e044b200, 0x00000007e0500000| 29%| O|  |TAMS 0x00000007e0400000, 0x00000007e0400000| Untracked 
|   5|0x00000007e0500000, 0x00000007e0500000, 0x00000007e0600000|  0%| F|  |TAMS 0x00000007e0500000, 0x00000007e0500000| Untracked 
|   6|0x00000007e0600000, 0x00000007e0600000, 0x00000007e0700000|  0%| F|  |TAMS 0x00000007e0600000, 0x00000007e0600000| Untracked 
|   7|0x00000007e0700000, 0x00000007e0700000, 0x00000007e0800000|  0%| F|  |TAMS 0x00000007e0700000, 0x00000007e0700000| Untracked 
|   8|0x00000007e0800000, 0x00000007e0800000, 0x00000007e0900000|  0%| F|  |TAMS 0x00000007e0800000, 0x00000007e0800000| Untracked 
|   9|0x00000007e0900000, 0x00000007e0900000, 0x00000007e0a00000|  0%| F|  |TAMS 0x00000007e0900000, 0x00000007e0900000| Untracked 
|  10|0x00000007e0a00000, 0x00000007e0a00000, 0x00000007e0b00000|  0%| F|  |TAMS 0x00000007e0a00000, 0x00000007e0a00000| Untracked 
|  11|0x00000007e0b00000, 0x00000007e0c00000, 0x00000007e0c00000|100%| S|CS|TAMS 0x00000007e0b00000, 0x00000007e0b00000| Complete 
|  12|0x00000007e0c00000, 0x00000007e0c144c8, 0x00000007e0d00000|  7%| E|  |TAMS 0x00000007e0c00000, 0x00000007e0c00000| Complete 
|  98|0x00000007e6200000, 0x00000007e62e2e48, 0x00000007e6300000| 88%| O|  |TAMS 0x00000007e6200000, 0x00000007e62e2e48| Untracked 
| 149|0x00000007e9500000, 0x00000007e95de2f0, 0x00000007e9600000| 86%| O|  |TAMS 0x00000007e9500000, 0x00000007e95de2f0| Untracked 
| 510|0x00000007ffe00000, 0x00000007ffe51000, 0x00000007fff00000| 31%|OA|  |TAMS 0x00000007ffe00000, 0x00000007ffe51000| Untracked 
| 511|0x00000007fff00000, 0x00000007fff7b000, 0x0000000800000000| 48%|CA|  |TAMS 0x00000007fff00000, 0x00000007fff7b000| Untracked 

Card table byte_map: [0x000000010b27d000,0x000000010b37d000] _byte_map_base: 0x000000010737d000

Marking Bits (Prev, Next): (CMBitMap*) 0x00007fd652a24618, (CMBitMap*) 0x00007fd652a24658
 Prev Bits: [0x000000010b47d000, 0x000000010bc7d000)
 Next Bits: [0x000000010bc7d000, 0x000000010c47d000)

Polling page: 0x000000010af5d000

Metaspace:

Usage:
  Non-class:      5.40 MB capacity,     2.65 MB ( 49%) used,     2.74 MB ( 51%) free+waste,     5.06 KB ( <1%) overhead. 
      Class:    595.00 KB capacity,   271.29 KB ( 46%) used,   320.77 KB ( 54%) free+waste,     2.94 KB ( <1%) overhead. 
       Both:      5.98 MB capacity,     2.92 MB ( 49%) used,     3.05 MB ( 51%) free+waste,     8.00 KB ( <1%) overhead. 

Virtual space:
  Non-class space:        8.00 MB reserved,       5.50 MB ( 69%) committed 
      Class space:        1.00 GB reserved,     640.00 KB ( <1%) committed 
             Both:        1.01 GB reserved,       6.12 MB ( <1%) committed 

Chunk freelists:
   Non-Class:  46.00 KB
       Class:  25.00 KB
        Both:  71.00 KB

MaxMetaspaceSize: unlimited
CompressedClassSpaceSize: 1.00 GB

CodeHeap 'non-profiled nmethods': size=120032Kb used=205Kb max_used=205Kb free=119826Kb
 bounds [0x00000001213e5000, 0x0000000121655000, 0x000000012891d000]
CodeHeap 'profiled nmethods': size=120028Kb used=1406Kb max_used=1406Kb free=118621Kb
 bounds [0x0000000119eae000, 0x000000011a11e000, 0x00000001213e5000]
CodeHeap 'non-nmethods': size=5700Kb used=1154Kb max_used=1172Kb free=4545Kb
 bounds [0x000000011991d000, 0x0000000119b8d000, 0x0000000119eae000]
 total_blobs=1084 nmethods=677 adapters=321
 compilation: enabled
              stopped_count=0, restarted_count=0
 full_count=0

Compilation events (20 events):
Event: 122.891 Thread 0x00007fd65d297000  672       3       java.lang.ThreadLocal::getMap (5 bytes)
Event: 122.891 Thread 0x00007fd65d297000 nmethod 672 0x000000011a00b190 code [0x000000011a00b320, 0x000000011a00b450]
Event: 122.900 Thread 0x00007fd65d297000  673       3       java.lang.ThreadLocal::get (38 bytes)
Event: 122.901 Thread 0x00007fd65d297000 nmethod 673 0x000000011a00b510 code [0x000000011a00b6c0, 0x000000011a00b9f0]
Event: 122.901 Thread 0x00007fd65d297000  674       3       java.lang.ThreadLocal$ThreadLocalMap::getEntry (42 bytes)
Event: 122.901 Thread 0x00007fd65d297000 nmethod 674 0x000000011a00bb90 code [0x000000011a00bd40, 0x000000011a00c040]
Event: 122.903 Thread 0x00007fd65d297000  676       1       java.util.concurrent.locks.AbstractOwnableSynchronizer::getExclusiveOwnerThread (5 bytes)
Event: 122.903 Thread 0x00007fd65d297000 nmethod 676 0x0000000121417d90 code [0x0000000121417f20, 0x0000000121417ff0]
Event: 122.903 Thread 0x00007fd65d297000  677       1       java.util.concurrent.locks.AbstractQueuedSynchronizer::getState (5 bytes)
Event: 122.903 Thread 0x00007fd65d297000 nmethod 677 0x0000000121418090 code [0x0000000121418220, 0x00000001214182f0]
Event: 122.903 Thread 0x00007fd65d297000  678       1       java.util.concurrent.locks.AbstractQueuedSynchronizer::setState (6 bytes)
Event: 122.903 Thread 0x00007fd65d297000 nmethod 678 0x0000000121418390 code [0x0000000121418520, 0x00000001214185f0]
Event: 122.904 Thread 0x00007fd65d297000  680       2       java.nio.DirectByteBuffer::ix (10 bytes)
Event: 122.904 Thread 0x00007fd65d297000 nmethod 680 0x000000011a00c190 code [0x000000011a00c320, 0x000000011a00c430]
Event: 122.936 Thread 0x00007fd65d297000  684       3       java.util.Objects::checkFromIndexSize (8 bytes)
Event: 122.938 Thread 0x00007fd65d297000 nmethod 684 0x000000011a00c490 code [0x000000011a00c640, 0x000000011a00c840]
Event: 122.938 Thread 0x00007fd65d297000  685       3       jdk.internal.util.Preconditions::checkFromIndexSize (25 bytes)
Event: 122.938 Thread 0x00007fd65d297000 nmethod 685 0x000000011a00c990 code [0x000000011a00cba0, 0x000000011a00d3f0]
Event: 122.939 Thread 0x00007fd65d297000  686       3       sun.nio.ch.Util::isBufferTooLarge (15 bytes)
Event: 122.940 Thread 0x00007fd65d297000 nmethod 686 0x000000011a00d610 code [0x000000011a00d7a0, 0x000000011a00d8f0]

GC Heap History (10 events):
Event: 122.707 GC heap before
{Heap before GC invocations=0 (full 0):
 garbage-first heap   total 264192K, used 7984K [0x00000007e0000000, 0x0000000800000000)
  region size 1024K, 8 young (8192K), 0 survivors (0K)
 Metaspace       used 2805K, capacity 6024K, committed 6272K, reserved 1056768K
  class space    used 269K, capacity 563K, committed 640K, reserved 1048576K
}
Event: 122.717 GC heap after
{Heap after GC invocations=1 (full 1):
 garbage-first heap   total 17408K, used 3108K [0x00000007e0000000, 0x0000000800000000)
  region size 1024K, 0 young (0K), 0 survivors (0K)
 Metaspace       used 2805K, capacity 6024K, committed 6272K, reserved 1056768K
  class space    used 269K, capacity 563K, committed 640K, reserved 1048576K
}
Event: 122.906 GC heap before
{Heap before GC invocations=1 (full 1):
 garbage-first heap   total 17408K, used 7204K [0x00000007e0000000, 0x0000000800000000)
  region size 1024K, 4 young (4096K), 0 survivors (0K)
 Metaspace       used 2985K, capacity 6121K, committed 6272K, reserved 1056768K
  class space    used 271K, capacity 595K, committed 640K, reserved 1048576K
}
Event: 122.910 GC heap after
{Heap after GC invocations=2 (full 1):
 garbage-first heap   total 17408K, used 5574K [0x00000007e0000000, 0x0000000800000000)
  region size 1024K, 1 young (1024K), 1 survivors (1024K)
 Metaspace       used 2985K, capacity 6121K, committed 6272K, reserved 1056768K
  class space    used 271K, capacity 595K, committed 640K, reserved 1048576K
}
Event: 122.920 GC heap before
{Heap before GC invocations=2 (full 1):
 garbage-first heap   total 17408K, used 6598K [0x00000007e0000000, 0x0000000800000000)
  region size 1024K, 2 young (2048K), 1 survivors (1024K)
 Metaspace       used 2985K, capacity 6121K, committed 6272K, reserved 1056768K
  class space    used 271K, capacity 595K, committed 640K, reserved 1048576K
}
Event: 122.923 GC heap after
{Heap after GC invocations=3 (full 1):
 garbage-first heap   total 17408K, used 6317K [0x00000007e0000000, 0x0000000800000000)
  region size 1024K, 1 young (1024K), 1 survivors (1024K)
 Metaspace       used 2985K, capacity 6121K, committed 6272K, reserved 1056768K
  class space    used 271K, capacity 595K, committed 640K, reserved 1048576K
}
Event: 122.932 GC heap before
{Heap before GC invocations=3 (full 1):
 garbage-first heap   total 17408K, used 7341K [0x00000007e0000000, 0x0000000800000000)
  region size 1024K, 2 young (2048K), 1 survivors (1024K)
 Metaspace       used 2985K, capacity 6121K, committed 6272K, reserved 1056768K
  class space    used 271K, capacity 595K, committed 640K, reserved 1048576K
}
Event: 122.934 GC heap after
{Heap after GC invocations=4 (full 1):
 garbage-first heap   total 17408K, used 6667K [0x00000007e0000000, 0x0000000800000000)
  region size 1024K, 1 young (1024K), 1 survivors (1024K)
 Metaspace       used 2985K, capacity 6121K, committed 6272K, reserved 1056768K
  class space    used 271K, capacity 595K, committed 640K, reserved 1048576K
}
Event: 122.943 GC heap before
{Heap before GC invocations=4 (full 1):
 garbage-first heap   total 17408K, used 7691K [0x00000007e0000000, 0x0000000800000000)
  region size 1024K, 2 young (2048K), 1 survivors (1024K)
 Metaspace       used 2986K, capacity 6121K, committed 6272K, reserved 1056768K
  class space    used 271K, capacity 595K, committed 640K, reserved 1048576K
}
Event: 122.946 GC heap after
{Heap after GC invocations=5 (full 1):
 garbage-first heap   total 17408K, used 7505K [0x00000007e0000000, 0x0000000800000000)
  region size 1024K, 1 young (1024K), 1 survivors (1024K)
 Metaspace       used 2986K, capacity 6121K, committed 6272K, reserved 1056768K
  class space    used 271K, capacity 595K, committed 640K, reserved 1048576K
}

Deoptimization events (6 events):
Event: 122.273 Thread 0x00007fd658d7e000 DEOPT PACKING pc=0x0000000119edf8e8 sp=0x00007ffeee7690e0
Event: 122.273 Thread 0x00007fd658d7e000 DEOPT UNPACKING pc=0x000000011996633a sp=0x00007ffeee768550 mode 0
Event: 122.276 Thread 0x00007fd658d7e000 DEOPT PACKING pc=0x0000000119edf8e8 sp=0x00007ffeee767740
Event: 122.276 Thread 0x00007fd658d7e000 DEOPT UNPACKING pc=0x000000011996633a sp=0x00007ffeee766bd8 mode 0
Event: 122.281 Thread 0x00007fd658d7e000 DEOPT PACKING pc=0x0000000119edf8e8 sp=0x00007ffeee767400
Event: 122.281 Thread 0x00007fd658d7e000 DEOPT UNPACKING pc=0x000000011996633a sp=0x00007ffeee766898 mode 0

Classes unloaded (0 events):
No events

Classes redefined (0 events):
No events

Internal exceptions (0 events):
No events

Events (20 events):
Event: 122.511 loading class java/util/concurrent/atomic/AtomicReferenceFieldUpdater$AtomicReferenceFieldUpdaterImpl$1 done
Event: 122.686 loading class java/net/UnknownHostException
Event: 122.686 loading class java/net/UnknownHostException done
Event: 122.687 loading class java/io/CharArrayReader
Event: 122.687 loading class java/io/CharArrayReader done
Event: 122.707 Executing VM operation: G1CollectFull
Event: 122.717 Executing VM operation: G1CollectFull done
Event: 122.720 Executing VM operation: HandshakeOneThread
Event: 122.720 Executing VM operation: HandshakeOneThread done
Event: 122.887 Executing VM operation: HandshakeOneThread
Event: 122.887 Executing VM operation: HandshakeOneThread done
Event: 122.905 Executing VM operation: G1CollectForAllocation
Event: 122.911 Executing VM operation: G1CollectForAllocation done
Event: 122.920 Executing VM operation: G1CollectForAllocation
Event: 122.923 Executing VM operation: G1CollectForAllocation done
Event: 122.932 Executing VM operation: G1CollectForAllocation
Event: 122.934 Executing VM operation: G1CollectForAllocation done
Event: 122.943 Executing VM operation: G1CollectForAllocation
Event: 122.947 Executing VM operation: G1CollectForAllocation done
Event: 122.948 Executing VM operation: G1Concurrent


Dynamic libraries:
0x00007fff34128000 	/System/Library/Frameworks/AppKit.framework/Versions/C/AppKit
0x0000000102522000 	/Library/Frameworks/R.framework/Versions/3.6/Resources/lib/libR.dylib
0x00007fff6df48000 	/usr/lib/libSystem.B.dylib
0x00007fff70484000 	/usr/lib/libz.1.dylib
0x00007fff3825d000 	/System/Library/Frameworks/CoreServices.framework/Versions/A/CoreServices
0x00000001029af000 	/Applications/RStudio.app/Contents/Frameworks/libssl.1.0.0.dylib
0x0000000102a10000 	/Applications/RStudio.app/Contents/Frameworks/libcrypto.1.0.0.dylib
0x00007fff6e22e000 	/usr/lib/libc++.1.dylib
0x00007fff36e75000 	/System/Library/Frameworks/CoreFoundation.framework/Versions/A/CoreFoundation
0x00007fff39532000 	/System/Library/Frameworks/Foundation.framework/Versions/C/Foundation
0x00007fff6fda8000 	/usr/lib/libobjc.A.dylib
0x00007fff67f5e000 	/System/Library/PrivateFrameworks/UIFoundation.framework/Versions/A/UIFoundation
0x00007fff62ff2000 	/System/Library/PrivateFrameworks/RemoteViewServices.framework/Versions/A/RemoteViewServices
0x00007fff6aab8000 	/System/Library/PrivateFrameworks/XCTTargetBootstrap.framework/Versions/A/XCTTargetBootstrap
0x00007fff36d42000 	/System/Library/Frameworks/CoreDisplay.framework/Versions/A/CoreDisplay
0x00007fff3c3ec000 	/System/Library/Frameworks/Metal.framework/Versions/A/Metal
0x00007fff50fdf000 	/System/Library/PrivateFrameworks/DesktopServicesPriv.framework/Versions/A/DesktopServicesPriv
0x00007fff6f083000 	/usr/lib/liblangid.dylib
0x00007fff50274000 	/System/Library/PrivateFrameworks/CoreSVG.framework/Versions/A/CoreSVG
0x00007fff6614e000 	/System/Library/PrivateFrameworks/SkyLight.framework/Versions/A/SkyLight
0x00007fff372f6000 	/System/Library/Frameworks/CoreGraphics.framework/Versions/A/CoreGraphics
0x00007fff32afc000 	/System/Library/Frameworks/Accelerate.framework/Versions/A/Accelerate
0x00007fff70375000 	/usr/lib/libxml2.2.dylib
0x00007fff5bf7d000 	/System/Library/PrivateFrameworks/IconServices.framework/Versions/A/IconServices
0x00007fff39d11000 	/System/Library/Frameworks/IOSurface.framework/Versions/A/IOSurface
0x00007fff6da72000 	/usr/lib/libDiagnosticMessagesClient.dylib
0x00007fff34f38000 	/System/Library/Frameworks/ApplicationServices.framework/Versions/A/ApplicationServices
0x00007fff50e39000 	/System/Library/PrivateFrameworks/DFRFoundation.framework/Versions/A/DFRFoundation
0x00007fff6ee12000 	/usr/lib/libicucore.A.dylib
0x00007fff3526a000 	/System/Library/Frameworks/AudioToolbox.framework/Versions/A/AudioToolbox
0x00007fff3534d000 	/System/Library/Frameworks/AudioUnit.framework/Versions/A/AudioUnit
0x00007fff6e14a000 	/usr/lib/libauto.dylib
0x00007fff36957000 	/System/Library/Frameworks/CoreData.framework/Versions/A/CoreData
0x00007fff50edb000 	/System/Library/PrivateFrameworks/DataDetectorsCore.framework/Versions/A/DataDetectorsCore
0x00007fff35af4000 	/System/Library/Frameworks/Carbon.framework/Versions/A/Frameworks/HIToolbox.framework/Versions/A/HIToolbox
0x00007fff429c4000 	/System/Library/Frameworks/QuartzCore.framework/Versions/A/QuartzCore
0x00007fff437c8000 	/System/Library/Frameworks/Security.framework/Versions/A/Security
0x00007fff35e33000 	/System/Library/Frameworks/Carbon.framework/Versions/A/Frameworks/SpeechRecognition.framework/Versions/A/SpeechRecognition
0x00007fff5094d000 	/System/Library/PrivateFrameworks/CoreUI.framework/Versions/A/CoreUI
0x00007fff363c2000 	/System/Library/Frameworks/CoreAudio.framework/Versions/A/CoreAudio
0x00007fff391f1000 	/System/Library/Frameworks/DiskArbitration.framework/Versions/A/DiskArbitration
0x00007fff5dfcd000 	/System/Library/PrivateFrameworks/MultitouchSupport.framework/Versions/A/MultitouchSupport
0x00007fff6ecd9000 	/usr/lib/libenergytrace.dylib
0x00007fff39c6b000 	/System/Library/Frameworks/IOKit.framework/Versions/A/IOKit
0x00007fff60185000 	/System/Library/PrivateFrameworks/PerformanceAnalysis.framework/Versions/A/PerformanceAnalysis
0x00007fff419f7000 	/System/Library/Frameworks/OpenGL.framework/Versions/A/OpenGL
0x00007fff35fe1000 	/System/Library/Frameworks/ColorSync.framework/Versions/A/ColorSync
0x00007fff37979000 	/System/Library/Frameworks/CoreImage.framework/Versions/A/CoreImage
0x00007fff38cd0000 	/System/Library/Frameworks/CoreText.framework/Versions/A/CoreText
0x00007fff39da1000 	/System/Library/Frameworks/ImageIO.framework/Versions/A/ImageIO
0x00007fff6e2aa000 	/usr/lib/libcompression.dylib
0x00007fff6ddb6000 	/usr/lib/libMobileGestalt.dylib
0x00007fff67cc8000 	/System/Library/PrivateFrameworks/TextureIO.framework/Versions/A/TextureIO
0x00007fff6e0ad000 	/usr/lib/libate.dylib
0x00007fff5c186000 	/System/Library/PrivateFrameworks/InternationalSupport.framework/Versions/A/InternationalSupport
0x00007fff70d45000 	/usr/lib/system/libcache.dylib
0x00007fff70d4b000 	/usr/lib/system/libcommonCrypto.dylib
0x00007fff70d57000 	/usr/lib/system/libcompiler_rt.dylib
0x00007fff70d5f000 	/usr/lib/system/libcopyfile.dylib
0x00007fff70d69000 	/usr/lib/system/libcorecrypto.dylib
0x00007fff70f08000 	/usr/lib/system/libdispatch.dylib
0x00007fff70f49000 	/usr/lib/system/libdyld.dylib
0x00007fff70f80000 	/usr/lib/system/libkeymgr.dylib
0x00007fff70f8e000 	/usr/lib/system/liblaunch.dylib
0x00007fff70f8f000 	/usr/lib/system/libmacho.dylib
0x00007fff70f95000 	/usr/lib/system/libquarantine.dylib
0x00007fff70f98000 	/usr/lib/system/libremovefile.dylib
0x00007fff70f9a000 	/usr/lib/system/libsystem_asl.dylib
0x00007fff70fb2000 	/usr/lib/system/libsystem_blocks.dylib
0x00007fff70fb3000 	/usr/lib/system/libsystem_c.dylib
0x00007fff7103b000 	/usr/lib/system/libsystem_configuration.dylib
0x00007fff7103f000 	/usr/lib/system/libsystem_coreservices.dylib
0x00007fff71043000 	/usr/lib/system/libsystem_darwin.dylib
0x00007fff7104c000 	/usr/lib/system/libsystem_dnssd.dylib
0x00007fff71054000 	/usr/lib/system/libsystem_featureflags.dylib
0x00007fff71056000 	/usr/lib/system/libsystem_info.dylib
0x00007fff710d1000 	/usr/lib/system/libsystem_m.dylib
0x00007fff71119000 	/usr/lib/system/libsystem_malloc.dylib
0x00007fff71141000 	/usr/lib/system/libsystem_networkextension.dylib
0x00007fff7114f000 	/usr/lib/system/libsystem_notify.dylib
0x00007fff7116d000 	/usr/lib/system/libsystem_sandbox.dylib
0x00007fff71172000 	/usr/lib/system/libsystem_secinit.dylib
0x00007fff710a4000 	/usr/lib/system/libsystem_kernel.dylib
0x00007fff71159000 	/usr/lib/system/libsystem_platform.dylib
0x00007fff71162000 	/usr/lib/system/libsystem_pthread.dylib
0x00007fff71175000 	/usr/lib/system/libsystem_symptoms.dylib
0x00007fff7117d000 	/usr/lib/system/libsystem_trace.dylib
0x00007fff71195000 	/usr/lib/system/libunwind.dylib
0x00007fff7119b000 	/usr/lib/system/libxpc.dylib
0x00007fff6e281000 	/usr/lib/libc++abi.dylib
0x00007fff6f085000 	/usr/lib/liblzma.5.dylib
0x00007fff6ed00000 	/usr/lib/libfakelink.dylib
0x00007fff6e03a000 	/usr/lib/libarchive.2.dylib
0x00007fff44879000 	/System/Library/Frameworks/SystemConfiguration.framework/Versions/A/SystemConfiguration
0x00007fff6d9a5000 	/usr/lib/libCRFSuite.dylib
0x00007fff356e4000 	/System/Library/Frameworks/CFNetwork.framework/Versions/A/CFNetwork
0x00007fff6e210000 	/usr/lib/libbsm.0.dylib
0x00007fff70f81000 	/usr/lib/system/libkxld.dylib
0x00007fff4a7b6000 	/System/Library/PrivateFrameworks/AppleFSCompression.framework/Versions/A/AppleFSCompression
0x00007fff6e59b000 	/usr/lib/libcoretls.dylib
0x00007fff6e5b2000 	/usr/lib/libcoretls_cfhelpers.dylib
0x00007fff6fdee000 	/usr/lib/libpam.2.dylib
0x00007fff6ff23000 	/usr/lib/libsqlite3.dylib
0x00007fff70362000 	/usr/lib/libxar.1.dylib
0x00007fff6e221000 	/usr/lib/libbz2.1.0.dylib
0x00007fff6ed21000 	/usr/lib/libiconv.2.dylib
0x00007fff6e297000 	/usr/lib/libcharset.1.dylib
0x00007fff6f88b000 	/usr/lib/libnetwork.dylib
0x00007fff6fdf5000 	/usr/lib/libpcap.A.dylib
0x00007fff6dfef000 	/usr/lib/libapple_nghttp2.dylib
0x00007fff38614000 	/System/Library/Frameworks/CoreServices.framework/Versions/A/Frameworks/FSEvents.framework/Versions/A/FSEvents
0x00007fff382e4000 	/System/Library/Frameworks/CoreServices.framework/Versions/A/Frameworks/CarbonCore.framework/Versions/A/CarbonCore
0x00007fff38858000 	/System/Library/Frameworks/CoreServices.framework/Versions/A/Frameworks/Metadata.framework/Versions/A/Metadata
0x00007fff388f1000 	/System/Library/Frameworks/CoreServices.framework/Versions/A/Frameworks/OSServices.framework/Versions/A/OSServices
0x00007fff3891f000 	/System/Library/Frameworks/CoreServices.framework/Versions/A/Frameworks/SearchKit.framework/Versions/A/SearchKit
0x00007fff3825e000 	/System/Library/Frameworks/CoreServices.framework/Versions/A/Frameworks/AE.framework/Versions/A/AE
0x00007fff3861d000 	/System/Library/Frameworks/CoreServices.framework/Versions/A/Frameworks/LaunchServices.framework/Versions/A/LaunchServices
0x00007fff385c6000 	/System/Library/Frameworks/CoreServices.framework/Versions/A/Frameworks/DictionaryServices.framework/Versions/A/DictionaryServices
0x00007fff38987000 	/System/Library/Frameworks/CoreServices.framework/Versions/A/Frameworks/SharedFileList.framework/Versions/A/SharedFileList
0x00007fff3d816000 	/System/Library/Frameworks/NetFS.framework/Versions/A/NetFS
0x00007fff5e4fd000 	/System/Library/PrivateFrameworks/NetAuth.framework/Versions/A/NetAuth
0x00007fff6ae85000 	/System/Library/PrivateFrameworks/login.framework/Versions/A/Frameworks/loginsupport.framework/Versions/A/loginsupport
0x00007fff67793000 	/System/Library/PrivateFrameworks/TCC.framework/Versions/A/TCC
0x00007fff4f3e7000 	/System/Library/PrivateFrameworks/CoreNLP.framework/Versions/A/CoreNLP
0x00007fff5d9fa000 	/System/Library/PrivateFrameworks/MetadataUtilities.framework/Versions/A/MetadataUtilities
0x00007fff6f15d000 	/usr/lib/libmecabra.dylib
0x00007fff6f0b5000 	/usr/lib/libmecab.dylib
0x00007fff6ed11000 	/usr/lib/libgermantok.dylib
0x00007fff6dfd6000 	/usr/lib/libThaiTokenizer.dylib
0x00007fff6d9dc000 	/usr/lib/libChineseTokenizer.dylib
0x00007fff32b14000 	/System/Library/Frameworks/Accelerate.framework/Versions/A/Frameworks/vImage.framework/Versions/A/vImage
0x00007fff33f7e000 	/System/Library/Frameworks/Accelerate.framework/Versions/A/Frameworks/vecLib.framework/Versions/A/vecLib
0x00007fff33ebb000 	/System/Library/Frameworks/Accelerate.framework/Versions/A/Frameworks/vecLib.framework/Versions/A/libvMisc.dylib
0x00007fff33ce3000 	/System/Library/Frameworks/Accelerate.framework/Versions/A/Frameworks/vecLib.framework/Versions/A/libvDSP.dylib
0x00007fff3316b000 	/System/Library/Frameworks/Accelerate.framework/Versions/A/Frameworks/vecLib.framework/Versions/A/libBLAS.dylib
0x00007fff338a7000 	/System/Library/Frameworks/Accelerate.framework/Versions/A/Frameworks/vecLib.framework/Versions/A/libLAPACK.dylib
0x00007fff33c43000 	/System/Library/Frameworks/Accelerate.framework/Versions/A/Frameworks/vecLib.framework/Versions/A/libLinearAlgebra.dylib
0x00007fff33cd0000 	/System/Library/Frameworks/Accelerate.framework/Versions/A/Frameworks/vecLib.framework/Versions/A/libSparseBLAS.dylib
0x00007fff33c59000 	/System/Library/Frameworks/Accelerate.framework/Versions/A/Frameworks/vecLib.framework/Versions/A/libQuadrature.dylib
0x00007fff333d3000 	/System/Library/Frameworks/Accelerate.framework/Versions/A/Frameworks/vecLib.framework/Versions/A/libBNNS.dylib
0x00007fff33c5f000 	/System/Library/Frameworks/Accelerate.framework/Versions/A/Frameworks/vecLib.framework/Versions/A/libSparse.dylib
0x00007fff5c56e000 	/System/Library/PrivateFrameworks/LanguageModeling.framework/Versions/A/LanguageModeling
0x00007fff4ed97000 	/System/Library/PrivateFrameworks/CoreEmoji.framework/Versions/A/CoreEmoji
0x00007fff5c68c000 	/System/Library/PrivateFrameworks/LinguisticData.framework/Versions/A/LinguisticData
0x00007fff5c63d000 	/System/Library/PrivateFrameworks/Lexicon.framework/Versions/A/Lexicon
0x00007fff6e298000 	/usr/lib/libcmph.dylib
0x00007fff40405000 	/System/Library/Frameworks/OpenDirectory.framework/Versions/A/Frameworks/CFOpenDirectory.framework/Versions/A/CFOpenDirectory
0x00007fff40422000 	/System/Library/Frameworks/OpenDirectory.framework/Versions/A/OpenDirectory
0x00007fff48863000 	/System/Library/PrivateFrameworks/APFS.framework/Versions/A/APFS
0x00007fff43b12000 	/System/Library/Frameworks/SecurityFoundation.framework/Versions/A/SecurityFoundation
0x00007fff7035e000 	/usr/lib/libutil.dylib
0x00007fff502cc000 	/System/Library/PrivateFrameworks/CoreServicesStore.framework/Versions/A/CoreServicesStore
0x00007fff43bc9000 	/System/Library/Frameworks/ServiceManagement.framework/Versions/A/ServiceManagement
0x00007fff4bf86000 	/System/Library/PrivateFrameworks/BackgroundTaskManagement.framework/Versions/A/BackgroundTaskManagement
0x00007fff7045b000 	/usr/lib/libxslt.1.dylib
0x00007fff4ae29000 	/System/Library/PrivateFrameworks/AppleSystemInfo.framework/Versions/A/AppleSystemInfo
0x00007fff39fbc000 	/System/Library/Frameworks/ImageIO.framework/Versions/A/Resources/libJPEG.dylib
0x00007fff3a27a000 	/System/Library/Frameworks/ImageIO.framework/Versions/A/Resources/libTIFF.dylib
0x00007fff3a25d000 	/System/Library/Frameworks/ImageIO.framework/Versions/A/Resources/libPng.dylib
0x00007fff39efe000 	/System/Library/Frameworks/ImageIO.framework/Versions/A/Resources/libGIF.dylib
0x00007fff39f02000 	/System/Library/Frameworks/ImageIO.framework/Versions/A/Resources/libJP2.dylib
0x00007fff3a278000 	/System/Library/Frameworks/ImageIO.framework/Versions/A/Resources/libRadiance.dylib
0x00007fff6ecda000 	/usr/lib/libexpat.1.dylib
0x00007fff4a911000 	/System/Library/PrivateFrameworks/AppleJPEG.framework/Versions/A/AppleJPEG
0x00007fff535e2000 	/System/Library/PrivateFrameworks/FontServices.framework/libFontParser.dylib
0x00007fff69e87000 	/System/Library/PrivateFrameworks/WatchdogClient.framework/Versions/A/WatchdogClient
0x00007fff5bbc9000 	/System/Library/PrivateFrameworks/IOAccelerator.framework/Versions/A/IOAccelerator
0x00007fff3c787000 	/System/Library/Frameworks/MetalPerformanceShaders.framework/Versions/A/MetalPerformanceShaders
0x00007fff5835f000 	/System/Library/PrivateFrameworks/GPUWrangler.framework/Versions/A/GPUWrangler
0x00007fff5bbde000 	/System/Library/PrivateFrameworks/IOPresentment.framework/Versions/A/IOPresentment
0x00007fff50e4c000 	/System/Library/PrivateFrameworks/DSExternalDisplay.framework/Versions/A/DSExternalDisplay
0x00007fff40d96000 	/System/Library/Frameworks/OpenGL.framework/Versions/A/Libraries/libCoreFSCache.dylib
0x00007fff3c4d3000 	/System/Library/Frameworks/MetalPerformanceShaders.framework/Frameworks/MPSCore.framework/Versions/A/MPSCore
0x00007fff3c511000 	/System/Library/Frameworks/MetalPerformanceShaders.framework/Frameworks/MPSImage.framework/Versions/A/MPSImage
0x00007fff3c5d8000 	/System/Library/Frameworks/MetalPerformanceShaders.framework/Frameworks/MPSNeuralNetwork.framework/Versions/A/MPSNeuralNetwork
0x00007fff3c59c000 	/System/Library/Frameworks/MetalPerformanceShaders.framework/Frameworks/MPSMatrix.framework/Versions/A/MPSMatrix
0x00007fff3c737000 	/System/Library/Frameworks/MetalPerformanceShaders.framework/Frameworks/MPSRayIntersector.framework/Versions/A/MPSRayIntersector
0x00007fff3c5c2000 	/System/Library/Frameworks/MetalPerformanceShaders.framework/Frameworks/MPSNDArray.framework/Versions/A/MPSNDArray
0x00007fff5da47000 	/System/Library/PrivateFrameworks/MetalTools.framework/Versions/A/MetalTools
0x00007fff49a3d000 	/System/Library/PrivateFrameworks/AggregateDictionary.framework/Versions/A/AggregateDictionary
0x00007fff4e7df000 	/System/Library/PrivateFrameworks/CoreAnalytics.framework/Versions/A/CoreAnalytics
0x00007fff4ad48000 	/System/Library/PrivateFrameworks/AppleSauce.framework/Versions/A/AppleSauce
0x00007fff6dc98000 	/usr/lib/libIOReport.dylib
0x00007fff38e88000 	/System/Library/Frameworks/CoreVideo.framework/Versions/A/CoreVideo
0x00007fff597d8000 	/System/Library/PrivateFrameworks/GraphVisualizer.framework/Versions/A/GraphVisualizer
0x00007fff52b28000 	/System/Library/PrivateFrameworks/FaceCore.framework/Versions/A/FaceCore
0x00007fff403ac000 	/System/Library/Frameworks/OpenCL.framework/Versions/A/OpenCL
0x00007fff6daba000 	/usr/lib/libFosl_dynamic.dylib
0x00007fff5ef1d000 	/System/Library/PrivateFrameworks/OTSVG.framework/Versions/A/OTSVG
0x00007fff3503d000 	/System/Library/Frameworks/ApplicationServices.framework/Versions/A/Frameworks/ATS.framework/Versions/A/Resources/libFontRegistry.dylib
0x00007fff537b3000 	/System/Library/PrivateFrameworks/FontServices.framework/libhvf.dylib
0x00007fff40da1000 	/System/Library/Frameworks/OpenGL.framework/Versions/A/Libraries/libGFXShared.dylib
0x00007fff40f7f000 	/System/Library/Frameworks/OpenGL.framework/Versions/A/Libraries/libGLU.dylib
0x00007fff40daa000 	/System/Library/Frameworks/OpenGL.framework/Versions/A/Libraries/libGL.dylib
0x00007fff40db5000 	/System/Library/Frameworks/OpenGL.framework/Versions/A/Libraries/libGLImage.dylib
0x00007fff40d93000 	/System/Library/Frameworks/OpenGL.framework/Versions/A/Libraries/libCVMSPluginSupport.dylib
0x00007fff40d9c000 	/System/Library/Frameworks/OpenGL.framework/Versions/A/Libraries/libCoreVMClient.dylib
0x00007fff6f72c000 	/usr/lib/libncurses.5.4.dylib
0x00007fff34f39000 	/System/Library/Frameworks/ApplicationServices.framework/Versions/A/Frameworks/ATS.framework/Versions/A/ATS
0x00007fff35106000 	/System/Library/Frameworks/ApplicationServices.framework/Versions/A/Frameworks/ColorSyncLegacy.framework/Versions/A/ColorSyncLegacy
0x00007fff351a4000 	/System/Library/Frameworks/ApplicationServices.framework/Versions/A/Frameworks/HIServices.framework/Versions/A/HIServices
0x00007fff351fc000 	/System/Library/Frameworks/ApplicationServices.framework/Versions/A/Frameworks/LangAnalysis.framework/Versions/A/LangAnalysis
0x00007fff3520b000 	/System/Library/Frameworks/ApplicationServices.framework/Versions/A/Frameworks/PrintCore.framework/Versions/A/PrintCore
0x00007fff35251000 	/System/Library/Frameworks/ApplicationServices.framework/Versions/A/Frameworks/QD.framework/Versions/A/QD
0x00007fff3525c000 	/System/Library/Frameworks/ApplicationServices.framework/Versions/A/Frameworks/SpeechSynthesis.framework/Versions/A/SpeechSynthesis
0x00007fff350d6000 	/System/Library/Frameworks/ApplicationServices.framework/Versions/A/Frameworks/ATSUI.framework/Versions/A/ATSUI
0x00007fff6eb70000 	/usr/lib/libcups.2.dylib
0x00007fff3b822000 	/System/Library/Frameworks/Kerberos.framework/Versions/A/Kerberos
0x00007fff39964000 	/System/Library/Frameworks/GSS.framework/Versions/A/GSS
0x00007fff6feaf000 	/usr/lib/libresolv.9.dylib
0x00007fff59985000 	/System/Library/PrivateFrameworks/Heimdal.framework/Versions/A/Heimdal
0x00007fff3b835000 	/System/Library/Frameworks/Kerberos.framework/Versions/A/Libraries/libHeimdalProxy.dylib
0x00007fff6ed17000 	/usr/lib/libheimdal-asn1.dylib
0x00007fff4dc77000 	/System/Library/PrivateFrameworks/CommonAuth.framework/Versions/A/CommonAuth
0x00007fff4aec6000 	/System/Library/PrivateFrameworks/AssertionServices.framework/Versions/A/AssertionServices
0x00007fff4ba69000 	/System/Library/PrivateFrameworks/AudioToolboxCore.framework/Versions/A/AudioToolboxCore
0x00007fff6ab35000 	/System/Library/PrivateFrameworks/caulk.framework/Versions/A/caulk
0x00007fff4c032000 	/System/Library/PrivateFrameworks/BaseBoard.framework/Versions/A/BaseBoard
0x00007fff63180000 	/System/Library/PrivateFrameworks/RunningBoardServices.framework/Versions/A/RunningBoardServices
0x00007fff60191000 	/System/Library/PrivateFrameworks/PersistentConnection.framework/Versions/A/PersistentConnection
0x00007fff62b79000 	/System/Library/PrivateFrameworks/ProtocolBuffer.framework/Versions/A/ProtocolBuffer
0x00007fff4dc9b000 	/System/Library/PrivateFrameworks/CommonUtilities.framework/Versions/A/CommonUtilities
0x00007fff4c1c0000 	/System/Library/PrivateFrameworks/Bom.framework/Versions/A/Bom
0x00007fff6d96b000 	/usr/lib/libAudioToolboxUtility.dylib
0x00007fff4bf90000 	/System/Library/PrivateFrameworks/Backup.framework/Versions/A/Backup
0x00007fff50d6d000 	/System/Library/PrivateFrameworks/CrashReporterSupport.framework/Versions/A/CrashReporterSupport
0x00007fff64c12000 	/System/Library/PrivateFrameworks/Sharing.framework/Versions/A/Sharing
0x00007fff4a4d4000 	/System/Library/PrivateFrameworks/Apple80211.framework/Versions/A/Apple80211
0x00007fff4bcad000 	/System/Library/PrivateFrameworks/AuthKit.framework/Versions/A/AuthKit
0x00007fff50a7a000 	/System/Library/PrivateFrameworks/CoreUtils.framework/Versions/A/CoreUtils
0x00007fff38ecd000 	/System/Library/Frameworks/CoreWLAN.framework/Versions/A/CoreWLAN
0x00007fff39af1000 	/System/Library/Frameworks/IOBluetooth.framework/Versions/A/IOBluetooth
0x00007fff5dd4c000 	/System/Library/PrivateFrameworks/MobileKeyBag.framework/Versions/A/MobileKeyBag
0x00007fff4f87f000 	/System/Library/PrivateFrameworks/CorePhoneNumbers.framework/Versions/A/CorePhoneNumbers
0x00007fff4a8c4000 	/System/Library/PrivateFrameworks/AppleIDAuthSupport.framework/Versions/A/AppleIDAuthSupport
0x00007fff3d823000 	/System/Library/Frameworks/Network.framework/Versions/A/Network
0x00007fff5c41a000 	/System/Library/PrivateFrameworks/KeychainCircle.framework/Versions/A/KeychainCircle
0x00007fff3691e000 	/System/Library/Frameworks/CoreBluetooth.framework/Versions/A/CoreBluetooth
0x00007fff66c91000 	/System/Library/PrivateFrameworks/SpeechRecognitionCore.framework/Versions/A/SpeechRecognitionCore
0x0000000102bda000 	/Library/Frameworks/R.framework/Versions/3.6/Resources/lib/libRblas.dylib
0x0000000102c0f000 	/Library/Frameworks/R.framework/Versions/3.6/Resources/lib/libgfortran.3.dylib
0x0000000102da0000 	/Library/Frameworks/R.framework/Versions/3.6/Resources/lib/libquadmath.0.dylib
0x0000000102de6000 	/Library/Frameworks/R.framework/Versions/3.6/Resources/lib/libreadline.5.2.dylib
0x0000000102e25000 	/Library/Frameworks/R.framework/Versions/3.6/Resources/lib/libomp.dylib
0x0000000102ebf000 	/Library/Frameworks/R.framework/Versions/3.6/Resources/lib/libgcc_s.1.dylib
0x0000000104a43000 	/Library/Frameworks/R.framework/Versions/3.6/Resources/library/methods/libs/methods.so
0x0000000104a4e000 	/Library/Frameworks/R.framework/Versions/3.6/Resources/library/grDevices/libs/grDevices.so
0x00007fff6ae88000 	/System/Library/PrivateFrameworks/login.framework/Versions/A/login
0x0000000104a9d000 	/Library/Frameworks/R.framework/Versions/3.6/Resources/library/graphics/libs/graphics.so
0x0000000104ae1000 	/Library/Frameworks/R.framework/Versions/3.6/Resources/library/utils/libs/utils.so
0x0000000104af0000 	/Library/Frameworks/R.framework/Versions/3.6/Resources/library/stats/libs/stats.so
0x0000000104bb6000 	/Library/Frameworks/R.framework/Versions/3.6/Resources/lib/libRlapack.dylib
0x0000000104de3000 	/Library/Frameworks/R.framework/Versions/3.6/Resources/library/fansi/libs/fansi.so
0x0000000102d9a000 	/Library/Frameworks/R.framework/Versions/3.6/Resources/library/glue/libs/glue.so
0x0000000104df5000 	/Library/Frameworks/R.framework/Versions/3.6/Resources/library/tools/libs/tools.so
0x0000000104e0f000 	/Library/Frameworks/R.framework/Versions/3.6/Resources/library/rlang/libs/rlang.so
0x0000000102ebb000 	/Library/Frameworks/R.framework/Versions/3.6/Resources/library/ellipsis/libs/ellipsis.so
0x0000000104e3b000 	/Library/Frameworks/R.framework/Versions/3.6/Resources/library/digest/libs/digest.so
0x0000000104e5d000 	/Library/Frameworks/R.framework/Versions/3.6/Resources/lib/libc++.1.dylib
0x0000000104f2f000 	/Library/Frameworks/R.framework/Versions/3.6/Resources/lib/libc++abi.1.dylib
0x0000000104fa4000 	/Library/Frameworks/R.framework/Versions/3.6/Resources/library/processx/libs/processx.so
0x0000000104fb6000 	/Library/Frameworks/R.framework/Versions/3.6/Resources/library/ps/libs/ps.so
0x0000000104fc9000 	/Library/Frameworks/R.framework/Versions/3.6/Resources/library/pkgload/libs/pkgload.so
0x0000000104fcd000 	/Library/Frameworks/R.framework/Versions/3.6/Resources/library/backports/libs/backports.so
0x0000000104fd1000 	/Library/Frameworks/R.framework/Versions/3.6/Resources/library/testthat/libs/testthat.so
0x000000010508a000 	/Library/Frameworks/R.framework/Versions/3.6/Resources/library/fs/libs/fs.so
0x00000001050c5000 	/Library/Frameworks/R.framework/Versions/3.6/Resources/library/curl/libs/curl.so
0x00007fff6ebd1000 	/usr/lib/libcurl.4.dylib
0x00007fff6ea56000 	/usr/lib/libcrypto.44.dylib
0x00007fff70201000 	/usr/lib/libssl.46.dylib
0x00007fff3b836000 	/System/Library/Frameworks/LDAP.framework/Versions/A/LDAP
0x00007fff67f25000 	/System/Library/PrivateFrameworks/TrustEvaluationAgent.framework/Versions/A/TrustEvaluationAgent
0x00007fff6ff0e000 	/usr/lib/libsasl2.2.dylib
0x00007fff4eb0b000 	/System/Library/PrivateFrameworks/CoreDaemon.framework/Versions/B/CoreDaemon
0x00007fff4ad43000 	/System/Library/PrivateFrameworks/AppleSRP.framework/Versions/A/AppleSRP
0x00007fff70303000 	/usr/lib/libusrtcp.dylib
0x00000001050dd000 	/Library/Frameworks/R.framework/Versions/3.6/Resources/library/vctrs/libs/vctrs.so
0x0000000105134000 	/Library/Frameworks/R.framework/Versions/3.6/Resources/library/tibble/libs/tibble.so
0x000000010513a000 	/Library/Frameworks/R.framework/Versions/3.6/Resources/library/purrr/libs/purrr.so
0x0000000105144000 	/Library/Frameworks/R.framework/Versions/3.6/Resources/library/dplyr/libs/dplyr.so
0x0000000105152000 	/Library/Frameworks/R.framework/Versions/3.6/Resources/library/stringi/libs/stringi.so
0x0000000107187000 	/Library/Frameworks/R.framework/Versions/3.6/Resources/library/grid/libs/grid.so
0x00000001071af000 	/Library/Frameworks/R.framework/Versions/3.6/Resources/library/colorspace/libs/colorspace.so
0x00000001071c1000 	/Library/Frameworks/R.framework/Versions/3.6/Resources/library/jsonlite/libs/jsonlite.so
0x00000001071d4000 	/Library/Frameworks/R.framework/Versions/3.6/Resources/library/Rcpp/libs/Rcpp.so
0x0000000107265000 	/Library/Frameworks/R.framework/Versions/3.6/Resources/library/magick/libs/magick.so
0x0000000108fa8000 	/Library/Frameworks/R.framework/Versions/3.6/Resources/library/lattice/libs/lattice.so
0x0000000108fad000 	/Library/Frameworks/R.framework/Versions/3.6/Resources/library/hexbin/libs/hexbin.so
0x0000000108fb2000 	/Library/Frameworks/R.framework/Versions/3.6/Resources/library/sysfonts/libs/sysfonts.so
0x0000000108fb7000 	/opt/X11/lib/libfreetype.6.dylib
0x00000001091f1000 	/Library/Frameworks/R.framework/Versions/3.6/Resources/library/showtext/libs/showtext.so
0x00000001096eb000 	/Library/Frameworks/R.framework/Versions/3.6/Resources/library/MASS/libs/MASS.so
0x00000001096f5000 	/Library/Frameworks/R.framework/Versions/3.6/Resources/library/readr/libs/readr.so
0x00000001097b2000 	/Library/Frameworks/R.framework/Versions/3.6/Resources/library/readr/rcon/librcon.so
0x00000001097b6000 	/Library/Frameworks/R.framework/Versions/3.6/Resources/library/qpdf/libs/qpdf.so
0x0000000109972000 	/Library/Frameworks/R.framework/Versions/3.6/Resources/library/pdftools/libs/pdftools.so
0x0000000109dd2000 	/Library/Frameworks/R.framework/Versions/3.6/Resources/library/splines/libs/splines.so
0x0000000109dd7000 	/Library/Frameworks/R.framework/Versions/3.6/Resources/library/Matrix/libs/Matrix.so
0x0000000109ebb000 	/Library/Frameworks/R.framework/Versions/3.6/Resources/library/survival/libs/survival.so
0x0000000109f00000 	/Library/Frameworks/R.framework/Versions/3.6/Resources/library/base64enc/libs/base64enc.so
0x0000000109f07000 	/Library/Frameworks/R.framework/Versions/3.6/Resources/library/png/libs/png.so
0x0000000109f48000 	/Library/Frameworks/R.framework/Versions/3.6/Resources/library/jpeg/libs/jpeg.so
0x0000000109f91000 	/Library/Frameworks/R.framework/Versions/3.6/Resources/library/cluster/libs/cluster.so
0x0000000109fa6000 	/Library/Frameworks/R.framework/Versions/3.6/Resources/library/foreign/libs/foreign.so
0x0000000109fc5000 	/Library/Frameworks/R.framework/Versions/3.6/Resources/library/nnet/libs/nnet.so
0x0000000109fce000 	/Library/Frameworks/R.framework/Versions/3.6/Resources/library/rpart/libs/rpart.so
0x0000000109fe2000 	/Library/Frameworks/R.framework/Versions/3.6/Resources/library/checkmate/libs/checkmate.so
0x0000000109ff5000 	/Library/Frameworks/R.framework/Versions/3.6/Resources/library/htmltools/libs/htmltools.so
0x0000000109ff9000 	/Library/Frameworks/R.framework/Versions/3.6/Resources/library/xfun/libs/xfun.so
0x0000000109ffe000 	/Library/Frameworks/R.framework/Versions/3.6/Resources/library/data.table/libs/datatable.so
0x000000010a083000 	/Library/Frameworks/R.framework/Versions/3.6/Resources/library/Hmisc/libs/Hmisc.so
0x000000010a08c000 	/Library/Frameworks/R.framework/Versions/3.6/Resources/library/gmp/libs/gmp.so
0x000000010a10d000 	/Library/Frameworks/R.framework/Versions/3.6/Resources/library/lubridate/libs/lubridate.so
0x000000010a14b000 	/Library/Frameworks/R.framework/Versions/3.6/Resources/library/tidyr/libs/tidyr.so
0x000000010a166000 	/Library/Frameworks/R.framework/Versions/3.6/Resources/library/utf8/libs/utf8.so
0x000000010a1b4000 	/Library/Java/JavaVirtualMachines/jdk-14.0.2.jdk/Contents/Home/lib/server/libjvm.dylib
0x000000010af3e000 	/Library/Frameworks/R.framework/Versions/3.6/Resources/library/rJava/libs/rJava.so
0x000000010af52000 	/Library/Java/JavaVirtualMachines/jdk-14.0.2.jdk/Contents/Home/lib/libjimage.dylib
0x000000010af67000 	/Library/Java/JavaVirtualMachines/jdk-14.0.2.jdk/Contents/Home/lib/libjava.dylib
0x000000010af8f000 	/Library/Java/JavaVirtualMachines/jdk-14.0.2.jdk/Contents/Home/lib/libzip.dylib
0x000000012891d000 	/Applications/Xcode.app/Contents/Developer/Toolchains/XcodeDefault.xctoolchain/usr/lib/libclang.dylib
0x000000010ec97000 	/Library/Frameworks/R.framework/Versions/3.6/Resources/modules/internet.so
0x000000010f600000 	/Library/Frameworks/R.framework/Versions/3.6/Resources/library/haven/libs/haven.so
0x000000010f685000 	/Library/Frameworks/R.framework/Versions/3.6/Resources/library/readxl/libs/readxl.so
0x000000010edb8000 	/Library/Frameworks/R.framework/Versions/3.6/Resources/library/xml2/libs/xml2.so
0x000000010f6e3000 	/Library/Frameworks/R.framework/Versions/3.6/Resources/library/RMySQL/libs/RMySQL.so
0x000000010edd3000 	/Library/Java/JavaVirtualMachines/jdk-14.0.2.jdk/Contents/Home/lib/libnio.dylib
0x000000010ede6000 	/Library/Java/JavaVirtualMachines/jdk-14.0.2.jdk/Contents/Home/lib/libnet.dylib
0x000000010f9ce000 	/Library/Java/JavaVirtualMachines/jdk-14.0.2.jdk/Contents/Home/lib/libextnet.dylib
0x000000010f9d5000 	/Library/Frameworks/R.framework/Versions/3.6/Resources/library/triebeard/libs/triebeard.so
0x000000010fa25000 	/Library/Frameworks/R.framework/Versions/3.6/Resources/library/urltools/libs/urltools.so


VM Arguments:
jvm_args: -Djava.awt.headless=true -Xmx512m -Xrs vfprintf exit -Xss2m 
java_command: <unknown>
java_class_path (initial): /Library/Frameworks/R.framework/Versions/3.6/Resources/library/rJava/java/boot
Launcher Type: generic

[Global flags]
     intx CICompilerCount                          = 3                                         {product} {ergonomic}
     uint ConcGCThreads                            = 1                                         {product} {ergonomic}
     uint G1ConcRefinementThreads                  = 4                                         {product} {ergonomic}
   size_t G1HeapRegionSize                         = 1048576                                   {product} {ergonomic}
    uintx GCDrainStackTargetSize                   = 64                                        {product} {ergonomic}
   size_t InitialHeapSize                          = 268435456                                 {product} {ergonomic}
   size_t MarkStackSize                            = 4194304                                   {product} {ergonomic}
   size_t MaxHeapSize                              = 536870912                                 {product} {command line}
   size_t MaxNewSize                               = 321912832                                 {product} {ergonomic}
   size_t MinHeapDeltaBytes                        = 1048576                                   {product} {ergonomic}
   size_t MinHeapSize                              = 8388608                                   {product} {ergonomic}
    uintx NonNMethodCodeHeapSize                   = 5832780                                {pd product} {ergonomic}
    uintx NonProfiledCodeHeapSize                  = 122912730                              {pd product} {ergonomic}
    uintx ProfiledCodeHeapSize                     = 122912730                              {pd product} {ergonomic}
     bool ReduceSignalUsage                        = true                                      {product} {command line}
    uintx ReservedCodeCacheSize                    = 251658240                              {pd product} {ergonomic}
     bool SegmentedCodeCache                       = true                                      {product} {ergonomic}
   size_t SoftMaxHeapSize                          = 536870912                              {manageable} {ergonomic}
     intx ThreadStackSize                          = 2048                                   {pd product} {command line}
     bool UseCompressedClassPointers               = true                                 {lp64_product} {ergonomic}
     bool UseCompressedOops                        = true                                 {lp64_product} {ergonomic}
     bool UseG1GC                                  = true                                      {product} {ergonomic}

Logging:
Log output configuration:
 #0: stdout all=warning uptime,level,tags
 #1: stderr all=off uptime,level,tags

Environment Variables:
PATH=/usr/bin:/bin:/usr/sbin:/sbin:/Applications/RStudio.app/Contents/MacOS/rpostback:/Applications/RStudio.app/Contents/MacOS/postback:/usr/local/bin:/Users/meerapatel/Library/Python/2.7/bin:/Library/TeX/texbin:/opt/X11/bin:/Library/Apple/usr/bin:/Applications/Postgres.app/Contents/Versions/latest/bin:/opt/local/bin
SHELL=/bin/zsh
DISPLAY=/private/tmp/com.apple.launchd.B7JF8H5ucJ/org.macosforge.xquartz:0
DYLD_LIBRARY_PATH=/Library/Java/JavaVirtualMachines/jdk-14.0.2.jdk/Contents/Home/lib/server
DYLD_FALLBACK_LIBRARY_PATH=/Library/Frameworks/R.framework/Resources/lib:/Users/meerapatel/lib:/usr/local/lib:/usr/lib:::/lib:/Library/Java/JavaVirtualMachines/openjdk-13.jdk/Contents/Home/lib/server

Signal Handlers:
SIGSEGV: [libjvm.dylib+0x7415b8], sa_mask[0]=11111111011111110111111111111111, sa_flags=SA_ONSTACK|SA_RESTART|SA_SIGINFO
SIGBUS: [libjvm.dylib+0x7415b8], sa_mask[0]=11111111011111110111111111111111, sa_flags=SA_RESTART|SA_SIGINFO
SIGFPE: [libjvm.dylib+0x7415b8], sa_mask[0]=11111111011111110111111111111111, sa_flags=SA_RESTART|SA_SIGINFO
SIGPIPE: SIG_IGN, sa_mask[0]=00000000000000000000000000000000, sa_flags=SA_RESTART
SIGXFSZ: [libjvm.dylib+0x5eb4b1], sa_mask[0]=11111111011111110111111111111111, sa_flags=SA_RESTART|SA_SIGINFO
SIGILL: [libjvm.dylib+0x7415b8], sa_mask[0]=11111111011111110111111111111111, sa_flags=SA_RESTART|SA_SIGINFO
SIGUSR2: SIG_IGN, sa_mask[0]=00000000000000000000000000000000, sa_flags=none
SIGHUP: SIG_DFL, sa_mask[0]=00000000000000000000000000000000, sa_flags=none
SIGINT: [rsession+0x1053c0], sa_mask[0]=00000000000000000000000000000000, sa_flags=SA_RESTART
SIGTERM: SIG_DFL, sa_mask[0]=00000000000000000000000000000000, sa_flags=none
SIGQUIT: SIG_DFL, sa_mask[0]=00000000000000000000000000000000, sa_flags=none


---------------  S Y S T E M  ---------------

OS:uname:Darwin 19.6.0 Darwin Kernel Version 19.6.0: Sun Jul  5 00:43:10 PDT 2020; root:xnu-6153.141.1~9/RELEASE_X86_64 x86_64
OS uptime: 6 days 5:11 hours
rlimit: STACK 8192k, CORE 0k, NPROC 2784, NOFILE 12544, AS infinity, DATA infinity, FSIZE infinity
load average:2.90 2.56 2.48

CPU:total 4 (initial active 4) (2 cores per cpu, 2 threads per core) family 6 model 142 stepping 9, cmov, cx8, fxsr, mmx, sse, sse2, sse3, ssse3, sse4.1, sse4.2, popcnt, avx, avx2, aes, clmul, erms, rtm, 3dnowpref, lzcnt, ht, tsc, tscinvbit, bmi1, bmi2, adx, fma

Memory: 4k page, physical 16777216k(20476k free), swap 2097152k(1613568k free)

vm_info: Java HotSpot(TM) 64-Bit Server VM (14.0.2+12-46) for bsd-amd64 JRE (14.0.2+12-46), built on Jul  8 2020 23:32:31 by "mach5one" with clang 4.2.1 Compatible Apple LLVM 10.0.0 (clang-1000.11.45.5)

END.
