#
# A fatal error has been detected by the Java Runtime Environment:
#
#  SIGBUS (0xa) at pc=0x000000012819c581, pid=1397, tid=775
#
# JRE version: Java(TM) SE Runtime Environment (14.0.2+12) (build 14.0.2+12-46)
# Java VM: Java HotSpot(TM) 64-Bit Server VM (14.0.2+12-46, mixed mode, sharing, tiered, compressed oops, g1 gc, bsd-amd64)
# Problematic frame:
# J 663 c2 java.lang.StringLatin1.inflate([BI[CII)V java.base@14.0.2 (34 bytes) @ 0x000000012819c581 [0x000000012819c420+0x0000000000000161]
#
# No core dump will be written. Core dumps have been disabled. To enable core dumping, try "ulimit -c unlimited" before starting Java again
#
# If you would like to submit a bug report, please visit:
#   https://bugreport.java.com/bugreport/crash.jsp
#

---------------  S U M M A R Y ------------

Command Line: -Djava.awt.headless=true -Xmx512m -Xrs vfprintf exit -Xss2m 

Host: MacBookPro14,1 x86_64 2300 MHz, 4 cores, 16G, Darwin 19.6.0
Time: Thu Sep 17 17:11:16 2020 EDT elapsed time: 59 seconds (0d 0h 0m 59s)

---------------  T H R E A D  ---------------

Current thread (0x00007fba9fba1800):  JavaThread "main" [_thread_in_Java, id=775, stack(0x00007ffee111d000,0x00007ffee191d000)]

Stack: [0x00007ffee111d000,0x00007ffee191d000],  sp=0x00007ffee19115c0,  free space=8145k
Native frames: (J=compiled Java code, A=aot compiled Java code, j=interpreted, Vv=VM code, C=native code)
J 663 c2 java.lang.StringLatin1.inflate([BI[CII)V java.base@14.0.2 (34 bytes) @ 0x000000012819c581 [0x000000012819c420+0x0000000000000161]
J 661 c1 org.postgresql.jdbc.TimestampUtils.parseBackendTimestamp(Ljava/lang/String;)Lorg/postgresql/jdbc/TimestampUtils$ParsedTimestamp; (807 bytes) @ 0x0000000120d72e84 [0x0000000120d72bc0+0x00000000000002c4]
J 648 c1 org.postgresql.jdbc.TimestampUtils.toTimestamp(Ljava/util/Calendar;Ljava/lang/String;)Ljava/sql/Timestamp; (210 bytes) @ 0x0000000120d6773c [0x0000000120d67340+0x00000000000003fc]
J 625 c1 org.postgresql.jdbc.PgResultSet.getTimestamp(ILjava/util/Calendar;)Ljava/sql/Timestamp; (266 bytes) @ 0x0000000120d5a2e4 [0x0000000120d59b60+0x0000000000000784]
J 705% c1 org.ohdsi.databaseConnector.BatchedQuery.fetchBatch()V (335 bytes) @ 0x0000000120d9188c [0x0000000120d90040+0x000000000000184c]
v  ~StubRoutines::call_stub
V  [libjvm.dylib+0x34b6f6]  JavaCalls::call_helper(JavaValue*, methodHandle const&, JavaCallArguments*, Thread*)+0x256
V  [libjvm.dylib+0x386d9e]  jni_invoke_nonstatic(JNIEnv_*, JavaValue*, _jobject*, JNICallType, _jmethodID*, JNI_ArgumentPusher*, Thread*)+0x27b
V  [libjvm.dylib+0x38ba83]  jni_CallVoidMethodA+0x12c
C  [rJava.so+0x3d54]  RcallMethod+0x4c4
C  [libR.dylib+0x8272c]  do_External+0x12c
C  [libR.dylib+0xbbc61]  bcEval+0x6be1
C  [libR.dylib+0xb494d]  Rf_eval+0x1bd
C  [libR.dylib+0xd3209]  R_execClosure+0x869
C  [libR.dylib+0xd210a]  Rf_applyClosure+0x15a
C  [libR.dylib+0xbbd71]  bcEval+0x6cf1
C  [libR.dylib+0xb494d]  Rf_eval+0x1bd
C  [libR.dylib+0xd3209]  R_execClosure+0x869
C  [libR.dylib+0xd210a]  Rf_applyClosure+0x15a
C  [libR.dylib+0x117675]  dispatchMethod+0x2f5
C  [libR.dylib+0x117232]  Rf_usemethod+0x1e2
C  [libR.dylib+0x117926]  do_usemethod+0x286
C  [libR.dylib+0xbc369]  bcEval+0x72e9
C  [libR.dylib+0xb494d]  Rf_eval+0x1bd
C  [libR.dylib+0xd3209]  R_execClosure+0x869
C  [libR.dylib+0xd210a]  Rf_applyClosure+0x15a
C  [libR.dylib+0xbbd71]  bcEval+0x6cf1
C  [libR.dylib+0xb494d]  Rf_eval+0x1bd
C  [libR.dylib+0xd3209]  R_execClosure+0x869
C  [libR.dylib+0xd3f43]  R_execMethod+0x263
C  [methods.so+0x28e7]  R_dispatchGeneric+0x997
C  [libR.dylib+0x119ec3]  do_standardGeneric+0x2a3
C  [libR.dylib+0xbbc61]  bcEval+0x6be1
C  [libR.dylib+0xb494d]  Rf_eval+0x1bd
C  [libR.dylib+0xd3209]  R_execClosure+0x869
C  [libR.dylib+0xd210a]  Rf_applyClosure+0x15a
C  [libR.dylib+0xbbd71]  bcEval+0x6cf1
C  [libR.dylib+0xb494d]  Rf_eval+0x1bd
C  [libR.dylib+0xd3209]  R_execClosure+0x869
C  [libR.dylib+0xd210a]  Rf_applyClosure+0x15a
C  [libR.dylib+0xbbd71]  bcEval+0x6cf1
C  [libR.dylib+0xb494d]  Rf_eval+0x1bd
C  [libR.dylib+0xd3209]  R_execClosure+0x869
C  [libR.dylib+0xd210a]  Rf_applyClosure+0x15a
C  [libR.dylib+0xb4e7d]  Rf_eval+0x6ed
C  [libR.dylib+0xd6bc6]  do_eval+0x286
C  [libR.dylib+0xbc186]  bcEval+0x7106
C  [libR.dylib+0xb494d]  Rf_eval+0x1bd
C  [libR.dylib+0xd3209]  R_execClosure+0x869
C  [libR.dylib+0xd210a]  Rf_applyClosure+0x15a
C  [libR.dylib+0xbbd71]  bcEval+0x6cf1
C  [libR.dylib+0xb494d]  Rf_eval+0x1bd
C  [libR.dylib+0xd3209]  R_execClosure+0x869
C  [libR.dylib+0xd210a]  Rf_applyClosure+0x15a
C  [libR.dylib+0xb4e7d]  Rf_eval+0x6ed
C  [libR.dylib+0xd641d]  do_set+0x84d
C  [libR.dylib+0xb4b40]  Rf_eval+0x3b0
C  [libR.dylib+0x10506a]  Rf_ReplIteration+0x31a
C  [libR.dylib+0x10658f]  run_Rmainloop+0xcf
C  [rsession+0x7c7600]  rstudio::r::session::runEmbeddedR(rstudio::core::FilePath const&, rstudio::core::FilePath const&, bool, bool, SA_TYPE, rstudio::r::session::Callbacks const&, rstudio::r::session::InternalCallbacks*)+0x1a0
C  [rsession+0x7a8c9e]  rstudio::r::session::run(rstudio::r::session::ROptions const&, rstudio::r::session::RCallbacks const&)+0xbae
C  [rsession+0xf650c]  main+0x4afc
C  [libdyld.dylib+0x1acc9]  start+0x1


siginfo: si_signo: 10 (SIGBUS), si_code: 2 (BUS_ADRERR), si_addr: 0x00000001386abba8

Register to memory mapping:

RAX=0x0000000000000036 is an unknown value
RBX=0x0000000000000013 is an unknown value
RCX=0x00000007e101a910 is an oop: [C 
{0x00000007e101a910} - klass: {type array char}
 - length: 19
RDX=0x0 is NULL
RSP=0x00007ffee19115c0 is pointing into the stack for thread: 0x00007fba9fba1800
RBP=0x0000000000000011 is an unknown value
RSI=0x00000007e101a8e8 is an oop: [B 
{0x00000007e101a8e8} - klass: {type array byte}
 - length: 19
RDI=0x0000000000000010 is an unknown value
R8 =0x0 is NULL
R9 =0x0000000000000011 is an unknown value
R10=0x000000010f80c008 is an unknown value
R11=0x0000000000000011 is an unknown value
R12=0x0 is NULL
R13=0x000000000000000d is an unknown value
R14=0x0000000000000010 is an unknown value
R15=0x00007fba9fba1800 is a thread


Registers:
RAX=0x0000000000000036, RBX=0x0000000000000013, RCX=0x00000007e101a910, RDX=0x0000000000000000
RSP=0x00007ffee19115c0, RBP=0x0000000000000011, RSI=0x00000007e101a8e8, RDI=0x0000000000000010
R8 =0x0000000000000000, R9 =0x0000000000000011, R10=0x000000010f80c008, R11=0x0000000000000011
R12=0x0000000000000000, R13=0x000000000000000d, R14=0x0000000000000010, R15=0x00007fba9fba1800
RIP=0x000000012819c581, EFLAGS=0x0000000000000216, ERR=0x00000000020000b8
  TRAPNO=0x0000000000000085

Top of Stack: (sp=0x00007ffee19115c0)
0x00007ffee19115c0:   00000001173af9cc 00000007e101a590
0x00007ffee19115d0:   0000000000000000 00000007e2a20778
0x00007ffee19115e0:   0000000132ce0798 00007fba9fba1800
0x00007ffee19115f0:   00007ffee1911680 00000001206ee477
0x00007ffee1911600:   00007fba9fba1800 0000000132ce0798
0x00007ffee1911610:   00007ffee1911c10 0000000120d72e84
0x00007ffee1911620:   00000007e101a5a0 00000001206ee2e0
0x00007ffee1911630:   000000080030d3f8 0000000000061a7f
0x00007ffee1911640:   00000007e101a508 00000007e101a5c8
0x00007ffee1911650:   00007ffee1911680 00007ffee1911680
0x00007ffee1911660:   00000007e101a590 0000000000000000
0x00007ffee1911670:   000000000000000d 00000000fffe0002
0x00007ffee1911680:   000000000000000d 000000012819debd
0x00007ffee1911690:   00000007e101a4d0 000000080030d3f8
0x00007ffee19116a0:   00000174938e0018 0000000120d44e16
0x00007ffee19116b0:   000000000000001f 00000007e0117298
0x00007ffee19116c0:   00007ffee1911c10 0000000120d5d41c
0x00007ffee19116d0:   0000000100000001 00000001173b84df
0x00007ffee19116e0:   00007ffee1911c10 00000007e101a910
0x00007ffee19116f0:   00000007e101a8d0 00000007e0116c58
0x00007ffee1911700:   0000000117a01e98 00000007e101a3f0
0x00007ffee1911710:   00000007e101a360 00000007e0186718
0x00007ffee1911720:   0000000000000004 0000002d00000004
0x00007ffee1911730:   00007ffee1911c10 0000000120d39144
0x00007ffee1911740:   00007fba00000285 00007ffee1911868
0x00007ffee1911750:   00007fbaa71a35d8 0000000a00000020
0x00007ffee1911760:   0000000a00000008 0000000b00000032
0x00007ffee1911770:   0000000d0000003a 000000000000000d
0x00007ffee1911780:   00000007e2a20778 0001ffff00000000
0x00007ffee1911790:   0000000000000028 000000100000003a
0x00007ffee19117a0:   00000007e2a206c0 000000020000001f
0x00007ffee19117b0:   000000077fffffff 00000007e101a3f0 

Instructions: (pc=0x000000012819c581)
0x000000012819c481:   d9 45 3b da 45 0f 4c da 45 3b d9 45 0f 4f d9 33
0x000000012819c491:   ff 45 33 d2 03 fa 3b fb 0f 83 ad 01 00 00 0f b6
0x000000012819c4a1:   6c 3e 10 49 63 fa 48 03 f8 66 89 6c 79 10 41 ff
0x000000012819c4b1:   c2 45 3b d3 7d 05 41 8b fa eb d9 8b fb 2b fa 45
0x000000012819c4c1:   8b d9 41 ff cb 8b c7 ff c8 83 c7 fe bd 00 00 00
0x000000012819c4d1:   80 45 3b cb 44 0f 4c dd 44 3b d8 44 0f 4f d8 45
0x000000012819c4e1:   8b f3 41 83 c6 fe 45 3b de 44 0f 4c f5 44 3b f7
0x000000012819c4f1:   44 0f 4f f7 45 3b d6 0f 8d 9a 01 00 00 45 8b da
0x000000012819c501:   e9 8b 00 00 00 66 66 0f 1f 84 00 00 00 00 00 45
0x000000012819c511:   8b d3 c4 c1 79 7e c9 41 8b eb 41 03 e8 44 03 d2
0x000000012819c521:   44 3b d3 0f 83 cc 00 00 00 c4 c1 79 6e c9 46 0f
0x000000012819c531:   b6 4c 16 10 66 44 89 4c 69 10 45 8b cb 44 03 ca
0x000000012819c541:   4c 63 ed 49 63 c1 44 0f b6 54 06 11 66 46 89 54
0x000000012819c551:   69 12 44 0f b6 54 06 13 0f b6 44 06 12 66 42 89
0x000000012819c561:   44 69 14 66 46 89 54 69 16 41 83 c3 04 44 3b df
0x000000012819c571:   7c 9d 4d 8b 97 10 01 00 00 83 c5 04 41 83 c1 04
0x000000012819c581:   41 85 02 45 3b de 7d 25 45 8b d3 c4 c1 79 7e c9
0x000000012819c591:   41 8b fe 41 2b fb b8 a0 0f 00 00 3b f8 bd a0 0f
0x000000012819c5a1:   00 00 0f 4f fd 41 03 fb e9 6a ff ff ff c4 c1 79
0x000000012819c5b1:   7e c9 45 3b d9 7d 2e 45 8b d3 90 41 8b ea 41 03
0x000000012819c5c1:   e8 44 03 da 44 3b db 0f 83 d2 00 00 00 42 0f b6
0x000000012819c5d1:   7c 1e 10 66 89 7c 69 10 41 ff c2 45 3b d1 7d 05
0x000000012819c5e1:   45 8b da eb d6 48 83 c4 50 5d 4d 8b 97 10 01 00
0x000000012819c5f1:   00 41 85 02 c3 8b dd ff c3 45 8b c2 41 ff c0 41
0x000000012819c601:   8b d3 45 8b da 44 8b d2 44 89 4c 24 10 48 89 4c
0x000000012819c611:   24 18 48 89 74 24 20 44 89 5c 24 14 44 89 44 24
0x000000012819c621:   28 89 5c 24 2c 44 89 54 24 30 be e4 ff ff ff 66
0x000000012819c631:   66 90 e8 48 e7 54 f8 48 bf b5 a2 8d 17 01 00 00
0x000000012819c641:   00 48 83 e4 f0 e8 e5 8f 4a ef f4 41 8b ea 41 03
0x000000012819c651:   e8 44 8b c7 41 ff c0 8b dd ff c3 45 8b da 44 8b
0x000000012819c661:   d7 eb 9c 48 8b ee 89 14 24 48 89 4c 24 08 44 89
0x000000012819c671:   44 24 04 44 89 4c 24 14 be 76 ff ff ff 90 e8 fc 


Stack slot to memory mapping:
stack at sp + 0 slots: 0x00000001173af9cc: _ZN12G1BarrierSet10invalidateE9MemRegion+0 in /Library/Java/JavaVirtualMachines/jdk-14.0.2.jdk/Contents/Home/lib/server/libjvm.dylib at 0x000000011711a000
stack at sp + 1 slots: 0x00000007e101a590 is an oop: [Ljava.lang.String; 
{0x00000007e101a590} - klass: 'java/lang/String'[]
 - length: 13
stack at sp + 2 slots: 0x0 is NULL
stack at sp + 3 slots: 0x00000007e2a20778 is an oop: java.util.GregorianCalendar 
{0x00000007e2a20778} - klass: 'java/util/GregorianCalendar'
stack at sp + 4 slots: 0x0000000132ce0798 is pointing into metadata
stack at sp + 5 slots: 0x00007fba9fba1800 is a thread
stack at sp + 6 slots: 0x00007ffee1911680 is pointing into the stack for thread: 0x00007fba9fba1800
stack at sp + 7 slots: 0x00000001206ee477 is at begin+407 in a stub
StubRoutines::oop_disjoint_arraycopy [0x00000001206ee2e0, 0x00000001206ee51b] (571 bytes)

--------------------------------------------------------------------------------
[Constant Pool (empty)]

--------------------------------------------------------------------------------

[MachCode]
  0x000000012819c420: 8984 2400 | c0fe ff55 | 4883 ec50 | 4585 c90f | 8eb1 0100 | 008b 5e0c | 448b 590c | 453b c30f 
  0x000000012819c440: 831f 0200 | 004d 63d3 | 4d63 d949 | 63c0 4c03 | d849 ffcb | 4d3b da0f | 8307 0200 | 0041 bbff 
  0x000000012819c460: ffff ff44 | 2bda 41ba | feff ffff | 442b d2bd | 0100 0000 | 443b dd44 | 0f4c dd45 | 3bd9 450f 
  0x000000012819c480: 4fd9 453b | da45 0f4c | da45 3bd9 | 450f 4fd9 | 33ff 4533 | d203 fa3b | fb0f 83ad | 0100 000f 
  0x000000012819c4a0: b66c 3e10 | 4963 fa48 | 03f8 6689 | 6c79 1041 | ffc2 453b | d37d 0541 | 8bfa ebd9 | 8bfb 2bfa 
  0x000000012819c4c0: 458b d941 | ffcb 8bc7 | ffc8 83c7 | febd 0000 | 0080 453b | cb44 0f4c | dd44 3bd8 | 440f 4fd8 
  0x000000012819c4e0: 458b f341 | 83c6 fe45 | 3bde 440f | 4cf5 443b | f744 0f4f | f745 3bd6 | 0f8d 9a01 | 0000 458b 
  0x000000012819c500: dae9 8b00 | 0000 6666 | 0f1f 8400 | 0000 0000 | 458b d3c4 | c179 7ec9 | 418b eb41 | 03e8 4403 
  0x000000012819c520: d244 3bd3 | 0f83 cc00 | 0000 c4c1 | 796e c946 | 0fb6 4c16 | 1066 4489 | 4c69 1045 | 8bcb 4403 
  0x000000012819c540: ca4c 63ed | 4963 c144 | 0fb6 5406 | 1166 4689 | 5469 1244 | 0fb6 5406 | 130f b644 | 0612 6642 
  0x000000012819c560: 8944 6914 | 6646 8954 | 6916 4183 | c304 443b | df7c 9d4d | 8b97 1001 | 0000 83c5 | 0441 83c1 
  0x000000012819c580: 0441 8502 | 453b de7d | 2545 8bd3 | c4c1 797e | c941 8bfe | 412b fbb8 | a00f 0000 | 3bf8 bda0 
  0x000000012819c5a0: 0f00 000f | 4ffd 4103 | fbe9 6aff | ffff c4c1 | 797e c945 | 3bd9 7d2e | 458b d390 | 418b ea41 
  0x000000012819c5c0: 03e8 4403 | da44 3bdb | 0f83 d200 | 0000 420f | b67c 1e10 | 6689 7c69 | 1041 ffc2 | 453b d17d 
  0x000000012819c5e0: 0545 8bda | ebd6 4883 | c450 5d4d | 8b97 1001 | 0000 4185 | 02c3 8bdd | ffc3 458b | c241 ffc0 
  0x000000012819c600: 418b d345 | 8bda 448b | d244 894c | 2410 4889 | 4c24 1848 | 8974 2420 | 4489 5c24 | 1444 8944 
  0x000000012819c620: 2428 895c | 242c 4489 | 5424 30be | e4ff ffff | 6666 90e8 | 48e7 54f8 | 48bf b5a2 | 8d17 0100 
  0x000000012819c640: 0000 4883 | e4f0 e8e5 | 8f4a eff4 | 418b ea41 | 03e8 448b | c741 ffc0 | 8bdd ffc3 | 458b da44 
  0x000000012819c660: 8bd7 eb9c | 488b ee89 | 1424 4889 | 4c24 0844 | 8944 2404 | 4489 4c24 | 14be 76ff | ffff 90e8 
  0x000000012819c680: fce6 54f8 | 48bf b5a2 | 8d17 0100 | 0000 4883 | e4f0 e899 | 8f4a eff4 | 458b dae9 | 13ff ffff 
  0x000000012819c6a0: 8bdd ffc3 | 458b c341 | ffc0 e95a | ffff fff4 | f4f4 f4f4 | f4f4 f4f4 | f4f4 f4f4 | f4f4 f4f4 
  0x000000012819c6c0: e93b d956 | f8e8 0000 | 0000 4883 | 2c24 05e9 | cce9 54f8 | f4f4 f4f4 
[/MachCode]
--------------------------------------------------------------------------------


---------------  P R O C E S S  ---------------

Threads class SMR info:
_java_thread_list=0x00007fba91ad7f60, length=11, elements={
0x00007fba9fba1800, 0x00007fbaa8b90000, 0x00007fbaa678f000, 0x00007fbaa0241800,
0x00007fbaa1eea800, 0x00007fbaa695a000, 0x00007fbaa5591000, 0x00007fba8c831800,
0x00007fbaaa8f9000, 0x00007fbaaa8fa000, 0x00007fba8ed5c000
}

Java Threads: ( => current thread )
=>0x00007fba9fba1800 JavaThread "main" [_thread_in_Java, id=775, stack(0x00007ffee111d000,0x00007ffee191d000)]
  0x00007fbaa8b90000 JavaThread "Reference Handler" daemon [_thread_blocked, id=12803, stack(0x000070000bd0f000,0x000070000bf0f000)]
  0x00007fbaa678f000 JavaThread "Finalizer" daemon [_thread_blocked, id=17667, stack(0x000070000bf12000,0x000070000c112000)]
  0x00007fbaa0241800 JavaThread "Attach Listener" daemon [_thread_blocked, id=15875, stack(0x000070000c21b000,0x000070000c41b000)]
  0x00007fbaa1eea800 JavaThread "Service Thread" daemon [_thread_blocked, id=15619, stack(0x000070000c41e000,0x000070000c61e000)]
  0x00007fbaa695a000 JavaThread "C2 CompilerThread0" daemon [_thread_blocked, id=22275, stack(0x000070000c621000,0x000070000c721000)]
  0x00007fbaa5591000 JavaThread "C1 CompilerThread0" daemon [_thread_blocked, id=43011, stack(0x000070000c724000,0x000070000c824000)]
  0x00007fba8c831800 JavaThread "Sweeper thread" daemon [_thread_blocked, id=22787, stack(0x000070000c827000,0x000070000ca27000)]
  0x00007fbaaa8f9000 JavaThread "Notification Thread" daemon [_thread_blocked, id=23043, stack(0x000070000ca2a000,0x000070000cc2a000)]
  0x00007fbaaa8fa000 JavaThread "Common-Cleaner" daemon [_thread_blocked, id=23555, stack(0x000070000cd30000,0x000070000cf30000)]
  0x00007fba8ed5c000 JavaThread "C2 CompilerThread1" daemon [_thread_blocked, id=36611, stack(0x000070000d342000,0x000070000d442000)]

Other Threads:
  0x00007fbaa9ad6000 VMThread "VM Thread" [stack: 0x000070000bc0c000,0x000070000bd0c000] [id=18691] _threads_hazard_ptr=0x00007fba91ad7f60
  0x00007fba9c415000 WatcherThread [stack: 0x000070000cc2d000,0x000070000cd2d000] [id=41475]
  0x00007fbaa04cc000 GCTaskThread "GC Thread#0" [stack: 0x000070000b6fd000,0x000070000b7fd000] [id=11779]
  0x00007fbaa8ba0800 GCTaskThread "GC Thread#1" [stack: 0x000070000d039000,0x000070000d139000] [id=14631]
  0x00007fba9413c800 GCTaskThread "GC Thread#2" [stack: 0x000070000d13c000,0x000070000d23c000] [id=37123]
  0x00007fba940db800 GCTaskThread "GC Thread#3" [stack: 0x000070000d23f000,0x000070000d33f000] [id=25347]
  0x00007fbaaa3fb000 ConcurrentGCThread "G1 Main Marker" [stack: 0x000070000b800000,0x000070000b900000] [id=20995]
  0x00007fbaaa108000 ConcurrentGCThread "G1 Conc#0" [stack: 0x000070000b903000,0x000070000ba03000] [id=20227]
  0x00007fbaa7f4e800 ConcurrentGCThread "G1 Refine#0" [stack: 0x000070000ba06000,0x000070000bb06000] [id=19715]
  0x00007fbaaa098000 ConcurrentGCThread "G1 Young RemSet Sampling" [stack: 0x000070000bb09000,0x000070000bc09000] [id=19203]

Threads with active compile tasks:
C2 CompilerThread0    59868  680       4       java.text.SimpleDateFormat::subFormat (1264 bytes)
C2 CompilerThread1    59868  681       4       java.util.Calendar::getDisplayName (165 bytes)

VM state:synchronizing (normal execution)

VM Mutex/Monitor currently owned by a thread:  ([mutex/lock_event])
[0x00007fbaa71989d0] Threads_lock - owner thread: 0x00007fbaa9ad6000
[0x00007fbaa7164f30] Heap_lock - owner thread: 0x00007fbaaa3fb000

Heap address: 0x00000007e0000000, size: 512 MB, Compressed Oops mode: Zero based, Oop shift amount: 3
Narrow klass base: 0x0000000800000000, Narrow klass shift: 3
Compressed class space size: 1073741824 Address: 0x0000000800b05000

Heap:
 garbage-first heap   total 20480K, used 8754K [0x00000007e0000000, 0x0000000800000000)
  region size 1024K, 2 young (2048K), 1 survivors (1024K)
 Metaspace       used 2992K, capacity 6121K, committed 6272K, reserved 1056768K
  class space    used 271K, capacity 595K, committed 640K, reserved 1048576K
Heap Regions: E=young(eden), S=young(survivor), O=old, HS=humongous(starts), HC=humongous(continues), CS=collection set, F=free, OA=open archive, CA=closed archive, TAMS=top-at-mark-start (previous, next)
|   0|0x00000007e0000000, 0x00000007e0079b18, 0x00000007e0100000| 47%| O|  |TAMS 0x00000007e0000000, 0x00000007e0079b18| Untracked 
|   1|0x00000007e0100000, 0x00000007e0199528, 0x00000007e0200000| 59%| O|  |TAMS 0x00000007e0100000, 0x00000007e0199528| Untracked 
|   2|0x00000007e0200000, 0x00000007e02dec20, 0x00000007e0300000| 87%| O|  |TAMS 0x00000007e0200000, 0x00000007e02dec20| Untracked 
|   3|0x00000007e0300000, 0x00000007e0400000, 0x00000007e0400000|100%| O|  |TAMS 0x00000007e0300000, 0x00000007e0400000| Untracked 
|   4|0x00000007e0400000, 0x00000007e0500000, 0x00000007e0500000|100%| O|  |TAMS 0x00000007e0400000, 0x00000007e0500000| Untracked 
|   5|0x00000007e0500000, 0x00000007e0600000, 0x00000007e0600000|100%| O|  |TAMS 0x00000007e0500000, 0x00000007e0600000| Untracked 
|   6|0x00000007e0600000, 0x00000007e0700000, 0x00000007e0700000|100%| O|  |TAMS 0x00000007e0600000, 0x00000007e0632c00| Untracked 
|   7|0x00000007e0700000, 0x00000007e07f9c00, 0x00000007e0800000| 97%| O|  |TAMS 0x00000007e0700000, 0x00000007e0700000| Untracked 
|   8|0x00000007e0800000, 0x00000007e0800000, 0x00000007e0900000|  0%| F|  |TAMS 0x00000007e0800000, 0x00000007e0800000| Untracked 
|   9|0x00000007e0900000, 0x00000007e0900000, 0x00000007e0a00000|  0%| F|  |TAMS 0x00000007e0900000, 0x00000007e0900000| Untracked 
|  10|0x00000007e0a00000, 0x00000007e0a00000, 0x00000007e0b00000|  0%| F|  |TAMS 0x00000007e0a00000, 0x00000007e0a00000| Untracked 
|  11|0x00000007e0b00000, 0x00000007e0b00000, 0x00000007e0c00000|  0%| F|  |TAMS 0x00000007e0b00000, 0x00000007e0b00000| Untracked 
|  12|0x00000007e0c00000, 0x00000007e0c00000, 0x00000007e0d00000|  0%| F|  |TAMS 0x00000007e0c00000, 0x00000007e0c00000| Untracked 
|  13|0x00000007e0d00000, 0x00000007e0d00000, 0x00000007e0e00000|  0%| F|  |TAMS 0x00000007e0d00000, 0x00000007e0d00000| Untracked 
|  14|0x00000007e0e00000, 0x00000007e0e89080, 0x00000007e0f00000| 53%| S|CS|TAMS 0x00000007e0e00000, 0x00000007e0e00000| Complete 
|  15|0x00000007e0f00000, 0x00000007e0f00000, 0x00000007e1000000|  0%| F|  |TAMS 0x00000007e0f00000, 0x00000007e0f00000| Untracked 
|  16|0x00000007e1000000, 0x00000007e101e478, 0x00000007e1100000| 11%| E|  |TAMS 0x00000007e1000000, 0x00000007e1000000| Complete 
|  42|0x00000007e2a00000, 0x00000007e2a4c008, 0x00000007e2b00000| 29%| O|  |TAMS 0x00000007e2a00000, 0x00000007e2a4c008| Untracked 
| 510|0x00000007ffe00000, 0x00000007ffe51000, 0x00000007fff00000| 31%|OA|  |TAMS 0x00000007ffe00000, 0x00000007ffe51000| Untracked 
| 511|0x00000007fff00000, 0x00000007fff7b000, 0x0000000800000000| 48%|CA|  |TAMS 0x00000007fff00000, 0x00000007fff7b000| Untracked 

Card table byte_map: [0x000000012f984000,0x000000012fa84000] _byte_map_base: 0x000000012ba84000

Marking Bits (Prev, Next): (CMBitMap*) 0x00007fba9c41e818, (CMBitMap*) 0x00007fba9c41e858
 Prev Bits: [0x000000012fb84000, 0x0000000130384000)
 Next Bits: [0x0000000130384000, 0x0000000130b84000)

Polling page: 0x000000010f80c000

Metaspace:

Usage:
  Non-class:      5.40 MB capacity,     2.66 MB ( 49%) used,     2.73 MB ( 51%) free+waste,     5.06 KB ( <1%) overhead. 
      Class:    595.00 KB capacity,   271.29 KB ( 46%) used,   320.77 KB ( 54%) free+waste,     2.94 KB ( <1%) overhead. 
       Both:      5.98 MB capacity,     2.92 MB ( 49%) used,     3.05 MB ( 51%) free+waste,     8.00 KB ( <1%) overhead. 

Virtual space:
  Non-class space:        8.00 MB reserved,       5.50 MB ( 69%) committed 
      Class space:        1.00 GB reserved,     640.00 KB ( <1%) committed 
             Both:        1.01 GB reserved,       6.12 MB ( <1%) committed 

Chunk freelists:
   Non-Class:  18.00 KB
       Class:  25.00 KB
        Both:  43.00 KB

MaxMetaspaceSize: unlimited
CompressedClassSpaceSize: 1.00 GB

CodeHeap 'non-profiled nmethods': size=120032Kb used=213Kb max_used=213Kb free=119818Kb
 bounds [0x000000012816a000, 0x00000001283da000, 0x000000012f6a2000]
CodeHeap 'profiled nmethods': size=120028Kb used=1442Kb max_used=1442Kb free=118585Kb
 bounds [0x0000000120c33000, 0x0000000120ea3000, 0x000000012816a000]
CodeHeap 'non-nmethods': size=5700Kb used=1153Kb max_used=1171Kb free=4546Kb
 bounds [0x00000001206a2000, 0x0000000120912000, 0x0000000120c33000]
 total_blobs=1103 nmethods=696 adapters=321
 compilation: enabled
              stopped_count=0, restarted_count=0
 full_count=0

Compilation events (20 events):
Event: 59.748 Thread 0x00007fbaa5591000  696       1       java.util.concurrent.locks.AbstractQueuedSynchronizer::setState (6 bytes)
Event: 59.748 Thread 0x00007fbaa5591000 nmethod 696 0x000000012819f310 code [0x000000012819f4a0, 0x000000012819f570]
Event: 59.766 Thread 0x00007fbaa5591000  699       3       org.postgresql.core.UTF8Encoding::checkByte (50 bytes)
Event: 59.767 Thread 0x00007fbaa5591000 nmethod 699 0x0000000120d89c90 code [0x0000000120d89f00, 0x0000000120d8aeb0]
Event: 59.767 Thread 0x00007fbaa5591000  700       3       org.postgresql.core.UTF8Encoding::checkMinimal (182 bytes)
Event: 59.770 Thread 0x00007fbaa5591000 nmethod 700 0x0000000120d8b390 code [0x0000000120d8b780, 0x0000000120d8d7b0]
Event: 59.777 Thread 0x00007fbaa5591000  701       3       jdk.internal.misc.Unsafe::checkPointer (19 bytes)
Event: 59.779 Thread 0x00007fbaa5591000 nmethod 701 0x0000000120d8e190 code [0x0000000120d8e360, 0x0000000120d8e720]
Event: 59.779 Thread 0x00007fbaa5591000  702       3       jdk.internal.misc.Unsafe::checkPrimitivePointer (19 bytes)
Event: 59.780 Thread 0x00007fbaa5591000 nmethod 702 0x0000000120d8e890 code [0x0000000120d8ea80, 0x0000000120d8f0c0]
Event: 59.780 Thread 0x00007fbaa5591000  703       3       java.util.Objects::checkFromIndexSize (8 bytes)
Event: 59.780 Thread 0x00007fbaa5591000 nmethod 703 0x0000000120d8f310 code [0x0000000120d8f4c0, 0x0000000120d8f6c0]
Event: 59.780 Thread 0x00007fbaa5591000  704       3       sun.nio.ch.Util::isBufferTooLarge (15 bytes)
Event: 59.780 Thread 0x00007fbaa5591000 nmethod 704 0x0000000120d8f810 code [0x0000000120d8f9a0, 0x0000000120d8faf0]
Event: 59.792 Thread 0x00007fbaa5591000  705 %     3       org.ohdsi.databaseConnector.BatchedQuery::fetchBatch @ 13 (335 bytes)
Event: 59.801 Thread 0x00007fbaa5591000 nmethod 705% 0x0000000120d8fb90 code [0x0000000120d90040, 0x0000000120d92bf0]
Event: 59.807 Thread 0x00007fbaa5591000  706       3       org.ohdsi.databaseConnector.BatchedQuery::fetchBatch (335 bytes)
Event: 59.809 Thread 0x00007fbaa5591000 nmethod 706 0x0000000120d93c10 code [0x0000000120d940c0, 0x0000000120d96b30]
Event: 59.819 Thread 0x00007fbaa5591000  708 %     3       org.ohdsi.databaseConnector.BatchedQuery::fetchBatch @ 8 (335 bytes)
Event: 59.822 Thread 0x00007fbaa5591000 nmethod 708% 0x0000000120d97a90 code [0x0000000120d97f40, 0x0000000120d9aa90]

GC Heap History (10 events):
Event: 59.546 GC heap before
{Heap before GC invocations=0 (full 0):
 garbage-first heap   total 264192K, used 7984K [0x00000007e0000000, 0x0000000800000000)
  region size 1024K, 8 young (8192K), 0 survivors (0K)
 Metaspace       used 2804K, capacity 6024K, committed 6272K, reserved 1056768K
  class space    used 269K, capacity 563K, committed 640K, reserved 1048576K
}
Event: 59.556 GC heap after
{Heap after GC invocations=1 (full 1):
 garbage-first heap   total 20480K, used 3111K [0x00000007e0000000, 0x0000000800000000)
  region size 1024K, 0 young (0K), 0 survivors (0K)
 Metaspace       used 2804K, capacity 6024K, committed 6272K, reserved 1056768K
  class space    used 269K, capacity 563K, committed 640K, reserved 1048576K
}
Event: 59.741 GC heap before
{Heap before GC invocations=1 (full 1):
 garbage-first heap   total 20480K, used 8231K [0x00000007e0000000, 0x0000000800000000)
  region size 1024K, 5 young (5120K), 0 survivors (0K)
 Metaspace       used 2980K, capacity 6121K, committed 6272K, reserved 1056768K
  class space    used 271K, capacity 595K, committed 640K, reserved 1048576K
}
Event: 59.747 GC heap after
{Heap after GC invocations=2 (full 1):
 garbage-first heap   total 20480K, used 6111K [0x00000007e0000000, 0x0000000800000000)
  region size 1024K, 1 young (1024K), 1 survivors (1024K)
 Metaspace       used 2980K, capacity 6121K, committed 6272K, reserved 1056768K
  class space    used 271K, capacity 595K, committed 640K, reserved 1048576K
}
Event: 59.782 GC heap before
{Heap before GC invocations=2 (full 1):
 garbage-first heap   total 20480K, used 8159K [0x00000007e0000000, 0x0000000800000000)
  region size 1024K, 3 young (3072K), 1 survivors (1024K)
 Metaspace       used 2987K, capacity 6121K, committed 6272K, reserved 1056768K
  class space    used 271K, capacity 595K, committed 640K, reserved 1048576K
}
Event: 59.786 GC heap after
{Heap after GC invocations=3 (full 1):
 garbage-first heap   total 20480K, used 7410K [0x00000007e0000000, 0x0000000800000000)
  region size 1024K, 1 young (1024K), 1 survivors (1024K)
 Metaspace       used 2987K, capacity 6121K, committed 6272K, reserved 1056768K
  class space    used 271K, capacity 595K, committed 640K, reserved 1048576K
}
Event: 59.793 GC heap before
{Heap before GC invocations=3 (full 1):
 garbage-first heap   total 20480K, used 8434K [0x00000007e0000000, 0x0000000800000000)
  region size 1024K, 2 young (2048K), 1 survivors (1024K)
 Metaspace       used 2991K, capacity 6121K, committed 6272K, reserved 1056768K
  class space    used 271K, capacity 595K, committed 640K, reserved 1048576K
}
Event: 59.797 GC heap after
{Heap after GC invocations=4 (full 1):
 garbage-first heap   total 20480K, used 8138K [0x00000007e0000000, 0x0000000800000000)
  region size 1024K, 1 young (1024K), 1 survivors (1024K)
 Metaspace       used 2991K, capacity 6121K, committed 6272K, reserved 1056768K
  class space    used 271K, capacity 595K, committed 640K, reserved 1048576K
}
Event: 59.816 GC heap before
{Heap before GC invocations=4 (full 1):
 garbage-first heap   total 20480K, used 9162K [0x00000007e0000000, 0x0000000800000000)
  region size 1024K, 2 young (2048K), 1 survivors (1024K)
 Metaspace       used 2992K, capacity 6121K, committed 6272K, reserved 1056768K
  class space    used 271K, capacity 595K, committed 640K, reserved 1048576K
}
Event: 59.819 GC heap after
{Heap after GC invocations=5 (full 1):
 garbage-first heap   total 20480K, used 8754K [0x00000007e0000000, 0x0000000800000000)
  region size 1024K, 1 young (1024K), 1 survivors (1024K)
 Metaspace       used 2992K, capacity 6121K, committed 6272K, reserved 1056768K
  class space    used 271K, capacity 595K, committed 640K, reserved 1048576K
}

Deoptimization events (12 events):
Event: 59.146 Thread 0x00007fba9fba1800 Uncommon trap: trap_request=0xffffff45 fr.pc=0x0000000128179ce8 relative=0x0000000000000068
Event: 59.146 Thread 0x00007fba9fba1800 Uncommon trap: reason=unstable_if action=reinterpret pc=0x0000000128179ce8 method=java.lang.String.isLatin1()Z @ 10 c2
Event: 59.146 Thread 0x00007fba9fba1800 DEOPT PACKING pc=0x0000000128179ce8 sp=0x00007ffee19110f0
Event: 59.146 Thread 0x00007fba9fba1800 DEOPT UNPACKING pc=0x00000001206eae25 sp=0x00007ffee19110a0 mode 2
Event: 59.157 Thread 0x00007fba9fba1800 DEOPT PACKING pc=0x0000000120c67268 sp=0x00007ffee190f940
Event: 59.157 Thread 0x00007fba9fba1800 DEOPT UNPACKING pc=0x00000001206eb33a sp=0x00007ffee190edb0 mode 0
Event: 59.160 Thread 0x00007fba9fba1800 DEOPT PACKING pc=0x0000000120c67268 sp=0x00007ffee190df00
Event: 59.160 Thread 0x00007fba9fba1800 DEOPT UNPACKING pc=0x00000001206eb33a sp=0x00007ffee190d398 mode 0
Event: 59.165 Thread 0x00007fba9fba1800 DEOPT PACKING pc=0x0000000120c67268 sp=0x00007ffee190c3d0
Event: 59.165 Thread 0x00007fba9fba1800 DEOPT UNPACKING pc=0x00000001206eb33a sp=0x00007ffee190b840 mode 0
Event: 59.814 Thread 0x00007fba9fba1800 DEOPT PACKING pc=0x0000000120d9243f sp=0x00007ffee1911a50
Event: 59.814 Thread 0x00007fba9fba1800 DEOPT UNPACKING pc=0x00000001206eb33a sp=0x00007ffee1911008 mode 0

Classes unloaded (0 events):
No events

Classes redefined (0 events):
No events

Internal exceptions (0 events):
No events

Events (20 events):
Event: 59.519 loading class java/net/UnknownHostException done
Event: 59.520 loading class java/io/CharArrayReader
Event: 59.520 loading class java/io/CharArrayReader done
Event: 59.545 Executing VM operation: G1CollectFull
Event: 59.556 Executing VM operation: G1CollectFull done
Event: 59.563 Executing VM operation: HandshakeOneThread
Event: 59.563 Executing VM operation: HandshakeOneThread done
Event: 59.667 Thread 0x00007fba8ed5c000 Thread added: 0x00007fba8ed5c000
Event: 59.667 Protecting memory [0x000070000d342000,0x000070000d346000] with protection modes 0
Event: 59.709 Executing VM operation: HandshakeOneThread
Event: 59.709 Executing VM operation: HandshakeOneThread done
Event: 59.741 Executing VM operation: G1CollectForAllocation
Event: 59.750 Executing VM operation: G1CollectForAllocation done
Event: 59.782 Executing VM operation: G1CollectForAllocation
Event: 59.786 Executing VM operation: G1CollectForAllocation done
Event: 59.793 Executing VM operation: G1CollectForAllocation
Event: 59.806 Executing VM operation: G1CollectForAllocation done
Event: 59.816 Executing VM operation: G1CollectForAllocation
Event: 59.827 Executing VM operation: G1CollectForAllocation done
Event: 59.828 Executing VM operation: G1Concurrent


Dynamic libraries:
0x00007fff34128000 	/System/Library/Frameworks/AppKit.framework/Versions/C/AppKit
0x000000010f382000 	/Library/Frameworks/R.framework/Versions/3.6/Resources/lib/libR.dylib
0x00007fff6df48000 	/usr/lib/libSystem.B.dylib
0x00007fff70484000 	/usr/lib/libz.1.dylib
0x00007fff3825d000 	/System/Library/Frameworks/CoreServices.framework/Versions/A/CoreServices
0x000000010f80f000 	/Applications/RStudio.app/Contents/Frameworks/libssl.1.0.0.dylib
0x000000010f876000 	/Applications/RStudio.app/Contents/Frameworks/libcrypto.1.0.0.dylib
0x00007fff6e22e000 	/usr/lib/libc++.1.dylib
0x00007fff36e75000 	/System/Library/Frameworks/CoreFoundation.framework/Versions/A/CoreFoundation
0x00007fff39532000 	/System/Library/Frameworks/Foundation.framework/Versions/C/Foundation
0x00007fff6fda8000 	/usr/lib/libobjc.A.dylib
0x00007fff67f5e000 	/System/Library/PrivateFrameworks/UIFoundation.framework/Versions/A/UIFoundation
0x00007fff62ff2000 	/System/Library/PrivateFrameworks/RemoteViewServices.framework/Versions/A/RemoteViewServices
0x00007fff6aab8000 	/System/Library/PrivateFrameworks/XCTTargetBootstrap.framework/Versions/A/XCTTargetBootstrap
0x00007fff36d42000 	/System/Library/Frameworks/CoreDisplay.framework/Versions/A/CoreDisplay
0x00007fff3c3ec000 	/System/Library/Frameworks/Metal.framework/Versions/A/Metal
0x00007fff50fdf000 	/System/Library/PrivateFrameworks/DesktopServicesPriv.framework/Versions/A/DesktopServicesPriv
0x00007fff6f083000 	/usr/lib/liblangid.dylib
0x00007fff50274000 	/System/Library/PrivateFrameworks/CoreSVG.framework/Versions/A/CoreSVG
0x00007fff6614e000 	/System/Library/PrivateFrameworks/SkyLight.framework/Versions/A/SkyLight
0x00007fff372f6000 	/System/Library/Frameworks/CoreGraphics.framework/Versions/A/CoreGraphics
0x00007fff32afc000 	/System/Library/Frameworks/Accelerate.framework/Versions/A/Accelerate
0x00007fff70375000 	/usr/lib/libxml2.2.dylib
0x00007fff5bf7d000 	/System/Library/PrivateFrameworks/IconServices.framework/Versions/A/IconServices
0x00007fff39d11000 	/System/Library/Frameworks/IOSurface.framework/Versions/A/IOSurface
0x00007fff6da72000 	/usr/lib/libDiagnosticMessagesClient.dylib
0x00007fff34f38000 	/System/Library/Frameworks/ApplicationServices.framework/Versions/A/ApplicationServices
0x00007fff50e39000 	/System/Library/PrivateFrameworks/DFRFoundation.framework/Versions/A/DFRFoundation
0x00007fff6ee12000 	/usr/lib/libicucore.A.dylib
0x00007fff3526a000 	/System/Library/Frameworks/AudioToolbox.framework/Versions/A/AudioToolbox
0x00007fff3534d000 	/System/Library/Frameworks/AudioUnit.framework/Versions/A/AudioUnit
0x00007fff6e14a000 	/usr/lib/libauto.dylib
0x00007fff36957000 	/System/Library/Frameworks/CoreData.framework/Versions/A/CoreData
0x00007fff50edb000 	/System/Library/PrivateFrameworks/DataDetectorsCore.framework/Versions/A/DataDetectorsCore
0x00007fff35af4000 	/System/Library/Frameworks/Carbon.framework/Versions/A/Frameworks/HIToolbox.framework/Versions/A/HIToolbox
0x00007fff429c4000 	/System/Library/Frameworks/QuartzCore.framework/Versions/A/QuartzCore
0x00007fff437c8000 	/System/Library/Frameworks/Security.framework/Versions/A/Security
0x00007fff35e33000 	/System/Library/Frameworks/Carbon.framework/Versions/A/Frameworks/SpeechRecognition.framework/Versions/A/SpeechRecognition
0x00007fff5094d000 	/System/Library/PrivateFrameworks/CoreUI.framework/Versions/A/CoreUI
0x00007fff363c2000 	/System/Library/Frameworks/CoreAudio.framework/Versions/A/CoreAudio
0x00007fff391f1000 	/System/Library/Frameworks/DiskArbitration.framework/Versions/A/DiskArbitration
0x00007fff5dfcd000 	/System/Library/PrivateFrameworks/MultitouchSupport.framework/Versions/A/MultitouchSupport
0x00007fff6ecd9000 	/usr/lib/libenergytrace.dylib
0x00007fff39c6b000 	/System/Library/Frameworks/IOKit.framework/Versions/A/IOKit
0x00007fff60185000 	/System/Library/PrivateFrameworks/PerformanceAnalysis.framework/Versions/A/PerformanceAnalysis
0x00007fff419f7000 	/System/Library/Frameworks/OpenGL.framework/Versions/A/OpenGL
0x00007fff35fe1000 	/System/Library/Frameworks/ColorSync.framework/Versions/A/ColorSync
0x00007fff37979000 	/System/Library/Frameworks/CoreImage.framework/Versions/A/CoreImage
0x00007fff38cd0000 	/System/Library/Frameworks/CoreText.framework/Versions/A/CoreText
0x00007fff39da1000 	/System/Library/Frameworks/ImageIO.framework/Versions/A/ImageIO
0x00007fff6e2aa000 	/usr/lib/libcompression.dylib
0x00007fff6ddb6000 	/usr/lib/libMobileGestalt.dylib
0x00007fff67cc8000 	/System/Library/PrivateFrameworks/TextureIO.framework/Versions/A/TextureIO
0x00007fff6e0ad000 	/usr/lib/libate.dylib
0x00007fff5c186000 	/System/Library/PrivateFrameworks/InternationalSupport.framework/Versions/A/InternationalSupport
0x00007fff70d45000 	/usr/lib/system/libcache.dylib
0x00007fff70d4b000 	/usr/lib/system/libcommonCrypto.dylib
0x00007fff70d57000 	/usr/lib/system/libcompiler_rt.dylib
0x00007fff70d5f000 	/usr/lib/system/libcopyfile.dylib
0x00007fff70d69000 	/usr/lib/system/libcorecrypto.dylib
0x00007fff70f08000 	/usr/lib/system/libdispatch.dylib
0x00007fff70f49000 	/usr/lib/system/libdyld.dylib
0x00007fff70f80000 	/usr/lib/system/libkeymgr.dylib
0x00007fff70f8e000 	/usr/lib/system/liblaunch.dylib
0x00007fff70f8f000 	/usr/lib/system/libmacho.dylib
0x00007fff70f95000 	/usr/lib/system/libquarantine.dylib
0x00007fff70f98000 	/usr/lib/system/libremovefile.dylib
0x00007fff70f9a000 	/usr/lib/system/libsystem_asl.dylib
0x00007fff70fb2000 	/usr/lib/system/libsystem_blocks.dylib
0x00007fff70fb3000 	/usr/lib/system/libsystem_c.dylib
0x00007fff7103b000 	/usr/lib/system/libsystem_configuration.dylib
0x00007fff7103f000 	/usr/lib/system/libsystem_coreservices.dylib
0x00007fff71043000 	/usr/lib/system/libsystem_darwin.dylib
0x00007fff7104c000 	/usr/lib/system/libsystem_dnssd.dylib
0x00007fff71054000 	/usr/lib/system/libsystem_featureflags.dylib
0x00007fff71056000 	/usr/lib/system/libsystem_info.dylib
0x00007fff710d1000 	/usr/lib/system/libsystem_m.dylib
0x00007fff71119000 	/usr/lib/system/libsystem_malloc.dylib
0x00007fff71141000 	/usr/lib/system/libsystem_networkextension.dylib
0x00007fff7114f000 	/usr/lib/system/libsystem_notify.dylib
0x00007fff7116d000 	/usr/lib/system/libsystem_sandbox.dylib
0x00007fff71172000 	/usr/lib/system/libsystem_secinit.dylib
0x00007fff710a4000 	/usr/lib/system/libsystem_kernel.dylib
0x00007fff71159000 	/usr/lib/system/libsystem_platform.dylib
0x00007fff71162000 	/usr/lib/system/libsystem_pthread.dylib
0x00007fff71175000 	/usr/lib/system/libsystem_symptoms.dylib
0x00007fff7117d000 	/usr/lib/system/libsystem_trace.dylib
0x00007fff71195000 	/usr/lib/system/libunwind.dylib
0x00007fff7119b000 	/usr/lib/system/libxpc.dylib
0x00007fff6e281000 	/usr/lib/libc++abi.dylib
0x00007fff6f085000 	/usr/lib/liblzma.5.dylib
0x00007fff6ed00000 	/usr/lib/libfakelink.dylib
0x00007fff6e03a000 	/usr/lib/libarchive.2.dylib
0x00007fff44879000 	/System/Library/Frameworks/SystemConfiguration.framework/Versions/A/SystemConfiguration
0x00007fff6d9a5000 	/usr/lib/libCRFSuite.dylib
0x00007fff356e4000 	/System/Library/Frameworks/CFNetwork.framework/Versions/A/CFNetwork
0x00007fff6e210000 	/usr/lib/libbsm.0.dylib
0x00007fff70f81000 	/usr/lib/system/libkxld.dylib
0x00007fff4a7b6000 	/System/Library/PrivateFrameworks/AppleFSCompression.framework/Versions/A/AppleFSCompression
0x00007fff6e59b000 	/usr/lib/libcoretls.dylib
0x00007fff6e5b2000 	/usr/lib/libcoretls_cfhelpers.dylib
0x00007fff6fdee000 	/usr/lib/libpam.2.dylib
0x00007fff6ff23000 	/usr/lib/libsqlite3.dylib
0x00007fff70362000 	/usr/lib/libxar.1.dylib
0x00007fff6e221000 	/usr/lib/libbz2.1.0.dylib
0x00007fff6ed21000 	/usr/lib/libiconv.2.dylib
0x00007fff6e297000 	/usr/lib/libcharset.1.dylib
0x00007fff6f88b000 	/usr/lib/libnetwork.dylib
0x00007fff6fdf5000 	/usr/lib/libpcap.A.dylib
0x00007fff6dfef000 	/usr/lib/libapple_nghttp2.dylib
0x00007fff38614000 	/System/Library/Frameworks/CoreServices.framework/Versions/A/Frameworks/FSEvents.framework/Versions/A/FSEvents
0x00007fff382e4000 	/System/Library/Frameworks/CoreServices.framework/Versions/A/Frameworks/CarbonCore.framework/Versions/A/CarbonCore
0x00007fff38858000 	/System/Library/Frameworks/CoreServices.framework/Versions/A/Frameworks/Metadata.framework/Versions/A/Metadata
0x00007fff388f1000 	/System/Library/Frameworks/CoreServices.framework/Versions/A/Frameworks/OSServices.framework/Versions/A/OSServices
0x00007fff3891f000 	/System/Library/Frameworks/CoreServices.framework/Versions/A/Frameworks/SearchKit.framework/Versions/A/SearchKit
0x00007fff3825e000 	/System/Library/Frameworks/CoreServices.framework/Versions/A/Frameworks/AE.framework/Versions/A/AE
0x00007fff3861d000 	/System/Library/Frameworks/CoreServices.framework/Versions/A/Frameworks/LaunchServices.framework/Versions/A/LaunchServices
0x00007fff385c6000 	/System/Library/Frameworks/CoreServices.framework/Versions/A/Frameworks/DictionaryServices.framework/Versions/A/DictionaryServices
0x00007fff38987000 	/System/Library/Frameworks/CoreServices.framework/Versions/A/Frameworks/SharedFileList.framework/Versions/A/SharedFileList
0x00007fff3d816000 	/System/Library/Frameworks/NetFS.framework/Versions/A/NetFS
0x00007fff5e4fd000 	/System/Library/PrivateFrameworks/NetAuth.framework/Versions/A/NetAuth
0x00007fff6ae85000 	/System/Library/PrivateFrameworks/login.framework/Versions/A/Frameworks/loginsupport.framework/Versions/A/loginsupport
0x00007fff67793000 	/System/Library/PrivateFrameworks/TCC.framework/Versions/A/TCC
0x00007fff4f3e7000 	/System/Library/PrivateFrameworks/CoreNLP.framework/Versions/A/CoreNLP
0x00007fff5d9fa000 	/System/Library/PrivateFrameworks/MetadataUtilities.framework/Versions/A/MetadataUtilities
0x00007fff6f15d000 	/usr/lib/libmecabra.dylib
0x00007fff6f0b5000 	/usr/lib/libmecab.dylib
0x00007fff6ed11000 	/usr/lib/libgermantok.dylib
0x00007fff6dfd6000 	/usr/lib/libThaiTokenizer.dylib
0x00007fff6d9dc000 	/usr/lib/libChineseTokenizer.dylib
0x00007fff32b14000 	/System/Library/Frameworks/Accelerate.framework/Versions/A/Frameworks/vImage.framework/Versions/A/vImage
0x00007fff33f7e000 	/System/Library/Frameworks/Accelerate.framework/Versions/A/Frameworks/vecLib.framework/Versions/A/vecLib
0x00007fff33ebb000 	/System/Library/Frameworks/Accelerate.framework/Versions/A/Frameworks/vecLib.framework/Versions/A/libvMisc.dylib
0x00007fff33ce3000 	/System/Library/Frameworks/Accelerate.framework/Versions/A/Frameworks/vecLib.framework/Versions/A/libvDSP.dylib
0x00007fff3316b000 	/System/Library/Frameworks/Accelerate.framework/Versions/A/Frameworks/vecLib.framework/Versions/A/libBLAS.dylib
0x00007fff338a7000 	/System/Library/Frameworks/Accelerate.framework/Versions/A/Frameworks/vecLib.framework/Versions/A/libLAPACK.dylib
0x00007fff33c43000 	/System/Library/Frameworks/Accelerate.framework/Versions/A/Frameworks/vecLib.framework/Versions/A/libLinearAlgebra.dylib
0x00007fff33cd0000 	/System/Library/Frameworks/Accelerate.framework/Versions/A/Frameworks/vecLib.framework/Versions/A/libSparseBLAS.dylib
0x00007fff33c59000 	/System/Library/Frameworks/Accelerate.framework/Versions/A/Frameworks/vecLib.framework/Versions/A/libQuadrature.dylib
0x00007fff333d3000 	/System/Library/Frameworks/Accelerate.framework/Versions/A/Frameworks/vecLib.framework/Versions/A/libBNNS.dylib
0x00007fff33c5f000 	/System/Library/Frameworks/Accelerate.framework/Versions/A/Frameworks/vecLib.framework/Versions/A/libSparse.dylib
0x00007fff5c56e000 	/System/Library/PrivateFrameworks/LanguageModeling.framework/Versions/A/LanguageModeling
0x00007fff4ed97000 	/System/Library/PrivateFrameworks/CoreEmoji.framework/Versions/A/CoreEmoji
0x00007fff5c68c000 	/System/Library/PrivateFrameworks/LinguisticData.framework/Versions/A/LinguisticData
0x00007fff5c63d000 	/System/Library/PrivateFrameworks/Lexicon.framework/Versions/A/Lexicon
0x00007fff6e298000 	/usr/lib/libcmph.dylib
0x00007fff40405000 	/System/Library/Frameworks/OpenDirectory.framework/Versions/A/Frameworks/CFOpenDirectory.framework/Versions/A/CFOpenDirectory
0x00007fff40422000 	/System/Library/Frameworks/OpenDirectory.framework/Versions/A/OpenDirectory
0x00007fff48863000 	/System/Library/PrivateFrameworks/APFS.framework/Versions/A/APFS
0x00007fff43b12000 	/System/Library/Frameworks/SecurityFoundation.framework/Versions/A/SecurityFoundation
0x00007fff7035e000 	/usr/lib/libutil.dylib
0x00007fff502cc000 	/System/Library/PrivateFrameworks/CoreServicesStore.framework/Versions/A/CoreServicesStore
0x00007fff43bc9000 	/System/Library/Frameworks/ServiceManagement.framework/Versions/A/ServiceManagement
0x00007fff4bf86000 	/System/Library/PrivateFrameworks/BackgroundTaskManagement.framework/Versions/A/BackgroundTaskManagement
0x00007fff7045b000 	/usr/lib/libxslt.1.dylib
0x00007fff4ae29000 	/System/Library/PrivateFrameworks/AppleSystemInfo.framework/Versions/A/AppleSystemInfo
0x00007fff39fbc000 	/System/Library/Frameworks/ImageIO.framework/Versions/A/Resources/libJPEG.dylib
0x00007fff3a27a000 	/System/Library/Frameworks/ImageIO.framework/Versions/A/Resources/libTIFF.dylib
0x00007fff3a25d000 	/System/Library/Frameworks/ImageIO.framework/Versions/A/Resources/libPng.dylib
0x00007fff39efe000 	/System/Library/Frameworks/ImageIO.framework/Versions/A/Resources/libGIF.dylib
0x00007fff39f02000 	/System/Library/Frameworks/ImageIO.framework/Versions/A/Resources/libJP2.dylib
0x00007fff3a278000 	/System/Library/Frameworks/ImageIO.framework/Versions/A/Resources/libRadiance.dylib
0x00007fff6ecda000 	/usr/lib/libexpat.1.dylib
0x00007fff4a911000 	/System/Library/PrivateFrameworks/AppleJPEG.framework/Versions/A/AppleJPEG
0x00007fff535e2000 	/System/Library/PrivateFrameworks/FontServices.framework/libFontParser.dylib
0x00007fff69e87000 	/System/Library/PrivateFrameworks/WatchdogClient.framework/Versions/A/WatchdogClient
0x00007fff5bbc9000 	/System/Library/PrivateFrameworks/IOAccelerator.framework/Versions/A/IOAccelerator
0x00007fff3c787000 	/System/Library/Frameworks/MetalPerformanceShaders.framework/Versions/A/MetalPerformanceShaders
0x00007fff5835f000 	/System/Library/PrivateFrameworks/GPUWrangler.framework/Versions/A/GPUWrangler
0x00007fff5bbde000 	/System/Library/PrivateFrameworks/IOPresentment.framework/Versions/A/IOPresentment
0x00007fff50e4c000 	/System/Library/PrivateFrameworks/DSExternalDisplay.framework/Versions/A/DSExternalDisplay
0x00007fff40d96000 	/System/Library/Frameworks/OpenGL.framework/Versions/A/Libraries/libCoreFSCache.dylib
0x00007fff3c4d3000 	/System/Library/Frameworks/MetalPerformanceShaders.framework/Frameworks/MPSCore.framework/Versions/A/MPSCore
0x00007fff3c511000 	/System/Library/Frameworks/MetalPerformanceShaders.framework/Frameworks/MPSImage.framework/Versions/A/MPSImage
0x00007fff3c5d8000 	/System/Library/Frameworks/MetalPerformanceShaders.framework/Frameworks/MPSNeuralNetwork.framework/Versions/A/MPSNeuralNetwork
0x00007fff3c59c000 	/System/Library/Frameworks/MetalPerformanceShaders.framework/Frameworks/MPSMatrix.framework/Versions/A/MPSMatrix
0x00007fff3c737000 	/System/Library/Frameworks/MetalPerformanceShaders.framework/Frameworks/MPSRayIntersector.framework/Versions/A/MPSRayIntersector
0x00007fff3c5c2000 	/System/Library/Frameworks/MetalPerformanceShaders.framework/Frameworks/MPSNDArray.framework/Versions/A/MPSNDArray
0x00007fff5da47000 	/System/Library/PrivateFrameworks/MetalTools.framework/Versions/A/MetalTools
0x00007fff49a3d000 	/System/Library/PrivateFrameworks/AggregateDictionary.framework/Versions/A/AggregateDictionary
0x00007fff4e7df000 	/System/Library/PrivateFrameworks/CoreAnalytics.framework/Versions/A/CoreAnalytics
0x00007fff4ad48000 	/System/Library/PrivateFrameworks/AppleSauce.framework/Versions/A/AppleSauce
0x00007fff6dc98000 	/usr/lib/libIOReport.dylib
0x00007fff38e88000 	/System/Library/Frameworks/CoreVideo.framework/Versions/A/CoreVideo
0x00007fff597d8000 	/System/Library/PrivateFrameworks/GraphVisualizer.framework/Versions/A/GraphVisualizer
0x00007fff52b28000 	/System/Library/PrivateFrameworks/FaceCore.framework/Versions/A/FaceCore
0x00007fff403ac000 	/System/Library/Frameworks/OpenCL.framework/Versions/A/OpenCL
0x00007fff6daba000 	/usr/lib/libFosl_dynamic.dylib
0x00007fff5ef1d000 	/System/Library/PrivateFrameworks/OTSVG.framework/Versions/A/OTSVG
0x00007fff3503d000 	/System/Library/Frameworks/ApplicationServices.framework/Versions/A/Frameworks/ATS.framework/Versions/A/Resources/libFontRegistry.dylib
0x00007fff537b3000 	/System/Library/PrivateFrameworks/FontServices.framework/libhvf.dylib
0x00007fff40da1000 	/System/Library/Frameworks/OpenGL.framework/Versions/A/Libraries/libGFXShared.dylib
0x00007fff40f7f000 	/System/Library/Frameworks/OpenGL.framework/Versions/A/Libraries/libGLU.dylib
0x00007fff40daa000 	/System/Library/Frameworks/OpenGL.framework/Versions/A/Libraries/libGL.dylib
0x00007fff40db5000 	/System/Library/Frameworks/OpenGL.framework/Versions/A/Libraries/libGLImage.dylib
0x00007fff40d93000 	/System/Library/Frameworks/OpenGL.framework/Versions/A/Libraries/libCVMSPluginSupport.dylib
0x00007fff40d9c000 	/System/Library/Frameworks/OpenGL.framework/Versions/A/Libraries/libCoreVMClient.dylib
0x00007fff6f72c000 	/usr/lib/libncurses.5.4.dylib
0x00007fff34f39000 	/System/Library/Frameworks/ApplicationServices.framework/Versions/A/Frameworks/ATS.framework/Versions/A/ATS
0x00007fff35106000 	/System/Library/Frameworks/ApplicationServices.framework/Versions/A/Frameworks/ColorSyncLegacy.framework/Versions/A/ColorSyncLegacy
0x00007fff351a4000 	/System/Library/Frameworks/ApplicationServices.framework/Versions/A/Frameworks/HIServices.framework/Versions/A/HIServices
0x00007fff351fc000 	/System/Library/Frameworks/ApplicationServices.framework/Versions/A/Frameworks/LangAnalysis.framework/Versions/A/LangAnalysis
0x00007fff3520b000 	/System/Library/Frameworks/ApplicationServices.framework/Versions/A/Frameworks/PrintCore.framework/Versions/A/PrintCore
0x00007fff35251000 	/System/Library/Frameworks/ApplicationServices.framework/Versions/A/Frameworks/QD.framework/Versions/A/QD
0x00007fff3525c000 	/System/Library/Frameworks/ApplicationServices.framework/Versions/A/Frameworks/SpeechSynthesis.framework/Versions/A/SpeechSynthesis
0x00007fff350d6000 	/System/Library/Frameworks/ApplicationServices.framework/Versions/A/Frameworks/ATSUI.framework/Versions/A/ATSUI
0x00007fff6eb70000 	/usr/lib/libcups.2.dylib
0x00007fff3b822000 	/System/Library/Frameworks/Kerberos.framework/Versions/A/Kerberos
0x00007fff39964000 	/System/Library/Frameworks/GSS.framework/Versions/A/GSS
0x00007fff6feaf000 	/usr/lib/libresolv.9.dylib
0x00007fff59985000 	/System/Library/PrivateFrameworks/Heimdal.framework/Versions/A/Heimdal
0x00007fff3b835000 	/System/Library/Frameworks/Kerberos.framework/Versions/A/Libraries/libHeimdalProxy.dylib
0x00007fff6ed17000 	/usr/lib/libheimdal-asn1.dylib
0x00007fff4dc77000 	/System/Library/PrivateFrameworks/CommonAuth.framework/Versions/A/CommonAuth
0x00007fff4aec6000 	/System/Library/PrivateFrameworks/AssertionServices.framework/Versions/A/AssertionServices
0x00007fff4ba69000 	/System/Library/PrivateFrameworks/AudioToolboxCore.framework/Versions/A/AudioToolboxCore
0x00007fff6ab35000 	/System/Library/PrivateFrameworks/caulk.framework/Versions/A/caulk
0x00007fff4c032000 	/System/Library/PrivateFrameworks/BaseBoard.framework/Versions/A/BaseBoard
0x00007fff63180000 	/System/Library/PrivateFrameworks/RunningBoardServices.framework/Versions/A/RunningBoardServices
0x00007fff60191000 	/System/Library/PrivateFrameworks/PersistentConnection.framework/Versions/A/PersistentConnection
0x00007fff62b79000 	/System/Library/PrivateFrameworks/ProtocolBuffer.framework/Versions/A/ProtocolBuffer
0x00007fff4dc9b000 	/System/Library/PrivateFrameworks/CommonUtilities.framework/Versions/A/CommonUtilities
0x00007fff4c1c0000 	/System/Library/PrivateFrameworks/Bom.framework/Versions/A/Bom
0x00007fff6d96b000 	/usr/lib/libAudioToolboxUtility.dylib
0x00007fff4bf90000 	/System/Library/PrivateFrameworks/Backup.framework/Versions/A/Backup
0x00007fff50d6d000 	/System/Library/PrivateFrameworks/CrashReporterSupport.framework/Versions/A/CrashReporterSupport
0x00007fff64c12000 	/System/Library/PrivateFrameworks/Sharing.framework/Versions/A/Sharing
0x00007fff4a4d4000 	/System/Library/PrivateFrameworks/Apple80211.framework/Versions/A/Apple80211
0x00007fff4bcad000 	/System/Library/PrivateFrameworks/AuthKit.framework/Versions/A/AuthKit
0x00007fff50a7a000 	/System/Library/PrivateFrameworks/CoreUtils.framework/Versions/A/CoreUtils
0x00007fff38ecd000 	/System/Library/Frameworks/CoreWLAN.framework/Versions/A/CoreWLAN
0x00007fff39af1000 	/System/Library/Frameworks/IOBluetooth.framework/Versions/A/IOBluetooth
0x00007fff5dd4c000 	/System/Library/PrivateFrameworks/MobileKeyBag.framework/Versions/A/MobileKeyBag
0x00007fff4f87f000 	/System/Library/PrivateFrameworks/CorePhoneNumbers.framework/Versions/A/CorePhoneNumbers
0x00007fff4a8c4000 	/System/Library/PrivateFrameworks/AppleIDAuthSupport.framework/Versions/A/AppleIDAuthSupport
0x00007fff3d823000 	/System/Library/Frameworks/Network.framework/Versions/A/Network
0x00007fff5c41a000 	/System/Library/PrivateFrameworks/KeychainCircle.framework/Versions/A/KeychainCircle
0x00007fff3691e000 	/System/Library/Frameworks/CoreBluetooth.framework/Versions/A/CoreBluetooth
0x00007fff66c91000 	/System/Library/PrivateFrameworks/SpeechRecognitionCore.framework/Versions/A/SpeechRecognitionCore
0x000000010fa3d000 	/Library/Frameworks/R.framework/Versions/3.6/Resources/lib/libRblas.dylib
0x000000010fa6d000 	/Library/Frameworks/R.framework/Versions/3.6/Resources/lib/libgfortran.3.dylib
0x000000010fbf9000 	/Library/Frameworks/R.framework/Versions/3.6/Resources/lib/libquadmath.0.dylib
0x000000010fc3f000 	/Library/Frameworks/R.framework/Versions/3.6/Resources/lib/libreadline.5.2.dylib
0x000000010fc83000 	/Library/Frameworks/R.framework/Versions/3.6/Resources/lib/libomp.dylib
0x000000010fd1b000 	/Library/Frameworks/R.framework/Versions/3.6/Resources/lib/libgcc_s.1.dylib
0x000000010fd3b000 	/Library/Frameworks/R.framework/Versions/3.6/Resources/library/methods/libs/methods.so
0x000000010fd46000 	/Library/Frameworks/R.framework/Versions/3.6/Resources/library/grDevices/libs/grDevices.so
0x00007fff6ae88000 	/System/Library/PrivateFrameworks/login.framework/Versions/A/login
0x000000010fd95000 	/Library/Frameworks/R.framework/Versions/3.6/Resources/library/graphics/libs/graphics.so
0x000000010fdd9000 	/Library/Frameworks/R.framework/Versions/3.6/Resources/library/utils/libs/utils.so
0x000000010fde8000 	/Library/Frameworks/R.framework/Versions/3.6/Resources/library/stats/libs/stats.so
0x000000010feae000 	/Library/Frameworks/R.framework/Versions/3.6/Resources/lib/libRlapack.dylib
0x00000001100db000 	/Library/Frameworks/R.framework/Versions/3.6/Resources/library/fansi/libs/fansi.so
0x00000001100ed000 	/Library/Frameworks/R.framework/Versions/3.6/Resources/library/glue/libs/glue.so
0x00000001100f2000 	/Library/Frameworks/R.framework/Versions/3.6/Resources/library/tools/libs/tools.so
0x000000011010c000 	/Library/Frameworks/R.framework/Versions/3.6/Resources/library/rlang/libs/rlang.so
0x000000010fa39000 	/Library/Frameworks/R.framework/Versions/3.6/Resources/library/ellipsis/libs/ellipsis.so
0x0000000110138000 	/Library/Frameworks/R.framework/Versions/3.6/Resources/library/digest/libs/digest.so
0x000000011015a000 	/Library/Frameworks/R.framework/Versions/3.6/Resources/lib/libc++.1.dylib
0x000000011022c000 	/Library/Frameworks/R.framework/Versions/3.6/Resources/lib/libc++abi.1.dylib
0x00000001102a1000 	/Library/Frameworks/R.framework/Versions/3.6/Resources/library/processx/libs/processx.so
0x00000001102b3000 	/Library/Frameworks/R.framework/Versions/3.6/Resources/library/ps/libs/ps.so
0x00000001102c6000 	/Library/Frameworks/R.framework/Versions/3.6/Resources/library/pkgload/libs/pkgload.so
0x00000001102ca000 	/Library/Frameworks/R.framework/Versions/3.6/Resources/library/backports/libs/backports.so
0x00000001102ce000 	/Library/Frameworks/R.framework/Versions/3.6/Resources/library/testthat/libs/testthat.so
0x0000000110387000 	/Library/Frameworks/R.framework/Versions/3.6/Resources/library/fs/libs/fs.so
0x00000001103c2000 	/Library/Frameworks/R.framework/Versions/3.6/Resources/library/curl/libs/curl.so
0x00007fff6ebd1000 	/usr/lib/libcurl.4.dylib
0x00007fff6ea56000 	/usr/lib/libcrypto.44.dylib
0x00007fff70201000 	/usr/lib/libssl.46.dylib
0x00007fff3b836000 	/System/Library/Frameworks/LDAP.framework/Versions/A/LDAP
0x00007fff67f25000 	/System/Library/PrivateFrameworks/TrustEvaluationAgent.framework/Versions/A/TrustEvaluationAgent
0x00007fff6ff0e000 	/usr/lib/libsasl2.2.dylib
0x00007fff4eb0b000 	/System/Library/PrivateFrameworks/CoreDaemon.framework/Versions/B/CoreDaemon
0x00007fff4ad43000 	/System/Library/PrivateFrameworks/AppleSRP.framework/Versions/A/AppleSRP
0x00007fff70303000 	/usr/lib/libusrtcp.dylib
0x00000001103da000 	/Library/Frameworks/R.framework/Versions/3.6/Resources/library/vctrs/libs/vctrs.so
0x0000000110431000 	/Library/Frameworks/R.framework/Versions/3.6/Resources/library/tibble/libs/tibble.so
0x0000000110437000 	/Library/Frameworks/R.framework/Versions/3.6/Resources/library/purrr/libs/purrr.so
0x0000000110441000 	/Library/Frameworks/R.framework/Versions/3.6/Resources/library/dplyr/libs/dplyr.so
0x000000011044f000 	/Library/Frameworks/R.framework/Versions/3.6/Resources/library/stringi/libs/stringi.so
0x0000000110adf000 	/Library/Frameworks/R.framework/Versions/3.6/Resources/library/grid/libs/grid.so
0x0000000110b07000 	/Library/Frameworks/R.framework/Versions/3.6/Resources/library/colorspace/libs/colorspace.so
0x0000000110b19000 	/Library/Frameworks/R.framework/Versions/3.6/Resources/library/jsonlite/libs/jsonlite.so
0x00000001141a0000 	/Library/Frameworks/R.framework/Versions/3.6/Resources/library/Rcpp/libs/Rcpp.so
0x0000000114231000 	/Library/Frameworks/R.framework/Versions/3.6/Resources/library/magick/libs/magick.so
0x0000000110b2c000 	/Library/Frameworks/R.framework/Versions/3.6/Resources/library/lattice/libs/lattice.so
0x0000000110b31000 	/Library/Frameworks/R.framework/Versions/3.6/Resources/library/hexbin/libs/hexbin.so
0x0000000110b36000 	/Library/Frameworks/R.framework/Versions/3.6/Resources/library/sysfonts/libs/sysfonts.so
0x0000000115f74000 	/opt/X11/lib/libfreetype.6.dylib
0x0000000110b80000 	/Library/Frameworks/R.framework/Versions/3.6/Resources/library/showtext/libs/showtext.so
0x000000011665a000 	/Library/Frameworks/R.framework/Versions/3.6/Resources/library/MASS/libs/MASS.so
0x0000000116664000 	/Library/Frameworks/R.framework/Versions/3.6/Resources/library/readr/libs/readr.so
0x0000000110b89000 	/Library/Frameworks/R.framework/Versions/3.6/Resources/library/readr/rcon/librcon.so
0x0000000116721000 	/Library/Frameworks/R.framework/Versions/3.6/Resources/library/qpdf/libs/qpdf.so
0x00000001168dd000 	/Library/Frameworks/R.framework/Versions/3.6/Resources/library/pdftools/libs/pdftools.so
0x0000000110b8d000 	/Library/Frameworks/R.framework/Versions/3.6/Resources/library/splines/libs/splines.so
0x0000000116d3d000 	/Library/Frameworks/R.framework/Versions/3.6/Resources/library/Matrix/libs/Matrix.so
0x0000000116e21000 	/Library/Frameworks/R.framework/Versions/3.6/Resources/library/survival/libs/survival.so
0x0000000116e66000 	/Library/Frameworks/R.framework/Versions/3.6/Resources/library/base64enc/libs/base64enc.so
0x0000000116e6d000 	/Library/Frameworks/R.framework/Versions/3.6/Resources/library/png/libs/png.so
0x0000000116eae000 	/Library/Frameworks/R.framework/Versions/3.6/Resources/library/jpeg/libs/jpeg.so
0x0000000116ef7000 	/Library/Frameworks/R.framework/Versions/3.6/Resources/library/cluster/libs/cluster.so
0x0000000116f0c000 	/Library/Frameworks/R.framework/Versions/3.6/Resources/library/foreign/libs/foreign.so
0x0000000116f2b000 	/Library/Frameworks/R.framework/Versions/3.6/Resources/library/nnet/libs/nnet.so
0x0000000116f34000 	/Library/Frameworks/R.framework/Versions/3.6/Resources/library/rpart/libs/rpart.so
0x0000000116f48000 	/Library/Frameworks/R.framework/Versions/3.6/Resources/library/checkmate/libs/checkmate.so
0x0000000116f5b000 	/Library/Frameworks/R.framework/Versions/3.6/Resources/library/htmltools/libs/htmltools.so
0x0000000116f5f000 	/Library/Frameworks/R.framework/Versions/3.6/Resources/library/xfun/libs/xfun.so
0x0000000116f64000 	/Library/Frameworks/R.framework/Versions/3.6/Resources/library/data.table/libs/datatable.so
0x0000000116fe9000 	/Library/Frameworks/R.framework/Versions/3.6/Resources/library/Hmisc/libs/Hmisc.so
0x0000000116ff2000 	/Library/Frameworks/R.framework/Versions/3.6/Resources/library/gmp/libs/gmp.so
0x0000000117073000 	/Library/Frameworks/R.framework/Versions/3.6/Resources/library/lubridate/libs/lubridate.so
0x00000001170b1000 	/Library/Frameworks/R.framework/Versions/3.6/Resources/library/tidyr/libs/tidyr.so
0x00000001170cc000 	/Library/Frameworks/R.framework/Versions/3.6/Resources/library/utf8/libs/utf8.so
0x000000011711a000 	/Library/Java/JavaVirtualMachines/jdk-14.0.2.jdk/Contents/Home/lib/server/libjvm.dylib
0x0000000117ea4000 	/Library/Frameworks/R.framework/Versions/3.6/Resources/library/rJava/libs/rJava.so
0x0000000117eb8000 	/Library/Java/JavaVirtualMachines/jdk-14.0.2.jdk/Contents/Home/lib/libjimage.dylib
0x000000012066e000 	/Library/Java/JavaVirtualMachines/jdk-14.0.2.jdk/Contents/Home/lib/libjava.dylib
0x0000000120696000 	/Library/Java/JavaVirtualMachines/jdk-14.0.2.jdk/Contents/Home/lib/libzip.dylib
0x0000000133c00000 	/Applications/Xcode.app/Contents/Developer/Toolchains/XcodeDefault.xctoolchain/usr/lib/libclang.dylib
0x000000013993a000 	/Library/Frameworks/R.framework/Versions/3.6/Resources/modules/internet.so
0x0000000139a5b000 	/Library/Frameworks/R.framework/Versions/3.6/Resources/library/haven/libs/haven.so
0x000000013339e000 	/Library/Frameworks/R.framework/Versions/3.6/Resources/library/readxl/libs/readxl.so
0x0000000139ae0000 	/Library/Frameworks/R.framework/Versions/3.6/Resources/library/xml2/libs/xml2.so
0x0000000139afb000 	/Library/Frameworks/R.framework/Versions/3.6/Resources/library/RMySQL/libs/RMySQL.so
0x0000000139de6000 	/Library/Java/JavaVirtualMachines/jdk-14.0.2.jdk/Contents/Home/lib/libnio.dylib
0x0000000139df9000 	/Library/Java/JavaVirtualMachines/jdk-14.0.2.jdk/Contents/Home/lib/libnet.dylib
0x0000000139e11000 	/Library/Java/JavaVirtualMachines/jdk-14.0.2.jdk/Contents/Home/lib/libextnet.dylib
0x0000000139e18000 	/Library/Frameworks/R.framework/Versions/3.6/Resources/library/triebeard/libs/triebeard.so
0x0000000139e68000 	/Library/Frameworks/R.framework/Versions/3.6/Resources/library/urltools/libs/urltools.so


VM Arguments:
jvm_args: -Djava.awt.headless=true -Xmx512m -Xrs vfprintf exit -Xss2m 
java_command: <unknown>
java_class_path (initial): /Library/Frameworks/R.framework/Versions/3.6/Resources/library/rJava/java/boot
Launcher Type: generic

[Global flags]
     intx CICompilerCount                          = 3                                         {product} {ergonomic}
     uint ConcGCThreads                            = 1                                         {product} {ergonomic}
     uint G1ConcRefinementThreads                  = 4                                         {product} {ergonomic}
   size_t G1HeapRegionSize                         = 1048576                                   {product} {ergonomic}
    uintx GCDrainStackTargetSize                   = 64                                        {product} {ergonomic}
   size_t InitialHeapSize                          = 268435456                                 {product} {ergonomic}
   size_t MarkStackSize                            = 4194304                                   {product} {ergonomic}
   size_t MaxHeapSize                              = 536870912                                 {product} {command line}
   size_t MaxNewSize                               = 321912832                                 {product} {ergonomic}
   size_t MinHeapDeltaBytes                        = 1048576                                   {product} {ergonomic}
   size_t MinHeapSize                              = 8388608                                   {product} {ergonomic}
    uintx NonNMethodCodeHeapSize                   = 5832780                                {pd product} {ergonomic}
    uintx NonProfiledCodeHeapSize                  = 122912730                              {pd product} {ergonomic}
    uintx ProfiledCodeHeapSize                     = 122912730                              {pd product} {ergonomic}
     bool ReduceSignalUsage                        = true                                      {product} {command line}
    uintx ReservedCodeCacheSize                    = 251658240                              {pd product} {ergonomic}
     bool SegmentedCodeCache                       = true                                      {product} {ergonomic}
   size_t SoftMaxHeapSize                          = 536870912                              {manageable} {ergonomic}
     intx ThreadStackSize                          = 2048                                   {pd product} {command line}
     bool UseCompressedClassPointers               = true                                 {lp64_product} {ergonomic}
     bool UseCompressedOops                        = true                                 {lp64_product} {ergonomic}
     bool UseG1GC                                  = true                                      {product} {ergonomic}

Logging:
Log output configuration:
 #0: stdout all=warning uptime,level,tags
 #1: stderr all=off uptime,level,tags

Environment Variables:
PATH=/usr/bin:/bin:/usr/sbin:/sbin:/Applications/RStudio.app/Contents/MacOS/rpostback:/Applications/RStudio.app/Contents/MacOS/postback:/usr/local/bin:/Users/meerapatel/Library/Python/2.7/bin:/Library/TeX/texbin:/opt/X11/bin:/Library/Apple/usr/bin:/Applications/Postgres.app/Contents/Versions/latest/bin:/opt/local/bin
SHELL=/bin/zsh
DISPLAY=/private/tmp/com.apple.launchd.B7JF8H5ucJ/org.macosforge.xquartz:0
DYLD_LIBRARY_PATH=/Library/Java/JavaVirtualMachines/jdk-14.0.2.jdk/Contents/Home/lib/server
DYLD_FALLBACK_LIBRARY_PATH=/Library/Frameworks/R.framework/Resources/lib:/Users/meerapatel/lib:/usr/local/lib:/usr/lib:::/lib:/Library/Java/JavaVirtualMachines/openjdk-13.jdk/Contents/Home/lib/server

Signal Handlers:
SIGSEGV: [libjvm.dylib+0x7415b8], sa_mask[0]=11111111011111110111111111111111, sa_flags=SA_ONSTACK|SA_RESTART|SA_SIGINFO
SIGBUS: [libjvm.dylib+0x7415b8], sa_mask[0]=11111111011111110111111111111111, sa_flags=SA_RESTART|SA_SIGINFO
SIGFPE: [libjvm.dylib+0x7415b8], sa_mask[0]=11111111011111110111111111111111, sa_flags=SA_RESTART|SA_SIGINFO
SIGPIPE: SIG_IGN, sa_mask[0]=00000000000000000000000000000000, sa_flags=SA_RESTART
SIGXFSZ: [libjvm.dylib+0x5eb4b1], sa_mask[0]=11111111011111110111111111111111, sa_flags=SA_RESTART|SA_SIGINFO
SIGILL: [libjvm.dylib+0x7415b8], sa_mask[0]=11111111011111110111111111111111, sa_flags=SA_RESTART|SA_SIGINFO
SIGUSR2: SIG_IGN, sa_mask[0]=00000000000000000000000000000000, sa_flags=none
SIGHUP: SIG_DFL, sa_mask[0]=00000000000000000000000000000000, sa_flags=none
SIGINT: [rsession+0x1053c0], sa_mask[0]=00000000000000000000000000000000, sa_flags=SA_RESTART
SIGTERM: SIG_DFL, sa_mask[0]=00000000000000000000000000000000, sa_flags=none
SIGQUIT: SIG_DFL, sa_mask[0]=00000000000000000000000000000000, sa_flags=none


---------------  S Y S T E M  ---------------

OS:uname:Darwin 19.6.0 Darwin Kernel Version 19.6.0: Sun Jul  5 00:43:10 PDT 2020; root:xnu-6153.141.1~9/RELEASE_X86_64 x86_64
OS uptime: 6 days 5:30 hours
rlimit: STACK 8192k, CORE 0k, NPROC 2784, NOFILE 12544, AS infinity, DATA infinity, FSIZE infinity
load average:6.87 5.50 3.92

CPU:total 4 (initial active 4) (2 cores per cpu, 2 threads per core) family 6 model 142 stepping 9, cmov, cx8, fxsr, mmx, sse, sse2, sse3, ssse3, sse4.1, sse4.2, popcnt, avx, avx2, aes, clmul, erms, rtm, 3dnowpref, lzcnt, ht, tsc, tscinvbit, bmi1, bmi2, adx, fma

Memory: 4k page, physical 16777216k(916380k free), swap 2097152k(1613568k free)

vm_info: Java HotSpot(TM) 64-Bit Server VM (14.0.2+12-46) for bsd-amd64 JRE (14.0.2+12-46), built on Jul  8 2020 23:32:31 by "mach5one" with clang 4.2.1 Compatible Apple LLVM 10.0.0 (clang-1000.11.45.5)

END.
