#
# A fatal error has been detected by the Java Runtime Environment:
#
#  SIGBUS (0xa) at pc=0x0000000122ae7d25, pid=36029, tid=775
#
# JRE version: OpenJDK Runtime Environment (13.0.1+9) (build 13.0.1+9)
# Java VM: OpenJDK 64-Bit Server VM (13.0.1+9, mixed mode, sharing, tiered, compressed oops, g1 gc, bsd-amd64)
# Problematic frame:
# J 581 c2 org.postgresql.core.PGStream.receiveChar()I (22 bytes) @ 0x0000000122ae7d25 [0x0000000122ae7ca0+0x0000000000000085]
#
# No core dump will be written. Core dumps have been disabled. To enable core dumping, try "ulimit -c unlimited" before starting Java again
#
# If you would like to submit a bug report, please visit:
#   http://bugreport.java.com/bugreport/crash.jsp
#

---------------  S U M M A R Y ------------

Command Line: -Djava.awt.headless=true -Xmx512m -Xrs vfprintf exit -Xss2m 

Host: MacBookPro15,4 x86_64 1400 MHz, 8 cores, 16G, Darwin 18.7.0
Time: Fri Sep 25 01:56:15 2020 EDT elapsed time: 57 seconds (0d 0h 0m 57s)

---------------  T H R E A D  ---------------

Current thread (0x00007f9d1e64a000):  JavaThread "main" [_thread_in_Java, id=775, stack(0x00007ffeeb579000,0x00007ffeebd79000)]

Stack: [0x00007ffeeb579000,0x00007ffeebd79000],  sp=0x00007ffeebd60368,  free space=8092k
Native frames: (J=compiled Java code, A=aot compiled Java code, j=interpreted, Vv=VM code, C=native code)
J 581 c2 org.postgresql.core.PGStream.receiveChar()I (22 bytes) @ 0x0000000122ae7d25 [0x0000000122ae7ca0+0x0000000000000085]

[error occurred during error reporting (printing native stack), id 0xb, SIGSEGV (0xb) at pc=0x000000010eba0587]


siginfo: si_signo: 10 (SIGBUS), si_code: 2 (BUS_ADRERR), si_addr: 0x00007f9d2a971f80

Register to memory mapping:

RAX=0x0000000000000044 is an unknown value
RBX={method} {0x0000000111e8aa00} 'receiveChar' '()I' in 'org/postgresql/core/PGStream'
RCX=0x00000007e025e3a8 is an oop: org.postgresql.core.PGStream 
{0x00000007e025e3a8} - klass: 'org/postgresql/core/PGStream'
RDX=0x00000000fffff5a8 is an unknown value
RSP=0x00007ffeebd60368 is pointing into the stack for thread: 0x00007f9d1e64a000
RBP=0x00007ffeebd603d0 is pointing into the stack for thread: 0x00007f9d1e64a000
RSI=0x00000007e025e3a8 is an oop: org.postgresql.core.PGStream 
{0x00000007e025e3a8} - klass: 'org/postgresql/core/PGStream'
RDI=0x00000007e040536f is pointing into object: [B 
{0x00000007e0403dc0} - klass: {type array byte}
 - length: 8192
R8 =0x00000007e4999780 is an oop: [[B 
{0x00000007e4999780} - klass: {type array byte}[]
 - length: 6
R9 =0x0000000000002000 is an unknown value
R10=0x00000001077e9008 is an unknown value
R11=0x00000007e0403dc0 is an oop: [B 
{0x00000007e0403dc0} - klass: {type array byte}
 - length: 8192
R12=0x0 is NULL
R13=0x00007ffeebd60380 is pointing into the stack for thread: 0x00007f9d1e64a000
R14=0x0 is NULL
R15=0x00007f9d1e64a000 is a thread


Registers:
RAX=0x0000000000000044, RBX=0x0000000111e8aa00, RCX=0x00000007e025e3a8, RDX=0x00000000fffff5a8
RSP=0x00007ffeebd60368, RBP=0x00007ffeebd603d0, RSI=0x00000007e025e3a8, RDI=0x00000007e040536f
R8 =0x00000007e4999780, R9 =0x0000000000002000, R10=0x00000001077e9008, R11=0x00000007e0403dc0
R12=0x0000000000000000, R13=0x00007ffeebd60380, R14=0x0000000000000000, R15=0x00007f9d1e64a000
RIP=0x0000000122ae7d25, EFLAGS=0x0000000000000206, ERR=0x00000000020000b8
  TRAPNO=0x0000000000000085

Top of Stack: (sp=0x00007ffeebd60368)
0x00007ffeebd60368:   000000011aff79c0 000000011aff7750
0x00007ffeebd60378:   000000011aff79c0 00000007e025e3a8
0x00007ffeebd60388:   00007ffeebd60388 0000000111e9dbc4
0x00007ffeebd60398:   00007ffeebd60470 0000000111eba748
0x00007ffeebd603a8:   0000000000000000 00000007e0a8e610
0x00007ffeebd603b8:   0000000111e9e758 00007ffeebd60380
0x00007ffeebd603c8:   00007ffeebd60460 00007ffeebd604d0
0x00007ffeebd603d8:   000000011aff7fb3 0000000000000000
0x00007ffeebd603e8:   0000000000000000 0000000000000000
0x00007ffeebd603f8:   0000000000000000 0000000000000000
0x00007ffeebd60408:   0000000000000000 00000007e4999780
0x00007ffeebd60418:   0000000000000000 0000000000000000
0x00007ffeebd60428:   0000000000000000 0000000000000000
0x00007ffeebd60438:   0000000000000000 0000000000000044
0x00007ffeebd60448:   00000007e4971ab8 0000000000000000
0x00007ffeebd60458:   0000000000000000 0000000000000000
0x00007ffeebd60468:   00000007e49719c8 00000007e0a91188
0x00007ffeebd60478:   000000010c101000 00000007e0a91188
0x00007ffeebd60488:   00007ffeebd60478 0000000111e9ead5
0x00007ffeebd60498:   00007ffeebd60510 0000000111eba748
0x00007ffeebd604a8:   0000000000000000 00000007e0a8e610
0x00007ffeebd604b8:   0000000111e9eb88 00007ffeebd60460
0x00007ffeebd604c8:   00007ffeebd60520 00000000fc152231
0x00007ffeebd604d8:   0000000122af216c 0000000000000000
0x00007ffeebd604e8:   00000007e49719a8 00000007e0aeb3a8
0x00007ffeebd604f8:   0000000700000800 00000007e49719c8
0x00007ffeebd60508:   00000007e0aeb3a8 00000007e0a91188
0x00007ffeebd60518:   0000000122af216c 00000008002dfc78
0x00007ffeebd60528:   00000007e0b43458 00000007e0ec1dc0
0x00007ffeebd60538:   0000000100000006 00000007e021d3b0
0x00007ffeebd60548:   00000007e0aeb208 0000000000000000
0x00007ffeebd60558:   00007ffeebd60580 00007ffeebd605f0 

Instructions: (pc=0x0000000122ae7d25)
0x0000000122ae7c25:   03 00 00 e8 03 00 00 f0 03 00 00 08 04 00 00 20
0x0000000122ae7c35:   04 00 00 20 04 00 00 20 04 00 00 20 00 00 00 45
0x0000000122ae7c45:   02 00 00 04 00 00 00 00 00 00 00 02 00 00 00 00
0x0000000122ae7c55:   00 00 00 00 00 00 00 00 00 00 00 e0 01 00 00 02
0x0000000122ae7c65:   00 00 00 ff ff ff ff ff ff ff ff 1b 60 6a b0 1a
0x0000000122ae7c75:   34 27 a0 19 64 0c 64 0c 64 10 64 0f 64 0a 00 01
0x0000000122ae7c85:   f8 61 ff 00 50 00 c0 0a 64 05 64 0f 64 00 00 00
0x0000000122ae7c95:   00 00 00 00 00 00 00 00 00 00 00 44 8b 56 08 49
0x0000000122ae7ca5:   c1 e2 03 49 bc 00 00 00 00 08 00 00 00 4d 03 d4
0x0000000122ae7cb5:   4d 33 e4 49 3b c2 0f 85 3f 10 55 f8 66 66 90 0f
0x0000000122ae7cc5:   1f 84 00 00 00 00 00 66 66 66 90 89 84 24 00 c0
0x0000000122ae7cd5:   fe ff 55 48 83 ec 30 8b 6e 20 45 8b 54 ec 0c ba
0x0000000122ae7ce5:   01 00 00 00 41 2b 54 ec 10 41 03 d2 85 d2 7f 34
0x0000000122ae7cf5:   45 8b 5c ec 18 45 8b ca 41 ff c1 45 89 4c ec 0c
0x0000000122ae7d05:   47 8b 4c dc 0c 45 3b d1 73 63 49 c1 e3 03 43 0f
0x0000000122ae7d15:   b6 44 13 10 48 83 c4 30 5d 4d 8b 97 08 01 00 00
0x0000000122ae7d25:   41 85 02 c3 4d 8d 14 ec 66 66 90 49 8b f2 4c 89
0x0000000122ae7d35:   54 24 08 4c 89 54 24 10 66 90 e8 7c ab b9 f8 85
0x0000000122ae7d45:   c0 74 3e ba 01 00 00 00 41 2b 54 ec 10 4d 8b 8f
0x0000000122ae7d55:   08 01 00 00 45 8b 54 ec 0c 41 03 d2 4c 8b 5c 24
0x0000000122ae7d65:   08 41 85 01 85 d2 7e 88 4d 8b d3 eb be be e4 ff
0x0000000122ae7d75:   ff ff 41 8b eb 44 89 14 24 90 e8 fc ef 54 f8 0f
0x0000000122ae7d85:   0b be 45 ff ff ff e8 f0 ef 54 f8 0f 0b be f6 ff
0x0000000122ae7d95:   ff ff e8 e4 ef 54 f8 0f 0b be f6 ff ff ff 41 8b
0x0000000122ae7da5:   ea 90 e8 d4 ef 54 f8 0f 0b 48 8b f0 48 83 c4 30
0x0000000122ae7db5:   5d e9 45 74 60 f8 f4 f4 f4 f4 f4 48 bb 00 00 00
0x0000000122ae7dc5:   00 00 00 00 00 e9 fb ff ff ff e9 ac c4 5f f8 e8
0x0000000122ae7dd5:   00 00 00 00 48 83 2c 24 05 e9 bd f2 54 f8 f4 f4
0x0000000122ae7de5:   f4 f4 f4 c0 eb 07 e0 07 00 00 00 00 aa e8 11 01
0x0000000122ae7df5:   00 00 00 d0 d4 e8 11 01 00 00 00 68 d7 e8 11 01
0x0000000122ae7e05:   00 00 00 ff 02 00 00 00 00 00 01 05 01 00 00 01
0x0000000122ae7e15:   00 42 06 02 03 0c 00 00 03 00 82 01 02 00 00 0f 


Stack slot to memory mapping:
stack at sp + 0 slots: 0x000000011aff79c0 is at code_begin+832 in an Interpreter codelet
invoke return entry points  [0x000000011aff7680, 0x000000011aff80a0]  2592 bytes
stack at sp + 1 slots: 0x000000011aff7750 is at code_begin+208 in an Interpreter codelet
invoke return entry points  [0x000000011aff7680, 0x000000011aff80a0]  2592 bytes
stack at sp + 2 slots: 0x000000011aff79c0 is at code_begin+832 in an Interpreter codelet
invoke return entry points  [0x000000011aff7680, 0x000000011aff80a0]  2592 bytes
stack at sp + 3 slots: 0x00000007e025e3a8 is an oop: org.postgresql.core.PGStream 
{0x00000007e025e3a8} - klass: 'org/postgresql/core/PGStream'
stack at sp + 4 slots: 0x00007ffeebd60388 is pointing into the stack for thread: 0x00007f9d1e64a000
stack at sp + 5 slots: 0x0000000111e9dbc4 is pointing into metadata
stack at sp + 6 slots: 0x00007ffeebd60470 is pointing into the stack for thread: 0x00007f9d1e64a000
stack at sp + 7 slots: 0x0000000111eba748 is pointing into metadata

--------------------------------------------------------------------------------
[Constant Pool (empty)]

--------------------------------------------------------------------------------

[MachCode]
  0x0000000122ae7ca0: 448b 5608 | 49c1 e203 | 49bc 0000 | 0000 0800 | 0000 4d03 | d44d 33e4 | 493b c20f | 853f 1055 
  0x0000000122ae7cc0: f866 6690 | 0f1f 8400 | 0000 0000 | 6666 6690 | 8984 2400 | c0fe ff55 | 4883 ec30 | 8b6e 2045 
  0x0000000122ae7ce0: 8b54 ec0c | ba01 0000 | 0041 2b54 | ec10 4103 | d285 d27f | 3445 8b5c | ec18 458b | ca41 ffc1 
  0x0000000122ae7d00: 4589 4cec | 0c47 8b4c | dc0c 453b | d173 6349 | c1e3 0343 | 0fb6 4413 | 1048 83c4 | 305d 4d8b 
  0x0000000122ae7d20: 9708 0100 | 0041 8502 | c34d 8d14 | ec66 6690 | 498b f24c | 8954 2408 | 4c89 5424 | 1066 90e8 
  0x0000000122ae7d40: 7cab b9f8 | 85c0 743e | ba01 0000 | 0041 2b54 | ec10 4d8b | 8f08 0100 | 0045 8b54 | ec0c 4103 
  0x0000000122ae7d60: d24c 8b5c | 2408 4185 | 0185 d27e | 884d 8bd3 | ebbe bee4 | ffff ff41 | 8beb 4489 | 1424 90e8 
  0x0000000122ae7d80: fcef 54f8 | 0f0b be45 | ffff ffe8 | f0ef 54f8 | 0f0b bef6 | ffff ffe8 | e4ef 54f8 | 0f0b bef6 
  0x0000000122ae7da0: ffff ff41 | 8bea 90e8 | d4ef 54f8 | 0f0b 488b | f048 83c4 | 305d e945 | 7460 f8f4 | f4f4 f4f4 
  0x0000000122ae7dc0: 48bb 0000 | 0000 0000 | 0000 e9fb | ffff ffe9 | acc4 5ff8 | e800 0000 | 0048 832c | 2405 e9bd 
  0x0000000122ae7de0: f254 f8f4 | f4f4 f4f4 
[/MachCode]
--------------------------------------------------------------------------------


---------------  P R O C E S S  ---------------

Threads class SMR info:
_java_thread_list=0x00007f9d1efeff80, length=9, elements={
0x00007f9d1e64a000, 0x00007f9d29bdc000, 0x00007f9d2726b000, 0x00007f9d29462000,
0x00007f9d29422000, 0x00007f9d29423000, 0x00007f9d2a3ed800, 0x00007f9d2850e000,
0x00007f9d29537000
}

Java Threads: ( => current thread )
=>0x00007f9d1e64a000 JavaThread "main" [_thread_in_Java, id=775, stack(0x00007ffeeb579000,0x00007ffeebd79000)]
  0x00007f9d29bdc000 JavaThread "Reference Handler" daemon [_thread_blocked, id=14595, stack(0x0000700004612000,0x0000700004812000)]
  0x00007f9d2726b000 JavaThread "Finalizer" daemon [_thread_blocked, id=18691, stack(0x0000700004815000,0x0000700004a15000)]
  0x00007f9d29462000 JavaThread "Attach Listener" daemon [_thread_blocked, id=21763, stack(0x0000700004b1e000,0x0000700004d1e000)]
  0x00007f9d29422000 JavaThread "C2 CompilerThread0" daemon [_thread_blocked, id=22531, stack(0x0000700004d21000,0x0000700004e21000)]
  0x00007f9d29423000 JavaThread "C1 CompilerThread0" daemon [_thread_blocked, id=43011, stack(0x0000700004e24000,0x0000700004f24000)]
  0x00007f9d2a3ed800 JavaThread "Sweeper thread" daemon [_thread_blocked, id=23299, stack(0x0000700004f27000,0x0000700005127000)]
  0x00007f9d2850e000 JavaThread "Service Thread" daemon [_thread_blocked, id=42243, stack(0x000070000512a000,0x000070000532a000)]
  0x00007f9d29537000 JavaThread "Common-Cleaner" daemon [_thread_blocked, id=24323, stack(0x0000700005430000,0x0000700005630000)]

Other Threads:
  0x00007f9d29461000 VMThread "VM Thread" [stack: 0x000070000450f000,0x000070000460f000] [id=14083] _threads_hazard_ptr=0x00007f9d1efeff80
  0x00007f9d29462800 WatcherThread [stack: 0x000070000532d000,0x000070000542d000] [id=41987]
  0x00007f9d2a13c000 GCTaskThread "GC Thread#0" [stack: 0x0000700004000000,0x0000700004100000] [id=11267]
  0x00007f9d0e109000 GCTaskThread "GC Thread#1" [stack: 0x0000700005739000,0x0000700005839000] [id=15887]
  0x00007f9d27ec1000 GCTaskThread "GC Thread#2" [stack: 0x000070000583c000,0x000070000593c000] [id=25603]
  0x00007f9d29b79000 GCTaskThread "GC Thread#3" [stack: 0x000070000593f000,0x0000700005a3f000] [id=26115]
  0x00007f9d294e8800 GCTaskThread "GC Thread#4" [stack: 0x0000700005a42000,0x0000700005b42000] [id=36867]
  0x00007f9d20e46800 GCTaskThread "GC Thread#5" [stack: 0x0000700005b45000,0x0000700005c45000] [id=36611]
  0x00007f9d24a8a000 ConcurrentGCThread "G1 Main Marker" [stack: 0x0000700004103000,0x0000700004203000] [id=11523]
  0x00007f9d24a9e000 ConcurrentGCThread "G1 Conc#0" [stack: 0x0000700004206000,0x0000700004306000] [id=12547]
  0x00007f9d105ae800 ConcurrentGCThread "G1 Conc#1" [stack: 0x0000700005c48000,0x0000700005d48000] [id=36355]
  0x00007f9d2793c800 ConcurrentGCThread "G1 Refine#0" [stack: 0x0000700004309000,0x0000700004409000] [id=13059]
  0x00007f9d27df3800 ConcurrentGCThread "G1 Young RemSet Sampling" [stack: 0x000070000440c000,0x000070000450c000] [id=20739]

Threads with active compile tasks:
C2 CompilerThread0    57120  633       4       org.ohdsi.databaseConnector.BatchedQuery::fetchBatch (335 bytes)

VM state:synchronizing (normal execution)

VM Mutex/Monitor currently owned by a thread:  ([mutex/lock_event])
[0x00007f9d2a864640] Threads_lock - owner thread: 0x00007f9d29461000
[0x00007f9d1bd599d0] Heap_lock - owner thread: 0x00007f9d24a8a000

Heap address: 0x00000007e0000000, size: 512 MB, Compressed Oops mode: Zero based, Oop shift amount: 3
Narrow klass base: 0x0000000800000000, Narrow klass shift: 3
Compressed class space size: 1073741824 Address: 0x0000000800add000

Heap:
 garbage-first heap   total 35840K, used 19105K [0x00000007e0000000, 0x0000000800000000)
  region size 1024K, 4 young (4096K), 1 survivors (1024K)
 Metaspace       used 3036K, capacity 6115K, committed 6272K, reserved 1056768K
  class space    used 289K, capacity 593K, committed 640K, reserved 1048576K
Heap Regions: E=young(eden), S=young(survivor), O=old, HS=humongous(starts), HC=humongous(continues), CS=collection set, F=free, A=archive, TAMS=top-at-mark-start (previous, next)
|   0|0x00000007e0000000, 0x00000007e00fffe8, 0x00000007e0100000| 99%| O|  |TAMS 0x00000007e0000000, 0x00000007e00fffe8| Untracked 
|   1|0x00000007e0100000, 0x00000007e0200000, 0x00000007e0200000|100%| O|  |TAMS 0x00000007e0100000, 0x00000007e0200000| Untracked 
|   2|0x00000007e0200000, 0x00000007e02fff60, 0x00000007e0300000| 99%| O|  |TAMS 0x00000007e0200000, 0x00000007e02fff60| Untracked 
|   3|0x00000007e0300000, 0x00000007e03ffff8, 0x00000007e0400000| 99%| O|  |TAMS 0x00000007e0300000, 0x00000007e03ffff8| Untracked 
|   4|0x00000007e0400000, 0x00000007e04ffec8, 0x00000007e0500000| 99%| O|  |TAMS 0x00000007e0400000, 0x00000007e04ffec8| Untracked 
|   5|0x00000007e0500000, 0x00000007e05ffff0, 0x00000007e0600000| 99%| O|  |TAMS 0x00000007e0500000, 0x00000007e05ffff0| Untracked 
|   6|0x00000007e0600000, 0x00000007e06ffff0, 0x00000007e0700000| 99%| O|  |TAMS 0x00000007e0600000, 0x00000007e06ffff0| Untracked 
|   7|0x00000007e0700000, 0x00000007e07fff68, 0x00000007e0800000| 99%| O|  |TAMS 0x00000007e0700000, 0x00000007e07fff68| Untracked 
|   8|0x00000007e0800000, 0x00000007e08ffff8, 0x00000007e0900000| 99%| O|  |TAMS 0x00000007e0800000, 0x00000007e08ffff8| Untracked 
|   9|0x00000007e0900000, 0x00000007e090eb50, 0x00000007e0a00000|  5%| O|  |TAMS 0x00000007e0900000, 0x00000007e090eb50| Untracked 
|  10|0x00000007e0a00000, 0x00000007e0afffe8, 0x00000007e0b00000| 99%| O|  |TAMS 0x00000007e0a00000, 0x00000007e0afffe8| Untracked 
|  11|0x00000007e0b00000, 0x00000007e0b43bf0, 0x00000007e0c00000| 26%| O|  |TAMS 0x00000007e0b00000, 0x00000007e0b43bf0| Untracked 
|  12|0x00000007e0c00000, 0x00000007e0d00000, 0x00000007e0d00000|100%| O|  |TAMS 0x00000007e0c00000, 0x00000007e0d00000| Untracked 
|  13|0x00000007e0d00000, 0x00000007e0e00000, 0x00000007e0e00000|100%| O|  |TAMS 0x00000007e0d00000, 0x00000007e0e00000| Untracked 
|  14|0x00000007e0e00000, 0x00000007e0f00000, 0x00000007e0f00000|100%| O|  |TAMS 0x00000007e0e00000, 0x00000007e0e8fc00| Untracked 
|  15|0x00000007e0f00000, 0x00000007e1000000, 0x00000007e1000000|100%| O|  |TAMS 0x00000007e0f00000, 0x00000007e0f00000| Untracked 
|  16|0x00000007e1000000, 0x00000007e1099200, 0x00000007e1100000| 59%| O|  |TAMS 0x00000007e1000000, 0x00000007e1000000| Untracked 
|  17|0x00000007e1100000, 0x00000007e1100000, 0x00000007e1200000|  0%| F|  |TAMS 0x00000007e1100000, 0x00000007e1100000| Untracked 
|  18|0x00000007e1200000, 0x00000007e1200000, 0x00000007e1300000|  0%| F|  |TAMS 0x00000007e1200000, 0x00000007e1200000| Untracked 
|  19|0x00000007e1300000, 0x00000007e1300000, 0x00000007e1400000|  0%| F|  |TAMS 0x00000007e1300000, 0x00000007e1300000| Untracked 
|  20|0x00000007e1400000, 0x00000007e1400000, 0x00000007e1500000|  0%| F|  |TAMS 0x00000007e1400000, 0x00000007e1400000| Untracked 
|  21|0x00000007e1500000, 0x00000007e1500000, 0x00000007e1600000|  0%| F|  |TAMS 0x00000007e1500000, 0x00000007e1500000| Untracked 
|  22|0x00000007e1600000, 0x00000007e1600000, 0x00000007e1700000|  0%| F|  |TAMS 0x00000007e1600000, 0x00000007e1600000| Untracked 
|  23|0x00000007e1700000, 0x00000007e1700000, 0x00000007e1800000|  0%| F|  |TAMS 0x00000007e1700000, 0x00000007e1700000| Untracked 
|  24|0x00000007e1800000, 0x00000007e1800000, 0x00000007e1900000|  0%| F|  |TAMS 0x00000007e1800000, 0x00000007e1800000| Untracked 
|  25|0x00000007e1900000, 0x00000007e1900000, 0x00000007e1a00000|  0%| F|  |TAMS 0x00000007e1900000, 0x00000007e1900000| Untracked 
|  26|0x00000007e1a00000, 0x00000007e1a00000, 0x00000007e1b00000|  0%| F|  |TAMS 0x00000007e1a00000, 0x00000007e1a00000| Untracked 
|  27|0x00000007e1b00000, 0x00000007e1b00000, 0x00000007e1c00000|  0%| F|  |TAMS 0x00000007e1b00000, 0x00000007e1b00000| Untracked 
|  28|0x00000007e1c00000, 0x00000007e1d00000, 0x00000007e1d00000|100%| S|CS|TAMS 0x00000007e1c00000, 0x00000007e1c00000| Complete 
|  29|0x00000007e1d00000, 0x00000007e1d00000, 0x00000007e1e00000|  0%| F|  |TAMS 0x00000007e1d00000, 0x00000007e1d00000| Untracked 
|  73|0x00000007e4900000, 0x00000007e499bc38, 0x00000007e4a00000| 60%| E|  |TAMS 0x00000007e4900000, 0x00000007e4900000| Complete 
| 252|0x00000007efc00000, 0x00000007efd00000, 0x00000007efd00000|100%| E|CS|TAMS 0x00000007efc00000, 0x00000007efc00000| Complete 
| 253|0x00000007efd00000, 0x00000007efe00000, 0x00000007efe00000|100%| E|CS|TAMS 0x00000007efd00000, 0x00000007efd00000| Complete 
| 510|0x00000007ffe00000, 0x00000007ffe47000, 0x00000007fff00000| 27%|OA|  |TAMS 0x00000007ffe47000, 0x00000007ffe47000| Untracked 
| 511|0x00000007fff00000, 0x00000007fff76000, 0x0000000800000000| 46%|CA|  |TAMS 0x00000007fff76000, 0x00000007fff76000| Untracked 

Card table byte_map: [0x0000000110001000,0x0000000110101000] _byte_map_base: 0x000000010c101000

Marking Bits (Prev, Next): (CMBitMap*) 0x00007f9d27d0a258, (CMBitMap*) 0x00007f9d27d0a218
 Prev Bits: [0x0000000110a01000, 0x0000000111201000)
 Next Bits: [0x0000000110201000, 0x0000000110a01000)

Polling page: 0x00000001077e9000

Metaspace:

Usage:
  Non-class:      5.39 MB capacity,     2.68 MB ( 50%) used,     2.71 MB ( 50%) free+waste,     4.81 KB ( <1%) overhead. 
      Class:    593.00 KB capacity,   289.63 KB ( 49%) used,   300.55 KB ( 51%) free+waste,     2.81 KB ( <1%) overhead. 
       Both:      5.97 MB capacity,     2.97 MB ( 50%) used,     3.00 MB ( 50%) free+waste,     7.62 KB ( <1%) overhead. 

Virtual space:
  Non-class space:        8.00 MB reserved,       5.50 MB ( 69%) committed 
      Class space:        1.00 GB reserved,     640.00 KB ( <1%) committed 
             Both:        1.01 GB reserved,       6.12 MB ( <1%) committed 

Chunk freelists:
   Non-Class:  42.00 KB
       Class:  27.00 KB
        Both:  69.00 KB

MaxMetaspaceSize: unlimited
CompressedClassSpaceSize: 1.00 GB

CodeHeap 'non-profiled nmethods': size=120032Kb used=254Kb max_used=254Kb free=119777Kb
 bounds [0x0000000122ab6000, 0x0000000122d26000, 0x0000000129fee000]
CodeHeap 'profiled nmethods': size=120028Kb used=1159Kb max_used=1159Kb free=118868Kb
 bounds [0x000000011b57f000, 0x000000011b7ef000, 0x0000000122ab6000]
CodeHeap 'non-nmethods': size=5700Kb used=1156Kb max_used=1173Kb free=4543Kb
 bounds [0x000000011afee000, 0x000000011b25e000, 0x000000011b57f000]
 total_blobs=1225 nmethods=631 adapters=316
 compilation: enabled
              stopped_count=0, restarted_count=0
 full_count=0

Compilation events (20 events):
Event: 56.993 Thread 0x00007f9d29423000  623       3       java.util.regex.Pattern::isSupplementary (21 bytes)
Event: 56.994 Thread 0x00007f9d29423000 nmethod 623 0x000000011b69e290 code [0x000000011b69e440, 0x000000011b69e710]
Event: 56.994 Thread 0x00007f9d29423000  624       3       java.lang.Character::isSurrogate (18 bytes)
Event: 56.994 Thread 0x00007f9d29422000 nmethod 625 0x0000000122af1410 code [0x0000000122af1580, 0x0000000122af15f8]
Event: 56.994 Thread 0x00007f9d29423000 nmethod 624 0x000000011b69e810 code [0x000000011b69e9a0, 0x000000011b69eb70]
Event: 57.024 Thread 0x00007f9d29422000  626 %     4       org.ohdsi.databaseConnector.BatchedQuery::fetchBatch @ 13 (335 bytes)
Event: 57.035 Thread 0x00007f9d29423000  627       3       java.util.Arrays::copyOf (10 bytes)
Event: 57.035 Thread 0x00007f9d29423000 nmethod 627 0x000000011b69ec10 code [0x000000011b69edc0, 0x000000011b69ef68]
Event: 57.044 Thread 0x00007f9d29423000  628       3       java.util.ArrayDeque::addLast (51 bytes)
Event: 57.044 Thread 0x00007f9d29423000 nmethod 628 0x000000011b69f010 code [0x000000011b69f1e0, 0x000000011b69f738]
Event: 57.049 Thread 0x00007f9d29423000  629       3       java.util.ArrayDeque::add (7 bytes)
Event: 57.049 Thread 0x00007f9d29423000 nmethod 629 0x000000011b69f910 code [0x000000011b69fac0, 0x000000011b69fc88]
Event: 57.051 Thread 0x00007f9d29423000  631       3       java.util.ArrayList::grow (60 bytes)
Event: 57.051 Thread 0x00007f9d29423000 nmethod 631 0x000000011b69fd10 code [0x000000011b69ff20, 0x000000011b6a0758]
Event: 57.051 Thread 0x00007f9d29423000  630       3       java.util.ArrayList::grow (11 bytes)
Event: 57.051 Thread 0x00007f9d29423000 nmethod 630 0x000000011b6a0990 code [0x000000011b6a0b40, 0x000000011b6a0ce8]
Event: 57.053 Thread 0x00007f9d29422000 nmethod 626% 0x0000000122af1710 code [0x0000000122af19a0, 0x0000000122af2b30]
Event: 57.053 Thread 0x00007f9d29422000  632 %     4       org.ohdsi.databaseConnector.BatchedQuery::fetchBatch @ 8 (335 bytes)
Event: 57.076 Thread 0x00007f9d29422000 nmethod 632% 0x0000000122af3790 code [0x0000000122af3a20, 0x0000000122af4db0]
Event: 57.083 Thread 0x00007f9d29422000  633       4       org.ohdsi.databaseConnector.BatchedQuery::fetchBatch (335 bytes)

GC Heap History (20 events):
Event: 56.815 GC heap before
{Heap before GC invocations=0 (full 0):
 garbage-first heap   total 264192K, used 7924K [0x00000007e0000000, 0x0000000800000000)
  region size 1024K, 9 young (9216K), 0 survivors (0K)
 Metaspace       used 2946K, capacity 6115K, committed 6272K, reserved 1056768K
  class space    used 287K, capacity 593K, committed 640K, reserved 1048576K
}
Event: 56.825 GC heap after
{Heap after GC invocations=1 (full 1):
 garbage-first heap   total 24576K, used 2730K [0x00000007e0000000, 0x0000000800000000)
  region size 1024K, 0 young (0K), 0 survivors (0K)
 Metaspace       used 2946K, capacity 6115K, committed 6272K, reserved 1056768K
  class space    used 287K, capacity 593K, committed 640K, reserved 1048576K
}
Event: 56.897 GC heap before
{Heap before GC invocations=1 (full 1):
 garbage-first heap   total 24576K, used 8874K [0x00000007e0000000, 0x0000000800000000)
  region size 1024K, 7 young (7168K), 0 survivors (0K)
 Metaspace       used 3023K, capacity 6115K, committed 6272K, reserved 1056768K
  class space    used 289K, capacity 593K, committed 640K, reserved 1048576K
}
Event: 56.906 GC heap after
{Heap after GC invocations=2 (full 2):
 garbage-first heap   total 24576K, used 6778K [0x00000007e0000000, 0x0000000800000000)
  region size 1024K, 0 young (0K), 0 survivors (0K)
 Metaspace       used 3023K, capacity 6115K, committed 6272K, reserved 1056768K
  class space    used 289K, capacity 593K, committed 640K, reserved 1048576K
}
Event: 56.943 GC heap before
{Heap before GC invocations=2 (full 2):
 garbage-first heap   total 24576K, used 12922K [0x00000007e0000000, 0x0000000800000000)
  region size 1024K, 6 young (6144K), 0 survivors (0K)
 Metaspace       used 3032K, capacity 6115K, committed 6272K, reserved 1056768K
  class space    used 289K, capacity 593K, committed 640K, reserved 1048576K
}
Event: 56.947 GC heap after
{Heap after GC invocations=3 (full 2):
 garbage-first heap   total 24576K, used 12755K [0x00000007e0000000, 0x0000000800000000)
  region size 1024K, 1 young (1024K), 1 survivors (1024K)
 Metaspace       used 3032K, capacity 6115K, committed 6272K, reserved 1056768K
  class space    used 289K, capacity 593K, committed 640K, reserved 1048576K
}
Event: 56.948 GC heap before
{Heap before GC invocations=3 (full 2):
 garbage-first heap   total 24576K, used 13779K [0x00000007e0000000, 0x0000000800000000)
  region size 1024K, 2 young (2048K), 1 survivors (1024K)
 Metaspace       used 3032K, capacity 6115K, committed 6272K, reserved 1056768K
  class space    used 289K, capacity 593K, committed 640K, reserved 1048576K
}
Event: 56.949 GC heap after
{Heap after GC invocations=4 (full 2):
 garbage-first heap   total 24576K, used 13946K [0x00000007e0000000, 0x0000000800000000)
  region size 1024K, 1 young (1024K), 1 survivors (1024K)
 Metaspace       used 3032K, capacity 6115K, committed 6272K, reserved 1056768K
  class space    used 289K, capacity 593K, committed 640K, reserved 1048576K
}
Event: 56.952 GC heap before
{Heap before GC invocations=4 (full 2):
 garbage-first heap   total 24576K, used 14970K [0x00000007e0000000, 0x0000000800000000)
  region size 1024K, 2 young (2048K), 1 survivors (1024K)
 Metaspace       used 3032K, capacity 6115K, committed 6272K, reserved 1056768K
  class space    used 289K, capacity 593K, committed 640K, reserved 1048576K
}
Event: 56.953 GC heap after
{Heap after GC invocations=5 (full 2):
 garbage-first heap   total 24576K, used 14970K [0x00000007e0000000, 0x0000000800000000)
  region size 1024K, 1 young (1024K), 1 survivors (1024K)
 Metaspace       used 3032K, capacity 6115K, committed 6272K, reserved 1056768K
  class space    used 289K, capacity 593K, committed 640K, reserved 1048576K
}
Event: 56.955 GC heap before
{Heap before GC invocations=5 (full 2):
 garbage-first heap   total 24576K, used 15994K [0x00000007e0000000, 0x0000000800000000)
  region size 1024K, 2 young (2048K), 1 survivors (1024K)
 Metaspace       used 3032K, capacity 6115K, committed 6272K, reserved 1056768K
  class space    used 289K, capacity 593K, committed 640K, reserved 1048576K
}
Event: 56.956 GC heap after
{Heap after GC invocations=6 (full 2):
 garbage-first heap   total 24576K, used 16102K [0x00000007e0000000, 0x0000000800000000)
  region size 1024K, 1 young (1024K), 1 survivors (1024K)
 Metaspace       used 3032K, capacity 6115K, committed 6272K, reserved 1056768K
  class space    used 289K, capacity 593K, committed 640K, reserved 1048576K
}
Event: 56.958 GC heap before
{Heap before GC invocations=6 (full 2):
 garbage-first heap   total 24576K, used 17126K [0x00000007e0000000, 0x0000000800000000)
  region size 1024K, 2 young (2048K), 1 survivors (1024K)
 Metaspace       used 3032K, capacity 6115K, committed 6272K, reserved 1056768K
  class space    used 289K, capacity 593K, committed 640K, reserved 1048576K
}
Event: 56.959 GC heap after
{Heap after GC invocations=7 (full 2):
 garbage-first heap   total 24576K, used 17121K [0x00000007e0000000, 0x0000000800000000)
  region size 1024K, 1 young (1024K), 1 survivors (1024K)
 Metaspace       used 3032K, capacity 6115K, committed 6272K, reserved 1056768K
  class space    used 289K, capacity 593K, committed 640K, reserved 1048576K
}
Event: 57.002 GC heap before
{Heap before GC invocations=8 (full 2):
 garbage-first heap   total 35840K, used 17121K [0x00000007e0000000, 0x0000000800000000)
  region size 1024K, 2 young (2048K), 1 survivors (1024K)
 Metaspace       used 3033K, capacity 6115K, committed 6272K, reserved 1056768K
  class space    used 289K, capacity 593K, committed 640K, reserved 1048576K
}
Event: 57.023 GC heap after
{Heap after GC invocations=9 (full 3):
 garbage-first heap   total 35840K, used 11325K [0x00000007e0000000, 0x0000000800000000)
  region size 1024K, 0 young (0K), 0 survivors (0K)
 Metaspace       used 3033K, capacity 6115K, committed 6272K, reserved 1056768K
  class space    used 289K, capacity 593K, committed 640K, reserved 1048576K
}
Event: 57.044 GC heap before
{Heap before GC invocations=9 (full 3):
 garbage-first heap   total 35840K, used 16445K [0x00000007e0000000, 0x0000000800000000)
  region size 1024K, 5 young (5120K), 0 survivors (0K)
 Metaspace       used 3035K, capacity 6115K, committed 6272K, reserved 1056768K
  class space    used 289K, capacity 593K, committed 640K, reserved 1048576K
}
Event: 57.048 GC heap after
{Heap after GC invocations=10 (full 3):
 garbage-first heap   total 35840K, used 14972K [0x00000007e0000000, 0x0000000800000000)
  region size 1024K, 1 young (1024K), 1 survivors (1024K)
 Metaspace       used 3035K, capacity 6115K, committed 6272K, reserved 1056768K
  class space    used 289K, capacity 593K, committed 640K, reserved 1048576K
}
Event: 57.088 GC heap before
{Heap before GC invocations=10 (full 3):
 garbage-first heap   total 35840K, used 19068K [0x00000007e0000000, 0x0000000800000000)
  region size 1024K, 5 young (5120K), 1 survivors (1024K)
 Metaspace       used 3036K, capacity 6115K, committed 6272K, reserved 1056768K
  class space    used 289K, capacity 593K, committed 640K, reserved 1048576K
}
Event: 57.091 GC heap after
{Heap after GC invocations=11 (full 3):
 garbage-first heap   total 35840K, used 17057K [0x00000007e0000000, 0x0000000800000000)
  region size 1024K, 1 young (1024K), 1 survivors (1024K)
 Metaspace       used 3036K, capacity 6115K, committed 6272K, reserved 1056768K
  class space    used 289K, capacity 593K, committed 640K, reserved 1048576K
}

Deoptimization events (20 events):
Event: 57.034 Thread 0x00007f9d1e64a000 DEOPT PACKING pc=0x000000011b6759c7 sp=0x00007ffeebd60440
Event: 57.034 Thread 0x00007f9d1e64a000 DEOPT UNPACKING pc=0x000000011b03733a sp=0x00007ffeebd5f9e8 mode 0
Event: 57.034 Thread 0x00007f9d1e64a000 DEOPT PACKING pc=0x000000011b6759c7 sp=0x00007ffeebd60440
Event: 57.034 Thread 0x00007f9d1e64a000 DEOPT UNPACKING pc=0x000000011b03733a sp=0x00007ffeebd5f9e8 mode 0
Event: 57.037 Thread 0x00007f9d1e64a000 DEOPT PACKING pc=0x000000011b6759c7 sp=0x00007ffeebd60440
Event: 57.037 Thread 0x00007f9d1e64a000 DEOPT UNPACKING pc=0x000000011b03733a sp=0x00007ffeebd5f9e8 mode 0
Event: 57.039 Thread 0x00007f9d1e64a000 DEOPT PACKING pc=0x000000011b6759c7 sp=0x00007ffeebd60440
Event: 57.039 Thread 0x00007f9d1e64a000 DEOPT UNPACKING pc=0x000000011b03733a sp=0x00007ffeebd5f9e8 mode 0
Event: 57.043 Thread 0x00007f9d1e64a000 DEOPT PACKING pc=0x000000011b6759c7 sp=0x00007ffeebd60440
Event: 57.043 Thread 0x00007f9d1e64a000 DEOPT UNPACKING pc=0x000000011b03733a sp=0x00007ffeebd5f9e8 mode 0
Event: 57.043 Thread 0x00007f9d1e64a000 DEOPT PACKING pc=0x000000011b6759c7 sp=0x00007ffeebd60440
Event: 57.043 Thread 0x00007f9d1e64a000 DEOPT UNPACKING pc=0x000000011b03733a sp=0x00007ffeebd5f9e8 mode 0
Event: 57.048 Thread 0x00007f9d1e64a000 DEOPT PACKING pc=0x000000011b6759c7 sp=0x00007ffeebd60440
Event: 57.048 Thread 0x00007f9d1e64a000 DEOPT UNPACKING pc=0x000000011b03733a sp=0x00007ffeebd5f9e8 mode 0
Event: 57.049 Thread 0x00007f9d1e64a000 DEOPT PACKING pc=0x000000011b6759c7 sp=0x00007ffeebd60440
Event: 57.049 Thread 0x00007f9d1e64a000 DEOPT UNPACKING pc=0x000000011b03733a sp=0x00007ffeebd5f9e8 mode 0
Event: 57.051 Thread 0x00007f9d1e64a000 DEOPT PACKING pc=0x000000011b6759c7 sp=0x00007ffeebd60440
Event: 57.051 Thread 0x00007f9d1e64a000 DEOPT UNPACKING pc=0x000000011b03733a sp=0x00007ffeebd5f9e8 mode 0
Event: 57.083 Thread 0x00007f9d1e64a000 DEOPT PACKING pc=0x000000011b67a12e sp=0x00007ffeebd60450
Event: 57.083 Thread 0x00007f9d1e64a000 DEOPT UNPACKING pc=0x000000011b03733a sp=0x00007ffeebd5f9e8 mode 0

Classes unloaded (0 events):
No events

Classes redefined (0 events):
No events

Internal exceptions (1 events):
Event: 56.793 Thread 0x00007f9d1e64a000 Exception <a 'java/lang/NoSuchMethodError'{0x00000007ef9f5338}: 'int java.lang.invoke.DirectMethodHandle$Holder.invokeSpecialIFC(java.lang.Object, java.lang.Object, int)'> (0x00000007ef9f5338) 
thrown [/scratch/mesos/slaves/fcf4c0c4-d73e-4321-860c-6613427db92b-S1400/frameworks/1735e8a2-a1db-478c-8104-60c8b0af87dd-0196/executors/daacdadf-a1b9-40bc-9978-e61e217c02bb/runs/8ae9fce2-2d0e-4b1f-b6c6-d913bc747292/workspace/open/src/hotspot/share/interpreter/linkResolver.cpp, line 767]

Events (20 events):
Event: 56.947 Executing VM operation: G1CollectForAllocation done
Event: 56.948 Executing VM operation: G1CollectForAllocation
Event: 56.949 Executing VM operation: G1CollectForAllocation done
Event: 56.952 Executing VM operation: G1CollectForAllocation
Event: 56.953 Executing VM operation: G1CollectForAllocation done
Event: 56.955 Executing VM operation: G1CollectForAllocation
Event: 56.956 Executing VM operation: G1CollectForAllocation done
Event: 56.958 Executing VM operation: G1CollectForAllocation
Event: 56.959 Executing VM operation: G1CollectForAllocation done
Event: 56.959 Executing VM operation: G1Concurrent
Event: 56.960 Executing VM operation: G1Concurrent done
Event: 56.963 Executing VM operation: G1Concurrent
Event: 56.964 Executing VM operation: G1Concurrent done
Event: 57.002 Executing VM operation: G1CollectFull
Event: 57.023 Executing VM operation: G1CollectFull done
Event: 57.044 Executing VM operation: G1CollectForAllocation
Event: 57.048 Executing VM operation: G1CollectForAllocation done
Event: 57.088 Executing VM operation: G1CollectForAllocation
Event: 57.091 Executing VM operation: G1CollectForAllocation done
Event: 57.099 Executing VM operation: G1Concurrent


Dynamic libraries:
0x0000000104af2000 	/Library/Frameworks/R.framework/Resources/lib/libR.dylib
0x00007fff3ce60000 	/System/Library/Frameworks/AppKit.framework/Versions/C/AppKit
0x00007fff3dc67000 	/System/Library/Frameworks/ApplicationServices.framework/Versions/A/ApplicationServices
0x00007fff3f84a000 	/System/Library/Frameworks/CoreFoundation.framework/Versions/A/CoreFoundation
0x00007fff41acf000 	/System/Library/Frameworks/Foundation.framework/Versions/C/Foundation
0x00007fff42187000 	/System/Library/Frameworks/IOKit.framework/Versions/A/IOKit
0x00007fff4ad99000 	/System/Library/Frameworks/Security.framework/Versions/A/Security
0x00007fff68a0d000 	/usr/lib/libbsm.0.dylib
0x00007fff687e7000 	/usr/lib/libSystem.B.dylib
0x00007fff6ae90000 	/usr/lib/libz.1.dylib
0x00007fff40aa1000 	/System/Library/Frameworks/CoreServices.framework/Versions/A/CoreServices
0x0000000104fe6000 	/Applications/RStudio.app/Contents/Frameworks/libssl.1.1.dylib
0x0000000105066000 	/Applications/RStudio.app/Contents/Frameworks/libcrypto.1.1.dylib
0x00007fff68a2c000 	/usr/lib/libc++.1.dylib
0x00007fff3fc91000 	/System/Library/Frameworks/CoreGraphics.framework/Versions/A/CoreGraphics
0x00007fff41479000 	/System/Library/Frameworks/CoreText.framework/Versions/A/CoreText
0x00007fff6a020000 	/usr/lib/libobjc.A.dylib
0x00007fff622aa000 	/System/Library/PrivateFrameworks/RemoteViewServices.framework/Versions/A/RemoteViewServices
0x00007fff66523000 	/System/Library/PrivateFrameworks/UIFoundation.framework/Versions/A/UIFoundation
0x00007fff67c08000 	/System/Library/PrivateFrameworks/XCTTargetBootstrap.framework/Versions/A/XCTTargetBootstrap
0x00007fff3f759000 	/System/Library/Frameworks/CoreDisplay.framework/Versions/A/CoreDisplay
0x00007fff5cfe2000 	/System/Library/PrivateFrameworks/IconServices.framework/Versions/A/IconServices
0x00007fff44404000 	/System/Library/Frameworks/Metal.framework/Versions/A/Metal
0x00007fff54526000 	/System/Library/PrivateFrameworks/DesktopServicesPriv.framework/Versions/A/DesktopServicesPriv
0x00007fff69383000 	/usr/lib/libenergytrace.dylib
0x00007fff64a09000 	/System/Library/PrivateFrameworks/SkyLight.framework/Versions/A/SkyLight
0x00007fff3bc2c000 	/System/Library/Frameworks/Accelerate.framework/Versions/A/Accelerate
0x00007fff42218000 	/System/Library/Frameworks/IOSurface.framework/Versions/A/IOSurface
0x00007fff54392000 	/System/Library/PrivateFrameworks/DFRFoundation.framework/Versions/A/DFRFoundation
0x00007fff3e14a000 	/System/Library/Frameworks/AudioToolbox.framework/Versions/A/AudioToolbox
0x00007fff3e3c3000 	/System/Library/Frameworks/AudioUnit.framework/Versions/A/AudioUnit
0x00007fff3f3d3000 	/System/Library/Frameworks/CoreData.framework/Versions/A/CoreData
0x00007fff54427000 	/System/Library/PrivateFrameworks/DataDetectorsCore.framework/Versions/A/DataDetectorsCore
0x00007fff3ead8000 	/System/Library/Frameworks/Carbon.framework/Versions/A/Frameworks/HIToolbox.framework/Versions/A/HIToolbox
0x00007fff694dc000 	/usr/lib/libicucore.A.dylib
0x00007fff4a30c000 	/System/Library/Frameworks/QuartzCore.framework/Versions/A/QuartzCore
0x00007fff3eead000 	/System/Library/Frameworks/Carbon.framework/Versions/A/Frameworks/SpeechRecognition.framework/Versions/A/SpeechRecognition
0x00007fff6893b000 	/usr/lib/libauto.dylib
0x00007fff6ad83000 	/usr/lib/libxml2.2.dylib
0x00007fff53f6d000 	/System/Library/PrivateFrameworks/CoreUI.framework/Versions/A/CoreUI
0x00007fff3f2be000 	/System/Library/Frameworks/CoreAudio.framework/Versions/A/CoreAudio
0x00007fff41903000 	/System/Library/Frameworks/DiskArbitration.framework/Versions/A/DiskArbitration
0x00007fff6978a000 	/usr/lib/liblangid.dylib
0x00007fff5e3ee000 	/System/Library/PrivateFrameworks/MultitouchSupport.framework/Versions/A/MultitouchSupport
0x00007fff683a7000 	/usr/lib/libDiagnosticMessagesClient.dylib
0x00007fff600a9000 	/System/Library/PrivateFrameworks/PerformanceAnalysis.framework/Versions/A/PerformanceAnalysis
0x00007fff494f3000 	/System/Library/Frameworks/OpenGL.framework/Versions/A/OpenGL
0x00007fff3efe3000 	/System/Library/Frameworks/ColorSync.framework/Versions/A/ColorSync
0x00007fff40323000 	/System/Library/Frameworks/CoreImage.framework/Versions/A/CoreImage
0x00007fff4227b000 	/System/Library/Frameworks/ImageIO.framework/Versions/A/ImageIO
0x00007fff505bd000 	/System/Library/PrivateFrameworks/Backup.framework/Versions/A/Backup
0x00007fff6888e000 	/usr/lib/libarchive.2.dylib
0x00007fff3e71c000 	/System/Library/Frameworks/CFNetwork.framework/Versions/A/CFNetwork
0x00007fff4b4f5000 	/System/Library/Frameworks/SystemConfiguration.framework/Versions/A/SystemConfiguration
0x00007fff682d8000 	/usr/lib/libCRFSuite.dylib
0x00007fff68a80000 	/usr/lib/libc++abi.dylib
0x00007fff6b686000 	/usr/lib/system/libcache.dylib
0x00007fff6b68b000 	/usr/lib/system/libcommonCrypto.dylib
0x00007fff6b696000 	/usr/lib/system/libcompiler_rt.dylib
0x00007fff6b69e000 	/usr/lib/system/libcopyfile.dylib
0x00007fff6b6a8000 	/usr/lib/system/libcorecrypto.dylib
0x00007fff6b7b3000 	/usr/lib/system/libdispatch.dylib
0x00007fff6b7ed000 	/usr/lib/system/libdyld.dylib
0x00007fff6b81a000 	/usr/lib/system/libkeymgr.dylib
0x00007fff6b828000 	/usr/lib/system/liblaunch.dylib
0x00007fff6b829000 	/usr/lib/system/libmacho.dylib
0x00007fff6b82f000 	/usr/lib/system/libquarantine.dylib
0x00007fff6b832000 	/usr/lib/system/libremovefile.dylib
0x00007fff6b834000 	/usr/lib/system/libsystem_asl.dylib
0x00007fff6b84c000 	/usr/lib/system/libsystem_blocks.dylib
0x00007fff6b84d000 	/usr/lib/system/libsystem_c.dylib
0x00007fff6b8d5000 	/usr/lib/system/libsystem_configuration.dylib
0x00007fff6b8d9000 	/usr/lib/system/libsystem_coreservices.dylib
0x00007fff6b8dd000 	/usr/lib/system/libsystem_darwin.dylib
0x00007fff6b8e4000 	/usr/lib/system/libsystem_dnssd.dylib
0x00007fff6b8eb000 	/usr/lib/system/libsystem_info.dylib
0x00007fff6b960000 	/usr/lib/system/libsystem_m.dylib
0x00007fff6b9ac000 	/usr/lib/system/libsystem_malloc.dylib
0x00007fff6b9d7000 	/usr/lib/system/libsystem_networkextension.dylib
0x00007fff6b9e2000 	/usr/lib/system/libsystem_notify.dylib
0x00007fff6b9ff000 	/usr/lib/system/libsystem_sandbox.dylib
0x00007fff6ba03000 	/usr/lib/system/libsystem_secinit.dylib
0x00007fff6b937000 	/usr/lib/system/libsystem_kernel.dylib
0x00007fff6b9ea000 	/usr/lib/system/libsystem_platform.dylib
0x00007fff6b9f4000 	/usr/lib/system/libsystem_pthread.dylib
0x00007fff6ba06000 	/usr/lib/system/libsystem_symptoms.dylib
0x00007fff6ba0e000 	/usr/lib/system/libsystem_trace.dylib
0x00007fff6ba25000 	/usr/lib/system/libunwind.dylib
0x00007fff6ba2b000 	/usr/lib/system/libxpc.dylib
0x00007fff6b81b000 	/usr/lib/system/libkxld.dylib
0x00007fff4f9ae000 	/System/Library/PrivateFrameworks/AppleFSCompression.framework/Versions/A/AppleFSCompression
0x00007fff686a7000 	/usr/lib/libOpenScriptingUtil.dylib
0x00007fff68d35000 	/usr/lib/libcoretls.dylib
0x00007fff68d4c000 	/usr/lib/libcoretls_cfhelpers.dylib
0x00007fff6a7b7000 	/usr/lib/libpam.2.dylib
0x00007fff6a977000 	/usr/lib/libsqlite3.dylib
0x00007fff6ad71000 	/usr/lib/libxar.1.dylib
0x00007fff68a1e000 	/usr/lib/libbz2.1.0.dylib
0x00007fff6978c000 	/usr/lib/liblzma.5.dylib
0x00007fff69c3d000 	/usr/lib/libnetwork.dylib
0x00007fff68877000 	/usr/lib/libapple_nghttp2.dylib
0x00007fff6a7be000 	/usr/lib/libpcap.A.dylib
0x00007fff40e40000 	/System/Library/Frameworks/CoreServices.framework/Versions/A/Frameworks/FSEvents.framework/Versions/A/FSEvents
0x00007fff40b1f000 	/System/Library/Frameworks/CoreServices.framework/Versions/A/Frameworks/CarbonCore.framework/Versions/A/CarbonCore
0x00007fff40ffb000 	/System/Library/Frameworks/CoreServices.framework/Versions/A/Frameworks/Metadata.framework/Versions/A/Metadata
0x00007fff4109a000 	/System/Library/Frameworks/CoreServices.framework/Versions/A/Frameworks/OSServices.framework/Versions/A/OSServices
0x00007fff410e5000 	/System/Library/Frameworks/CoreServices.framework/Versions/A/Frameworks/SearchKit.framework/Versions/A/SearchKit
0x00007fff40aa2000 	/System/Library/Frameworks/CoreServices.framework/Versions/A/Frameworks/AE.framework/Versions/A/AE
0x00007fff40e49000 	/System/Library/Frameworks/CoreServices.framework/Versions/A/Frameworks/LaunchServices.framework/Versions/A/LaunchServices
0x00007fff40df7000 	/System/Library/Frameworks/CoreServices.framework/Versions/A/Frameworks/DictionaryServices.framework/Versions/A/DictionaryServices
0x00007fff4114d000 	/System/Library/Frameworks/CoreServices.framework/Versions/A/Frameworks/SharedFileList.framework/Versions/A/SharedFileList
0x00007fff454ce000 	/System/Library/Frameworks/NetFS.framework/Versions/A/NetFS
0x00007fff5e654000 	/System/Library/PrivateFrameworks/NetAuth.framework/Versions/A/NetAuth
0x00007fff6800c000 	/System/Library/PrivateFrameworks/login.framework/Versions/A/Frameworks/loginsupport.framework/Versions/A/loginsupport
0x00007fff6612c000 	/System/Library/PrivateFrameworks/TCC.framework/Versions/A/TCC
0x00007fff535ca000 	/System/Library/PrivateFrameworks/CoreNLP.framework/Versions/A/CoreNLP
0x00007fff5e0e9000 	/System/Library/PrivateFrameworks/MetadataUtilities.framework/Versions/A/MetadataUtilities
0x00007fff69861000 	/usr/lib/libmecabra.dylib
0x00007fff3dc68000 	/System/Library/Frameworks/ApplicationServices.framework/Versions/A/Frameworks/ATS.framework/Versions/A/ATS
0x00007fff3dfb7000 	/System/Library/Frameworks/ApplicationServices.framework/Versions/A/Frameworks/ColorSyncLegacy.framework/Versions/A/ColorSyncLegacy
0x00007fff3e056000 	/System/Library/Frameworks/ApplicationServices.framework/Versions/A/Frameworks/HIServices.framework/Versions/A/HIServices
0x00007fff3e0a9000 	/System/Library/Frameworks/ApplicationServices.framework/Versions/A/Frameworks/LangAnalysis.framework/Versions/A/LangAnalysis
0x00007fff3e0b9000 	/System/Library/Frameworks/ApplicationServices.framework/Versions/A/Frameworks/PrintCore.framework/Versions/A/PrintCore
0x00007fff3e103000 	/System/Library/Frameworks/ApplicationServices.framework/Versions/A/Frameworks/QD.framework/Versions/A/QD
0x00007fff3e13d000 	/System/Library/Frameworks/ApplicationServices.framework/Versions/A/Frameworks/SpeechSynthesis.framework/Versions/A/SpeechSynthesis
0x00007fff68aa8000 	/usr/lib/libcompression.dylib
0x00007fff446d4000 	/System/Library/Frameworks/MetalPerformanceShaders.framework/Versions/A/MetalPerformanceShaders
0x00007fff3bc44000 	/System/Library/Frameworks/Accelerate.framework/Versions/A/Frameworks/vImage.framework/Versions/A/vImage
0x00007fff3ccbe000 	/System/Library/Frameworks/Accelerate.framework/Versions/A/Frameworks/vecLib.framework/Versions/A/vecLib
0x00007fff3cc0a000 	/System/Library/Frameworks/Accelerate.framework/Versions/A/Frameworks/vecLib.framework/Versions/A/libvMisc.dylib
0x00007fff3ca22000 	/System/Library/Frameworks/Accelerate.framework/Versions/A/Frameworks/vecLib.framework/Versions/A/libvDSP.dylib
0x00007fff3c2de000 	/System/Library/Frameworks/Accelerate.framework/Versions/A/Frameworks/vecLib.framework/Versions/A/libBLAS.dylib
0x00007fff3c5cb000 	/System/Library/Frameworks/Accelerate.framework/Versions/A/Frameworks/vecLib.framework/Versions/A/libLAPACK.dylib
0x00007fff3c975000 	/System/Library/Frameworks/Accelerate.framework/Versions/A/Frameworks/vecLib.framework/Versions/A/libLinearAlgebra.dylib
0x00007fff3ca0e000 	/System/Library/Frameworks/Accelerate.framework/Versions/A/Frameworks/vecLib.framework/Versions/A/libSparseBLAS.dylib
0x00007fff3c98b000 	/System/Library/Frameworks/Accelerate.framework/Versions/A/Frameworks/vecLib.framework/Versions/A/libQuadrature.dylib
0x00007fff3c558000 	/System/Library/Frameworks/Accelerate.framework/Versions/A/Frameworks/vecLib.framework/Versions/A/libBNNS.dylib
0x00007fff3c991000 	/System/Library/Frameworks/Accelerate.framework/Versions/A/Frameworks/vecLib.framework/Versions/A/libSparse.dylib
0x00007fff5a918000 	/System/Library/PrivateFrameworks/GPUWrangler.framework/Versions/A/GPUWrangler
0x00007fff5cc17000 	/System/Library/PrivateFrameworks/IOAccelerator.framework/Versions/A/IOAccelerator
0x00007fff5cc22000 	/System/Library/PrivateFrameworks/IOPresentment.framework/Versions/A/IOPresentment
0x00007fff543a2000 	/System/Library/PrivateFrameworks/DSExternalDisplay.framework/Versions/A/DSExternalDisplay
0x00007fff4894a000 	/System/Library/Frameworks/OpenGL.framework/Versions/A/Libraries/libCoreFSCache.dylib
0x00007fff444c8000 	/System/Library/Frameworks/MetalPerformanceShaders.framework/Frameworks/MPSCore.framework/Versions/A/MPSCore
0x00007fff444e8000 	/System/Library/Frameworks/MetalPerformanceShaders.framework/Frameworks/MPSImage.framework/Versions/A/MPSImage
0x00007fff4458d000 	/System/Library/Frameworks/MetalPerformanceShaders.framework/Frameworks/MPSNeuralNetwork.framework/Versions/A/MPSNeuralNetwork
0x00007fff44565000 	/System/Library/Frameworks/MetalPerformanceShaders.framework/Frameworks/MPSMatrix.framework/Versions/A/MPSMatrix
0x00007fff446b9000 	/System/Library/Frameworks/MetalPerformanceShaders.framework/Frameworks/MPSRayIntersector.framework/Versions/A/MPSRayIntersector
0x00007fff5e112000 	/System/Library/PrivateFrameworks/MetalTools.framework/Versions/A/MetalTools
0x00007fff4f258000 	/System/Library/PrivateFrameworks/AggregateDictionary.framework/Versions/A/AggregateDictionary
0x00007fff68687000 	/usr/lib/libMobileGestalt.dylib
0x00007fff415dc000 	/System/Library/Frameworks/CoreVideo.framework/Versions/A/CoreVideo
0x00007fff5b729000 	/System/Library/PrivateFrameworks/GraphVisualizer.framework/Versions/A/GraphVisualizer
0x00007fff555a8000 	/System/Library/PrivateFrameworks/FaceCore.framework/Versions/A/FaceCore
0x00007fff47f78000 	/System/Library/Frameworks/OpenCL.framework/Versions/A/OpenCL
0x00007fff683df000 	/usr/lib/libFosl_dynamic.dylib
0x00007fff5eebf000 	/System/Library/PrivateFrameworks/OTSVG.framework/Versions/A/OTSVG
0x00007fff3dd6c000 	/System/Library/Frameworks/ApplicationServices.framework/Versions/A/Frameworks/ATS.framework/Versions/A/Resources/libFontParser.dylib
0x00007fff3de84000 	/System/Library/Frameworks/ApplicationServices.framework/Versions/A/Frameworks/ATS.framework/Versions/A/Resources/libFontRegistry.dylib
0x00007fff424ea000 	/System/Library/Frameworks/ImageIO.framework/Versions/A/Resources/libJPEG.dylib
0x00007fff4280f000 	/System/Library/Frameworks/ImageIO.framework/Versions/A/Resources/libTIFF.dylib
0x00007fff427e5000 	/System/Library/Frameworks/ImageIO.framework/Versions/A/Resources/libPng.dylib
0x00007fff42408000 	/System/Library/Frameworks/ImageIO.framework/Versions/A/Resources/libGIF.dylib
0x00007fff4240d000 	/System/Library/Frameworks/ImageIO.framework/Versions/A/Resources/libJP2.dylib
0x00007fff4280c000 	/System/Library/Frameworks/ImageIO.framework/Versions/A/Resources/libRadiance.dylib
0x00007fff4fb05000 	/System/Library/PrivateFrameworks/AppleJPEG.framework/Versions/A/AppleJPEG
0x00007fff48955000 	/System/Library/Frameworks/OpenGL.framework/Versions/A/Libraries/libGFXShared.dylib
0x00007fff48b18000 	/System/Library/Frameworks/OpenGL.framework/Versions/A/Libraries/libGLU.dylib
0x00007fff4895e000 	/System/Library/Frameworks/OpenGL.framework/Versions/A/Libraries/libGL.dylib
0x00007fff4896a000 	/System/Library/Frameworks/OpenGL.framework/Versions/A/Libraries/libGLImage.dylib
0x00007fff48947000 	/System/Library/Frameworks/OpenGL.framework/Versions/A/Libraries/libCVMSPluginSupport.dylib
0x00007fff48950000 	/System/Library/Frameworks/OpenGL.framework/Versions/A/Libraries/libCoreVMClient.dylib
0x00007fff691f9000 	/usr/lib/libcups.2.dylib
0x00007fff439cf000 	/System/Library/Frameworks/Kerberos.framework/Versions/A/Kerberos
0x00007fff41eeb000 	/System/Library/Frameworks/GSS.framework/Versions/A/GSS
0x00007fff6a90c000 	/usr/lib/libresolv.9.dylib
0x00007fff693eb000 	/usr/lib/libiconv.2.dylib
0x00007fff5b89e000 	/System/Library/PrivateFrameworks/Heimdal.framework/Versions/A/Heimdal
0x00007fff693bb000 	/usr/lib/libheimdal-asn1.dylib
0x00007fff47fec000 	/System/Library/Frameworks/OpenDirectory.framework/Versions/A/OpenDirectory
0x00007fff5232d000 	/System/Library/PrivateFrameworks/CommonAuth.framework/Versions/A/CommonAuth
0x00007fff47fd0000 	/System/Library/Frameworks/OpenDirectory.framework/Versions/A/Frameworks/CFOpenDirectory.framework/Versions/A/CFOpenDirectory
0x00007fff4b09a000 	/System/Library/Frameworks/SecurityFoundation.framework/Versions/A/SecurityFoundation
0x00007fff4e79e000 	/System/Library/PrivateFrameworks/APFS.framework/Versions/A/APFS
0x00007fff6ad6d000 	/usr/lib/libutil.dylib
0x00007fff68a96000 	/usr/lib/libcharset.1.dylib
0x00007fff4fda2000 	/System/Library/PrivateFrameworks/AppleSauce.framework/Versions/A/AppleSauce
0x00007fff4ff23000 	/System/Library/PrivateFrameworks/AssertionServices.framework/Versions/A/AssertionServices
0x00007fff50653000 	/System/Library/PrivateFrameworks/BaseBoard.framework/Versions/A/BaseBoard
0x00007fff697bc000 	/usr/lib/libmecab.1.0.0.dylib
0x00007fff693b5000 	/usr/lib/libgermantok.dylib
0x00007fff68864000 	/usr/lib/libThaiTokenizer.dylib
0x00007fff6830f000 	/usr/lib/libChineseTokenizer.dylib
0x00007fff5d2cf000 	/System/Library/PrivateFrameworks/LanguageModeling.framework/Versions/A/LanguageModeling
0x00007fff5300f000 	/System/Library/PrivateFrameworks/CoreEmoji.framework/Versions/A/CoreEmoji
0x00007fff5d3ab000 	/System/Library/PrivateFrameworks/Lexicon.framework/Versions/A/Lexicon
0x00007fff5d3ee000 	/System/Library/PrivateFrameworks/LinguisticData.framework/Versions/A/LinguisticData
0x00007fff68a97000 	/usr/lib/libcmph.dylib
0x00007fff4b158000 	/System/Library/Frameworks/ServiceManagement.framework/Versions/A/ServiceManagement
0x00007fff505b4000 	/System/Library/PrivateFrameworks/BackgroundTaskManagement.framework/Versions/A/BackgroundTaskManagement
0x00007fff6ae67000 	/usr/lib/libxslt.1.dylib
0x00007fff3edda000 	/System/Library/Frameworks/Carbon.framework/Versions/A/Frameworks/Ink.framework/Versions/A/Ink
0x00007fff6639e000 	/System/Library/PrivateFrameworks/TextureIO.framework/Versions/A/TextureIO
0x00007fff688b8000 	/usr/lib/libate.dylib
0x00007fff542f1000 	/System/Library/PrivateFrameworks/CrashReporterSupport.framework/Versions/A/CrashReporterSupport
0x00007fff63ad6000 	/System/Library/PrivateFrameworks/Sharing.framework/Versions/A/Sharing
0x00007fff50306000 	/System/Library/PrivateFrameworks/AuthKit.framework/Versions/A/AuthKit
0x00007fff4f85a000 	/System/Library/PrivateFrameworks/Apple80211.framework/Versions/A/Apple80211
0x00007fff54099000 	/System/Library/PrivateFrameworks/CoreUtils.framework/Versions/A/CoreUtils
0x00007fff4161d000 	/System/Library/Frameworks/CoreWLAN.framework/Versions/A/CoreWLAN
0x00007fff4201a000 	/System/Library/Frameworks/IOBluetooth.framework/Versions/A/IOBluetooth
0x00007fff61f4a000 	/System/Library/PrivateFrameworks/ProtocolBuffer.framework/Versions/A/ProtocolBuffer
0x00007fff5e34a000 	/System/Library/PrivateFrameworks/MobileKeyBag.framework/Versions/A/MobileKeyBag
0x00007fff538dd000 	/System/Library/PrivateFrameworks/CorePhoneNumbers.framework/Versions/A/CorePhoneNumbers
0x00007fff4fab9000 	/System/Library/PrivateFrameworks/AppleIDAuthSupport.framework/Versions/A/AppleIDAuthSupport
0x00007fff5d2a2000 	/System/Library/PrivateFrameworks/KeychainCircle.framework/Versions/A/KeychainCircle
0x00007fff62100000 	/System/Library/PrivateFrameworks/ROCKit.framework/Versions/A/ROCKit
0x00007fff5428d000 	/System/Library/PrivateFrameworks/CoreWiFi.framework/Versions/A/CoreWiFi
0x00007fff3f3a8000 	/System/Library/Frameworks/CoreBluetooth.framework/Versions/A/CoreBluetooth
0x00007fff544e8000 	/System/Library/PrivateFrameworks/DebugSymbols.framework/Versions/A/DebugSymbols
0x00007fff53e59000 	/System/Library/PrivateFrameworks/CoreSymbolication.framework/Versions/A/CoreSymbolication
0x00007fff65bb9000 	/System/Library/PrivateFrameworks/Symbolication.framework/Versions/A/Symbolication
0x00007fff6545c000 	/System/Library/PrivateFrameworks/SpeechRecognitionCore.framework/Versions/A/SpeechRecognitionCore
0x000000010529a000 	/Library/Frameworks/R.framework/Versions/4.0/Resources/lib/libRblas.dylib
0x00000001052cc000 	/Library/Frameworks/R.framework/Versions/4.0/Resources/lib/libgfortran.5.dylib
0x0000000105585000 	/Library/Frameworks/R.framework/Versions/4.0/Resources/lib/libquadmath.0.dylib
0x00007fff69a6a000 	/usr/lib/libncurses.5.4.dylib
0x00000001055d1000 	/Library/Frameworks/R.framework/Versions/4.0/Resources/lib/libgcc_s.1.dylib
0x000000010764d000 	/Library/Frameworks/R.framework/Versions/4.0/Resources/library/methods/libs/methods.so
0x0000000107589000 	/Library/Frameworks/R.framework/Versions/4.0/Resources/library/grDevices/libs/grDevices.so
0x000000010779c000 	/Library/Frameworks/R.framework/Versions/4.0/Resources/library/graphics/libs/graphics.so
0x000000010762c000 	/Library/Frameworks/R.framework/Versions/4.0/Resources/library/utils/libs/utils.so
0x0000000107e0c000 	/Library/Frameworks/R.framework/Versions/4.0/Resources/library/stats/libs/stats.so
0x0000000107ed3000 	/Library/Frameworks/R.framework/Versions/4.0/Resources/lib/libRlapack.dylib
0x0000000108101000 	/Library/Frameworks/R.framework/Versions/4.0/Resources/library/fansi/libs/fansi.so
0x000000010763f000 	/Library/Frameworks/R.framework/Versions/4.0/Resources/library/glue/libs/glue.so
0x0000000108126000 	/Library/Frameworks/R.framework/Versions/4.0/Resources/library/tools/libs/tools.so
0x00000001081b2000 	/Library/Frameworks/R.framework/Versions/4.0/Resources/library/rlang/libs/rlang.so
0x0000000107644000 	/Library/Frameworks/R.framework/Versions/4.0/Resources/library/ellipsis/libs/ellipsis.so
0x00000001081de000 	/Library/Frameworks/R.framework/Versions/4.0/Resources/library/digest/libs/digest.so
0x0000000108241000 	/Library/Frameworks/R.framework/Versions/4.0/Resources/library/processx/libs/processx.so
0x0000000108253000 	/Library/Frameworks/R.framework/Versions/4.0/Resources/library/ps/libs/ps.so
0x0000000107648000 	/Library/Frameworks/R.framework/Versions/4.0/Resources/library/pkgload/libs/pkgload.so
0x00000001077e5000 	/Library/Frameworks/R.framework/Versions/4.0/Resources/library/backports/libs/backports.so
0x000000010843f000 	/Library/Frameworks/R.framework/Versions/4.0/Resources/library/testthat/libs/testthat.so
0x0000000108534000 	/Library/Frameworks/R.framework/Versions/4.0/Resources/library/fs/libs/fs.so
0x000000010859a000 	/Library/Frameworks/R.framework/Versions/4.0/Resources/library/curl/libs/curl.so
0x00007fff69278000 	/usr/lib/libcurl.4.dylib
0x00007fff690e5000 	/usr/lib/libcrypto.42.dylib
0x00007fff6ac18000 	/usr/lib/libssl.44.dylib
0x00007fff439e9000 	/System/Library/Frameworks/LDAP.framework/Versions/A/LDAP
0x00007fff6651c000 	/System/Library/PrivateFrameworks/TrustEvaluationAgent.framework/Versions/A/TrustEvaluationAgent
0x00007fff6a962000 	/usr/lib/libsasl2.2.dylib
0x00007fff52e0c000 	/System/Library/PrivateFrameworks/CoreDaemon.framework/Versions/B/CoreDaemon
0x00007fff4fd9d000 	/System/Library/PrivateFrameworks/AppleSRP.framework/Versions/A/AppleSRP
0x0000000108610000 	/Library/Frameworks/R.framework/Versions/4.0/Resources/library/vctrs/libs/vctrs.so
0x0000000108699000 	/Library/Frameworks/R.framework/Versions/4.0/Resources/library/tibble/libs/tibble.so
0x00000001086c4000 	/Library/Frameworks/R.framework/Versions/4.0/Resources/library/purrr/libs/purrr.so
0x0000000108747000 	/Library/Frameworks/R.framework/Versions/4.0/Resources/library/dplyr/libs/dplyr.so
0x0000000108755000 	/Library/Frameworks/R.framework/Versions/4.0/Resources/library/stringi/libs/stringi.so
0x000000010a8e3000 	/Library/Frameworks/R.framework/Versions/4.0/Resources/library/grid/libs/grid.so
0x000000010a973000 	/Library/Frameworks/R.framework/Versions/4.0/Resources/library/colorspace/libs/colorspace.so
0x000000010ac46000 	/Library/Frameworks/R.framework/Versions/4.0/Resources/library/jsonlite/libs/jsonlite.so
0x000000010ad28000 	/Library/Frameworks/R.framework/Versions/4.0/Resources/library/Rcpp/libs/Rcpp.so
0x000000010af00000 	/Library/Frameworks/R.framework/Versions/4.0/Resources/library/magick/libs/magick.so
0x00007fff69384000 	/usr/lib/libexpat.1.dylib
0x0000000107884000 	/Library/Frameworks/R.framework/Versions/4.0/Resources/library/lattice/libs/lattice.so
0x000000010788e000 	/Library/Frameworks/R.framework/Versions/4.0/Resources/library/hexbin/libs/hexbin.so
0x000000010cfa2000 	/Library/Frameworks/R.framework/Versions/4.0/Resources/library/sysfonts/libs/sysfonts.so
0x000000010d1cf000 	/Library/Frameworks/R.framework/Versions/4.0/Resources/library/showtext/libs/showtext.so
0x000000010d6e0000 	/Library/Frameworks/R.framework/Versions/4.0/Resources/library/readr/libs/readr.so
0x00000001078b8000 	/Library/Frameworks/R.framework/Versions/4.0/Resources/library/readr/rcon/librcon.so
0x000000010a9a8000 	/Library/Frameworks/R.framework/Versions/4.0/Resources/library/splines/libs/splines.so
0x000000010da55000 	/Library/Frameworks/R.framework/Versions/4.0/Resources/library/Matrix/libs/Matrix.so
0x000000010aa16000 	/Library/Frameworks/R.framework/Versions/4.0/Resources/library/survival/libs/survival.so
0x00000001078ae000 	/Library/Frameworks/R.framework/Versions/4.0/Resources/library/base64enc/libs/base64enc.so
0x000000010ac94000 	/Library/Frameworks/R.framework/Versions/4.0/Resources/library/png/libs/png.so
0x000000010ae90000 	/Library/Frameworks/R.framework/Versions/4.0/Resources/library/jpeg/libs/jpeg.so
0x000000010adc0000 	/Library/Frameworks/R.framework/Versions/4.0/Resources/library/cluster/libs/cluster.so
0x000000010aedc000 	/Library/Frameworks/R.framework/Versions/4.0/Resources/library/foreign/libs/foreign.so
0x0000000107939000 	/Library/Frameworks/R.framework/Versions/4.0/Resources/library/nnet/libs/nnet.so
0x000000010cf52000 	/Library/Frameworks/R.framework/Versions/4.0/Resources/library/rpart/libs/rpart.so
0x0000000108113000 	/Library/Frameworks/R.framework/Versions/4.0/Resources/library/checkmate/libs/checkmate.so
0x00000001078bc000 	/Library/Frameworks/R.framework/Versions/4.0/Resources/library/htmltools/libs/htmltools.so
0x0000000107947000 	/Library/Frameworks/R.framework/Versions/4.0/Resources/library/xfun/libs/xfun.so
0x000000010df20000 	/Library/Frameworks/R.framework/Versions/4.0/Resources/library/data.table/libs/datatable.so
0x000000010adec000 	/Library/Frameworks/R.framework/Versions/4.0/Resources/library/Hmisc/libs/Hmisc.so
0x000000010dfb8000 	/Library/Frameworks/R.framework/Versions/4.0/Resources/library/gmp/libs/gmp.so
0x000000010e03c000 	/Library/Frameworks/R.framework/Versions/4.0/Resources/library/lubridate/libs/lubridate.so
0x000000010e18f000 	/Library/Frameworks/R.framework/Versions/4.0/Resources/library/tidyr/libs/tidyr.so
0x000000010e4f3000 	/Library/Frameworks/R.framework/Versions/4.0/Resources/library/utf8/libs/utf8.so
0x000000010e8bc000 	/Library/Java/JavaVirtualMachines/openjdk-13.0.1.jdk/Contents/Home/lib/server/libjvm.dylib
0x000000010dca7000 	/Library/Frameworks/R.framework/Versions/4.0/Resources/library/rJava/libs/rJava.so
0x000000010e0a1000 	/Library/Java/JavaVirtualMachines/openjdk-13.0.1.jdk/Contents/Home/lib/libverify.dylib
0x000000010e0ad000 	/Library/Java/JavaVirtualMachines/openjdk-13.0.1.jdk/Contents/Home/lib/libjava.dylib
0x000000010e0d9000 	/Library/Java/JavaVirtualMachines/openjdk-13.0.1.jdk/Contents/Home/lib/libzip.dylib
0x000000010e0e0000 	/Library/Java/JavaVirtualMachines/openjdk-13.0.1.jdk/Contents/Home/lib/libjimage.dylib
0x000000012d000000 	/Library/Developer/CommandLineTools/usr/lib/libclang.dylib
0x0000000112597000 	/Library/Frameworks/R.framework/Resources/modules//internet.so
0x000000011271c000 	/Library/Frameworks/R.framework/Versions/4.0/Resources/library/qpdf/libs/qpdf.so
0x00000001325c3000 	/Library/Frameworks/R.framework/Versions/4.0/Resources/library/pdftools/libs/pdftools.so
0x00000001128e5000 	/Library/Frameworks/R.framework/Versions/4.0/Resources/library/readxl/libs/readxl.so
0x0000000132a20000 	/Library/Frameworks/R.framework/Versions/4.0/Resources/library/tesseract/libs/tesseract.so
0x000000010aabd000 	/Library/Frameworks/R.framework/Versions/4.0/Resources/library/rappdirs/libs/rappdirs.so
0x0000000132fe1000 	/Library/Frameworks/R.framework/Versions/4.0/Resources/library/zip/libs/zip.so
0x0000000133084000 	/Library/Frameworks/R.framework/Versions/4.0/Resources/library/openxlsx/libs/openxlsx.so
0x0000000112281000 	/Library/Frameworks/R.framework/Versions/4.0/Resources/library/haven/libs/haven.so
0x000000010cf6a000 	/Library/Frameworks/R.framework/Versions/4.0/Resources/library/xml2/libs/xml2.so
0x00000001332d1000 	/Library/Frameworks/R.framework/Versions/4.0/Resources/library/RMySQL/libs/RMySQL.so
0x00000001129ec000 	/Library/Frameworks/R.framework/Versions/4.0/Resources/library/later/libs/later.so
0x00000001126fa000 	/Library/Frameworks/R.framework/Versions/4.0/Resources/library/promises/libs/promises.so
0x00000001335c5000 	/Library/Frameworks/R.framework/Versions/4.0/Resources/library/httpuv/libs/httpuv.so
0x000000010a863000 	/Library/Frameworks/R.framework/Versions/4.0/Resources/library/mime/libs/mime.so
0x0000000112948000 	/Library/Frameworks/R.framework/Versions/4.0/Resources/library/fastmap/libs/fastmap.so
0x000000013370f000 	/Library/Frameworks/R.framework/Versions/4.0/Resources/library/yaml/libs/yaml.so
0x000000010e08b000 	/Library/Java/JavaVirtualMachines/openjdk-13.0.1.jdk/Contents/Home/lib/libnio.dylib
0x000000010e1f1000 	/Library/Java/JavaVirtualMachines/openjdk-13.0.1.jdk/Contents/Home/lib/./libnet.dylib
0x00000001078b5000 	/Library/Java/JavaVirtualMachines/openjdk-13.0.1.jdk/Contents/Home/lib/libextnet.dylib
0x0000000132f31000 	/Library/Frameworks/R.framework/Versions/4.0/Resources/library/triebeard/libs/triebeard.so
0x0000000133117000 	/Library/Frameworks/R.framework/Versions/4.0/Resources/library/urltools/libs/urltools.so


VM Arguments:
jvm_args: -Djava.awt.headless=true -Xmx512m -Xrs vfprintf exit -Xss2m 
java_command: <unknown>
java_class_path (initial): /Library/Frameworks/R.framework/Versions/4.0/Resources/library/rJava/java/boot
Launcher Type: generic

[Global flags]
     intx CICompilerCount                          = 4                                         {product} {ergonomic}
     uint ConcGCThreads                            = 2                                         {product} {ergonomic}
     uint G1ConcRefinementThreads                  = 8                                         {product} {ergonomic}
   size_t G1HeapRegionSize                         = 1048576                                   {product} {ergonomic}
    uintx GCDrainStackTargetSize                   = 64                                        {product} {ergonomic}
   size_t InitialHeapSize                          = 268435456                                 {product} {ergonomic}
   size_t MarkStackSize                            = 4194304                                   {product} {ergonomic}
   size_t MaxHeapSize                              = 536870912                                 {product} {command line}
   size_t MaxNewSize                               = 321912832                                 {product} {ergonomic}
   size_t MinHeapDeltaBytes                        = 1048576                                   {product} {ergonomic}
   size_t MinHeapSize                              = 8388608                                   {product} {ergonomic}
    uintx NonNMethodCodeHeapSize                   = 5836300                                {pd product} {ergonomic}
    uintx NonProfiledCodeHeapSize                  = 122910970                              {pd product} {ergonomic}
    uintx ProfiledCodeHeapSize                     = 122910970                              {pd product} {ergonomic}
     bool ReduceSignalUsage                        = true                                      {product} {command line}
    uintx ReservedCodeCacheSize                    = 251658240                              {pd product} {ergonomic}
     bool SegmentedCodeCache                       = true                                      {product} {ergonomic}
   size_t SoftMaxHeapSize                          = 536870912                              {manageable} {ergonomic}
     intx ThreadStackSize                          = 2048                                   {pd product} {command line}
     bool UseCompressedClassPointers               = true                                 {lp64_product} {ergonomic}
     bool UseCompressedOops                        = true                                 {lp64_product} {ergonomic}
     bool UseG1GC                                  = true                                      {product} {ergonomic}

Logging:
Log output configuration:
 #0: stdout all=warning uptime,level,tags
 #1: stderr all=off uptime,level,tags

Environment Variables:
PATH=/usr/bin:/bin:/usr/sbin:/sbin:/usr/local/bin:/opt/local/bin:/Applications/RStudio.app/Contents/MacOS/postback:/Applications/RStudio.app/Contents/MacOS/postback:/Applications/RStudio.app/Contents/MacOS/postback:/Applications/RStudio.app/Contents/MacOS/postback
SHELL=/bin/bash
DISPLAY=:0
DYLD_LIBRARY_PATH=/Library/Java/JavaVirtualMachines/openjdk-13.0.1.jdk/Contents/Home/lib/server
DYLD_FALLBACK_LIBRARY_PATH=/Library/Frameworks/R.framework/Resources/lib:/Users/patelm9/lib:/usr/local/lib:/usr/lib:::/lib:/Library/Java/JavaVirtualMachines/jdk1.8.0_241.jdk/Contents/Home/jre/lib/server

Signal Handlers:
SIGSEGV: [libjvm.dylib+0x781580], sa_mask[0]=11111111011111110111111111111111, sa_flags=SA_ONSTACK|SA_RESTART|SA_SIGINFO
SIGBUS: [libjvm.dylib+0x781580], sa_mask[0]=11111111011111110111111111111111, sa_flags=SA_RESTART|SA_SIGINFO
SIGFPE: [libjvm.dylib+0x781580], sa_mask[0]=11111111011111110111111111111111, sa_flags=SA_RESTART|SA_SIGINFO
SIGPIPE: SIG_IGN, sa_mask[0]=00000000000000000000000000000000, sa_flags=SA_RESTART
SIGXFSZ: [libjvm.dylib+0x627f85], sa_mask[0]=11111111011111110111111111111111, sa_flags=SA_RESTART|SA_SIGINFO
SIGILL: [libjvm.dylib+0x781580], sa_mask[0]=11111111011111110111111111111111, sa_flags=SA_RESTART|SA_SIGINFO
SIGUSR2: SIG_IGN, sa_mask[0]=00000000000000000000000000000000, sa_flags=none
SIGHUP: SIG_DFL, sa_mask[0]=00000000000000000000000000000000, sa_flags=none
SIGINT: [rsession+0x156130], sa_mask[0]=00000000000000000000000000000000, sa_flags=SA_RESTART
SIGTERM: SIG_DFL, sa_mask[0]=00000000000000000000000000000000, sa_flags=none
SIGQUIT: SIG_DFL, sa_mask[0]=00000000000000000000000000000000, sa_flags=none


---------------  S Y S T E M  ---------------

OS:uname:Darwin 18.7.0 Darwin Kernel Version 18.7.0: Thu Jun 18 20:50:10 PDT 2020; root:xnu-4903.278.43~1/RELEASE_X86_64 x86_64
rlimit: STACK 8192k, CORE 0k, NPROC 1418, NOFILE 12544, AS infinity, DATA infinity, FSIZE infinity
load average:1.76 2.03 2.20

CPU:total 8 (initial active 8) (4 cores per cpu, 2 threads per core) family 6 model 142 stepping 10, cmov, cx8, fxsr, mmx, sse, sse2, sse3, ssse3, sse4.1, sse4.2, popcnt, avx, avx2, aes, clmul, erms, 3dnowpref, lzcnt, ht, tsc, tscinvbit, bmi1, bmi2, adx, fma

Memory: 4k page, physical 16777216k(220032k free), swap 2097152k(988416k free)

vm_info: OpenJDK 64-Bit Server VM (13.0.1+9) for bsd-amd64 JRE (13.0.1+9), built on Oct  6 2019 11:52:16 by "mach5one" with clang 4.2.1 Compatible Apple LLVM 10.0.0 (clang-1000.11.45.5)

END.
