#
# A fatal error has been detected by the Java Runtime Environment:
#
#  SIGBUS (0xa) at pc=0x000000011b495ec8, pid=87360, tid=775
#
# JRE version: Java(TM) SE Runtime Environment (14.0.2+12) (build 14.0.2+12-46)
# Java VM: Java HotSpot(TM) 64-Bit Server VM (14.0.2+12-46, mixed mode, sharing, tiered, compressed oops, g1 gc, bsd-amd64)
# Problematic frame:
# J 654 c1 java.util.Calendar.selectFields()I java.base@14.0.2 (674 bytes) @ 0x000000011b495ec8 [0x000000011b494e80+0x0000000000001048]
#
# No core dump will be written. Core dumps have been disabled. To enable core dumping, try "ulimit -c unlimited" before starting Java again
#
# If you would like to submit a bug report, please visit:
#   https://bugreport.java.com/bugreport/crash.jsp
#

---------------  S U M M A R Y ------------

Command Line: -Djava.awt.headless=true -Xmx512m -Xrs vfprintf exit -Xss2m 

Host: MacBookPro14,1 x86_64 2300 MHz, 4 cores, 16G, Darwin 19.6.0
Time: Fri Sep 18 12:52:42 2020 EDT elapsed time: 47517 seconds (0d 13h 11m 57s)

---------------  T H R E A D  ---------------

Current thread (0x00007fa943118800):  JavaThread "main" [_thread_in_Java, id=775, stack(0x00007ffeebd10000,0x00007ffeec510000)]

Stack: [0x00007ffeebd10000,0x00007ffeec510000],  sp=0x00007ffeec503078,  free space=8140k
Native frames: (J=compiled Java code, A=aot compiled Java code, j=interpreted, Vv=VM code, C=native code)
J 654 c1 java.util.Calendar.selectFields()I java.base@14.0.2 (674 bytes) @ 0x000000011b495ec8 [0x000000011b494e80+0x0000000000001048]

[error occurred during error reporting (printing native stack), id 0xb, SIGSEGV (0xb) at pc=0x000000010c6b086f]


siginfo: si_signo: 10 (SIGBUS), si_code: 2 (BUS_ADRERR), si_addr: 0x000000012e878c80

Register to memory mapping:

RAX=0x0000000000007827 is an unknown value
RBX=0x0000000000003491 is an unknown value
RCX=0x0000000000003491 is an unknown value
RDX=0x0000000000003491 is an unknown value
RSP=0x00007ffeec503078 is pointing into the stack for thread: 0x00007fa943118800
RBP=0x00007ffeec5035a0 is pointing into the stack for thread: 0x00007fa943118800
RSI=0x00000000000007a8 is an unknown value
RDI=0x0000000000007827 is an unknown value
R8 =0x00000000000006c0 is an unknown value
R9 =0x0000000000003491 is an unknown value
R10=0x0000000104c19008 is an unknown value
R11=0x0000000000003491 is an unknown value
R12=0x0 is NULL
R13=0x0000000000003491 is an unknown value
R14=0x0000000000003491 is an unknown value
R15=0x00007fa943118800 is a thread


Registers:
RAX=0x0000000000007827, RBX=0x0000000000003491, RCX=0x0000000000003491, RDX=0x0000000000003491
RSP=0x00007ffeec503078, RBP=0x00007ffeec5035a0, RSI=0x00000000000007a8, RDI=0x0000000000007827
R8 =0x00000000000006c0, R9 =0x0000000000003491, R10=0x0000000104c19008, R11=0x0000000000003491
R12=0x0000000000000000, R13=0x0000000000003491, R14=0x0000000000003491, R15=0x00007fa943118800
RIP=0x000000011b495ec8, EFLAGS=0x0000000000000202, ERR=0x00000000020000b8
  TRAPNO=0x0000000000000085

Top of Stack: (sp=0x00007ffeec503078)
0x00007ffeec503078:   000000011b48df8c 00000007e106c988
0x00007ffeec503088:   00000007e331f240 00007ffeec5030c0
0x00007ffeec503098:   0000002d00000013 00000007e106c9c8
0x00007ffeec5030a8:   00000007e106ca00 0000000000000004
0x00007ffeec5030b8:   0000002d00000004 0000000500000007
0x00007ffeec5030c8:   0000000100000007 00007ffeec503200
0x00007ffeec5030d8:   00000007e003ad70 0000000000000007
0x00007ffeec5030e8:   0000000a00000020 0000000a00000008
0x00007ffeec5030f8:   0000000b00000032 0000000d0000003a
0x00007ffeec503108:   000000010000000d 00007fa943118800
0x00007ffeec503118:   0000000000000400 0000000000000003
0x00007ffeec503128:   000000100000003a 000000100000000e
0x00007ffeec503138:   00000007e331f880 0000003800000006
0x00007ffeec503148:   0000000000000000 0000000000000000
0x00007ffeec503158:   0000001100000012 00007ffe00000013
0x00007ffeec503168:   00007ffeec503190 0000000000000013
0x00007ffeec503178:   00000007e0684eb8 0000001300000013
0x00007ffeec503188:   00000007e003ad88 00007ffeec5035a0
0x00007ffeec503198:   000000011b46238c 00007ffeec5032d0
0x00007ffeec5031a8:   00000007e003ad70 0000000000003490
0x00007ffeec5031b8:   0000000000050660 00007ffeec5035a0
0x00007ffeec5031c8:   000000011b47bb7c 00000007e0014c20
0x00007ffeec5031d8:   000000011b49f5ae 00000007e0014c20
0x00007ffeec5031e8:   00007ffeec503238 00000007e042d520
0x00007ffeec5031f8:   0000000700000001 0000000000000003
0x00007ffeec503208:   00000007e106c988 000000005f6486f7
0x00007ffeec503218:   0000000000000c00 00007ffeec5035a0
0x00007ffeec503228:   000000011b4a476c 0000000000006b1d
0x00007ffeec503238:   0000000000050650 00007ffeec5035a0
0x00007ffeec503248:   000000011b47bb7c 00000007e0014c20
0x00007ffeec503258:   00000007e003ad88 00007ffeec5035a0
0x00007ffeec503268:   000000011b46238c 00007ffeec5035a0 

Instructions: (pc=0x000000011b495ec8)
0x000000011b495dc8:   00 20 00 00 81 78 0c 0e 00 00 00 0f 86 a4 02 00
0x000000011b495dd8:   00 8b 70 48 83 fe 00 48 be 50 d8 85 10 01 00 00
0x000000011b495de8:   00 48 bb 68 07 00 00 00 00 00 00 0f 84 0a 00 00
0x000000011b495df8:   00 48 bb 78 07 00 00 00 00 00 00 48 8b 14 1e 48
0x000000011b495e08:   8d 52 01 48 89 14 1e 0f 84 06 00 00 00 81 cf 00
0x000000011b495e18:   40 00 00 81 78 0c 0f 00 00 00 0f 86 67 02 00 00
0x000000011b495e28:   8b 70 4c 83 fe 02 48 be 50 d8 85 10 01 00 00 00
0x000000011b495e38:   48 bb 88 07 00 00 00 00 00 00 0f 8c 0a 00 00 00
0x000000011b495e48:   48 bb 98 07 00 00 00 00 00 00 48 8b 14 1e 48 8d
0x000000011b495e58:   52 01 48 89 14 1e 0f 8c 06 00 00 00 81 cf 00 80
0x000000011b495e68:   00 00 81 78 0c 10 00 00 00 0f 86 2a 02 00 00 8b
0x000000011b495e78:   40 50 83 f8 02 48 b8 50 d8 85 10 01 00 00 00 48
0x000000011b495e88:   be a8 07 00 00 00 00 00 00 0f 8c 0a 00 00 00 48
0x000000011b495e98:   be b8 07 00 00 00 00 00 00 48 8b 1c 30 48 8d 5b
0x000000011b495ea8:   01 48 89 1c 30 0f 8c 06 00 00 00 81 cf 00 00 01
0x000000011b495eb8:   00 48 8b c7 48 83 c4 60 5d 4d 8b 97 10 01 00 00
0x000000011b495ec8:   41 85 02 c3 49 ba 20 97 08 00 08 00 00 00 4c 89
0x000000011b495ed8:   54 24 08 48 c7 04 24 ff ff ff ff e8 18 b6 a2 ff
0x000000011b495ee8:   e9 07 f0 ff ff e8 ae 85 99 ff e8 a9 85 99 ff 48
0x000000011b495ef8:   c7 04 24 00 00 00 00 48 89 44 24 08 e8 97 8e 99
0x000000011b495f08:   ff 48 c7 04 24 07 00 00 00 48 89 44 24 08 e8 85
0x000000011b495f18:   8e 99 ff 49 ba b0 93 08 00 08 00 00 00 4c 89 54
0x000000011b495f28:   24 08 48 c7 04 24 ff ff ff ff e8 c9 b5 a2 ff e9
0x000000011b495f38:   70 f0 ff ff 48 c7 04 24 08 00 00 00 48 89 44 24
0x000000011b495f48:   08 e8 52 8e 99 ff 49 ba b0 93 08 00 08 00 00 00
0x000000011b495f58:   4c 89 54 24 08 48 c7 04 24 ff ff ff ff e8 96 b5
0x000000011b495f68:   a2 ff e9 65 f1 ff ff 48 c7 04 24 06 00 00 00 48
0x000000011b495f78:   89 44 24 08 e8 1f 8e 99 ff 49 ba b0 93 08 00 08
0x000000011b495f88:   00 00 00 4c 89 54 24 08 48 c7 04 24 ff ff ff ff
0x000000011b495f98:   e8 63 b5 a2 ff e9 61 f2 ff ff 49 ba 78 08 32 00
0x000000011b495fa8:   08 00 00 00 4c 89 54 24 08 48 c7 04 24 ff ff ff
0x000000011b495fb8:   ff e8 42 b5 a2 ff e9 8e f4 ff ff 49 ba 78 08 32 


Stack slot to memory mapping:
stack at sp + 0 slots: 0x000000011b48df8c is at entry_point+1484 in (nmethod*)0x000000011b48d210
stack at sp + 1 slots: 0x00000007e106c988 is an oop: java.lang.String 
{0x00000007e106c988} - klass: 'java/lang/String'
stack at sp + 2 slots: 0x00000007e331f240 is an oop: org.postgresql.jdbc.TimestampUtils 
{0x00000007e331f240} - klass: 'org/postgresql/jdbc/TimestampUtils'
stack at sp + 3 slots: 0x00007ffeec5030c0 is pointing into the stack for thread: 0x00007fa943118800
stack at sp + 4 slots: 0x0000002d00000013 is an unknown value
stack at sp + 5 slots: 0x00000007e106c9c8 is an oop: [C 
{0x00000007e106c9c8} - klass: {type array char}
 - length: 19
stack at sp + 6 slots: 0x00000007e106ca00 is an oop: org.postgresql.jdbc.TimestampUtils$ParsedTimestamp 
{0x00000007e106ca00} - klass: 'org/postgresql/jdbc/TimestampUtils$ParsedTimestamp'
stack at sp + 7 slots: 0x0000000000000004 is an unknown value

--------------------------------------------------------------------------------
[Constant Pool (empty)]

--------------------------------------------------------------------------------

[MachCode]
  0x000000011b494e80: 448b 5608 | 49c1 e203 | 49bc 0000 | 0000 0800 | 0000 4d03 | d44d 33e4 | 4c3b d00f | 855f 9e97 
  0x000000011b494ea0: ff66 6666 | 0f1f 8400 | 0000 0000 | 6666 6690 | 6666 660f | 1f84 0000 | 0000 0066 | 6666 9090 
  0x000000011b494ec0: 8984 2400 | c0fe ff55 | 4883 ec60 | 48b8 50d8 | 8510 0100 | 0000 8bb8 | e400 0000 | 83c7 0889 
  0x000000011b494ee0: b8e4 0000 | 0081 e7f8 | 1f00 0083 | ff00 0f84 | d80f 0000 | 8b46 3448 | c1e0 0381 | 780c 0000 
  0x000000011b494f00: 0000 0f86 | ef0f 0000 | 8b78 1083 | ff00 48bf | 50d8 8510 | 0100 0000 | 48bb 3801 | 0000 0000 
  0x000000011b494f20: 0000 0f85 | 0a00 0000 | 48bb 2801 | 0000 0000 | 0000 488b | 141f 488d | 5201 4889 | 141f 0f85 
  0x000000011b494f40: 0a00 0000 | bf02 0000 | 00e9 0500 | 0000 bf03 | 0000 0081 | 780c 0700 | 0000 0f86 | a90f 0000 
  0x000000011b494f60: 8b58 2c8b | 5018 8b48 | 2444 8b40 | 2049 b950 | d885 1001 | 0000 0049 | 8381 4801 | 0000 0149 
  0x000000011b494f80: b9b0 0785 | 1001 0000 | 0045 8b99 | e400 0000 | 4183 c308 | 4589 99e4 | 0000 0041 | 81e3 f8ff 
  0x000000011b494fa0: 7f00 4183 | fb00 0f84 | 6f0f 0000 | 4183 f800 | 49b9 b007 | 8510 0100 | 0000 49bb | 2801 0000 
  0x000000011b494fc0: 0000 0000 | 0f84 0a00 | 0000 49bb | 3801 0000 | 0000 0000 | 4f8b 2c19 | 4d8d 6d01 | 4f89 2c19 
  0x000000011b494fe0: 0f84 3900 | 0000 83fb | 0049 b9b0 | 0785 1001 | 0000 0049 | bb48 0100 | 0000 0000 | 000f 850a 
  0x000000011b495000: 0000 0049 | bb58 0100 | 0000 0000 | 004f 8b2c | 194d 8d6d | 014f 892c | 190f 850b | 0000 0041 
  0x000000011b495020: b900 0000 | 00e9 5500 | 0000 443b | c349 b9b0 | 0785 1001 | 0000 0049 | bb68 0100 | 0000 0000 
  0x000000011b495040: 000f 8e0a | 0000 0049 | bb78 0100 | 0000 0000 | 004f 8b2c | 194d 8d6d | 014f 892c | 190f 8e19 
  0x000000011b495060: 0000 0049 | b9b0 0785 | 1001 0000 | 0041 ff81 | 8801 0000 | 4d8b c8e9 | 0300 0000 | 4c8b cb48 
  0x000000011b495080: 8974 2438 | 8178 0c08 | 0000 000f | 86ab 0e00 | 0044 8b58 | 3049 bd50 | d885 1001 | 0000 0049 
  0x000000011b4950a0: 8385 5801 | 0000 0149 | bdb0 0785 | 1001 0000 | 0045 8bb5 | e400 0000 | 4183 c608 | 4589 b5e4 
  0x000000011b4950c0: 0000 0041 | 81e6 f8ff | 7f00 4183 | fe00 0f84 | 7a0e 0000 | 4183 fb00 | 49bd b007 | 8510 0100 
  0x000000011b4950e0: 0000 49be | 2801 0000 | 0000 0000 | 0f84 0a00 | 0000 49be | 3801 0000 | 0000 0000 | 4b8b 7435 
  0x000000011b495100: 0048 8d76 | 014b 8974 | 3500 0f84 | 3900 0000 | 83fb 0048 | beb0 0785 | 1001 0000 | 0049 bd48 
  0x000000011b495120: 0100 0000 | 0000 000f | 850a 0000 | 0049 bd58 | 0100 0000 | 0000 004e | 8b34 2e4d | 8d76 014e 
  0x000000011b495140: 8934 2e0f | 850a 0000 | 00be 0000 | 0000 e954 | 0000 0044 | 3bdb 48be | b007 8510 | 0100 0000 
  0x000000011b495160: 49bd 6801 | 0000 0000 | 0000 0f8e | 0a00 0000 | 49bd 7801 | 0000 0000 | 0000 4e8b | 342e 4d8d 
  0x000000011b495180: 7601 4e89 | 342e 0f8e | 1800 0000 | 48be b007 | 8510 0100 | 0000 ff86 | 8801 0000 | 498b f3e9 
  0x000000011b4951a0: 0300 0000 | 488b f389 | 5424 4c89 | 7c24 4881 | 780c 0600 | 0000 0f86 | b30d 0000 | 448b 6828 
  0x000000011b4951c0: 448b 701c | 4889 4424 | 4048 b850 | d885 1001 | 0000 0048 | 8380 6801 | 0000 0148 | b8b0 0785 
  0x000000011b4951e0: 1001 0000 | 008b b8e4 | 0000 0083 | c708 89b8 | e400 0000 | 81e7 f8ff | 7f00 83ff | 000f 847e 
  0x000000011b495200: 0d00 0041 | 83fe 0048 | b8b0 0785 | 1001 0000 | 0048 bf28 | 0100 0000 | 0000 000f | 840a 0000 
  0x000000011b495220: 0048 bf38 | 0100 0000 | 0000 0048 | 8b14 3848 | 8d52 0148 | 8914 380f | 8439 0000 | 0083 fb00 
  0x000000011b495240: 48b8 b007 | 8510 0100 | 0000 48bf | 4801 0000 | 0000 0000 | 0f85 0a00 | 0000 48bf | 5801 0000 
  0x000000011b495260: 0000 0000 | 488b 1438 | 488d 5201 | 4889 1438 | 0f85 0a00 | 0000 b800 | 0000 00e9 | 5400 0000 
  0x000000011b495280: 443b f348 | b8b0 0785 | 1001 0000 | 0048 bf68 | 0100 0000 | 0000 000f | 8e0a 0000 | 0048 bf78 
  0x000000011b4952a0: 0100 0000 | 0000 0048 | 8b14 3848 | 8d52 0148 | 8914 380f | 8e18 0000 | 0048 b8b0 | 0785 1001 
  0x000000011b4952c0: 0000 00ff | 8088 0100 | 0049 8bc6 | e903 0000 | 0048 8bc3 | 4489 7424 | 5044 3bc9 | 48bf 50d8 
  0x000000011b4952e0: 8510 0100 | 0000 48ba | 8801 0000 | 0000 0000 | 0f8f 0a00 | 0000 48ba | 7801 0000 | 0000 0000 
  0x000000011b495300: 4c8b 3417 | 4d8d 7601 | 4c89 3417 | 0f8f 0800 | 0000 488b | f9e9 0300 | 0000 498b | f944 8944 
  0x000000011b495320: 2454 3bf7 | 48ba 50d8 | 8510 0100 | 0000 49be | 9801 0000 | 0000 0000 | 0f8e 0a00 | 0000 49be 
  0x000000011b495340: a801 0000 | 0000 0000 | 4e8b 0432 | 4d8d 4001 | 4e89 0432 | 0f8e 0300 | 0000 488b | fe44 3bef 
  0x000000011b495360: 48ba 50d8 | 8510 0100 | 0000 49b8 | b801 0000 | 0000 0000 | 0f8e 0a00 | 0000 49b8 | c801 0000 
  0x000000011b495380: 0000 0000 | 4e8b 3402 | 4d8d 7601 | 4e89 3402 | 0f8e 0300 | 0000 498b | fd3b c748 | ba50 d885 
  0x000000011b4953a0: 1001 0000 | 0049 b8d8 | 0100 0000 | 0000 000f | 8e0a 0000 | 0049 b8e8 | 0100 0000 | 0000 004e 
  0x000000011b4953c0: 8b34 024d | 8d76 014e | 8934 020f | 8e03 0000 | 0048 8bf8 | 83ff 0048 | ba50 d885 | 1001 0000 
  0x000000011b4953e0: 0049 b808 | 0200 0000 | 0000 000f | 840a 0000 | 0049 b8f8 | 0100 0000 | 0000 004e | 8b34 024d 
  0x000000011b495400: 8d76 014e | 8934 020f | 840a 0000 | 0044 8b44 | 2454 e907 | 0200 0048 | b850 d885 | 1001 0000 
  0x000000011b495420: 0048 8380 | 1802 0000 | 0148 b878 | c572 1001 | 0000 008b | b0e4 0000 | 0083 c608 | 89b0 e400 
  0x000000011b495440: 0000 81e6 | f8ff 7f00 | 83fe 000f | 8451 0b00 | 0044 3bdb | 48b8 78c5 | 7210 0100 | 0000 48be 
  0x000000011b495460: 2801 0000 | 0000 0000 | 0f8c 0a00 | 0000 48be | 3801 0000 | 0000 0000 | 488b 3c30 | 488d 7f01 
  0x000000011b495480: 4889 3c30 | 0f8c 1800 | 0000 48b8 | 78c5 7210 | 0100 0000 | ff80 4801 | 0000 498b | f3e9 0300 
  0x000000011b4954a0: 0000 488b | f344 8b44 | 2454 48b8 | 50d8 8510 | 0100 0000 | 4883 8028 | 0200 0001 | 48b8 78c5 
  0x000000011b4954c0: 7210 0100 | 0000 8bb8 | e400 0000 | 83c7 0889 | b8e4 0000 | 0081 e7f8 | ff7f 0083 | ff00 0f84 
  0x000000011b4954e0: df0a 0000 | 443b c648 | b878 c572 | 1001 0000 | 0048 bf28 | 0100 0000 | 0000 000f | 8c0a 0000 
  0x000000011b495500: 0048 bf38 | 0100 0000 | 0000 0048 | 8b14 3848 | 8d52 0148 | 8914 380f | 8c18 0000 | 0048 b878 
  0x000000011b495520: c572 1001 | 0000 00ff | 8048 0100 | 0049 8bc0 | e903 0000 | 0048 8bc6 | 48bf 50d8 | 8510 0100 
  0x000000011b495540: 0000 4883 | 8738 0200 | 0001 48bf | 78c5 7210 | 0100 0000 | 8b97 e400 | 0000 83c2 | 0889 97e4 
  0x000000011b495560: 0000 0081 | e2f8 ff7f | 0083 fa00 | 0f84 720a | 0000 3b44 | 2450 48bf | 78c5 7210 | 0100 0000 
  0x000000011b495580: 48ba 2801 | 0000 0000 | 0000 0f8c | 0a00 0000 | 48ba 3801 | 0000 0000 | 0000 4c8b | 0c17 4d8d 
  0x000000011b4955a0: 4901 4c89 | 0c17 0f8c | 1500 0000 | 48bf 78c5 | 7210 0100 | 0000 ff87 | 4801 0000 | e904 0000 
  0x000000011b4955c0: 008b 4424 | 5083 f800 | 48bf 50d8 | 8510 0100 | 0000 48ba | 5802 0000 | 0000 0000 | 0f84 0a00 
  0x000000011b4955e0: 0000 48ba | 4802 0000 | 0000 0000 | 4c8b 0c17 | 4d8d 4901 | 4c89 0c17 | 0f84 0f00 | 0000 488b 
  0x000000011b495600: f88b 4424 | 504d 8bc8 | e911 0000 | 008b 5424 | 4c8b 4424 | 504d 8bc8 | 488b fa48 | 8bca 3bf9 
  0x000000011b495620: 48b8 50d8 | 8510 0100 | 0000 48ba | 6802 0000 | 0000 0000 | 0f84 0a00 | 0000 48ba | 7802 0000 
  0x000000011b495640: 0000 0000 | 4c8b 3410 | 4d8d 7601 | 4c89 3410 | 0f84 aa01 | 0000 413b | f948 b850 | d885 1001 
  0x000000011b495660: 0000 0048 | ba88 0200 | 0000 0000 | 000f 850a | 0000 0048 | ba98 0200 | 0000 0000 | 004c 8b34 
  0x000000011b495680: 104d 8d76 | 014c 8934 | 100f 853b | 0000 0044 | 3b44 2450 | 48b8 50d8 | 8510 0100 | 0000 48ba 
  0x000000011b4956a0: a802 0000 | 0000 0000 | 0f8d 0a00 | 0000 48ba | b802 0000 | 0000 0000 | 4c8b 3410 | 4d8d 7601 
  0x000000011b4956c0: 4c89 3410 | 0f8d 3601 | 0000 3bfe | 48b8 50d8 | 8510 0100 | 0000 48ba | c802 0000 | 0000 0000 
  0x000000011b4956e0: 0f85 0a00 | 0000 48ba | d802 0000 | 0000 0000 | 4c8b 3410 | 4d8d 7601 | 4c89 3410 | 0f85 3e00 
  0x000000011b495700: 0000 448b | 7424 5045 | 3bde 48b8 | 50d8 8510 | 0100 0000 | 48ba f802 | 0000 0000 | 0000 0f8d 
  0x000000011b495720: 0a00 0000 | 48ba e802 | 0000 0000 | 0000 4c8b | 3410 4d8d | 7601 4c89 | 3410 0f8d | c000 0000 
  0x000000011b495740: 48b8 50d8 | 8510 0100 | 0000 ff80 | 0005 0000 | 413b fd48 | b850 d885 | 1001 0000 | 0048 be90 
  0x000000011b495760: 0500 0000 | 0000 000f | 850a 0000 | 0048 bea0 | 0500 0000 | 0000 0048 | 8b3c 3048 | 8d7f 0148 
  0x000000011b495780: 893c 300f | 851c 0000 | 008b 7c24 | 4883 cf40 | 48b8 50d8 | 8510 0100 | 0000 ff80 | b005 0000 
  0x000000011b4957a0: e96e 0200 | 0048 b850 | d885 1001 | 0000 00ff | 80c8 0500 | 0083 fb00 | 48b8 50d8 | 8510 0100 
  0x000000011b4957c0: 0000 48be | 1806 0000 | 0000 0000 | 0f84 0a00 | 0000 48be | 2806 0000 | 0000 0000 | 488b 3c30 
  0x000000011b4957e0: 488d 7f01 | 4889 3c30 | 8b7c 2448 | 0f84 0600 | 0000 81cf | 8000 0000 | 83cf 08e9 | 1302 0000 
  0x000000011b495800: 8b44 2448 | 83c8 043b | f948 ba50 | d885 1001 | 0000 0048 | b908 0300 | 0000 0000 | 000f 850a 
  0x000000011b495820: 0000 0048 | b918 0300 | 0000 0000 | 004c 8b2c | 0a4d 8d6d | 014c 892c | 0a0f 851b | 0000 0083 
  0x000000011b495840: c820 48be | 50d8 8510 | 0100 0000 | ff86 2803 | 0000 488b | f8e9 b901 | 0000 48ba | 50d8 8510 
  0x000000011b495860: 0100 0000 | ff82 4003 | 0000 83fb | 0048 bb50 | d885 1001 | 0000 0048 | bab0 0300 | 0000 0000 
  0x000000011b495880: 000f 840a | 0000 0048 | bac0 0300 | 0000 0000 | 0048 8b0c | 1348 8d49 | 0148 890c | 130f 8406 
  0x000000011b4958a0: 0000 0081 | c880 0000 | 0044 3bce | 48be 50d8 | 8510 0100 | 0000 48bb | d003 0000 | 0000 0000 
  0x000000011b4958c0: 0f85 0a00 | 0000 48bb | e003 0000 | 0000 0000 | 488b 141e | 488d 5201 | 4889 141e | 0f85 7200 
  0x000000011b4958e0: 0000 453b | c348 be50 | d885 1001 | 0000 0048 | bff0 0300 | 0000 0000 | 000f 8c0a | 0000 0048 
  0x000000011b495900: bf00 0400 | 0000 0000 | 0048 8b1c | 3e48 8d5b | 0148 891c | 3e0f 8c1b | 0000 0083 | c810 48be 
  0x000000011b495920: 50d8 8510 | 0100 0000 | ff86 1004 | 0000 488b | f8e9 dd00 | 0000 81c8 | 0001 0000 | 48be 50d8 
  0x000000011b495940: 8510 0100 | 0000 ff86 | 2804 0000 | 488b f8e9 | bf00 0000 | 413b f948 | be50 d885 | 1001 0000 
  0x000000011b495960: 0048 bf40 | 0400 0000 | 0000 000f | 850a 0000 | 0048 bf50 | 0400 0000 | 0000 0048 | 8b1c 3e48 
  0x000000011b495980: 8d5b 0148 | 891c 3e0f | 851b 0000 | 0083 c810 | 48be 50d8 | 8510 0100 | 0000 ff86 | 6004 0000 
  0x000000011b4959a0: 488b f8e9 | 6b00 0000 | 48be 50d8 | 8510 0100 | 0000 ff86 | 7804 0000 | 4183 fb00 | 48be 50d8 
  0x000000011b4959c0: 8510 0100 | 0000 48bf | d804 0000 | 0000 0000 | 0f85 0a00 | 0000 48bf | c804 0000 | 0000 0000 
  0x000000011b4959e0: 488b 1c3e | 488d 5b01 | 4889 1c3e | 0f85 0800 | 0000 488b | f8e9 1900 | 0000 81c8 | 0001 0000 
  0x000000011b495a00: 48be 50d8 | 8510 0100 | 0000 ff86 | e804 0000 | 488b f848 | 8b44 2440 | 8178 0c0b | 0000 000f 
  0x000000011b495a20: 86e0 0500 | 008b 703c | 8b58 388b | 5034 48b9 | 50d8 8510 | 0100 0000 | 4883 8138 | 0600 0001 
  0x000000011b495a40: 48b9 b007 | 8510 0100 | 0000 448b | 81e4 0000 | 0041 83c0 | 0844 8981 | e400 0000 | 4181 e0f8 
  0x000000011b495a60: ff7f 0041 | 83f8 000f | 84aa 0500 | 0083 fb00 | 48b9 b007 | 8510 0100 | 0000 49b8 | 2801 0000 
  0x000000011b495a80: 0000 0000 | 0f84 0a00 | 0000 49b8 | 3801 0000 | 0000 0000 | 4e8b 0c01 | 4d8d 4901 | 4e89 0c01 
  0x000000011b495aa0: 0f84 3900 | 0000 83fa | 0048 b9b0 | 0785 1001 | 0000 0049 | b848 0100 | 0000 0000 | 000f 850a 
  0x000000011b495ac0: 0000 0049 | b858 0100 | 0000 0000 | 004e 8b0c | 014d 8d49 | 014e 890c | 010f 850a | 0000 00b9 
  0x000000011b495ae0: 0000 0000 | e953 0000 | 003b da48 | b9b0 0785 | 1001 0000 | 0049 b868 | 0100 0000 | 0000 000f 
  0x000000011b495b00: 8e0a 0000 | 0049 b878 | 0100 0000 | 0000 004e | 8b0c 014d | 8d49 014e | 890c 010f | 8e18 0000 
  0x000000011b495b20: 0048 b9b0 | 0785 1001 | 0000 00ff | 8188 0100 | 0048 8bcb | e903 0000 | 0048 8bca | 3bce 49b8 
  0x000000011b495b40: 50d8 8510 | 0100 0000 | 49b9 4806 | 0000 0000 | 0000 0f8e | 0a00 0000 | 49b9 5806 | 0000 0000 
  0x000000011b495b60: 0000 4f8b | 1c08 4d8d | 5b01 4f89 | 1c08 0f8e | 1600 0000 | 49b8 50d8 | 8510 0100 | 0000 41ff 
  0x000000011b495b80: 8068 0600 | 00e9 0300 | 0000 488b | ce83 f900 | 49b8 50d8 | 8510 0100 | 0000 49b9 | 8006 0000 
  0x000000011b495ba0: 0000 0000 | 0f85 0a00 | 0000 49b9 | 9006 0000 | 0000 0000 | 4f8b 1c08 | 4d8d 5b01 | 4f89 1c08 
  0x000000011b495bc0: 0f85 9700 | 0000 488b | 4c24 3849 | b850 d885 | 1001 0000 | 0049 8380 | a006 0000 | 0149 b878 
  0x000000011b495be0: c572 1001 | 0000 0045 | 8b88 e400 | 0000 4183 | c108 4589 | 88e4 0000 | 0041 81e1 | f8ff 7f00 
  0x000000011b495c00: 4183 f900 | 0f84 2e04 | 0000 3bda | 48b9 78c5 | 7210 0100 | 0000 49b8 | 2801 0000 | 0000 0000 
  0x000000011b495c20: 0f8c 0a00 | 0000 49b8 | 3801 0000 | 0000 0000 | 4e8b 0c01 | 4d8d 4901 | 4e89 0c01 | 0f8c 1500 
  0x000000011b495c40: 0000 48b9 | 78c5 7210 | 0100 0000 | ff81 4801 | 0000 e903 | 0000 0048 | 8bda 488b | cb83 f900 
  0x000000011b495c60: 48bb 50d8 | 8510 0100 | 0000 49b8 | b006 0000 | 0000 0000 | 0f84 0a00 | 0000 49b8 | c006 0000 
  0x000000011b495c80: 0000 0000 | 4e8b 0c03 | 4d8d 4901 | 4e89 0c03 | 0f84 9800 | 0000 3bce | 48be 50d8 | 8510 0100 
  0x000000011b495ca0: 0000 48bb | d006 0000 | 0000 0000 | 0f85 0a00 | 0000 48bb | e006 0000 | 0000 0000 | 488b 0c1e 
  0x000000011b495cc0: 488d 4901 | 4889 0c1e | 0f85 1b00 | 0000 81cf | 0008 0000 | 48be 50d8 | 8510 0100 | 0000 ff86 
  0x000000011b495ce0: f006 0000 | e945 0000 | 0081 cf00 | 0400 0083 | fa00 48be | 50d8 8510 | 0100 0000 | 48bb 0807 
  0x000000011b495d00: 0000 0000 | 0000 0f84 | 0a00 0000 | 48bb 1807 | 0000 0000 | 0000 488b | 141e 488d | 5201 4889 
  0x000000011b495d20: 141e 0f84 | 0600 0000 | 81cf 0002 | 0000 8178 | 0c0c 0000 | 000f 861e | 0300 008b | 7040 83fe 
  0x000000011b495d40: 0048 be50 | d885 1001 | 0000 0048 | bb28 0700 | 0000 0000 | 000f 840a | 0000 0048 | bb38 0700 
  0x000000011b495d60: 0000 0000 | 0048 8b14 | 1e48 8d52 | 0148 8914 | 1e0f 8406 | 0000 0081 | cf00 1000 | 0081 780c 
  0x000000011b495d80: 0d00 0000 | 0f86 e102 | 0000 8b70 | 4483 fe00 | 48be 50d8 | 8510 0100 | 0000 48bb | 4807 0000 
  0x000000011b495da0: 0000 0000 | 0f84 0a00 | 0000 48bb | 5807 0000 | 0000 0000 | 488b 141e | 488d 5201 | 4889 141e 
  0x000000011b495dc0: 0f84 0600 | 0000 81cf | 0020 0000 | 8178 0c0e | 0000 000f | 86a4 0200 | 008b 7048 | 83fe 0048 
  0x000000011b495de0: be50 d885 | 1001 0000 | 0048 bb68 | 0700 0000 | 0000 000f | 840a 0000 | 0048 bb78 | 0700 0000 
  0x000000011b495e00: 0000 0048 | 8b14 1e48 | 8d52 0148 | 8914 1e0f | 8406 0000 | 0081 cf00 | 4000 0081 | 780c 0f00 
  0x000000011b495e20: 0000 0f86 | 6702 0000 | 8b70 4c83 | fe02 48be | 50d8 8510 | 0100 0000 | 48bb 8807 | 0000 0000 
  0x000000011b495e40: 0000 0f8c | 0a00 0000 | 48bb 9807 | 0000 0000 | 0000 488b | 141e 488d | 5201 4889 | 141e 0f8c 
  0x000000011b495e60: 0600 0000 | 81cf 0080 | 0000 8178 | 0c10 0000 | 000f 862a | 0200 008b | 4050 83f8 | 0248 b850 
  0x000000011b495e80: d885 1001 | 0000 0048 | bea8 0700 | 0000 0000 | 000f 8c0a | 0000 0048 | beb8 0700 | 0000 0000 
  0x000000011b495ea0: 0048 8b1c | 3048 8d5b | 0148 891c | 300f 8c06 | 0000 0081 | cf00 0001 | 0048 8bc7 | 4883 c460 
  0x000000011b495ec0: 5d4d 8b97 | 1001 0000 | 4185 02c3 | 49ba 2097 | 0800 0800 | 0000 4c89 | 5424 0848 | c704 24ff 
  0x000000011b495ee0: ffff ffe8 | 18b6 a2ff | e907 f0ff | ffe8 ae85 | 99ff e8a9 | 8599 ff48 | c704 2400 | 0000 0048 
  0x000000011b495f00: 8944 2408 | e897 8e99 | ff48 c704 | 2407 0000 | 0048 8944 | 2408 e885 | 8e99 ff49 | bab0 9308 
  0x000000011b495f20: 0008 0000 | 004c 8954 | 2408 48c7 | 0424 ffff | ffff e8c9 | b5a2 ffe9 | 70f0 ffff | 48c7 0424 
  0x000000011b495f40: 0800 0000 | 4889 4424 | 08e8 528e | 99ff 49ba | b093 0800 | 0800 0000 | 4c89 5424 | 0848 c704 
  0x000000011b495f60: 24ff ffff | ffe8 96b5 | a2ff e965 | f1ff ff48 | c704 2406 | 0000 0048 | 8944 2408 | e81f 8e99 
  0x000000011b495f80: ff49 bab0 | 9308 0008 | 0000 004c | 8954 2408 | 48c7 0424 | ffff ffff | e863 b5a2 | ffe9 61f2 
  0x000000011b495fa0: ffff 49ba | 7808 3200 | 0800 0000 | 4c89 5424 | 0848 c704 | 24ff ffff | ffe8 42b5 | a2ff e98e 
  0x000000011b495fc0: f4ff ff49 | ba78 0832 | 0008 0000 | 004c 8954 | 2408 48c7 | 0424 ffff | ffff e821 | b5a2 ffe9 
  0x000000011b495fe0: 00f5 ffff | 49ba 7808 | 3200 0800 | 0000 4c89 | 5424 0848 | c704 24ff | ffff ffe8 | 00b5 a2ff 
  0x000000011b496000: e96d f5ff | ff48 c704 | 240b 0000 | 0048 8944 | 2408 e889 | 8d99 ff49 | bab0 9308 | 0008 0000 
  0x000000011b496020: 004c 8954 | 2408 48c7 | 0424 ffff | ffff e8cd | b4a2 ffe9 | 35fa ffff | 49ba 7808 | 3200 0800 
  0x000000011b496040: 0000 4c89 | 5424 0848 | c704 24ff | ffff ffe8 | acb4 a2ff | e9b1 fbff | ff48 c704 | 240c 0000 
  0x000000011b496060: 0048 8944 | 2408 e835 | 8d99 ff48 | c704 240d | 0000 0048 | 8944 2408 | e823 8d99 | ff48 c704 
  0x000000011b496080: 240e 0000 | 0048 8944 | 2408 e811 | 8d99 ff48 | c704 240f | 0000 0048 | 8944 2408 | e8ff 8c99 
  0x000000011b4960a0: ff48 c704 | 2410 0000 | 0048 8944 | 2408 e8ed | 8c99 ff90 | 9049 8b87 | e803 0000 | 49ba 0000 
  0x000000011b4960c0: 0000 0000 | 0000 4d89 | 97e8 0300 | 0049 ba00 | 0000 0000 | 0000 004d | 8997 f003 | 0000 4883 
  0x000000011b4960e0: c460 5de9 | 9892 99ff | f4f4 f4f4 | f4f4 f4f4 | f4f4 f4f4 | f4f4 f4f4 | f4f4 f4f4 | f4f4 f4f4 
  0x000000011b496100: e87b 6599 | ff48 bfda | 1dc0 0c01 | 0000 0048 | 83e4 f0e8 | 1845 4bf1 | f449 ba19 | 6149 1b01 
  0x000000011b496120: 0000 0041 | 52e9 766f | 97ff f4f4 | f4f4 f4f4 
[/MachCode]
--------------------------------------------------------------------------------


---------------  P R O C E S S  ---------------

Threads class SMR info:
_java_thread_list=0x00007fa923771670, length=11, elements={
0x00007fa943118800, 0x00007fa94d480000, 0x00007fa94edb6800, 0x00007fa94f0e4800,
0x00007fa9471af800, 0x00007fa9484c3800, 0x00007fa9431ce000, 0x00007fa94e774000,
0x00007fa94f1d2800, 0x00007fa94f1a5800, 0x00007fa9384c2000
}

Java Threads: ( => current thread )
=>0x00007fa943118800 JavaThread "main" [_thread_in_Java, id=775, stack(0x00007ffeebd10000,0x00007ffeec510000)]
  0x00007fa94d480000 JavaThread "Reference Handler" daemon [_thread_blocked, id=13315, stack(0x00007000056c2000,0x00007000058c2000)]
  0x00007fa94edb6800 JavaThread "Finalizer" daemon [_thread_blocked, id=18435, stack(0x00007000058c5000,0x0000700005ac5000)]
  0x00007fa94f0e4800 JavaThread "Attach Listener" daemon [_thread_blocked, id=16643, stack(0x0000700005bce000,0x0000700005dce000)]
  0x00007fa9471af800 JavaThread "Service Thread" daemon [_thread_blocked, id=16131, stack(0x0000700005dd1000,0x0000700005fd1000)]
  0x00007fa9484c3800 JavaThread "C2 CompilerThread0" daemon [_thread_blocked, id=43267, stack(0x0000700005fd4000,0x00007000060d4000)]
  0x00007fa9431ce000 JavaThread "C1 CompilerThread0" daemon [_thread_blocked, id=22787, stack(0x00007000060d7000,0x00007000061d7000)]
  0x00007fa94e774000 JavaThread "Sweeper thread" daemon [_thread_blocked, id=23043, stack(0x00007000061da000,0x00007000063da000)]
  0x00007fa94f1d2800 JavaThread "Notification Thread" daemon [_thread_blocked, id=42243, stack(0x00007000063dd000,0x00007000065dd000)]
  0x00007fa94f1a5800 JavaThread "Common-Cleaner" daemon [_thread_blocked, id=40963, stack(0x00007000066e3000,0x00007000068e3000)]
  0x00007fa9384c2000 JavaThread "C2 CompilerThread1" daemon [_thread_blocked, id=35587, stack(0x0000700006cf5000,0x0000700006df5000)]

Other Threads:
  0x00007fa943231000 VMThread "VM Thread" [stack: 0x00007000055bf000,0x00007000056bf000] [id=19203] _threads_hazard_ptr=0x00007fa923771670
  0x00007fa94f85d800 WatcherThread [stack: 0x00007000065e0000,0x00007000066e0000] [id=41731]
  0x00007fa949508800 GCTaskThread "GC Thread#0" [stack: 0x00007000050b0000,0x00007000051b0000] [id=20995]
  0x00007fa93eed6800 GCTaskThread "GC Thread#1" [stack: 0x00007000069ec000,0x0000700006aec000] [id=25867]
  0x00007fa939d7b000 GCTaskThread "GC Thread#2" [stack: 0x0000700006aef000,0x0000700006bef000] [id=35867]
  0x00007fa93dbe1800 GCTaskThread "GC Thread#3" [stack: 0x0000700006bf2000,0x0000700006cf2000] [id=26371]
  0x00007fa94ea56000 ConcurrentGCThread "G1 Main Marker" [stack: 0x00007000051b3000,0x00007000052b3000] [id=11779]
  0x00007fa941972800 ConcurrentGCThread "G1 Conc#0" [stack: 0x00007000052b6000,0x00007000053b6000] [id=20227]
  0x00007fa94eda5800 ConcurrentGCThread "G1 Refine#0" [stack: 0x00007000053b9000,0x00007000054b9000] [id=19715]
  0x00007fa94eda6800 ConcurrentGCThread "G1 Young RemSet Sampling" [stack: 0x00007000054bc000,0x00007000055bc000] [id=19459]

Threads with active compile tasks:
C2 CompilerThread0  47517981  701       4       java.text.SimpleDateFormat::subFormat (1264 bytes)
C2 CompilerThread1  47517982  752 %s!   4       org.postgresql.core.UTF8Encoding::decode @ 34 (554 bytes)

VM state:synchronizing (normal execution)

VM Mutex/Monitor currently owned by a thread:  ([mutex/lock_event])
[0x00007fa949953d60] Threads_lock - owner thread: 0x00007fa943231000
[0x00007fa949951d30] Heap_lock - owner thread: 0x00007fa94ea56000

Heap address: 0x00000007e0000000, size: 512 MB, Compressed Oops mode: Zero based, Oop shift amount: 3
Narrow klass base: 0x0000000800000000, Narrow klass shift: 3
Compressed class space size: 1073741824 Address: 0x0000000800b05000

Heap:
 garbage-first heap   total 20480K, used 8515K [0x00000007e0000000, 0x0000000800000000)
  region size 1024K, 2 young (2048K), 1 survivors (1024K)
 Metaspace       used 3128K, capacity 6196K, committed 6272K, reserved 1056768K
  class space    used 289K, capacity 599K, committed 640K, reserved 1048576K
Heap Regions: E=young(eden), S=young(survivor), O=old, HS=humongous(starts), HC=humongous(continues), CS=collection set, F=free, OA=open archive, CA=closed archive, TAMS=top-at-mark-start (previous, next)
|   0|0x00000007e0000000, 0x00000007e007c7a0, 0x00000007e0100000| 48%| O|  |TAMS 0x00000007e0000000, 0x00000007e007c7a0| Untracked 
|   1|0x00000007e0100000, 0x00000007e0200000, 0x00000007e0200000|100%| O|  |TAMS 0x00000007e0100000, 0x00000007e0200000| Untracked 
|   2|0x00000007e0200000, 0x00000007e0300000, 0x00000007e0300000|100%| O|  |TAMS 0x00000007e0200000, 0x00000007e0300000| Untracked 
|   3|0x00000007e0300000, 0x00000007e0400000, 0x00000007e0400000|100%| O|  |TAMS 0x00000007e0300000, 0x00000007e0400000| Untracked 
|   4|0x00000007e0400000, 0x00000007e046f8f8, 0x00000007e0500000| 43%| O|  |TAMS 0x00000007e0400000, 0x00000007e046f8f8| Untracked 
|   5|0x00000007e0500000, 0x00000007e0600000, 0x00000007e0600000|100%| O|  |TAMS 0x00000007e0500000, 0x00000007e0595600| Untracked 
|   6|0x00000007e0600000, 0x00000007e06a1c00, 0x00000007e0700000| 63%| O|  |TAMS 0x00000007e0600000, 0x00000007e0600000| Untracked 
|   7|0x00000007e0700000, 0x00000007e07a0d30, 0x00000007e0800000| 62%| O|  |TAMS 0x00000007e0700000, 0x00000007e07a0d30| Untracked 
|   8|0x00000007e0800000, 0x00000007e0800000, 0x00000007e0900000|  0%| F|  |TAMS 0x00000007e0800000, 0x00000007e0800000| Untracked 
|   9|0x00000007e0900000, 0x00000007e0900000, 0x00000007e0a00000|  0%| F|  |TAMS 0x00000007e0900000, 0x00000007e0900000| Untracked 
|  10|0x00000007e0a00000, 0x00000007e0a00000, 0x00000007e0b00000|  0%| F|  |TAMS 0x00000007e0a00000, 0x00000007e0a00000| Untracked 
|  11|0x00000007e0b00000, 0x00000007e0b00000, 0x00000007e0c00000|  0%| F|  |TAMS 0x00000007e0b00000, 0x00000007e0b00000| Untracked 
|  12|0x00000007e0c00000, 0x00000007e0c00000, 0x00000007e0d00000|  0%| F|  |TAMS 0x00000007e0c00000, 0x00000007e0c00000| Untracked 
|  13|0x00000007e0d00000, 0x00000007e0e00000, 0x00000007e0e00000|100%| S|CS|TAMS 0x00000007e0d00000, 0x00000007e0d00000| Complete 
|  14|0x00000007e0e00000, 0x00000007e0e00000, 0x00000007e0f00000|  0%| F|  |TAMS 0x00000007e0e00000, 0x00000007e0e00000| Untracked 
|  15|0x00000007e0f00000, 0x00000007e0f00000, 0x00000007e1000000|  0%| F|  |TAMS 0x00000007e0f00000, 0x00000007e0f00000| Untracked 
|  16|0x00000007e1000000, 0x00000007e106f938, 0x00000007e1100000| 43%| E|  |TAMS 0x00000007e1000000, 0x00000007e1000000| Complete 
|  51|0x00000007e3300000, 0x00000007e33562c8, 0x00000007e3400000| 33%| O|  |TAMS 0x00000007e3300000, 0x00000007e33562c8| Untracked 
| 510|0x00000007ffe00000, 0x00000007ffe51000, 0x00000007fff00000| 31%|OA|  |TAMS 0x00000007ffe00000, 0x00000007ffe51000| Untracked 
| 511|0x00000007fff00000, 0x00000007fff7b000, 0x0000000800000000| 48%|CA|  |TAMS 0x00000007fff00000, 0x00000007fff7b000| Untracked 

Card table byte_map: [0x000000010d4e6000,0x000000010d5e6000] _byte_map_base: 0x00000001095e6000

Marking Bits (Prev, Next): (CMBitMap*) 0x00007fa945062218, (CMBitMap*) 0x00007fa945062258
 Prev Bits: [0x000000010d6e6000, 0x000000010dee6000)
 Next Bits: [0x000000010dee6000, 0x000000010e6e6000)

Polling page: 0x0000000104c19000

Metaspace:

Usage:
  Non-class:      5.47 MB capacity,     2.77 MB ( 51%) used,     2.69 MB ( 49%) free+waste,     5.56 KB ( <1%) overhead. 
      Class:    599.00 KB capacity,   289.20 KB ( 48%) used,   306.61 KB ( 51%) free+waste,     3.19 KB ( <1%) overhead. 
       Both:      6.05 MB capacity,     3.06 MB ( 50%) used,     2.99 MB ( 49%) free+waste,     8.75 KB ( <1%) overhead. 

Virtual space:
  Non-class space:        8.00 MB reserved,       5.50 MB ( 69%) committed 
      Class space:        1.00 GB reserved,     640.00 KB ( <1%) committed 
             Both:        1.01 GB reserved,       6.12 MB ( <1%) committed 

Chunk freelists:
   Non-Class:  3.00 KB
       Class:  21.00 KB
        Both:  24.00 KB

MaxMetaspaceSize: unlimited
CompressedClassSpaceSize: 1.00 GB

CodeHeap 'non-profiled nmethods': size=120032Kb used=251Kb max_used=251Kb free=119781Kb
 bounds [0x000000012288c000, 0x0000000122afc000, 0x0000000129dc4000]
CodeHeap 'profiled nmethods': size=120028Kb used=1524Kb max_used=1524Kb free=118503Kb
 bounds [0x000000011b355000, 0x000000011b5c5000, 0x000000012288c000]
CodeHeap 'non-nmethods': size=5700Kb used=1152Kb max_used=1175Kb free=4547Kb
 bounds [0x000000011adc4000, 0x000000011b034000, 0x000000011b355000]
 total_blobs=1144 nmethods=736 adapters=322
 compilation: enabled
              stopped_count=0, restarted_count=0
 full_count=0

Compilation events (20 events):
Event: 47517.711 Thread 0x00007fa9431ce000  744       2       jdk.internal.misc.Unsafe::copyMemory (33 bytes)
Event: 47517.712 Thread 0x00007fa9431ce000 nmethod 744 0x000000011b4c0690 code [0x000000011b4c08c0, 0x000000011b4c0e70]
Event: 47517.712 Thread 0x00007fa9431ce000  745       2       jdk.internal.misc.Unsafe::copyMemoryChecks (21 bytes)
Event: 47517.712 Thread 0x00007fa9431ce000 nmethod 745 0x000000011b4c1290 code [0x000000011b4c14a0, 0x000000011b4c1a60]
Event: 47517.712 Thread 0x00007fa9431ce000  747       2       java.net.Socket$SocketInputStream::read (11 bytes)
Event: 47517.712 Thread 0x00007fa9431ce000 nmethod 747 0x000000011b4c1e10 code [0x000000011b4c1fa0, 0x000000011b4c20e0]
Event: 47517.712 Thread 0x00007fa9431ce000  748       2       org.postgresql.core.VisibleBufferedInputStream::readMore (108 bytes)
Event: 47517.713 Thread 0x00007fa9431ce000 nmethod 748 0x000000011b4c2190 code [0x000000011b4c2340, 0x000000011b4c2680]
Event: 47517.726 Thread 0x00007fa9384c2000 nmethod 723 0x00000001228c6b10 code [0x00000001228c6e20, 0x00000001228c7e48]
Event: 47517.726 Thread 0x00007fa9384c2000  746   !   4       org.postgresql.core.PGStream::receiveTupleV3 (89 bytes)
Event: 47517.747 Thread 0x00007fa9431ce000  749 %s!   3       org.postgresql.core.UTF8Encoding::decode @ 34 (554 bytes)
Event: 47517.749 Thread 0x00007fa9431ce000 nmethod 749% 0x000000011b4c2810 code [0x000000011b4c2cc0, 0x000000011b4c5b00]
Event: 47517.751 Thread 0x00007fa9431ce000  751  s!   2       org.postgresql.core.UTF8Encoding::decode (554 bytes)
Event: 47517.753 Thread 0x00007fa9431ce000 nmethod 751 0x000000011b4c7210 code [0x000000011b4c75a0, 0x000000011b4c91a0]
Event: 47517.775 Thread 0x00007fa9431ce000  753 %     3       org.ohdsi.databaseConnector.BatchedQuery::fetchBatch @ 8 (335 bytes)
Event: 47517.779 Thread 0x00007fa9431ce000 nmethod 753% 0x000000011b4ca510 code [0x000000011b4ca9c0, 0x000000011b4cd530]
Event: 47517.795 Thread 0x00007fa9384c2000 nmethod 746 0x00000001228c8610 code [0x00000001228c8a40, 0x00000001228ca020]
Event: 47517.795 Thread 0x00007fa9384c2000  752 %s!   4       org.postgresql.core.UTF8Encoding::decode @ 34 (554 bytes)
Event: 47517.813 Thread 0x00007fa9431ce000  754       3       org.ohdsi.databaseConnector.BatchedQuery::fetchBatch (335 bytes)
Event: 47517.815 Thread 0x00007fa9431ce000 nmethod 754 0x000000011b4ce510 code [0x000000011b4ce9c0, 0x000000011b4d1430]

GC Heap History (14 events):
Event: 47517.300 GC heap before
{Heap before GC invocations=0 (full 0):
 garbage-first heap   total 264192K, used 9008K [0x00000007e0000000, 0x0000000800000000)
  region size 1024K, 9 young (9216K), 0 survivors (0K)
 Metaspace       used 2929K, capacity 6131K, committed 6272K, reserved 1056768K
  class space    used 287K, capacity 599K, committed 640K, reserved 1048576K
}
Event: 47517.312 GC heap after
{Heap after GC invocations=1 (full 1):
 garbage-first heap   total 20480K, used 2748K [0x00000007e0000000, 0x0000000800000000)
  region size 1024K, 0 young (0K), 0 survivors (0K)
 Metaspace       used 2929K, capacity 6131K, committed 6272K, reserved 1056768K
  class space    used 287K, capacity 599K, committed 640K, reserved 1048576K
}
Event: 47517.525 GC heap before
{Heap before GC invocations=1 (full 1):
 garbage-first heap   total 20480K, used 7868K [0x00000007e0000000, 0x0000000800000000)
  region size 1024K, 5 young (5120K), 0 survivors (0K)
 Metaspace       used 3108K, capacity 6196K, committed 6272K, reserved 1056768K
  class space    used 289K, capacity 599K, committed 640K, reserved 1048576K
}
Event: 47517.528 GC heap after
{Heap after GC invocations=2 (full 1):
 garbage-first heap   total 20480K, used 4959K [0x00000007e0000000, 0x0000000800000000)
  region size 1024K, 1 young (1024K), 1 survivors (1024K)
 Metaspace       used 3108K, capacity 6196K, committed 6272K, reserved 1056768K
  class space    used 289K, capacity 599K, committed 640K, reserved 1048576K
}
Event: 47517.598 GC heap before
{Heap before GC invocations=2 (full 1):
 garbage-first heap   total 20480K, used 7007K [0x00000007e0000000, 0x0000000800000000)
  region size 1024K, 3 young (3072K), 1 survivors (1024K)
 Metaspace       used 3111K, capacity 6196K, committed 6272K, reserved 1056768K
  class space    used 289K, capacity 599K, committed 640K, reserved 1048576K
}
Event: 47517.601 GC heap after
{Heap after GC invocations=3 (full 1):
 garbage-first heap   total 20480K, used 5616K [0x00000007e0000000, 0x0000000800000000)
  region size 1024K, 1 young (1024K), 1 survivors (1024K)
 Metaspace       used 3111K, capacity 6196K, committed 6272K, reserved 1056768K
  class space    used 289K, capacity 599K, committed 640K, reserved 1048576K
}
Event: 47517.628 GC heap before
{Heap before GC invocations=3 (full 1):
 garbage-first heap   total 20480K, used 7664K [0x00000007e0000000, 0x0000000800000000)
  region size 1024K, 3 young (3072K), 1 survivors (1024K)
 Metaspace       used 3113K, capacity 6196K, committed 6272K, reserved 1056768K
  class space    used 289K, capacity 599K, committed 640K, reserved 1048576K
}
Event: 47517.630 GC heap after
{Heap after GC invocations=4 (full 1):
 garbage-first heap   total 20480K, used 6183K [0x00000007e0000000, 0x0000000800000000)
  region size 1024K, 1 young (1024K), 1 survivors (1024K)
 Metaspace       used 3113K, capacity 6196K, committed 6272K, reserved 1056768K
  class space    used 289K, capacity 599K, committed 640K, reserved 1048576K
}
Event: 47517.665 GC heap before
{Heap before GC invocations=4 (full 1):
 garbage-first heap   total 20480K, used 8231K [0x00000007e0000000, 0x0000000800000000)
  region size 1024K, 3 young (3072K), 1 survivors (1024K)
 Metaspace       used 3114K, capacity 6196K, committed 6272K, reserved 1056768K
  class space    used 289K, capacity 599K, committed 640K, reserved 1048576K
}
Event: 47517.667 GC heap after
{Heap after GC invocations=5 (full 1):
 garbage-first heap   total 20480K, used 6683K [0x00000007e0000000, 0x0000000800000000)
  region size 1024K, 1 young (1024K), 1 survivors (1024K)
 Metaspace       used 3114K, capacity 6196K, committed 6272K, reserved 1056768K
  class space    used 289K, capacity 599K, committed 640K, reserved 1048576K
}
Event: 47517.754 GC heap before
{Heap before GC invocations=5 (full 1):
 garbage-first heap   total 20480K, used 9755K [0x00000007e0000000, 0x0000000800000000)
  region size 1024K, 4 young (4096K), 1 survivors (1024K)
 Metaspace       used 3123K, capacity 6196K, committed 6272K, reserved 1056768K
  class space    used 289K, capacity 599K, committed 640K, reserved 1048576K
}
Event: 47517.757 GC heap after
{Heap after GC invocations=6 (full 1):
 garbage-first heap   total 20480K, used 7441K [0x00000007e0000000, 0x0000000800000000)
  region size 1024K, 1 young (1024K), 1 survivors (1024K)
 Metaspace       used 3123K, capacity 6196K, committed 6272K, reserved 1056768K
  class space    used 289K, capacity 599K, committed 640K, reserved 1048576K
}
Event: 47517.846 GC heap before
{Heap before GC invocations=6 (full 1):
 garbage-first heap   total 20480K, used 10513K [0x00000007e0000000, 0x0000000800000000)
  region size 1024K, 4 young (4096K), 1 survivors (1024K)
 Metaspace       used 3128K, capacity 6196K, committed 6272K, reserved 1056768K
  class space    used 289K, capacity 599K, committed 640K, reserved 1048576K
}
Event: 47517.850 GC heap after
{Heap after GC invocations=7 (full 1):
 garbage-first heap   total 20480K, used 8515K [0x00000007e0000000, 0x0000000800000000)
  region size 1024K, 1 young (1024K), 1 survivors (1024K)
 Metaspace       used 3128K, capacity 6196K, committed 6272K, reserved 1056768K
  class space    used 289K, capacity 599K, committed 640K, reserved 1048576K
}

Deoptimization events (20 events):
Event: 47517.818 Thread 0x00007fa943118800 DEOPT PACKING pc=0x000000011b4c8bfa sp=0x00007ffeec5031a0
Event: 47517.818 Thread 0x00007fa943118800 DEOPT UNPACKING pc=0x000000011ae0d33a sp=0x00007ffeec502730 mode 0
Event: 47517.819 Thread 0x00007fa943118800 DEOPT PACKING pc=0x000000011b4c8bfa sp=0x00007ffeec5031a0
Event: 47517.819 Thread 0x00007fa943118800 DEOPT UNPACKING pc=0x000000011ae0d33a sp=0x00007ffeec502730 mode 0
Event: 47517.820 Thread 0x00007fa943118800 DEOPT PACKING pc=0x000000011b4c8bfa sp=0x00007ffeec5031a0
Event: 47517.820 Thread 0x00007fa943118800 DEOPT UNPACKING pc=0x000000011ae0d33a sp=0x00007ffeec502730 mode 0
Event: 47517.822 Thread 0x00007fa943118800 DEOPT PACKING pc=0x000000011b4c8bfa sp=0x00007ffeec5031a0
Event: 47517.822 Thread 0x00007fa943118800 DEOPT UNPACKING pc=0x000000011ae0d33a sp=0x00007ffeec502730 mode 0
Event: 47517.823 Thread 0x00007fa943118800 DEOPT PACKING pc=0x000000011b4c8bfa sp=0x00007ffeec5031a0
Event: 47517.823 Thread 0x00007fa943118800 DEOPT UNPACKING pc=0x000000011ae0d33a sp=0x00007ffeec502730 mode 0
Event: 47517.833 Thread 0x00007fa943118800 DEOPT PACKING pc=0x000000011b4c8bfa sp=0x00007ffeec5031a0
Event: 47517.833 Thread 0x00007fa943118800 DEOPT UNPACKING pc=0x000000011ae0d33a sp=0x00007ffeec502730 mode 0
Event: 47517.839 Thread 0x00007fa943118800 DEOPT PACKING pc=0x000000011b4c8bfa sp=0x00007ffeec5031a0
Event: 47517.839 Thread 0x00007fa943118800 DEOPT UNPACKING pc=0x000000011ae0d33a sp=0x00007ffeec502730 mode 0
Event: 47517.854 Thread 0x00007fa943118800 DEOPT PACKING pc=0x000000011b4c8bfa sp=0x00007ffeec5031a0
Event: 47517.854 Thread 0x00007fa943118800 DEOPT UNPACKING pc=0x000000011ae0d33a sp=0x00007ffeec502730 mode 0
Event: 47517.859 Thread 0x00007fa943118800 DEOPT PACKING pc=0x000000011b4c8bfa sp=0x00007ffeec5031a0
Event: 47517.859 Thread 0x00007fa943118800 DEOPT UNPACKING pc=0x000000011ae0d33a sp=0x00007ffeec502730 mode 0
Event: 47517.862 Thread 0x00007fa943118800 DEOPT PACKING pc=0x000000011b4c8bfa sp=0x00007ffeec5031a0
Event: 47517.862 Thread 0x00007fa943118800 DEOPT UNPACKING pc=0x000000011ae0d33a sp=0x00007ffeec502730 mode 0

Classes unloaded (0 events):
No events

Classes redefined (0 events):
No events

Internal exceptions (1 events):
Event: 47517.210 Thread 0x00007fa943118800 Exception <a 'java/lang/NoSuchMethodError'{0x00000007ef883428}: 'int java.lang.invoke.DirectMethodHandle$Holder.invokeSpecialIFC(java.lang.Object, java.lang.Object, int)'> (0x00000007ef883428) 
thrown [./open/src/hotspot/share/interpreter/linkResolver.cpp, line 766]

Events (20 events):
Event: 47517.323 Executing VM operation: G1CollectFull done
Event: 47517.326 Executing VM operation: HandshakeOneThread
Event: 47517.326 Executing VM operation: HandshakeOneThread done
Event: 47517.459 Thread 0x00007fa9384c2000 Thread added: 0x00007fa9384c2000
Event: 47517.459 Protecting memory [0x0000700006cf5000,0x0000700006cf9000] with protection modes 0
Event: 47517.465 Executing VM operation: HandshakeOneThread
Event: 47517.466 Executing VM operation: HandshakeOneThread done
Event: 47517.525 Executing VM operation: G1CollectForAllocation
Event: 47517.539 Executing VM operation: G1CollectForAllocation done
Event: 47517.598 Executing VM operation: G1CollectForAllocation
Event: 47517.611 Executing VM operation: G1CollectForAllocation done
Event: 47517.628 Executing VM operation: G1CollectForAllocation
Event: 47517.630 Executing VM operation: G1CollectForAllocation done
Event: 47517.665 Executing VM operation: G1CollectForAllocation
Event: 47517.667 Executing VM operation: G1CollectForAllocation done
Event: 47517.754 Executing VM operation: G1CollectForAllocation
Event: 47517.757 Executing VM operation: G1CollectForAllocation done
Event: 47517.846 Executing VM operation: G1CollectForAllocation
Event: 47517.850 Executing VM operation: G1CollectForAllocation done
Event: 47517.864 Executing VM operation: G1Concurrent


Dynamic libraries:
0x00007fff34128000 	/System/Library/Frameworks/AppKit.framework/Versions/C/AppKit
0x000000010478f000 	/Library/Frameworks/R.framework/Versions/3.6/Resources/lib/libR.dylib
0x00007fff6df48000 	/usr/lib/libSystem.B.dylib
0x00007fff70484000 	/usr/lib/libz.1.dylib
0x00007fff3825d000 	/System/Library/Frameworks/CoreServices.framework/Versions/A/CoreServices
0x0000000104c1b000 	/Applications/RStudio.app/Contents/Frameworks/libssl.1.0.0.dylib
0x0000000104c80000 	/Applications/RStudio.app/Contents/Frameworks/libcrypto.1.0.0.dylib
0x00007fff6e22e000 	/usr/lib/libc++.1.dylib
0x00007fff36e75000 	/System/Library/Frameworks/CoreFoundation.framework/Versions/A/CoreFoundation
0x00007fff39532000 	/System/Library/Frameworks/Foundation.framework/Versions/C/Foundation
0x00007fff6fda8000 	/usr/lib/libobjc.A.dylib
0x00007fff67f5e000 	/System/Library/PrivateFrameworks/UIFoundation.framework/Versions/A/UIFoundation
0x00007fff62ff2000 	/System/Library/PrivateFrameworks/RemoteViewServices.framework/Versions/A/RemoteViewServices
0x00007fff6aab8000 	/System/Library/PrivateFrameworks/XCTTargetBootstrap.framework/Versions/A/XCTTargetBootstrap
0x00007fff36d42000 	/System/Library/Frameworks/CoreDisplay.framework/Versions/A/CoreDisplay
0x00007fff3c3ec000 	/System/Library/Frameworks/Metal.framework/Versions/A/Metal
0x00007fff50fdf000 	/System/Library/PrivateFrameworks/DesktopServicesPriv.framework/Versions/A/DesktopServicesPriv
0x00007fff6f083000 	/usr/lib/liblangid.dylib
0x00007fff50274000 	/System/Library/PrivateFrameworks/CoreSVG.framework/Versions/A/CoreSVG
0x00007fff6614e000 	/System/Library/PrivateFrameworks/SkyLight.framework/Versions/A/SkyLight
0x00007fff372f6000 	/System/Library/Frameworks/CoreGraphics.framework/Versions/A/CoreGraphics
0x00007fff32afc000 	/System/Library/Frameworks/Accelerate.framework/Versions/A/Accelerate
0x00007fff70375000 	/usr/lib/libxml2.2.dylib
0x00007fff5bf7d000 	/System/Library/PrivateFrameworks/IconServices.framework/Versions/A/IconServices
0x00007fff39d11000 	/System/Library/Frameworks/IOSurface.framework/Versions/A/IOSurface
0x00007fff6da72000 	/usr/lib/libDiagnosticMessagesClient.dylib
0x00007fff34f38000 	/System/Library/Frameworks/ApplicationServices.framework/Versions/A/ApplicationServices
0x00007fff50e39000 	/System/Library/PrivateFrameworks/DFRFoundation.framework/Versions/A/DFRFoundation
0x00007fff6ee12000 	/usr/lib/libicucore.A.dylib
0x00007fff3526a000 	/System/Library/Frameworks/AudioToolbox.framework/Versions/A/AudioToolbox
0x00007fff3534d000 	/System/Library/Frameworks/AudioUnit.framework/Versions/A/AudioUnit
0x00007fff6e14a000 	/usr/lib/libauto.dylib
0x00007fff36957000 	/System/Library/Frameworks/CoreData.framework/Versions/A/CoreData
0x00007fff50edb000 	/System/Library/PrivateFrameworks/DataDetectorsCore.framework/Versions/A/DataDetectorsCore
0x00007fff35af4000 	/System/Library/Frameworks/Carbon.framework/Versions/A/Frameworks/HIToolbox.framework/Versions/A/HIToolbox
0x00007fff429c4000 	/System/Library/Frameworks/QuartzCore.framework/Versions/A/QuartzCore
0x00007fff437c8000 	/System/Library/Frameworks/Security.framework/Versions/A/Security
0x00007fff35e33000 	/System/Library/Frameworks/Carbon.framework/Versions/A/Frameworks/SpeechRecognition.framework/Versions/A/SpeechRecognition
0x00007fff5094d000 	/System/Library/PrivateFrameworks/CoreUI.framework/Versions/A/CoreUI
0x00007fff363c2000 	/System/Library/Frameworks/CoreAudio.framework/Versions/A/CoreAudio
0x00007fff391f1000 	/System/Library/Frameworks/DiskArbitration.framework/Versions/A/DiskArbitration
0x00007fff5dfcd000 	/System/Library/PrivateFrameworks/MultitouchSupport.framework/Versions/A/MultitouchSupport
0x00007fff6ecd9000 	/usr/lib/libenergytrace.dylib
0x00007fff39c6b000 	/System/Library/Frameworks/IOKit.framework/Versions/A/IOKit
0x00007fff60185000 	/System/Library/PrivateFrameworks/PerformanceAnalysis.framework/Versions/A/PerformanceAnalysis
0x00007fff419f7000 	/System/Library/Frameworks/OpenGL.framework/Versions/A/OpenGL
0x00007fff35fe1000 	/System/Library/Frameworks/ColorSync.framework/Versions/A/ColorSync
0x00007fff37979000 	/System/Library/Frameworks/CoreImage.framework/Versions/A/CoreImage
0x00007fff38cd0000 	/System/Library/Frameworks/CoreText.framework/Versions/A/CoreText
0x00007fff39da1000 	/System/Library/Frameworks/ImageIO.framework/Versions/A/ImageIO
0x00007fff6e2aa000 	/usr/lib/libcompression.dylib
0x00007fff6ddb6000 	/usr/lib/libMobileGestalt.dylib
0x00007fff67cc8000 	/System/Library/PrivateFrameworks/TextureIO.framework/Versions/A/TextureIO
0x00007fff6e0ad000 	/usr/lib/libate.dylib
0x00007fff5c186000 	/System/Library/PrivateFrameworks/InternationalSupport.framework/Versions/A/InternationalSupport
0x00007fff70d45000 	/usr/lib/system/libcache.dylib
0x00007fff70d4b000 	/usr/lib/system/libcommonCrypto.dylib
0x00007fff70d57000 	/usr/lib/system/libcompiler_rt.dylib
0x00007fff70d5f000 	/usr/lib/system/libcopyfile.dylib
0x00007fff70d69000 	/usr/lib/system/libcorecrypto.dylib
0x00007fff70f08000 	/usr/lib/system/libdispatch.dylib
0x00007fff70f49000 	/usr/lib/system/libdyld.dylib
0x00007fff70f80000 	/usr/lib/system/libkeymgr.dylib
0x00007fff70f8e000 	/usr/lib/system/liblaunch.dylib
0x00007fff70f8f000 	/usr/lib/system/libmacho.dylib
0x00007fff70f95000 	/usr/lib/system/libquarantine.dylib
0x00007fff70f98000 	/usr/lib/system/libremovefile.dylib
0x00007fff70f9a000 	/usr/lib/system/libsystem_asl.dylib
0x00007fff70fb2000 	/usr/lib/system/libsystem_blocks.dylib
0x00007fff70fb3000 	/usr/lib/system/libsystem_c.dylib
0x00007fff7103b000 	/usr/lib/system/libsystem_configuration.dylib
0x00007fff7103f000 	/usr/lib/system/libsystem_coreservices.dylib
0x00007fff71043000 	/usr/lib/system/libsystem_darwin.dylib
0x00007fff7104c000 	/usr/lib/system/libsystem_dnssd.dylib
0x00007fff71054000 	/usr/lib/system/libsystem_featureflags.dylib
0x00007fff71056000 	/usr/lib/system/libsystem_info.dylib
0x00007fff710d1000 	/usr/lib/system/libsystem_m.dylib
0x00007fff71119000 	/usr/lib/system/libsystem_malloc.dylib
0x00007fff71141000 	/usr/lib/system/libsystem_networkextension.dylib
0x00007fff7114f000 	/usr/lib/system/libsystem_notify.dylib
0x00007fff7116d000 	/usr/lib/system/libsystem_sandbox.dylib
0x00007fff71172000 	/usr/lib/system/libsystem_secinit.dylib
0x00007fff710a4000 	/usr/lib/system/libsystem_kernel.dylib
0x00007fff71159000 	/usr/lib/system/libsystem_platform.dylib
0x00007fff71162000 	/usr/lib/system/libsystem_pthread.dylib
0x00007fff71175000 	/usr/lib/system/libsystem_symptoms.dylib
0x00007fff7117d000 	/usr/lib/system/libsystem_trace.dylib
0x00007fff71195000 	/usr/lib/system/libunwind.dylib
0x00007fff7119b000 	/usr/lib/system/libxpc.dylib
0x00007fff6e281000 	/usr/lib/libc++abi.dylib
0x00007fff6f085000 	/usr/lib/liblzma.5.dylib
0x00007fff6ed00000 	/usr/lib/libfakelink.dylib
0x00007fff6e03a000 	/usr/lib/libarchive.2.dylib
0x00007fff44879000 	/System/Library/Frameworks/SystemConfiguration.framework/Versions/A/SystemConfiguration
0x00007fff6d9a5000 	/usr/lib/libCRFSuite.dylib
0x00007fff356e4000 	/System/Library/Frameworks/CFNetwork.framework/Versions/A/CFNetwork
0x00007fff6e210000 	/usr/lib/libbsm.0.dylib
0x00007fff70f81000 	/usr/lib/system/libkxld.dylib
0x00007fff4a7b6000 	/System/Library/PrivateFrameworks/AppleFSCompression.framework/Versions/A/AppleFSCompression
0x00007fff6e59b000 	/usr/lib/libcoretls.dylib
0x00007fff6e5b2000 	/usr/lib/libcoretls_cfhelpers.dylib
0x00007fff6fdee000 	/usr/lib/libpam.2.dylib
0x00007fff6ff23000 	/usr/lib/libsqlite3.dylib
0x00007fff70362000 	/usr/lib/libxar.1.dylib
0x00007fff6e221000 	/usr/lib/libbz2.1.0.dylib
0x00007fff6ed21000 	/usr/lib/libiconv.2.dylib
0x00007fff6e297000 	/usr/lib/libcharset.1.dylib
0x00007fff6f88b000 	/usr/lib/libnetwork.dylib
0x00007fff6fdf5000 	/usr/lib/libpcap.A.dylib
0x00007fff6dfef000 	/usr/lib/libapple_nghttp2.dylib
0x00007fff38614000 	/System/Library/Frameworks/CoreServices.framework/Versions/A/Frameworks/FSEvents.framework/Versions/A/FSEvents
0x00007fff382e4000 	/System/Library/Frameworks/CoreServices.framework/Versions/A/Frameworks/CarbonCore.framework/Versions/A/CarbonCore
0x00007fff38858000 	/System/Library/Frameworks/CoreServices.framework/Versions/A/Frameworks/Metadata.framework/Versions/A/Metadata
0x00007fff388f1000 	/System/Library/Frameworks/CoreServices.framework/Versions/A/Frameworks/OSServices.framework/Versions/A/OSServices
0x00007fff3891f000 	/System/Library/Frameworks/CoreServices.framework/Versions/A/Frameworks/SearchKit.framework/Versions/A/SearchKit
0x00007fff3825e000 	/System/Library/Frameworks/CoreServices.framework/Versions/A/Frameworks/AE.framework/Versions/A/AE
0x00007fff3861d000 	/System/Library/Frameworks/CoreServices.framework/Versions/A/Frameworks/LaunchServices.framework/Versions/A/LaunchServices
0x00007fff385c6000 	/System/Library/Frameworks/CoreServices.framework/Versions/A/Frameworks/DictionaryServices.framework/Versions/A/DictionaryServices
0x00007fff38987000 	/System/Library/Frameworks/CoreServices.framework/Versions/A/Frameworks/SharedFileList.framework/Versions/A/SharedFileList
0x00007fff3d816000 	/System/Library/Frameworks/NetFS.framework/Versions/A/NetFS
0x00007fff5e4fd000 	/System/Library/PrivateFrameworks/NetAuth.framework/Versions/A/NetAuth
0x00007fff6ae85000 	/System/Library/PrivateFrameworks/login.framework/Versions/A/Frameworks/loginsupport.framework/Versions/A/loginsupport
0x00007fff67793000 	/System/Library/PrivateFrameworks/TCC.framework/Versions/A/TCC
0x00007fff4f3e7000 	/System/Library/PrivateFrameworks/CoreNLP.framework/Versions/A/CoreNLP
0x00007fff5d9fa000 	/System/Library/PrivateFrameworks/MetadataUtilities.framework/Versions/A/MetadataUtilities
0x00007fff6f15d000 	/usr/lib/libmecabra.dylib
0x00007fff6f0b5000 	/usr/lib/libmecab.dylib
0x00007fff6ed11000 	/usr/lib/libgermantok.dylib
0x00007fff6dfd6000 	/usr/lib/libThaiTokenizer.dylib
0x00007fff6d9dc000 	/usr/lib/libChineseTokenizer.dylib
0x00007fff32b14000 	/System/Library/Frameworks/Accelerate.framework/Versions/A/Frameworks/vImage.framework/Versions/A/vImage
0x00007fff33f7e000 	/System/Library/Frameworks/Accelerate.framework/Versions/A/Frameworks/vecLib.framework/Versions/A/vecLib
0x00007fff33ebb000 	/System/Library/Frameworks/Accelerate.framework/Versions/A/Frameworks/vecLib.framework/Versions/A/libvMisc.dylib
0x00007fff33ce3000 	/System/Library/Frameworks/Accelerate.framework/Versions/A/Frameworks/vecLib.framework/Versions/A/libvDSP.dylib
0x00007fff3316b000 	/System/Library/Frameworks/Accelerate.framework/Versions/A/Frameworks/vecLib.framework/Versions/A/libBLAS.dylib
0x00007fff338a7000 	/System/Library/Frameworks/Accelerate.framework/Versions/A/Frameworks/vecLib.framework/Versions/A/libLAPACK.dylib
0x00007fff33c43000 	/System/Library/Frameworks/Accelerate.framework/Versions/A/Frameworks/vecLib.framework/Versions/A/libLinearAlgebra.dylib
0x00007fff33cd0000 	/System/Library/Frameworks/Accelerate.framework/Versions/A/Frameworks/vecLib.framework/Versions/A/libSparseBLAS.dylib
0x00007fff33c59000 	/System/Library/Frameworks/Accelerate.framework/Versions/A/Frameworks/vecLib.framework/Versions/A/libQuadrature.dylib
0x00007fff333d3000 	/System/Library/Frameworks/Accelerate.framework/Versions/A/Frameworks/vecLib.framework/Versions/A/libBNNS.dylib
0x00007fff33c5f000 	/System/Library/Frameworks/Accelerate.framework/Versions/A/Frameworks/vecLib.framework/Versions/A/libSparse.dylib
0x00007fff5c56e000 	/System/Library/PrivateFrameworks/LanguageModeling.framework/Versions/A/LanguageModeling
0x00007fff4ed97000 	/System/Library/PrivateFrameworks/CoreEmoji.framework/Versions/A/CoreEmoji
0x00007fff5c68c000 	/System/Library/PrivateFrameworks/LinguisticData.framework/Versions/A/LinguisticData
0x00007fff5c63d000 	/System/Library/PrivateFrameworks/Lexicon.framework/Versions/A/Lexicon
0x00007fff6e298000 	/usr/lib/libcmph.dylib
0x00007fff40405000 	/System/Library/Frameworks/OpenDirectory.framework/Versions/A/Frameworks/CFOpenDirectory.framework/Versions/A/CFOpenDirectory
0x00007fff40422000 	/System/Library/Frameworks/OpenDirectory.framework/Versions/A/OpenDirectory
0x00007fff48863000 	/System/Library/PrivateFrameworks/APFS.framework/Versions/A/APFS
0x00007fff43b12000 	/System/Library/Frameworks/SecurityFoundation.framework/Versions/A/SecurityFoundation
0x00007fff7035e000 	/usr/lib/libutil.dylib
0x00007fff502cc000 	/System/Library/PrivateFrameworks/CoreServicesStore.framework/Versions/A/CoreServicesStore
0x00007fff43bc9000 	/System/Library/Frameworks/ServiceManagement.framework/Versions/A/ServiceManagement
0x00007fff4bf86000 	/System/Library/PrivateFrameworks/BackgroundTaskManagement.framework/Versions/A/BackgroundTaskManagement
0x00007fff7045b000 	/usr/lib/libxslt.1.dylib
0x00007fff4ae29000 	/System/Library/PrivateFrameworks/AppleSystemInfo.framework/Versions/A/AppleSystemInfo
0x00007fff39fbc000 	/System/Library/Frameworks/ImageIO.framework/Versions/A/Resources/libJPEG.dylib
0x00007fff3a27a000 	/System/Library/Frameworks/ImageIO.framework/Versions/A/Resources/libTIFF.dylib
0x00007fff3a25d000 	/System/Library/Frameworks/ImageIO.framework/Versions/A/Resources/libPng.dylib
0x00007fff39efe000 	/System/Library/Frameworks/ImageIO.framework/Versions/A/Resources/libGIF.dylib
0x00007fff39f02000 	/System/Library/Frameworks/ImageIO.framework/Versions/A/Resources/libJP2.dylib
0x00007fff3a278000 	/System/Library/Frameworks/ImageIO.framework/Versions/A/Resources/libRadiance.dylib
0x00007fff6ecda000 	/usr/lib/libexpat.1.dylib
0x00007fff4a911000 	/System/Library/PrivateFrameworks/AppleJPEG.framework/Versions/A/AppleJPEG
0x00007fff535e2000 	/System/Library/PrivateFrameworks/FontServices.framework/libFontParser.dylib
0x00007fff69e87000 	/System/Library/PrivateFrameworks/WatchdogClient.framework/Versions/A/WatchdogClient
0x00007fff5bbc9000 	/System/Library/PrivateFrameworks/IOAccelerator.framework/Versions/A/IOAccelerator
0x00007fff3c787000 	/System/Library/Frameworks/MetalPerformanceShaders.framework/Versions/A/MetalPerformanceShaders
0x00007fff5835f000 	/System/Library/PrivateFrameworks/GPUWrangler.framework/Versions/A/GPUWrangler
0x00007fff5bbde000 	/System/Library/PrivateFrameworks/IOPresentment.framework/Versions/A/IOPresentment
0x00007fff50e4c000 	/System/Library/PrivateFrameworks/DSExternalDisplay.framework/Versions/A/DSExternalDisplay
0x00007fff40d96000 	/System/Library/Frameworks/OpenGL.framework/Versions/A/Libraries/libCoreFSCache.dylib
0x00007fff3c4d3000 	/System/Library/Frameworks/MetalPerformanceShaders.framework/Frameworks/MPSCore.framework/Versions/A/MPSCore
0x00007fff3c511000 	/System/Library/Frameworks/MetalPerformanceShaders.framework/Frameworks/MPSImage.framework/Versions/A/MPSImage
0x00007fff3c5d8000 	/System/Library/Frameworks/MetalPerformanceShaders.framework/Frameworks/MPSNeuralNetwork.framework/Versions/A/MPSNeuralNetwork
0x00007fff3c59c000 	/System/Library/Frameworks/MetalPerformanceShaders.framework/Frameworks/MPSMatrix.framework/Versions/A/MPSMatrix
0x00007fff3c737000 	/System/Library/Frameworks/MetalPerformanceShaders.framework/Frameworks/MPSRayIntersector.framework/Versions/A/MPSRayIntersector
0x00007fff3c5c2000 	/System/Library/Frameworks/MetalPerformanceShaders.framework/Frameworks/MPSNDArray.framework/Versions/A/MPSNDArray
0x00007fff5da47000 	/System/Library/PrivateFrameworks/MetalTools.framework/Versions/A/MetalTools
0x00007fff49a3d000 	/System/Library/PrivateFrameworks/AggregateDictionary.framework/Versions/A/AggregateDictionary
0x00007fff4e7df000 	/System/Library/PrivateFrameworks/CoreAnalytics.framework/Versions/A/CoreAnalytics
0x00007fff4ad48000 	/System/Library/PrivateFrameworks/AppleSauce.framework/Versions/A/AppleSauce
0x00007fff6dc98000 	/usr/lib/libIOReport.dylib
0x00007fff38e88000 	/System/Library/Frameworks/CoreVideo.framework/Versions/A/CoreVideo
0x00007fff597d8000 	/System/Library/PrivateFrameworks/GraphVisualizer.framework/Versions/A/GraphVisualizer
0x00007fff52b28000 	/System/Library/PrivateFrameworks/FaceCore.framework/Versions/A/FaceCore
0x00007fff403ac000 	/System/Library/Frameworks/OpenCL.framework/Versions/A/OpenCL
0x00007fff6daba000 	/usr/lib/libFosl_dynamic.dylib
0x00007fff5ef1d000 	/System/Library/PrivateFrameworks/OTSVG.framework/Versions/A/OTSVG
0x00007fff3503d000 	/System/Library/Frameworks/ApplicationServices.framework/Versions/A/Frameworks/ATS.framework/Versions/A/Resources/libFontRegistry.dylib
0x00007fff537b3000 	/System/Library/PrivateFrameworks/FontServices.framework/libhvf.dylib
0x00007fff40da1000 	/System/Library/Frameworks/OpenGL.framework/Versions/A/Libraries/libGFXShared.dylib
0x00007fff40f7f000 	/System/Library/Frameworks/OpenGL.framework/Versions/A/Libraries/libGLU.dylib
0x00007fff40daa000 	/System/Library/Frameworks/OpenGL.framework/Versions/A/Libraries/libGL.dylib
0x00007fff40db5000 	/System/Library/Frameworks/OpenGL.framework/Versions/A/Libraries/libGLImage.dylib
0x00007fff40d93000 	/System/Library/Frameworks/OpenGL.framework/Versions/A/Libraries/libCVMSPluginSupport.dylib
0x00007fff40d9c000 	/System/Library/Frameworks/OpenGL.framework/Versions/A/Libraries/libCoreVMClient.dylib
0x00007fff6f72c000 	/usr/lib/libncurses.5.4.dylib
0x00007fff34f39000 	/System/Library/Frameworks/ApplicationServices.framework/Versions/A/Frameworks/ATS.framework/Versions/A/ATS
0x00007fff35106000 	/System/Library/Frameworks/ApplicationServices.framework/Versions/A/Frameworks/ColorSyncLegacy.framework/Versions/A/ColorSyncLegacy
0x00007fff351a4000 	/System/Library/Frameworks/ApplicationServices.framework/Versions/A/Frameworks/HIServices.framework/Versions/A/HIServices
0x00007fff351fc000 	/System/Library/Frameworks/ApplicationServices.framework/Versions/A/Frameworks/LangAnalysis.framework/Versions/A/LangAnalysis
0x00007fff3520b000 	/System/Library/Frameworks/ApplicationServices.framework/Versions/A/Frameworks/PrintCore.framework/Versions/A/PrintCore
0x00007fff35251000 	/System/Library/Frameworks/ApplicationServices.framework/Versions/A/Frameworks/QD.framework/Versions/A/QD
0x00007fff3525c000 	/System/Library/Frameworks/ApplicationServices.framework/Versions/A/Frameworks/SpeechSynthesis.framework/Versions/A/SpeechSynthesis
0x00007fff350d6000 	/System/Library/Frameworks/ApplicationServices.framework/Versions/A/Frameworks/ATSUI.framework/Versions/A/ATSUI
0x00007fff6eb70000 	/usr/lib/libcups.2.dylib
0x00007fff3b822000 	/System/Library/Frameworks/Kerberos.framework/Versions/A/Kerberos
0x00007fff39964000 	/System/Library/Frameworks/GSS.framework/Versions/A/GSS
0x00007fff6feaf000 	/usr/lib/libresolv.9.dylib
0x00007fff59985000 	/System/Library/PrivateFrameworks/Heimdal.framework/Versions/A/Heimdal
0x00007fff3b835000 	/System/Library/Frameworks/Kerberos.framework/Versions/A/Libraries/libHeimdalProxy.dylib
0x00007fff6ed17000 	/usr/lib/libheimdal-asn1.dylib
0x00007fff4dc77000 	/System/Library/PrivateFrameworks/CommonAuth.framework/Versions/A/CommonAuth
0x00007fff4aec6000 	/System/Library/PrivateFrameworks/AssertionServices.framework/Versions/A/AssertionServices
0x00007fff4ba69000 	/System/Library/PrivateFrameworks/AudioToolboxCore.framework/Versions/A/AudioToolboxCore
0x00007fff6ab35000 	/System/Library/PrivateFrameworks/caulk.framework/Versions/A/caulk
0x00007fff4c032000 	/System/Library/PrivateFrameworks/BaseBoard.framework/Versions/A/BaseBoard
0x00007fff63180000 	/System/Library/PrivateFrameworks/RunningBoardServices.framework/Versions/A/RunningBoardServices
0x00007fff60191000 	/System/Library/PrivateFrameworks/PersistentConnection.framework/Versions/A/PersistentConnection
0x00007fff62b79000 	/System/Library/PrivateFrameworks/ProtocolBuffer.framework/Versions/A/ProtocolBuffer
0x00007fff4dc9b000 	/System/Library/PrivateFrameworks/CommonUtilities.framework/Versions/A/CommonUtilities
0x00007fff4c1c0000 	/System/Library/PrivateFrameworks/Bom.framework/Versions/A/Bom
0x00007fff6d96b000 	/usr/lib/libAudioToolboxUtility.dylib
0x00007fff4bf90000 	/System/Library/PrivateFrameworks/Backup.framework/Versions/A/Backup
0x00007fff50d6d000 	/System/Library/PrivateFrameworks/CrashReporterSupport.framework/Versions/A/CrashReporterSupport
0x00007fff64c12000 	/System/Library/PrivateFrameworks/Sharing.framework/Versions/A/Sharing
0x00007fff4a4d4000 	/System/Library/PrivateFrameworks/Apple80211.framework/Versions/A/Apple80211
0x00007fff4bcad000 	/System/Library/PrivateFrameworks/AuthKit.framework/Versions/A/AuthKit
0x00007fff50a7a000 	/System/Library/PrivateFrameworks/CoreUtils.framework/Versions/A/CoreUtils
0x00007fff38ecd000 	/System/Library/Frameworks/CoreWLAN.framework/Versions/A/CoreWLAN
0x00007fff39af1000 	/System/Library/Frameworks/IOBluetooth.framework/Versions/A/IOBluetooth
0x00007fff5dd4c000 	/System/Library/PrivateFrameworks/MobileKeyBag.framework/Versions/A/MobileKeyBag
0x00007fff4f87f000 	/System/Library/PrivateFrameworks/CorePhoneNumbers.framework/Versions/A/CorePhoneNumbers
0x00007fff4a8c4000 	/System/Library/PrivateFrameworks/AppleIDAuthSupport.framework/Versions/A/AppleIDAuthSupport
0x00007fff3d823000 	/System/Library/Frameworks/Network.framework/Versions/A/Network
0x00007fff5c41a000 	/System/Library/PrivateFrameworks/KeychainCircle.framework/Versions/A/KeychainCircle
0x00007fff3691e000 	/System/Library/Frameworks/CoreBluetooth.framework/Versions/A/CoreBluetooth
0x00007fff66c91000 	/System/Library/PrivateFrameworks/SpeechRecognitionCore.framework/Versions/A/SpeechRecognitionCore
0x0000000104e48000 	/Library/Frameworks/R.framework/Versions/3.6/Resources/lib/libRblas.dylib
0x0000000104e77000 	/Library/Frameworks/R.framework/Versions/3.6/Resources/lib/libgfortran.3.dylib
0x0000000105002000 	/Library/Frameworks/R.framework/Versions/3.6/Resources/lib/libquadmath.0.dylib
0x000000010504c000 	/Library/Frameworks/R.framework/Versions/3.6/Resources/lib/libreadline.5.2.dylib
0x000000010508b000 	/Library/Frameworks/R.framework/Versions/3.6/Resources/lib/libomp.dylib
0x0000000105122000 	/Library/Frameworks/R.framework/Versions/3.6/Resources/lib/libgcc_s.1.dylib
0x0000000106cb2000 	/Library/Frameworks/R.framework/Versions/3.6/Resources/library/methods/libs/methods.so
0x0000000106cbd000 	/Library/Frameworks/R.framework/Versions/3.6/Resources/library/grDevices/libs/grDevices.so
0x00007fff6ae88000 	/System/Library/PrivateFrameworks/login.framework/Versions/A/login
0x0000000106d0c000 	/Library/Frameworks/R.framework/Versions/3.6/Resources/library/graphics/libs/graphics.so
0x0000000106d50000 	/Library/Frameworks/R.framework/Versions/3.6/Resources/library/utils/libs/utils.so
0x0000000106d5f000 	/Library/Frameworks/R.framework/Versions/3.6/Resources/library/stats/libs/stats.so
0x0000000106e25000 	/Library/Frameworks/R.framework/Versions/3.6/Resources/lib/libRlapack.dylib
0x0000000107052000 	/Library/Frameworks/R.framework/Versions/3.6/Resources/library/fansi/libs/fansi.so
0x0000000104e43000 	/Library/Frameworks/R.framework/Versions/3.6/Resources/library/glue/libs/glue.so
0x0000000107064000 	/Library/Frameworks/R.framework/Versions/3.6/Resources/library/tools/libs/tools.so
0x000000010707e000 	/Library/Frameworks/R.framework/Versions/3.6/Resources/library/rlang/libs/rlang.so
0x0000000104c7c000 	/Library/Frameworks/R.framework/Versions/3.6/Resources/library/ellipsis/libs/ellipsis.so
0x00000001070aa000 	/Library/Frameworks/R.framework/Versions/3.6/Resources/library/digest/libs/digest.so
0x00000001070cc000 	/Library/Frameworks/R.framework/Versions/3.6/Resources/lib/libc++.1.dylib
0x000000010719e000 	/Library/Frameworks/R.framework/Versions/3.6/Resources/lib/libc++abi.1.dylib
0x0000000107213000 	/Library/Frameworks/R.framework/Versions/3.6/Resources/library/processx/libs/processx.so
0x0000000107225000 	/Library/Frameworks/R.framework/Versions/3.6/Resources/library/ps/libs/ps.so
0x0000000105048000 	/Library/Frameworks/R.framework/Versions/3.6/Resources/library/pkgload/libs/pkgload.so
0x0000000107238000 	/Library/Frameworks/R.framework/Versions/3.6/Resources/library/backports/libs/backports.so
0x000000010723c000 	/Library/Frameworks/R.framework/Versions/3.6/Resources/library/testthat/libs/testthat.so
0x00000001072f5000 	/Library/Frameworks/R.framework/Versions/3.6/Resources/library/fs/libs/fs.so
0x0000000107330000 	/Library/Frameworks/R.framework/Versions/3.6/Resources/library/curl/libs/curl.so
0x00007fff6ebd1000 	/usr/lib/libcurl.4.dylib
0x00007fff6ea56000 	/usr/lib/libcrypto.44.dylib
0x00007fff70201000 	/usr/lib/libssl.46.dylib
0x00007fff3b836000 	/System/Library/Frameworks/LDAP.framework/Versions/A/LDAP
0x00007fff67f25000 	/System/Library/PrivateFrameworks/TrustEvaluationAgent.framework/Versions/A/TrustEvaluationAgent
0x00007fff6ff0e000 	/usr/lib/libsasl2.2.dylib
0x00007fff4eb0b000 	/System/Library/PrivateFrameworks/CoreDaemon.framework/Versions/B/CoreDaemon
0x00007fff4ad43000 	/System/Library/PrivateFrameworks/AppleSRP.framework/Versions/A/AppleSRP
0x00007fff70303000 	/usr/lib/libusrtcp.dylib
0x0000000107348000 	/Library/Frameworks/R.framework/Versions/3.6/Resources/library/vctrs/libs/vctrs.so
0x000000010739f000 	/Library/Frameworks/R.framework/Versions/3.6/Resources/library/tibble/libs/tibble.so
0x00000001073a5000 	/Library/Frameworks/R.framework/Versions/3.6/Resources/library/purrr/libs/purrr.so
0x00000001073af000 	/Library/Frameworks/R.framework/Versions/3.6/Resources/library/dplyr/libs/dplyr.so
0x00000001073bd000 	/Library/Frameworks/R.framework/Versions/3.6/Resources/library/stringi/libs/stringi.so
0x00000001093f2000 	/Library/Frameworks/R.framework/Versions/3.6/Resources/library/grid/libs/grid.so
0x000000010941a000 	/Library/Frameworks/R.framework/Versions/3.6/Resources/library/colorspace/libs/colorspace.so
0x000000010942c000 	/Library/Frameworks/R.framework/Versions/3.6/Resources/library/jsonlite/libs/jsonlite.so
0x000000010943f000 	/Library/Frameworks/R.framework/Versions/3.6/Resources/library/Rcpp/libs/Rcpp.so
0x00000001094d0000 	/Library/Frameworks/R.framework/Versions/3.6/Resources/library/magick/libs/magick.so
0x000000010b213000 	/Library/Frameworks/R.framework/Versions/3.6/Resources/library/lattice/libs/lattice.so
0x000000010b218000 	/Library/Frameworks/R.framework/Versions/3.6/Resources/library/hexbin/libs/hexbin.so
0x000000010b21d000 	/Library/Frameworks/R.framework/Versions/3.6/Resources/library/sysfonts/libs/sysfonts.so
0x000000010b222000 	/opt/X11/lib/libfreetype.6.dylib
0x000000010b45c000 	/Library/Frameworks/R.framework/Versions/3.6/Resources/library/showtext/libs/showtext.so
0x000000010b956000 	/Library/Frameworks/R.framework/Versions/3.6/Resources/library/MASS/libs/MASS.so
0x000000010b960000 	/Library/Frameworks/R.framework/Versions/3.6/Resources/library/readr/libs/readr.so
0x000000010ba1d000 	/Library/Frameworks/R.framework/Versions/3.6/Resources/library/readr/rcon/librcon.so
0x000000010ba21000 	/Library/Frameworks/R.framework/Versions/3.6/Resources/library/qpdf/libs/qpdf.so
0x000000010bbdd000 	/Library/Frameworks/R.framework/Versions/3.6/Resources/library/pdftools/libs/pdftools.so
0x000000010c03d000 	/Library/Frameworks/R.framework/Versions/3.6/Resources/library/splines/libs/splines.so
0x000000010c042000 	/Library/Frameworks/R.framework/Versions/3.6/Resources/library/Matrix/libs/Matrix.so
0x000000010c126000 	/Library/Frameworks/R.framework/Versions/3.6/Resources/library/survival/libs/survival.so
0x000000010c16b000 	/Library/Frameworks/R.framework/Versions/3.6/Resources/library/base64enc/libs/base64enc.so
0x000000010c172000 	/Library/Frameworks/R.framework/Versions/3.6/Resources/library/png/libs/png.so
0x000000010c1b3000 	/Library/Frameworks/R.framework/Versions/3.6/Resources/library/jpeg/libs/jpeg.so
0x000000010c1fc000 	/Library/Frameworks/R.framework/Versions/3.6/Resources/library/cluster/libs/cluster.so
0x000000010c211000 	/Library/Frameworks/R.framework/Versions/3.6/Resources/library/foreign/libs/foreign.so
0x000000010c230000 	/Library/Frameworks/R.framework/Versions/3.6/Resources/library/nnet/libs/nnet.so
0x000000010c239000 	/Library/Frameworks/R.framework/Versions/3.6/Resources/library/rpart/libs/rpart.so
0x000000010c24d000 	/Library/Frameworks/R.framework/Versions/3.6/Resources/library/checkmate/libs/checkmate.so
0x000000010c260000 	/Library/Frameworks/R.framework/Versions/3.6/Resources/library/htmltools/libs/htmltools.so
0x000000010c264000 	/Library/Frameworks/R.framework/Versions/3.6/Resources/library/xfun/libs/xfun.so
0x000000010c269000 	/Library/Frameworks/R.framework/Versions/3.6/Resources/library/data.table/libs/datatable.so
0x000000010c2ee000 	/Library/Frameworks/R.framework/Versions/3.6/Resources/library/Hmisc/libs/Hmisc.so
0x000000010c2f7000 	/Library/Frameworks/R.framework/Versions/3.6/Resources/library/gmp/libs/gmp.so
0x000000010c378000 	/Library/Frameworks/R.framework/Versions/3.6/Resources/library/lubridate/libs/lubridate.so
0x000000010c3b6000 	/Library/Frameworks/R.framework/Versions/3.6/Resources/library/tidyr/libs/tidyr.so
0x000000010c3d1000 	/Library/Frameworks/R.framework/Versions/3.6/Resources/library/utf8/libs/utf8.so
0x000000010c41f000 	/Library/Java/JavaVirtualMachines/jdk-14.0.2.jdk/Contents/Home/lib/server/libjvm.dylib
0x000000010d1a9000 	/Library/Frameworks/R.framework/Versions/3.6/Resources/library/rJava/libs/rJava.so
0x000000010d1bd000 	/Library/Java/JavaVirtualMachines/jdk-14.0.2.jdk/Contents/Home/lib/libjimage.dylib
0x000000010d1d0000 	/Library/Java/JavaVirtualMachines/jdk-14.0.2.jdk/Contents/Home/lib/libjava.dylib
0x000000010d1f8000 	/Library/Java/JavaVirtualMachines/jdk-14.0.2.jdk/Contents/Home/lib/libzip.dylib
0x0000000129dc4000 	/Applications/Xcode.app/Contents/Developer/Toolchains/XcodeDefault.xctoolchain/usr/lib/libclang.dylib
0x0000000111800000 	/Library/Frameworks/R.framework/Versions/3.6/Resources/modules/internet.so
0x0000000110f00000 	/Library/Frameworks/R.framework/Versions/3.6/Resources/library/haven/libs/haven.so
0x0000000110f85000 	/Library/Frameworks/R.framework/Versions/3.6/Resources/library/readxl/libs/readxl.so
0x0000000110fe3000 	/Library/Frameworks/R.framework/Versions/3.6/Resources/library/xml2/libs/xml2.so
0x0000000111921000 	/Library/Frameworks/R.framework/Versions/3.6/Resources/library/RMySQL/libs/RMySQL.so
0x00007fff50298000 	/System/Library/PrivateFrameworks/CoreServicesInternal.framework/Versions/A/CoreServicesInternal
0x00000001122bb000 	/Library/Frameworks/R.framework/Versions/3.6/Resources/library/later/libs/later.so
0x0000000112300000 	/Library/Frameworks/R.framework/Versions/3.6/Resources/library/promises/libs/promises.so
0x0000000112319000 	/Library/Frameworks/R.framework/Versions/3.6/Resources/library/httpuv/libs/httpuv.so
0x000000011245b000 	/Library/Frameworks/R.framework/Versions/3.6/Resources/library/mime/libs/mime.so
0x000000011245f000 	/Library/Frameworks/R.framework/Versions/3.6/Resources/library/fastmap/libs/fastmap.so
0x000000011246e000 	/Library/Frameworks/R.framework/Versions/3.6/Resources/library/yaml/libs/yaml.so
0x000000011249a000 	/Library/Java/JavaVirtualMachines/jdk-14.0.2.jdk/Contents/Home/lib/libnio.dylib
0x00000001124ad000 	/Library/Java/JavaVirtualMachines/jdk-14.0.2.jdk/Contents/Home/lib/libnet.dylib
0x00000001124c5000 	/Library/Java/JavaVirtualMachines/jdk-14.0.2.jdk/Contents/Home/lib/libextnet.dylib
0x00000001124cc000 	/Library/Frameworks/R.framework/Versions/3.6/Resources/library/triebeard/libs/triebeard.so
0x000000012fafe000 	/Library/Frameworks/R.framework/Versions/3.6/Resources/library/urltools/libs/urltools.so


VM Arguments:
jvm_args: -Djava.awt.headless=true -Xmx512m -Xrs vfprintf exit -Xss2m 
java_command: <unknown>
java_class_path (initial): /Library/Frameworks/R.framework/Versions/3.6/Resources/library/rJava/java/boot
Launcher Type: generic

[Global flags]
     intx CICompilerCount                          = 3                                         {product} {ergonomic}
     uint ConcGCThreads                            = 1                                         {product} {ergonomic}
     uint G1ConcRefinementThreads                  = 4                                         {product} {ergonomic}
   size_t G1HeapRegionSize                         = 1048576                                   {product} {ergonomic}
    uintx GCDrainStackTargetSize                   = 64                                        {product} {ergonomic}
   size_t InitialHeapSize                          = 268435456                                 {product} {ergonomic}
   size_t MarkStackSize                            = 4194304                                   {product} {ergonomic}
   size_t MaxHeapSize                              = 536870912                                 {product} {command line}
   size_t MaxNewSize                               = 321912832                                 {product} {ergonomic}
   size_t MinHeapDeltaBytes                        = 1048576                                   {product} {ergonomic}
   size_t MinHeapSize                              = 8388608                                   {product} {ergonomic}
    uintx NonNMethodCodeHeapSize                   = 5832780                                {pd product} {ergonomic}
    uintx NonProfiledCodeHeapSize                  = 122912730                              {pd product} {ergonomic}
    uintx ProfiledCodeHeapSize                     = 122912730                              {pd product} {ergonomic}
     bool ReduceSignalUsage                        = true                                      {product} {command line}
    uintx ReservedCodeCacheSize                    = 251658240                              {pd product} {ergonomic}
     bool SegmentedCodeCache                       = true                                      {product} {ergonomic}
   size_t SoftMaxHeapSize                          = 536870912                              {manageable} {ergonomic}
     intx ThreadStackSize                          = 2048                                   {pd product} {command line}
     bool UseCompressedClassPointers               = true                                 {lp64_product} {ergonomic}
     bool UseCompressedOops                        = true                                 {lp64_product} {ergonomic}
     bool UseG1GC                                  = true                                      {product} {ergonomic}

Logging:
Log output configuration:
 #0: stdout all=warning uptime,level,tags
 #1: stderr all=off uptime,level,tags

Environment Variables:
PATH=/usr/bin:/bin:/usr/sbin:/sbin:/Applications/RStudio.app/Contents/MacOS/rpostback:/Applications/RStudio.app/Contents/MacOS/postback:/usr/local/bin:/Users/meerapatel/Library/Python/2.7/bin:/Library/TeX/texbin:/opt/X11/bin:/Library/Apple/usr/bin:/Applications/Postgres.app/Contents/Versions/latest/bin:/opt/local/bin
SHELL=/bin/zsh
DISPLAY=/private/tmp/com.apple.launchd.B7JF8H5ucJ/org.macosforge.xquartz:0
DYLD_LIBRARY_PATH=/Library/Java/JavaVirtualMachines/jdk-14.0.2.jdk/Contents/Home/lib/server
DYLD_FALLBACK_LIBRARY_PATH=/Library/Frameworks/R.framework/Resources/lib:/Users/meerapatel/lib:/usr/local/lib:/usr/lib:::/lib:/Library/Java/JavaVirtualMachines/openjdk-13.jdk/Contents/Home/lib/server

Signal Handlers:
SIGSEGV: [libjvm.dylib+0x7415b8], sa_mask[0]=11111111011111110111111111111111, sa_flags=SA_ONSTACK|SA_RESTART|SA_SIGINFO
SIGBUS: [libjvm.dylib+0x7415b8], sa_mask[0]=11111111011111110111111111111111, sa_flags=SA_RESTART|SA_SIGINFO
SIGFPE: [libjvm.dylib+0x7415b8], sa_mask[0]=11111111011111110111111111111111, sa_flags=SA_RESTART|SA_SIGINFO
SIGPIPE: SIG_IGN, sa_mask[0]=00000000000000000000000000000000, sa_flags=SA_RESTART
SIGXFSZ: [libjvm.dylib+0x5eb4b1], sa_mask[0]=11111111011111110111111111111111, sa_flags=SA_RESTART|SA_SIGINFO
SIGILL: [libjvm.dylib+0x7415b8], sa_mask[0]=11111111011111110111111111111111, sa_flags=SA_RESTART|SA_SIGINFO
SIGUSR2: SIG_IGN, sa_mask[0]=00000000000000000000000000000000, sa_flags=none
SIGHUP: SIG_DFL, sa_mask[0]=00000000000000000000000000000000, sa_flags=none
SIGINT: [rsession+0x1053c0], sa_mask[0]=00000000000000000000000000000000, sa_flags=SA_RESTART
SIGTERM: SIG_DFL, sa_mask[0]=00000000000000000000000000000000, sa_flags=none
SIGQUIT: SIG_DFL, sa_mask[0]=00000000000000000000000000000000, sa_flags=none


---------------  S Y S T E M  ---------------

OS:uname:Darwin 19.6.0 Darwin Kernel Version 19.6.0: Sun Jul  5 00:43:10 PDT 2020; root:xnu-6153.141.1~9/RELEASE_X86_64 x86_64
OS uptime: 7 days 1:12 hours
rlimit: STACK 8192k, CORE 0k, NPROC 2784, NOFILE 12544, AS infinity, DATA infinity, FSIZE infinity
load average:4.47 4.29 3.62

CPU:total 4 (initial active 4) (2 cores per cpu, 2 threads per core) family 6 model 142 stepping 9, cmov, cx8, fxsr, mmx, sse, sse2, sse3, ssse3, sse4.1, sse4.2, popcnt, avx, avx2, aes, clmul, erms, rtm, 3dnowpref, lzcnt, ht, tsc, tscinvbit, bmi1, bmi2, adx, fma

Memory: 4k page, physical 16777216k(2180896k free), swap 3145728k(1608704k free)

vm_info: Java HotSpot(TM) 64-Bit Server VM (14.0.2+12-46) for bsd-amd64 JRE (14.0.2+12-46), built on Jul  8 2020 23:32:31 by "mach5one" with clang 4.2.1 Compatible Apple LLVM 10.0.0 (clang-1000.11.45.5)

END.
