#
# A fatal error has been detected by the Java Runtime Environment:
#
#  SIGBUS (0xa) at pc=0x0000000121d5a979, pid=26861, tid=775
#
# JRE version: Java(TM) SE Runtime Environment (14.0.2+12) (build 14.0.2+12-46)
# Java VM: Java HotSpot(TM) 64-Bit Server VM (14.0.2+12-46, mixed mode, sharing, tiered, compressed oops, g1 gc, bsd-amd64)
# Problematic frame:
# J 1074 c2 org.postgresql.core.UTF8Encoding.decode([BII)Ljava/lang/String; (554 bytes) @ 0x0000000121d5a979 [0x0000000121d5a840+0x0000000000000139]
#
# No core dump will be written. Core dumps have been disabled. To enable core dumping, try "ulimit -c unlimited" before starting Java again
#
# If you would like to submit a bug report, please visit:
#   https://bugreport.java.com/bugreport/crash.jsp
#

---------------  S U M M A R Y ------------

Command Line: -Djava.awt.headless=true -Xmx512m -Xrs vfprintf exit -Xss2m 

Host: MacBookPro14,1 x86_64 2300 MHz, 4 cores, 16G, Darwin 19.6.0
Time: Thu Sep 17 16:17:27 2020 EDT elapsed time: 152 seconds (0d 0h 2m 32s)

---------------  T H R E A D  ---------------

Current thread (0x00007fc660577800):  JavaThread "main" [_thread_in_Java, id=775, stack(0x00007ffee75b5000,0x00007ffee7db5000)]

Stack: [0x00007ffee75b5000,0x00007ffee7db5000],  sp=0x00007ffee7da9a80,  free space=8146k
Native frames: (J=compiled Java code, A=aot compiled Java code, j=interpreted, Vv=VM code, C=native code)
J 1074 c2 org.postgresql.core.UTF8Encoding.decode([BII)Ljava/lang/String; (554 bytes) @ 0x0000000121d5a979 [0x0000000121d5a840+0x0000000000000139]
J 857% c2 org.ohdsi.databaseConnector.BatchedQuery.fetchBatch()V (335 bytes) @ 0x0000000121d43d90 [0x0000000121d439c0+0x00000000000003d0]
v  ~StubRoutines::call_stub
V  [libjvm.dylib+0x34b6f6]  _ZN9JavaCalls11call_helperEP9JavaValueRK12methodHandleP17JavaCallArgumentsP6Thread+0x256
V  [libjvm.dylib+0x386d9e]  _ZL20jni_invoke_nonstaticP7JNIEnv_P9JavaValueP8_jobject11JNICallTypeP10_jmethodIDP18JNI_ArgumentPusherP6Thread+0x27b
V  [libjvm.dylib+0x38ba83]  jni_CallVoidMethodA+0x12c
C  [rJava.so+0x3d54]  RcallMethod+0x4c4
C  [libR.dylib+0x8272c]  do_External+0x12c
C  [libR.dylib+0xbbc61]  bcEval+0x6be1
C  [libR.dylib+0xb494d]  Rf_eval+0x1bd
C  [libR.dylib+0xd3209]  R_execClosure+0x869
C  [libR.dylib+0xd210a]  Rf_applyClosure+0x15a
C  [libR.dylib+0xbbd71]  bcEval+0x6cf1
C  [libR.dylib+0xb494d]  Rf_eval+0x1bd
C  [libR.dylib+0xd3209]  R_execClosure+0x869
C  [libR.dylib+0xd210a]  Rf_applyClosure+0x15a
C  [libR.dylib+0x117675]  dispatchMethod+0x2f5
C  [libR.dylib+0x117232]  Rf_usemethod+0x1e2
C  [libR.dylib+0x117926]  do_usemethod+0x286
C  [libR.dylib+0xbc369]  bcEval+0x72e9
C  [libR.dylib+0xb494d]  Rf_eval+0x1bd
C  [libR.dylib+0xd3209]  R_execClosure+0x869
C  [libR.dylib+0xd210a]  Rf_applyClosure+0x15a
C  [libR.dylib+0xbbd71]  bcEval+0x6cf1
C  [libR.dylib+0xb494d]  Rf_eval+0x1bd
C  [libR.dylib+0xd3209]  R_execClosure+0x869
C  [libR.dylib+0xd3f43]  R_execMethod+0x263
C  [methods.so+0x28e7]  R_dispatchGeneric+0x997
C  [libR.dylib+0x119ec3]  do_standardGeneric+0x2a3
C  [libR.dylib+0xbbc61]  bcEval+0x6be1
C  [libR.dylib+0xb494d]  Rf_eval+0x1bd
C  [libR.dylib+0xd3209]  R_execClosure+0x869
C  [libR.dylib+0xd210a]  Rf_applyClosure+0x15a
C  [libR.dylib+0xbbd71]  bcEval+0x6cf1
C  [libR.dylib+0xb494d]  Rf_eval+0x1bd
C  [libR.dylib+0xd3209]  R_execClosure+0x869
C  [libR.dylib+0xd210a]  Rf_applyClosure+0x15a
C  [libR.dylib+0xbbd71]  bcEval+0x6cf1
C  [libR.dylib+0xb494d]  Rf_eval+0x1bd
C  [libR.dylib+0xd3209]  R_execClosure+0x869
C  [libR.dylib+0xd210a]  Rf_applyClosure+0x15a
C  [libR.dylib+0xb4e7d]  Rf_eval+0x6ed
C  [libR.dylib+0xd6bc6]  do_eval+0x286
C  [libR.dylib+0xbc186]  bcEval+0x7106
C  [libR.dylib+0xb494d]  Rf_eval+0x1bd
C  [libR.dylib+0xd3209]  R_execClosure+0x869
C  [libR.dylib+0xd210a]  Rf_applyClosure+0x15a
C  [libR.dylib+0xbbd71]  bcEval+0x6cf1
C  [libR.dylib+0xb494d]  Rf_eval+0x1bd
C  [libR.dylib+0xd3209]  R_execClosure+0x869
C  [libR.dylib+0xd210a]  Rf_applyClosure+0x15a
C  [libR.dylib+0xb4e7d]  Rf_eval+0x6ed
C  [libR.dylib+0xd641d]  do_set+0x84d
C  [libR.dylib+0xb4b40]  Rf_eval+0x3b0
C  [libR.dylib+0x10506a]  Rf_ReplIteration+0x31a
C  [libR.dylib+0x10658f]  run_Rmainloop+0xcf
C  [rsession+0x7c7600]  _ZN7rstudio1r7session12runEmbeddedRERKNS_4core8FilePathES5_bb7SA_TYPERKNS1_9CallbacksEPNS1_17InternalCallbacksE+0x1a0
C  [rsession+0x7a8c9e]  _ZN7rstudio1r7session3runERKNS1_8ROptionsERKNS1_10RCallbacksE+0xbae
C  [rsession+0xf650c]  main+0x4afc
C  [libdyld.dylib+0x1acc9]  start+0x1


siginfo: si_signo: 10 (SIGBUS), si_code: 2 (BUS_ADRERR), si_addr: 0x00000001322abba8

Register to memory mapping:

RAX=0x0000000000000005 is an unknown value
RBX=0x0000000000000007 is an unknown value
RCX=0x0000000000000069 is an unknown value
RDX=0x0000000000000069 is an unknown value
RSP=0x00007ffee7da9a80 is pointing into the stack for thread: 0x00007fc660577800
RBP=0x00000007e09d6338 is an oop: [B 
{0x00000007e09d6338} - klass: {type array byte}
 - length: 8
RSI=0x00000007e02037d8 is an oop: org.postgresql.core.UTF8Encoding 
{0x00000007e02037d8} - klass: 'org/postgresql/core/UTF8Encoding'
RDI=0x00000007e09d6338 is an oop: [B 
{0x00000007e09d6338} - klass: {type array byte}
 - length: 8
R8 =0x0000000000000006 is an unknown value
R9 =0x0000000000000006 is an unknown value
R10=0x0000000000000008 is an unknown value
R11=0x0000000109374008 is an unknown value
R12=0x0 is NULL
R13=0x0000000000000008 is an unknown value
R14=0x00000007e0205948 is an oop: [C 
{0x00000007e0205948} - klass: {type array char}
 - length: 1024
R15=0x00007fc660577800 is a thread


Registers:
RAX=0x0000000000000005, RBX=0x0000000000000007, RCX=0x0000000000000069, RDX=0x0000000000000069
RSP=0x00007ffee7da9a80, RBP=0x00000007e09d6338, RSI=0x00000007e02037d8, RDI=0x00000007e09d6338
R8 =0x0000000000000006, R9 =0x0000000000000006, R10=0x0000000000000008, R11=0x0000000109374008
R12=0x0000000000000000, R13=0x0000000000000008, R14=0x00000007e0205948, R15=0x00007fc660577800
RIP=0x0000000121d5a979, EFLAGS=0x0000000000000287, ERR=0x00000000020000b8
  TRAPNO=0x0000000000000085

Top of Stack: (sp=0x00007ffee7da9a80)
0x00007ffee7da9a80:   0000000800000000 00007fc600000400
0x00007ffee7da9a90:   00000007e0b99f78 00000007e0b99f78
0x00007ffee7da9aa0:   00007ffee7da9ad0 00000001112cfb70
0x00007ffee7da9ab0:   00007fc660577800 00000007e0b99b28
0x00007ffee7da9ac0:   00000007e02037d8 00007fc660577800
0x00007ffee7da9ad0:   0000000000000001 000000011a306ca7
0x00007ffee7da9ae0:   00000007e0200438 0000000121d43d90
0x00007ffee7da9af0:   00000008003546d0 00000008002e6c08
0x00007ffee7da9b00:   000000080030d608 0000000800b8e4b8
0x00007ffee7da9b10:   0000000800b7a0f0 0000000000000004
0x00007ffee7da9b20:   0000008500000004 000010bd00000005
0x00007ffee7da9b30:   00000007e03c6a50 00000007e0b9c040
0x00007ffee7da9b40:   00000007e0b9c220 000000000000002a
0x00007ffee7da9b50:   00000007e020dd30 0000000000000028
0x00007ffee7da9b60:   00000007e0b9c238 000000012cc4b0c8
0x00007ffee7da9b70:   0000000000000000 0000000000000007
0x00007ffee7da9b80:   00007ffee7da9c10 000000011a20b949
0x00007ffee7da9b90:   00007ffee7da9c10 000000011a20b949
0x00007ffee7da9ba0:   00000007e020dd30 00000007e020dd30
0x00007ffee7da9bb0:   00007ffe00001fb3 00007fc660577800
0x00007ffee7da9bc0:   00007ffee7da9ea0 00007ffee7da9ea8
0x00007ffee7da9bd0:   00007ffee7da9da0 0000000000000001
0x00007ffee7da9be0:   00007ffee7da9c68 00007ffee7da9ea8
0x00007ffee7da9bf0:   000000000000000a 000000012cc4b0c8
0x00007ffee7da9c00:   000000011a255100 00007ffee7da9da8
0x00007ffee7da9c10:   00007ffee7da9cf0 0000000110fce6f6
0x00007ffee7da9c20:   0000000000000001 00007fc660577800
0x00007ffee7da9c30:   00007fc660577800 00007fc65ddf2d20
0x00007ffee7da9c40:   00007fc66905ca70 00007fc66905ca88
0x00007ffee7da9c50:   00007fc66905cb58 00000000000000d8
0x00007ffee7da9c60:   00007fc6634bb940 00007fc660577800
0x00007ffee7da9c70:   00007fc65dd5cd70 000000012cc4b0c8 

Instructions: (pc=0x0000000121d5a979)
0x0000000121d5a879:   83 ec 60 44 89 44 24 04 89 0c 24 48 8b ea 48 89
0x0000000121d5a889:   74 24 40 48 8b 06 4c 8b d0 49 83 e2 07 49 83 fa
0x0000000121d5a899:   05 0f 85 c1 09 00 00 41 bb 2e eb 16 00 49 ba 00
0x0000000121d5a8a9:   00 00 00 08 00 00 00 4f 8d 14 da 4d 8b 92 b8 00
0x0000000121d5a8b9:   00 00 4d 8b da 4d 0b df 4d 8b c3 4c 33 c0 49 f7
0x0000000121d5a8c9:   c0 87 ff ff ff 0f 85 f1 09 00 00 4c 8b 54 24 40
0x0000000121d5a8d9:   45 8b 52 14 c4 c1 79 6e ca 47 8b 5c d4 0c 44 89
0x0000000121d5a8e9:   5c 24 08 44 3b 5c 24 04 0f 8c 25 0b 00 00 44 8b
0x0000000121d5a8f9:   14 24 44 03 54 24 04 c4 c1 79 7e cb 4f 8d 34 dc
0x0000000121d5a909:   8b 04 24 41 3b c2 0f 8d c1 02 00 00 48 8b fd 44
0x0000000121d5a919:   8b 6f 0c 45 33 db bb 07 00 00 00 eb 10 66 66 0f
0x0000000121d5a929:   1f 84 00 00 00 00 00 41 8b c0 45 8b d9 44 8b c0
0x0000000121d5a939:   41 ff c0 41 3b c5 0f 83 89 08 00 00 0f be 54 07
0x0000000121d5a949:   10 8b ca 0f b6 c9 81 f9 80 00 00 00 0f 8d 8b 02
0x0000000121d5a959:   00 00 45 8b cb 41 ff c1 44 3b 5c 24 08 0f 83 a0
0x0000000121d5a969:   08 00 00 66 43 89 4c 5e 10 4d 8b 9f 10 01 00 00
0x0000000121d5a979:   41 85 03 45 3b c2 7c af 45 3b c2 0f 8f c2 0a 00
0x0000000121d5a989:   00 4d 8b af 20 01 00 00 4d 8b d5 49 83 c2 18 4d
0x0000000121d5a999:   3b 97 30 01 00 00 0f 83 95 04 00 00 4d 89 97 20
0x0000000121d5a9a9:   01 00 00 41 0f 0d 8a c0 00 00 00 41 bb c1 1a 06
0x0000000121d5a9b9:   00 49 ba 00 00 00 00 08 00 00 00 4f 8d 14 da 4d
0x0000000121d5a9c9:   8b 92 b8 00 00 00 4d 89 55 00 41 c7 45 08 c1 1a
0x0000000121d5a9d9:   06 00 41 c7 45 0c 00 00 00 00 49 c7 45 10 00 00
0x0000000121d5a9e9:   00 00 45 85 c9 0f 8c f0 09 00 00 8b 6c 24 08 41
0x0000000121d5a9f9:   2b e9 85 ed 0f 8c 7d 0a 00 00 45 85 c9 0f 84 b4
0x0000000121d5aa09:   02 00 00 41 81 f9 00 00 10 00 0f 87 3b 08 00 00
0x0000000121d5aa19:   4d 63 d1 41 81 f9 00 00 10 00 0f 87 5a 04 00 00
0x0000000121d5aa29:   4d 8b 9f 20 01 00 00 49 83 c2 17 49 83 e2 f8 4d
0x0000000121d5aa39:   8b c3 4d 03 c2 4d 3b 87 30 01 00 00 0f 83 38 04
0x0000000121d5aa49:   00 00 4d 89 87 20 01 00 00 41 0f 0d 88 c0 00 00
0x0000000121d5aa59:   00 49 c7 03 01 00 00 00 41 0f 0d 88 00 01 00 00
0x0000000121d5aa69:   41 c7 43 08 6c 13 07 00 45 89 4b 0c 41 0f 0d 88 


Stack slot to memory mapping:
stack at sp + 0 slots: 0x0000000800000000 is pointing into metadata
stack at sp + 1 slots: 0x00007fc600000400 is an unknown value
stack at sp + 2 slots: 0x00000007e0b99f78 is an oop: [B 
{0x00000007e0b99f78} - klass: {type array byte}
 - length: 19
stack at sp + 3 slots: 0x00000007e0b99f78 is an oop: [B 
{0x00000007e0b99f78} - klass: {type array byte}
 - length: 19
stack at sp + 4 slots: 0x00007ffee7da9ad0 is pointing into the stack for thread: 0x00007fc660577800
stack at sp + 5 slots: 0x00000001112cfb70: _ZN11OptoRuntime18new_array_nozero_CEP5KlassiP10JavaThread+0x74 in /Library/Java/JavaVirtualMachines/jdk-14.0.2.jdk/Contents/Home/lib/server/libjvm.dylib at 0x0000000110c83000
stack at sp + 6 slots: 0x00007fc660577800 is a thread
stack at sp + 7 slots: 0x00000007e0b99b28 is an oop: java.lang.StringBuffer 
{0x00000007e0b99b28} - klass: 'java/lang/StringBuffer'

--------------------------------------------------------------------------------
[Constant Pool (empty)]

--------------------------------------------------------------------------------

[MachCode]
  0x0000000121d5a840: 448b 5608 | 49c1 e203 | 49bc 0000 | 0000 0800 | 0000 4d03 | d44d 33e4 | 493b c20f | 859f b44f 
  0x0000000121d5a860: f866 6690 | 0f1f 8400 | 0000 0000 | 6666 6690 | 8984 2400 | c0fe ff55 | 4883 ec60 | 4489 4424 
  0x0000000121d5a880: 0489 0c24 | 488b ea48 | 8974 2440 | 488b 064c | 8bd0 4983 | e207 4983 | fa05 0f85 | c109 0000 
  0x0000000121d5a8a0: 41bb 2eeb | 1600 49ba | 0000 0000 | 0800 0000 | 4f8d 14da | 4d8b 92b8 | 0000 004d | 8bda 4d0b 
  0x0000000121d5a8c0: df4d 8bc3 | 4c33 c049 | f7c0 87ff | ffff 0f85 | f109 0000 | 4c8b 5424 | 4045 8b52 | 14c4 c179 
  0x0000000121d5a8e0: 6eca 478b | 5cd4 0c44 | 895c 2408 | 443b 5c24 | 040f 8c25 | 0b00 0044 | 8b14 2444 | 0354 2404 
  0x0000000121d5a900: c4c1 797e | cb4f 8d34 | dc8b 0424 | 413b c20f | 8dc1 0200 | 0048 8bfd | 448b 6f0c | 4533 dbbb 
  0x0000000121d5a920: 0700 0000 | eb10 6666 | 0f1f 8400 | 0000 0000 | 418b c045 | 8bd9 448b | c041 ffc0 | 413b c50f 
  0x0000000121d5a940: 8389 0800 | 000f be54 | 0710 8bca | 0fb6 c981 | f980 0000 | 000f 8d8b | 0200 0045 | 8bcb 41ff 
  0x0000000121d5a960: c144 3b5c | 2408 0f83 | a008 0000 | 6643 894c | 5e10 4d8b | 9f10 0100 | 0041 8503 | 453b c27c 
  0x0000000121d5a980: af45 3bc2 | 0f8f c20a | 0000 4d8b | af20 0100 | 004d 8bd5 | 4983 c218 | 4d3b 9730 | 0100 000f 
  0x0000000121d5a9a0: 8395 0400 | 004d 8997 | 2001 0000 | 410f 0d8a | c000 0000 | 41bb c11a | 0600 49ba | 0000 0000 
  0x0000000121d5a9c0: 0800 0000 | 4f8d 14da | 4d8b 92b8 | 0000 004d | 8955 0041 | c745 08c1 | 1a06 0041 | c745 0c00 
  0x0000000121d5a9e0: 0000 0049 | c745 1000 | 0000 0045 | 85c9 0f8c | f009 0000 | 8b6c 2408 | 412b e985 | ed0f 8c7d 
  0x0000000121d5aa00: 0a00 0045 | 85c9 0f84 | b402 0000 | 4181 f900 | 0010 000f | 873b 0800 | 004d 63d1 | 4181 f900 
  0x0000000121d5aa20: 0010 000f | 875a 0400 | 004d 8b9f | 2001 0000 | 4983 c217 | 4983 e2f8 | 4d8b c34d | 03c2 4d3b 
  0x0000000121d5aa40: 8730 0100 | 000f 8338 | 0400 004d | 8987 2001 | 0000 410f | 0d88 c000 | 0000 49c7 | 0301 0000 
  0x0000000121d5aa60: 0041 0f0d | 8800 0100 | 0041 c743 | 086c 1307 | 0045 894b | 0c41 0f0d | 8840 0100 | 0041 0f0d 
  0x0000000121d5aa80: 8880 0100 | 0045 8bd1 | 8b4c 2408 | 413b ca0f | 8212 0900 | 0049 8bfb | 4883 c710 | c4c1 797e 
  0x0000000121d5aaa0: c84f 8d44 | c410 498b | f041 8bd2 | 528b c2b9 | 00ff 00ff | 83e2 f083 | e00f 85d2 | 0f84 4500 
  0x0000000121d5aac0: 0000 c5f9 | 6ed9 c5f9 | 70db 00c5 | e9ef d248 | 8d34 5648 | 8d3c 1748 | f7da c5fa | 6f24 56c5 
  0x0000000121d5aae0: e9eb d4c5 | fa6f 4456 | 10c5 e9eb | d0c4 e279 | 17d3 0f85 | 6a00 0000 | c5d9 67e0 | c5fa 7f24 
  0x0000000121d5ab00: 1748 83c2 | 1075 d38b | d083 e2f8 | 83e0 0785 | d274 28c5 | f96e d9c5 | f970 db00 | c5f9 efc0 
  0x0000000121d5ab20: c5fa 6f26 | c4e2 7917 | e375 37c5 | d967 e0c5 | f9d6 2748 | 83c6 1048 | 83c7 088b | d085 d274 
  0x0000000121d5ab40: 1e48 8d34 | 5648 8d3c | 1748 f7da | 0fb7 0456 | a900 ff00 | 0075 0b88 | 0417 48ff | c275 ed58 
  0x0000000121d5ab60: eb06 33c0 | 4883 c408 | 413b c20f | 8595 0100 | 004d 8bd3 | 4d8b c349 | c1e8 0345 | 8945 0c4d 
  0x0000000121d5ab80: 8bdd 4d33 | d349 c1ea | 144d 85d2 | 741b 49c1 | eb09 49b8 | 00d0 5e25 | 0100 0000 | 4d03 c341 
  0x0000000121d5aba0: 8038 080f | 85c9 0000 | 0041 c645 | 1400 4c8b | 5424 4049 | 231a 4883 | fb05 0f85 | 3007 0000 
  0x0000000121d5abc0: 498b c5c5 | f877 4883 | c460 5d4d | 8b97 1001 | 0000 4185 | 02c3 bb07 | 0000 0045 | 33c9 448b 
  0x0000000121d5abe0: c0e9 9bfd | ffff 81f9 | c000 0000 | 0f8c de09 | 0000 4863 | f044 8bc8 | 4183 c102 | 81f9 e000 
  0x0000000121d5ac00: 0000 0f8d | d402 0000 | 83e2 1fc1 | e206 453b | c50f 83eb | 0800 000f | be4c 3711 | 8be9 81e5 
  0x0000000121d5ac20: c000 0000 | 81fd 8000 | 0000 0f85 | dc09 0000 | 0fb6 4c37 | 1183 e13f | 0bca 81f9 | 8000 0000 
  0x0000000121d5ac40: 0f8c 4a09 | 0000 81f9 | ffff 1000 | 0f8f 260a | 0000 81f9 | ffff 0000 | 0f8f 7e0a | 0000 81f9 
  0x0000000121d5ac60: 00d8 0000 | 0f8d d60a | 0000 458b | c1e9 e9fc | ffff 4d8b | 5768 4d8b | 5f78 f083 | 4424 c000 
  0x0000000121d5ac80: 4180 3800 | 0f84 1fff | ffff 41c6 | 0000 4d85 | d275 1b49 | 8bf8 498b | f7c5 f877 | 49ba a8c6 
  0x0000000121d5aca0: f110 0100 | 0000 41ff | d2e9 fbfe | ffff 4f89 | 4413 f849 | 83c2 f84d | 8957 68e9 | e9fe ffff 
  0x0000000121d5acc0: 41c7 450c | 0000 feff | 4d8b d549 | bb00 00f0 | ff07 0000 | 004d 33da | 49c1 eb14 | 4d85 db74 
  0x0000000121d5ace0: 1b49 c1ea | 0949 b800 | d05e 2501 | 0000 004d | 03c2 4180 | 3808 0f85 | b807 0000 | 41c6 4514 
  0x0000000121d5ad00: 00e9 a8fe | ffff 41c6 | 4514 0141 | 81fa ffff | ff3f 0f87 | 640a 0000 | 418b d2d1 | e281 fa00 
  0x0000000121d5ad20: 0010 000f | 8787 0a00 | 004c 63da | 81fa 0000 | 1000 0f87 | 0808 0000 | 498b af20 | 0100 0049 
  0x0000000121d5ad40: 83c3 1749 | 83e3 f84c | 8bcd 4d03 | cb4d 3b8f | 3001 0000 | 0f83 e607 | 0000 4d89 | 8f20 0100 
  0x0000000121d5ad60: 0041 0f0d | 89c0 0000 | 0048 c745 | 0001 0000 | 0041 0f0d | 8900 0100 | 00c7 4508 | 6c13 0700 
  0x0000000121d5ad80: 8955 0c41 | 0f0d 8940 | 0100 0041 | 0f0d 8980 | 0100 0048 | 8bf5 4883 | c610 4963 | d249 8bf8 
  0x0000000121d5ada0: c5f8 7749 | bae0 6e25 | 1a01 0000 | 0041 ffd2 | 4c8b d549 | c1ea 0345 | 8955 0c4c | 8bd5 4d8b 
  0x0000000121d5adc0: dd4d 33d3 | 49c1 ea14 | 4d85 d20f | 84dd fdff | ff49 c1eb | 0949 b800 | d05e 2501 | 0000 004d 
  0x0000000121d5ade0: 03c3 4180 | 3808 0f84 | c2fd ffff | 4d8b 5768 | 4d8b 5f78 | f083 4424 | c000 4180 | 3800 0f84 
  0x0000000121d5ae00: aafd ffff | 41c6 0000 | 4d85 d275 | 1b49 8bf8 | 498b f7c5 | f877 49ba | a8c6 f110 | 0100 0000 
  0x0000000121d5ae20: 41ff d2e9 | 86fd ffff | 4f89 4413 | f849 83c2 | f84d 8957 | 68e9 74fd | ffff 4489 | 4c24 0c48 
  0x0000000121d5ae40: 895c 2428 | 4c89 7424 | 10c5 f97e | cd48 ff74 | 2440 488f | 0424 48be | 08d6 3000 | 0800 0000 
  0x0000000121d5ae60: c5f8 77e8 | 98f4 5af8 | c5f9 6ecd | 4c8b 7424 | 1048 8b5c | 2428 448b | 4c24 0c4c | 8be8 e968 
  0x0000000121d5ae80: fbff ff4c | 896c 2418 | 4489 4c24 | 0c48 895c | 2428 4c89 | 7424 10c5 | f97e cd48 | ff74 2440 
  0x0000000121d5aea0: 488f 0424 | 48be 609b | 3800 0800 | 0000 418b | d166 6690 | c5f8 77e8 | c4bd 5af8 | c5f9 6ecd 
  0x0000000121d5aec0: 4c8b 7424 | 1048 8b5c | 2428 448b | 4c24 0c4c | 8b6c 2418 | 4c8b d8e9 | a9fb ffff | 4489 4c24 
  0x0000000121d5aee0: 3448 8974 | 2438 448b | cac4 c179 | 6ec0 4489 | 6c24 3048 | 895c 2428 | 4489 5c24 | 1c4c 8974 
  0x0000000121d5af00: 2420 4489 | 5424 1848 | 8944 24f8 | 8b44 2408 | 8944 2414 | 488b 4424 | f8c5 fa11 | 4c24 1048 
  0x0000000121d5af20: 897c 2408 | 48ff 7424 | 4048 8f04 | 248b e844 | 8bd0 4183 | c203 4489 | 5424 40ba | 0200 0000 
  0x0000000121d5af40: 81f9 f000 | 0000 0f8d | 1101 0000 | 458b d141 | 83e2 0f41 | c1e2 0c44 | 8b44 2434 | 453b c50f 
  0x0000000121d5af60: 8377 0800 | 0044 8944 | 2444 4489 | 5424 340f | be74 3711 | b903 0000 | 0048 8bef | c5fa 1144 
  0x0000000121d5af80: 2448 6690 | c5f8 77e8 | 74a4 4ff8 | 4c8b d54c | 8b5c 2438 | 430f b66c | 1a11 430f | be74 1a12 
  0x0000000121d5afa0: 83e5 3fc1 | e506 0b6c | 2434 ba03 | 0000 00b9 | 0300 0000 | c5f8 77e8 | 44a4 4ff8 | 4c8b 5424 
  0x0000000121d5afc0: 084c 8b5c | 2438 470f | b654 1a12 | 4183 e23f | 440b d541 | 8bea ba00 | 0800 0041 | 8bf2 6690 
  0x0000000121d5afe0: c5f8 77e8 | 18a4 4ff8 | 448b dd41 | 81fb ffff | 1000 0f8f | 5806 0000 | 4181 fbff | ff00 000f 
  0x0000000121d5b000: 8faf 0600 | 0041 81fb | 00d8 0000 | 0f8d 0607 | 0000 448b | 4424 4048 | ff34 2448 | 8f44 2440 
  0x0000000121d5b020: 488b 7c24 | 08c5 fa10 | 4c24 1048 | 8944 24f8 | 8b44 2414 | 8944 2408 | 488b 4424 | f844 8b54 
  0x0000000121d5b040: 2418 4c8b | 7424 2044 | 8b5c 241c | 488b 5c24 | 2844 8b6c | 2430 8bcd | e9fe f8ff | ff81 f9f8 
  0x0000000121d5b060: 0000 000f | 8d4f 0700 | 0045 8bd1 | 4183 e207 | 41c1 e212 | 448b 4424 | 4045 3bc5 | 0f83 8a07 
  0x0000000121d5b080: 0000 4489 | 4424 4444 | 8954 2440 | 0fbe 7437 | 11b9 0400 | 0000 c5fa | 1144 2448 | c5f8 77e8 
  0x0000000121d5b0a0: 5ca3 4ff8 | 4c8b 5424 | 084c 8b5c | 2438 470f | b64c 1a11 | 430f be74 | 1a12 4183 | e13f 41c1 
  0x0000000121d5b0c0: e10c 440b | 4c24 4044 | 894c 2440 | ba03 0000 | 00b9 0400 | 0000 6690 | c5f8 77e8 | 20a3 4ff8 
  0x0000000121d5b0e0: 4c8b 5424 | 084c 8b5c | 2438 470f | b64c 1a12 | 430f be74 | 1a13 4183 | e13f 41c1 | e106 440b 
  0x0000000121d5b100: 4c24 4044 | 894c 2434 | ba04 0000 | 00b9 0400 | 0000 6690 | c5f8 77e8 | e4a2 4ff8 | 4c8b 5424 
  0x0000000121d5b120: 084c 8b5c | 2438 470f | b644 1a13 | 448b d541 | 83c2 0441 | 8bea 4183 | e03f 458b | d844 0b5c 
  0x0000000121d5b140: 2434 4489 | 5c24 34ba | 0000 0100 | 418b f390 | c5f8 77e8 | a8a2 4ff8 | 448b 5c24 | 3441 81fb 
  0x0000000121d5b160: ffff 1000 | 0f8f d206 | 0000 4181 | fbff ff00 | 000f 8ff1 | 0600 0041 | 81fb 00d8 | 0000 0f8d 
  0x0000000121d5b180: 1007 0000 | 418b cb48 | ff34 2448 | 8f44 2440 | 488b 7c24 | 08c5 fa10 | 4c24 1048 | 8944 24f8 
  0x0000000121d5b1a0: 8b44 2414 | 8944 2408 | 488b 4424 | f844 8b54 | 2418 4c8b | 7424 2044 | 8b5c 241c | 488b 5c24 
  0x0000000121d5b1c0: 2844 8b6c | 2430 448b | c5e9 8df7 | ffff bee4 | ffff ffc5 | fa11 0c24 | 4489 4424 | 0444 895c 
  0x0000000121d5b1e0: 2408 4489 | 5424 0c48 | 897c 2410 | 8944 2418 | c5f8 77e8 | 888b 4ff8 | 48bf b532 | 4411 0100 
  0x0000000121d5b200: 0000 4883 | e4f0 e825 | 3445 eff4 | 0fb7 c9be | e4ff ffff | 488b ef44 | 8944 2404 | 4489 4c24 
  0x0000000121d5b220: 0844 8954 | 240c c5fa | 114c 2410 | 4489 5c24 | 1489 4c24 | 1866 6690 | c5f8 77e8 | 408b 4ff8 
  0x0000000121d5b240: 48bf b532 | 4411 0100 | 0000 4883 | e4f0 e8dd | 3345 eff4 | 4d63 d1e9 | c0f7 ffff | f04c 0fb1 
  0x0000000121d5b260: 1648 8d5c | 2450 488b | 0648 a902 | 0000 0075 | 2448 83c8 | 0148 8903 | f048 0fb1 | 1e0f 8425 
  0x0000000121d5b280: 0000 0048 | 2bc4 4881 | e007 f0ff | ff48 8903 | e913 0000 | 004c 8bd0 | 4833 c0f0 | 4d0f b17a 
  0x0000000121d5b2a0: 7e48 c703 | 0300 0000 | 0f84 26f6 | ffff 488d | 5424 5048 | 8974 2410 | c5f8 77e8 | 4006 5bf8 
  0x0000000121d5b2c0: e90f f6ff | ff49 f7c0 | 0700 0000 | 758e 49f7 | c000 0300 | 0075 0d48 | 81e0 7f03 | 0000 4c8b 
  0x0000000121d5b2e0: d84d 0bdf | f04c 0fb1 | 1e75 c3e9 | e4f5 ffff | 488d 4424 | 504c 8b5c | 2440 4881 | 3800 0000 
  0x0000000121d5b300: 000f 8478 | 0000 004d | 8b13 49f7 | c202 0000 | 0074 6448 | 33c0 490b | 828e 0000 | 0075 6049 
  0x0000000121d5b320: 8b82 9e00 | 0000 490b | 8296 0000 | 0075 0a49 | c742 7e00 | 0000 00eb | 4649 81ba | a600 0000 
  0x0000000121d5b340: 0000 0000 | 7425 4833 | c049 c742 | 7e00 0000 | 00f0 8304 | 2400 4981 | baa6 0000 | 0000 0000 
  0x0000000121d5b360: 0075 0df0 | 4d0f b17a | 7e75 0583 | c801 eb0f | a900 0000 | 00eb 084c | 8b10 f04d | 0fb1 130f 
  0x0000000121d5b380: 843b f8ff | ff48 8b7c | 2440 488d | 7424 5049 | 8bd7 c5f8 | 7749 ba44 | b42d 1101 | 0000 0041 
  0x0000000121d5b3a0: ffd2 e919 | f8ff ffbe | ceff ffff | 4c89 6c24 | 0844 894c | 2414 c5fa | 114c 241c | 4c89 5c24 
  0x0000000121d5b3c0: 2844 8954 | 2430 6690 | c5f8 77e8 | b089 4ff8 | 48bf b532 | 4411 0100 | 0000 4883 | e4f0 e84d 
  0x0000000121d5b3e0: 3245 eff4 | be45 ffff | ff4c 896c | 2410 c5fa | 114c 240c | 4489 4c24 | 1c44 894c | 2420 6690 
  0x0000000121d5b400: c5f8 77e8 | 7889 4ff8 | 48bf b532 | 4411 0100 | 0000 4883 | e4f0 e815 | 3245 eff4 | be45 ffff 
  0x0000000121d5b420: ff48 ff74 | 2440 488f | 4424 1044 | 8954 240c | c5f8 77e8 | 4889 4ff8 | 48bf b532 | 4411 0100 
  0x0000000121d5b440: 0000 4883 | e4f0 e8e5 | 3145 eff4 | be45 ffff | ffc5 f97e | cd44 890c | 2444 8944 | 2404 4489 
  0x0000000121d5b460: 5424 0890 | c5f8 77e8 | 1489 4ff8 | 48bf b532 | 4411 0100 | 0000 4883 | e4f0 e8b1 | 3145 eff4 
  0x0000000121d5b480: be45 ffff | ff4c 896c | 2418 c5fa | 114c 240c | 4489 4c24 | 2466 6690 | c5f8 77e8 | e088 4ff8 
  0x0000000121d5b4a0: 48bf b532 | 4411 0100 | 0000 4883 | e4f0 e87d | 3145 eff4 | 4d8b 5768 | 4d8b 5f78 | f083 4424 
  0x0000000121d5b4c0: c000 4180 | 3800 0f84 | 30f8 ffff | 41c6 0000 | 4d85 d275 | 1b49 8bf8 | 498b f7c5 | f877 49ba 
  0x0000000121d5b4e0: a8c6 f110 | 0100 0000 | 41ff d2e9 | 0cf8 ffff | 4f89 4413 | f849 83c2 | f84d 8957 | 68e9 faf7 
  0x0000000121d5b500: ffff bee4 | ffff ffc5 | fa11 0c24 | 4489 5c24 | 0844 8954 | 240c 8954 | 2410 4889 | 7c24 1844 
  0x0000000121d5b520: 8944 2414 | c5f8 77e8 | 5488 4ff8 | 48bf b532 | 4411 0100 | 0000 4883 | e4f0 e8f1 | 3045 eff4 
  0x0000000121d5b540: 4c89 4424 | 1844 8954 | 2410 4c89 | 6c24 0848 | 895c 2428 | 498b ee48 | ff74 2440 | 488f 0424 
  0x0000000121d5b560: 48be 609b | 3800 0800 | 0000 6690 | c5f8 77e8 | 0cb7 5af8 | 488b 5c24 | 284c 8b6c | 2408 448b 
  0x0000000121d5b580: 5424 104c | 8b44 2418 | 488b e8e9 | 03f8 ffff | be45 ffff | ff48 8bef | c5fa 110c | 2444 894c 
  0x0000000121d5b5a0: 2404 4489 | 5c24 0844 | 8954 240c | 894c 2414 | 894c 2420 | c5f8 77e8 | c487 4ff8 | 48bf b532 
  0x0000000121d5b5c0: 4411 0100 | 0000 4883 | e4f0 e861 | 3045 eff4 | be45 ffff | ff48 8bef | c5fa 110c | 2444 8944 
  0x0000000121d5b5e0: 2404 4489 | 5c24 0844 | 8954 240c | 894c 2414 | c5f8 77e8 | 8887 4ff8 | 48bf b532 | 4411 0100 
  0x0000000121d5b600: 0000 4883 | e4f0 e825 | 3045 eff4 | be45 ffff | ff48 893c | 24c5 fa11 | 4c24 0844 | 8944 240c 
  0x0000000121d5b620: 4489 5c24 | 1044 8954 | 2414 8954 | 2418 894c | 241c 6690 | c5f8 77e8 | 4487 4ff8 | 48bf b532 
  0x0000000121d5b640: 4411 0100 | 0000 4883 | e4f0 e8e1 | 2f45 eff4 | 448b 4424 | 4048 ff34 | 2448 8f44 | 2440 488b 
  0x0000000121d5b660: 7c24 08c5 | fa10 4c24 | 1044 8b54 | 2418 448b | 5c24 1c8b | cd45 8bc8 | be45 ffff | ff48 8bef 
  0x0000000121d5b680: c5fa 110c | 2444 894c | 2404 4489 | 5c24 0844 | 8954 240c | 894c 2414 | c5f8 77e8 | e086 4ff8 
  0x0000000121d5b6a0: 48bf b532 | 4411 0100 | 0000 4883 | e4f0 e87d | 2f45 eff4 | 448b 4424 | 4048 ff34 | 2448 8f44 
  0x0000000121d5b6c0: 2440 488b | 7c24 08c5 | fa10 4c24 | 1044 8b54 | 2418 448b | 5c24 1c8b | cd45 8bc8 | be45 ffff 
  0x0000000121d5b6e0: ff48 8bef | c5fa 110c | 2444 894c | 2404 4489 | 5c24 0844 | 8954 240c | 894c 2414 | c5f8 77e8 
  0x0000000121d5b700: 7c86 4ff8 | 48bf b532 | 4411 0100 | 0000 4883 | e4f0 e819 | 2f45 eff4 | 448b 4424 | 4048 ff34 
  0x0000000121d5b720: 2448 8f44 | 2440 488b | 7c24 08c5 | fa10 4c24 | 1044 8b54 | 2418 448b | 5c24 1c8b | cd45 8bc8 
  0x0000000121d5b740: be45 ffff | ff48 8bef | c5fa 110c | 2444 894c | 2404 4489 | 5c24 0844 | 8954 240c | 894c 2414 
  0x0000000121d5b760: c5f8 77e8 | 1886 4ff8 | 48bf b532 | 4411 0100 | 0000 4883 | e4f0 e8b5 | 2e45 eff4 | bece ffff 
  0x0000000121d5b780: ff4c 896c | 2408 c5fa | 114c 2410 | 4489 5424 | 1466 6690 | c5f8 77e8 | e485 4ff8 | 48bf b532 
  0x0000000121d5b7a0: 4411 0100 | 0000 4883 | e4f0 e881 | 2e45 eff4 | 4c63 dae9 | 74f5 ffff | be03 0000 | 008b e990 
  0x0000000121d5b7c0: c5f8 77e8 | b885 4ff8 | 48bf b532 | 4411 0100 | 0000 4883 | e4f0 e855 | 2e45 eff4 | bee4 ffff 
  0x0000000121d5b7e0: ff48 8bef | 4489 5424 | 20c5 fa11 | 4424 2490 | c5f8 77e8 | 8885 4ff8 | 48bf b532 | 4411 0100 
  0x0000000121d5b800: 0000 4883 | e4f0 e825 | 2e45 eff4 | bee4 ffff | ff48 8bef | 4489 5424 | 20c5 fa11 | 4424 2490 
  0x0000000121d5b820: c5f8 77e8 | 5885 4ff8 | 48bf b532 | 4411 0100 | 0000 4883 | e4f0 e8f5 | 2d45 eff4 | 458b c348 
  0x0000000121d5b840: ff34 2448 | 8f44 2440 | 488b 7c24 | 08c5 fa10 | 4c24 1044 | 8b54 2418 | 448b 5c24 | 1c41 8bc8 
  0x0000000121d5b860: 448b cde9 | 10fe ffff | 458b c348 | ff34 2448 | 8f44 2440 | 488b 7c24 | 08c5 fa10 | 4c24 1044 
  0x0000000121d5b880: 8b54 2418 | 448b 5c24 | 1c41 8bc8 | 448b cde9 | 48fe ffff | 458b c348 | ff34 2448 | 8f44 2440 
  0x0000000121d5b8a0: 488b 7c24 | 08c5 fa10 | 4c24 1044 | 8b54 2418 | 448b 5c24 | 1c41 8bc8 | 448b cde9 | 80fe ffff 
  0x0000000121d5b8c0: bef6 ffff | ff48 ff74 | 2440 488f | 4424 0890 | c5f8 77e8 | a884 4ff8 | 48bf b532 | 4411 0100 
  0x0000000121d5b8e0: 0000 4883 | e4f0 e845 | 2d45 eff4 | be76 ffff | ff44 891c | 2489 4424 | 0c44 8954 | 2410 6690 
  0x0000000121d5b900: c5f8 77e8 | 7884 4ff8 | 48bf b532 | 4411 0100 | 0000 4883 | e4f0 e815 | 2d45 eff4 | e99d 0000 
  0x0000000121d5b920: 0044 8b58 | 0841 81fb | b33d 1600 | 0f84 6701 | 0000 488b | d8e9 8c00 | 0000 448b | 5808 4181 
  0x0000000121d5b940: fbb3 3d16 | 000f 844e | 0100 0048 | 8bd8 eb76 | 448b 5008 | 4181 fab3 | 3d16 000f | 8438 0100 
  0x0000000121d5b960: 0048 8bd8 | eb60 448b | 5808 4181 | fbb3 3d16 | 000f 8422 | 0100 0048 | 8bd8 eb4a | 448b 5008 
  0x0000000121d5b980: 4181 fab3 | 3d16 000f | 840c 0100 | 0048 8bd8 | eb34 448b | 5808 4181 | fbb3 3d16 | 000f 84f6 
  0x0000000121d5b9a0: 0000 0048 | 8bd8 eb1e | 448b 5008 | 4181 fab3 | 3d16 000f | 84e0 0000 | 0048 8bd8 | eb08 488b 
  0x0000000121d5b9c0: d8eb 0348 | 8bd8 4c8b | 1c24 4c8b | 5424 284d | 2313 4983 | fa05 7510 | 488b f3c5 | f877 4883 
  0x0000000121d5b9e0: c460 5de9 | 18f3 5af8 | 488d 4424 | 5048 8138 | 0000 0000 | 0f84 7800 | 0000 4d8b | 1349 f7c2 
  0x0000000121d5ba00: 0200 0000 | 7464 4833 | c049 0b82 | 8e00 0000 | 7560 498b | 829e 0000 | 0049 0b82 | 9600 0000 
  0x0000000121d5ba20: 750a 49c7 | 427e 0000 | 0000 eb46 | 4981 baa6 | 0000 0000 | 0000 0074 | 2548 33c0 | 49c7 427e 
  0x0000000121d5ba40: 0000 0000 | f083 0424 | 0049 81ba | a600 0000 | 0000 0000 | 750d f04d | 0fb1 7a7e | 7505 83c8 
  0x0000000121d5ba60: 01eb 0fa9 | 0000 0000 | eb08 4c8b | 10f0 4d0f | b113 0f84 | 60ff ffff | 488b 3c24 | 488d 7424 
  0x0000000121d5ba80: 5049 8bd7 | c5f8 7749 | ba44 b42d | 1101 0000 | 0041 ffd2 | e93f ffff | ffbe 0300 | 0000 488b 
  0x0000000121d5baa0: 2c24 6690 | c5f8 77e8 | d482 4ff8 | 48bf b532 | 4411 0100 | 0000 4883 | e4f0 e871 | 2b45 eff4 
  0x0000000121d5bac0: 48bb 0000 | 0000 0000 | 0000 e9fb | ffff ff48 | bb00 0000 | 0000 0000 | 00e9 fbff | ffff 48bb 
  0x0000000121d5bae0: 0000 0000 | 0000 0000 | e9fb ffff | ff48 bb00 | 0000 0000 | 0000 00e9 | fbff ffff | 48bb 0000 
  0x0000000121d5bb00: 0000 0000 | 0000 e9fb | ffff ff48 | bb00 0000 | 0000 0000 | 00e9 fbff | ffff 48bb | 0000 0000 
  0x0000000121d5bb20: 0000 0000 | e9fb ffff | ffe9 5242 | 5af8 e800 | 0000 0048 | 832c 2405 | e963 854f | f8f4 f4f4 
[/MachCode]
--------------------------------------------------------------------------------


---------------  P R O C E S S  ---------------

Threads class SMR info:
_java_thread_list=0x00007fc6542c0620, length=10, elements={
0x00007fc660577800, 0x00007fc663d2e000, 0x00007fc668497800, 0x00007fc66849f000,
0x00007fc663d69800, 0x00007fc666745000, 0x00007fc666184800, 0x00007fc660772000,
0x00007fc660737800, 0x00007fc667b11000
}

Java Threads: ( => current thread )
=>0x00007fc660577800 JavaThread "main" [_thread_in_Java, id=775, stack(0x00007ffee75b5000,0x00007ffee7db5000)]
  0x00007fc663d2e000 JavaThread "Reference Handler" daemon [_thread_blocked, id=13827, stack(0x0000700002cb7000,0x0000700002eb7000)]
  0x00007fc668497800 JavaThread "Finalizer" daemon [_thread_blocked, id=18691, stack(0x0000700002eba000,0x00007000030ba000)]
  0x00007fc66849f000 JavaThread "Attach Listener" daemon [_thread_blocked, id=15619, stack(0x00007000031c3000,0x00007000033c3000)]
  0x00007fc663d69800 JavaThread "Service Thread" daemon [_thread_blocked, id=16387, stack(0x00007000033c6000,0x00007000035c6000)]
  0x00007fc666745000 JavaThread "C2 CompilerThread0" daemon [_thread_blocked, id=22275, stack(0x00007000035c9000,0x00007000036c9000)]
  0x00007fc666184800 JavaThread "C1 CompilerThread0" daemon [_thread_blocked, id=43011, stack(0x00007000036cc000,0x00007000037cc000)]
  0x00007fc660772000 JavaThread "Sweeper thread" daemon [_thread_blocked, id=42499, stack(0x00007000037cf000,0x00007000039cf000)]
  0x00007fc660737800 JavaThread "Notification Thread" daemon [_thread_blocked, id=23555, stack(0x00007000039d2000,0x0000700003bd2000)]
  0x00007fc667b11000 JavaThread "Common-Cleaner" daemon [_thread_blocked, id=41731, stack(0x0000700003cd8000,0x0000700003ed8000)]

Other Threads:
  0x00007fc667c92800 VMThread "VM Thread" [stack: 0x0000700002bb4000,0x0000700002cb4000] [id=13059] _threads_hazard_ptr=0x00007fc6542c0620
  0x00007fc660771000 WatcherThread [stack: 0x0000700003bd5000,0x0000700003cd5000] [id=42243]
  0x00007fc66bd76800 GCTaskThread "GC Thread#0" [stack: 0x00007000026a5000,0x00007000027a5000] [id=20739]
  0x00007fc6602b5000 GCTaskThread "GC Thread#1" [stack: 0x0000700003fe1000,0x00007000040e1000] [id=15127]
  0x00007fc66ca35000 GCTaskThread "GC Thread#2" [stack: 0x00007000040e4000,0x00007000041e4000] [id=26371]
  0x00007fc65691b000 GCTaskThread "GC Thread#3" [stack: 0x00007000041e7000,0x00007000042e7000] [id=38147]
  0x00007fc66bf25800 ConcurrentGCThread "G1 Main Marker" [stack: 0x00007000027a8000,0x00007000028a8000] [id=11523]
  0x00007fc660709800 ConcurrentGCThread "G1 Conc#0" [stack: 0x00007000028ab000,0x00007000029ab000] [id=12035]
  0x00007fc6607a5000 ConcurrentGCThread "G1 Refine#0" [stack: 0x00007000029ae000,0x0000700002aae000] [id=12547]
  0x00007fc65f175800 ConcurrentGCThread "G1 Young RemSet Sampling" [stack: 0x0000700002ab1000,0x0000700002bb1000] [id=12803]

Threads with active compile tasks:
C2 CompilerThread0   152757 1080       4       org.ohdsi.databaseConnector.BatchedQuery::fetchBatch (335 bytes)

VM state:synchronizing (normal execution)

VM Mutex/Monitor currently owned by a thread:  ([mutex/lock_event])
[0x00007fc65dea7ae0] Threads_lock - owner thread: 0x00007fc667c92800
[0x00007fc66686efc0] Heap_lock - owner thread: 0x00007fc66bf25800

Heap address: 0x00000007e0000000, size: 512 MB, Compressed Oops mode: Zero based, Oop shift amount: 3
Narrow klass base: 0x0000000800000000, Narrow klass shift: 3
Compressed class space size: 1073741824 Address: 0x0000000800b05000

Heap:
 garbage-first heap   total 14336K, used 7211K [0x00000007e0000000, 0x0000000800000000)
  region size 1024K, 2 young (2048K), 1 survivors (1024K)
 Metaspace       used 3803K, capacity 6435K, committed 6528K, reserved 1056768K
  class space    used 332K, capacity 615K, committed 640K, reserved 1048576K
Heap Regions: E=young(eden), S=young(survivor), O=old, HS=humongous(starts), HC=humongous(continues), CS=collection set, F=free, OA=open archive, CA=closed archive, TAMS=top-at-mark-start (previous, next)
|   0|0x00000007e0000000, 0x00000007e00ffab8, 0x00000007e0100000| 99%| O|  |TAMS 0x00000007e0000000, 0x00000007e00ffab8| Untracked 
|   1|0x00000007e0100000, 0x00000007e01fffd8, 0x00000007e0200000| 99%| O|  |TAMS 0x00000007e0100000, 0x00000007e01fffd8| Untracked 
|   2|0x00000007e0200000, 0x00000007e0285658, 0x00000007e0300000| 52%| O|  |TAMS 0x00000007e0200000, 0x00000007e0285658| Untracked 
|   3|0x00000007e0300000, 0x00000007e0400000, 0x00000007e0400000|100%| O|  |TAMS 0x00000007e0300000, 0x00000007e0400000| Untracked 
|   4|0x00000007e0400000, 0x00000007e0500000, 0x00000007e0500000|100%| O|  |TAMS 0x00000007e0400000, 0x00000007e0437a00| Untracked 
|   5|0x00000007e0500000, 0x00000007e05b9e00, 0x00000007e0600000| 72%| O|  |TAMS 0x00000007e0500000, 0x00000007e0500000| Untracked 
|   6|0x00000007e0600000, 0x00000007e0600000, 0x00000007e0700000|  0%| F|  |TAMS 0x00000007e0600000, 0x00000007e0600000| Untracked 
|   7|0x00000007e0700000, 0x00000007e0700000, 0x00000007e0800000|  0%| F|  |TAMS 0x00000007e0700000, 0x00000007e0700000| Untracked 
|   8|0x00000007e0800000, 0x00000007e0800000, 0x00000007e0900000|  0%| F|  |TAMS 0x00000007e0800000, 0x00000007e0800000| Untracked 
|   9|0x00000007e0900000, 0x00000007e0a00000, 0x00000007e0a00000|100%| S|CS|TAMS 0x00000007e0900000, 0x00000007e0900000| Complete 
|  10|0x00000007e0a00000, 0x00000007e0a00000, 0x00000007e0b00000|  0%| F|  |TAMS 0x00000007e0a00000, 0x00000007e0a00000| Untracked 
|  11|0x00000007e0b00000, 0x00000007e0b9edb8, 0x00000007e0c00000| 62%| E|  |TAMS 0x00000007e0b00000, 0x00000007e0b00000| Complete 
| 510|0x00000007ffe00000, 0x00000007ffe51000, 0x00000007fff00000| 31%|OA|  |TAMS 0x00000007ffe51000, 0x00000007ffe51000| Untracked 
| 511|0x00000007fff00000, 0x00000007fff7b000, 0x0000000800000000| 48%|CA|  |TAMS 0x00000007fff7b000, 0x00000007fff7b000| Untracked 

Card table byte_map: [0x00000001294ed000,0x00000001295ed000] _byte_map_base: 0x00000001255ed000

Marking Bits (Prev, Next): (CMBitMap*) 0x00007fc665c4e058, (CMBitMap*) 0x00007fc665c4e018
 Prev Bits: [0x0000000129eed000, 0x000000012a6ed000)
 Next Bits: [0x00000001296ed000, 0x0000000129eed000)

Polling page: 0x0000000109374000

Metaspace:

Usage:
  Non-class:      5.68 MB capacity,     3.39 MB ( 60%) used,     2.29 MB ( 40%) free+waste,     7.69 KB ( <1%) overhead. 
      Class:    615.00 KB capacity,   332.59 KB ( 54%) used,   278.23 KB ( 45%) free+waste,     4.19 KB ( <1%) overhead. 
       Both:      6.28 MB capacity,     3.71 MB ( 59%) used,     2.56 MB ( 41%) free+waste,    11.88 KB ( <1%) overhead. 

Virtual space:
  Non-class space:        8.00 MB reserved,       5.75 MB ( 72%) committed 
      Class space:        1.00 GB reserved,     640.00 KB ( <1%) committed 
             Both:        1.01 GB reserved,       6.38 MB ( <1%) committed 

Chunk freelists:
   Non-Class:  8.00 KB
       Class:  5.00 KB
        Both:  13.00 KB

MaxMetaspaceSize: unlimited
CompressedClassSpaceSize: 1.00 GB

CodeHeap 'non-profiled nmethods': size=120032Kb used=548Kb max_used=548Kb free=119483Kb
 bounds [0x0000000121cd3000, 0x0000000121f43000, 0x000000012920b000]
CodeHeap 'profiled nmethods': size=120028Kb used=2402Kb max_used=2402Kb free=117625Kb
 bounds [0x000000011a79c000, 0x000000011aa0c000, 0x0000000121cd3000]
CodeHeap 'non-nmethods': size=5700Kb used=1172Kb max_used=1212Kb free=4528Kb
 bounds [0x000000011a20b000, 0x000000011a47b000, 0x000000011a79c000]
 total_blobs=1499 nmethods=1068 adapters=345
 compilation: enabled
              stopped_count=0, restarted_count=0
 full_count=0

Compilation events (20 events):
Event: 142.253 Thread 0x00007fc655629000 nmethod 1063% 0x0000000121d58890 code [0x0000000121d58c20, 0x0000000121d599d8]
Event: 152.492 Thread 0x00007fc666184800 1066       3       java.lang.CharacterDataLatin1::digit (32 bytes)
Event: 152.492 Thread 0x00007fc666184800 nmethod 1066 0x000000011a9d5d90 code [0x000000011a9d5f20, 0x000000011a9d6170]
Event: 152.499 Thread 0x00007fc666184800 1067       1       java.lang.StringLatin1$CharsSpliterator::characteristics (5 bytes)
Event: 152.499 Thread 0x00007fc666184800 nmethod 1067 0x0000000121d5a210 code [0x0000000121d5a3a0, 0x0000000121d5a470]
Event: 152.500 Thread 0x00007fc666184800 1068   !   3       java.util.Collections$SynchronizedMap::put (28 bytes)
Event: 152.501 Thread 0x00007fc666184800 nmethod 1068 0x000000011a9d6290 code [0x000000011a9d6440, 0x000000011a9d6800]
Event: 152.626 Thread 0x00007fc666184800 1069   !   3       org.postgresql.core.v3.QueryExecutorImpl::processResults (2095 bytes)
Event: 152.657 Thread 0x00007fc666184800 nmethod 1069 0x000000011a9d6990 code [0x000000011a9d7c20, 0x000000011a9e59a0]
Event: 152.657 Thread 0x00007fc666184800 1073       3       sun.util.calendar.BaseCalendar::getFixedDate (324 bytes)
Event: 152.657 Thread 0x00007fc666745000 1074  s!   4       org.postgresql.core.UTF8Encoding::decode (554 bytes)
Event: 152.659 Thread 0x00007fc666184800 nmethod 1073 0x000000011a9e9e90 code [0x000000011a9ea1a0, 0x000000011a9ec1f0]
Event: 152.659 Thread 0x00007fc666184800 1072  s    3       org.postgresql.jdbc.TypeInfoCache::getPGType (358 bytes)
Event: 152.665 Thread 0x00007fc666184800 nmethod 1072 0x000000011a9ecc10 code [0x000000011a9ed460, 0x000000011a9f2600]
Event: 152.665 Thread 0x00007fc666184800 1070       3       org.postgresql.core.VisibleBufferedInputStream::moveBufferTo (35 bytes)
Event: 152.665 Thread 0x00007fc666184800 nmethod 1070 0x000000011a9f4210 code [0x000000011a9f43a0, 0x000000011a9f45a0]
Event: 152.665 Thread 0x00007fc666184800 1071       3       java.util.concurrent.atomic.AtomicReferenceFieldUpdater$AtomicReferenceFieldUpdaterImpl::accessCheck (17 bytes)
Event: 152.665 Thread 0x00007fc666184800 nmethod 1071 0x000000011a9f4690 code [0x000000011a9f4840, 0x000000011a9f4a00]
Event: 152.681 Thread 0x00007fc666745000 nmethod 1074 0x0000000121d5a510 code [0x0000000121d5a840, 0x0000000121d5bb40]
Event: 152.681 Thread 0x00007fc666745000 1080       4       org.ohdsi.databaseConnector.BatchedQuery::fetchBatch (335 bytes)

GC Heap History (20 events):
Event: 142.108 GC heap before
{Heap before GC invocations=48 (full 33):
 garbage-first heap   total 14336K, used 2310K [0x00000007e0000000, 0x0000000800000000)
  region size 1024K, 1 young (1024K), 0 survivors (0K)
 Metaspace       used 3480K, capacity 6237K, committed 6528K, reserved 1056768K
  class space    used 315K, capacity 613K, committed 640K, reserved 1048576K
}
Event: 142.115 GC heap after
{Heap after GC invocations=49 (full 34):
 garbage-first heap   total 14336K, used 2297K [0x00000007e0000000, 0x0000000800000000)
  region size 1024K, 0 young (0K), 0 survivors (0K)
 Metaspace       used 3480K, capacity 6237K, committed 6528K, reserved 1056768K
  class space    used 315K, capacity 613K, committed 640K, reserved 1048576K
}
Event: 142.167 GC heap before
{Heap before GC invocations=49 (full 34):
 garbage-first heap   total 14336K, used 4345K [0x00000007e0000000, 0x0000000800000000)
  region size 1024K, 2 young (2048K), 0 survivors (0K)
 Metaspace       used 3611K, capacity 6307K, committed 6528K, reserved 1056768K
  class space    used 321K, capacity 615K, committed 640K, reserved 1048576K
}
Event: 142.167 GC heap after
{Heap after GC invocations=50 (full 34):
 garbage-first heap   total 14336K, used 2478K [0x00000007e0000000, 0x0000000800000000)
  region size 1024K, 1 young (1024K), 1 survivors (1024K)
 Metaspace       used 3611K, capacity 6307K, committed 6528K, reserved 1056768K
  class space    used 321K, capacity 615K, committed 640K, reserved 1048576K
}
Event: 142.200 GC heap before
{Heap before GC invocations=50 (full 34):
 garbage-first heap   total 14336K, used 3502K [0x00000007e0000000, 0x0000000800000000)
  region size 1024K, 3 young (3072K), 1 survivors (1024K)
 Metaspace       used 3754K, capacity 6371K, committed 6528K, reserved 1056768K
  class space    used 332K, capacity 615K, committed 640K, reserved 1048576K
}
Event: 142.209 GC heap after
{Heap after GC invocations=51 (full 35):
 garbage-first heap   total 14336K, used 2481K [0x00000007e0000000, 0x0000000800000000)
  region size 1024K, 0 young (0K), 0 survivors (0K)
 Metaspace       used 3754K, capacity 6371K, committed 6528K, reserved 1056768K
  class space    used 332K, capacity 615K, committed 640K, reserved 1048576K
}
Event: 142.230 GC heap before
{Heap before GC invocations=51 (full 35):
 garbage-first heap   total 14336K, used 2481K [0x00000007e0000000, 0x0000000800000000)
  region size 1024K, 1 young (1024K), 0 survivors (0K)
 Metaspace       used 3760K, capacity 6371K, committed 6528K, reserved 1056768K
  class space    used 332K, capacity 615K, committed 640K, reserved 1048576K
}
Event: 142.238 GC heap after
{Heap after GC invocations=52 (full 36):
 garbage-first heap   total 14336K, used 2490K [0x00000007e0000000, 0x0000000800000000)
  region size 1024K, 0 young (0K), 0 survivors (0K)
 Metaspace       used 3760K, capacity 6371K, committed 6528K, reserved 1056768K
  class space    used 332K, capacity 615K, committed 640K, reserved 1048576K
}
Event: 152.637 GC heap before
{Heap before GC invocations=52 (full 36):
 garbage-first heap   total 14336K, used 3514K [0x00000007e0000000, 0x0000000800000000)
  region size 1024K, 2 young (2048K), 0 survivors (0K)
 Metaspace       used 3796K, capacity 6435K, committed 6528K, reserved 1056768K
  class space    used 332K, capacity 615K, committed 640K, reserved 1048576K
}
Event: 152.652 GC heap after
{Heap after GC invocations=53 (full 37):
 garbage-first heap   total 14336K, used 3396K [0x00000007e0000000, 0x0000000800000000)
  region size 1024K, 0 young (0K), 0 survivors (0K)
 Metaspace       used 3796K, capacity 6435K, committed 6528K, reserved 1056768K
  class space    used 332K, capacity 615K, committed 640K, reserved 1048576K
}
Event: 152.665 GC heap before
{Heap before GC invocations=53 (full 37):
 garbage-first heap   total 14336K, used 5444K [0x00000007e0000000, 0x0000000800000000)
  region size 1024K, 2 young (2048K), 0 survivors (0K)
 Metaspace       used 3803K, capacity 6435K, committed 6528K, reserved 1056768K
  class space    used 332K, capacity 615K, committed 640K, reserved 1048576K
}
Event: 152.667 GC heap after
{Heap after GC invocations=54 (full 37):
 garbage-first heap   total 14336K, used 4610K [0x00000007e0000000, 0x0000000800000000)
  region size 1024K, 1 young (1024K), 1 survivors (1024K)
 Metaspace       used 3803K, capacity 6435K, committed 6528K, reserved 1056768K
  class space    used 332K, capacity 615K, committed 640K, reserved 1048576K
}
Event: 152.672 GC heap before
{Heap before GC invocations=54 (full 37):
 garbage-first heap   total 14336K, used 5634K [0x00000007e0000000, 0x0000000800000000)
  region size 1024K, 2 young (2048K), 1 survivors (1024K)
 Metaspace       used 3803K, capacity 6435K, committed 6528K, reserved 1056768K
  class space    used 332K, capacity 615K, committed 640K, reserved 1048576K
}
Event: 152.678 GC heap after
{Heap after GC invocations=55 (full 37):
 garbage-first heap   total 14336K, used 5220K [0x00000007e0000000, 0x0000000800000000)
  region size 1024K, 1 young (1024K), 1 survivors (1024K)
 Metaspace       used 3803K, capacity 6435K, committed 6528K, reserved 1056768K
  class space    used 332K, capacity 615K, committed 640K, reserved 1048576K
}
Event: 152.681 GC heap before
{Heap before GC invocations=55 (full 37):
 garbage-first heap   total 14336K, used 6244K [0x00000007e0000000, 0x0000000800000000)
  region size 1024K, 2 young (2048K), 1 survivors (1024K)
 Metaspace       used 3803K, capacity 6435K, committed 6528K, reserved 1056768K
  class space    used 332K, capacity 615K, committed 640K, reserved 1048576K
}
Event: 152.684 GC heap after
{Heap after GC invocations=56 (full 37):
 garbage-first heap   total 14336K, used 6019K [0x00000007e0000000, 0x0000000800000000)
  region size 1024K, 1 young (1024K), 1 survivors (1024K)
 Metaspace       used 3803K, capacity 6435K, committed 6528K, reserved 1056768K
  class space    used 332K, capacity 615K, committed 640K, reserved 1048576K
}
Event: 152.687 GC heap before
{Heap before GC invocations=56 (full 37):
 garbage-first heap   total 14336K, used 7043K [0x00000007e0000000, 0x0000000800000000)
  region size 1024K, 2 young (2048K), 1 survivors (1024K)
 Metaspace       used 3803K, capacity 6435K, committed 6528K, reserved 1056768K
  class space    used 332K, capacity 615K, committed 640K, reserved 1048576K
}
Event: 152.689 GC heap after
{Heap after GC invocations=57 (full 37):
 garbage-first heap   total 14336K, used 6551K [0x00000007e0000000, 0x0000000800000000)
  region size 1024K, 1 young (1024K), 1 survivors (1024K)
 Metaspace       used 3803K, capacity 6435K, committed 6528K, reserved 1056768K
  class space    used 332K, capacity 615K, committed 640K, reserved 1048576K
}
Event: 152.699 GC heap before
{Heap before GC invocations=57 (full 37):
 garbage-first heap   total 14336K, used 7575K [0x00000007e0000000, 0x0000000800000000)
  region size 1024K, 2 young (2048K), 1 survivors (1024K)
 Metaspace       used 3803K, capacity 6435K, committed 6528K, reserved 1056768K
  class space    used 332K, capacity 615K, committed 640K, reserved 1048576K
}
Event: 152.700 GC heap after
{Heap after GC invocations=58 (full 37):
 garbage-first heap   total 14336K, used 7211K [0x00000007e0000000, 0x0000000800000000)
  region size 1024K, 1 young (1024K), 1 survivors (1024K)
 Metaspace       used 3803K, capacity 6435K, committed 6528K, reserved 1056768K
  class space    used 332K, capacity 615K, committed 640K, reserved 1048576K
}

Deoptimization events (20 events):
Event: 152.670 Thread 0x00007fc660577800 DEOPT PACKING pc=0x000000011a94bd82 sp=0x00007ffee7da9990
Event: 152.670 Thread 0x00007fc660577800 DEOPT UNPACKING pc=0x000000011a25433a sp=0x00007ffee7da8f20 mode 0
Event: 152.670 Thread 0x00007fc660577800 DEOPT PACKING pc=0x000000011a94bd82 sp=0x00007ffee7da9990
Event: 152.670 Thread 0x00007fc660577800 DEOPT UNPACKING pc=0x000000011a25433a sp=0x00007ffee7da8f20 mode 0
Event: 152.670 Thread 0x00007fc660577800 DEOPT PACKING pc=0x000000011a94bd82 sp=0x00007ffee7da9990
Event: 152.670 Thread 0x00007fc660577800 DEOPT UNPACKING pc=0x000000011a25433a sp=0x00007ffee7da8f20 mode 0
Event: 152.670 Thread 0x00007fc660577800 DEOPT PACKING pc=0x000000011a94bd82 sp=0x00007ffee7da9990
Event: 152.670 Thread 0x00007fc660577800 DEOPT UNPACKING pc=0x000000011a25433a sp=0x00007ffee7da8f20 mode 0
Event: 152.670 Thread 0x00007fc660577800 DEOPT PACKING pc=0x000000011a94bd82 sp=0x00007ffee7da9990
Event: 152.671 Thread 0x00007fc660577800 DEOPT UNPACKING pc=0x000000011a25433a sp=0x00007ffee7da8f20 mode 0
Event: 152.671 Thread 0x00007fc660577800 DEOPT PACKING pc=0x000000011a94bd82 sp=0x00007ffee7da9990
Event: 152.671 Thread 0x00007fc660577800 DEOPT UNPACKING pc=0x000000011a25433a sp=0x00007ffee7da8f20 mode 0
Event: 152.671 Thread 0x00007fc660577800 DEOPT PACKING pc=0x000000011a94bd82 sp=0x00007ffee7da9990
Event: 152.671 Thread 0x00007fc660577800 DEOPT UNPACKING pc=0x000000011a25433a sp=0x00007ffee7da8f20 mode 0
Event: 152.680 Thread 0x00007fc660577800 DEOPT PACKING pc=0x000000011a94bd82 sp=0x00007ffee7da9990
Event: 152.680 Thread 0x00007fc660577800 DEOPT UNPACKING pc=0x000000011a25433a sp=0x00007ffee7da8f20 mode 0
Event: 152.680 Thread 0x00007fc660577800 DEOPT PACKING pc=0x000000011a94bd82 sp=0x00007ffee7da9990
Event: 152.680 Thread 0x00007fc660577800 DEOPT UNPACKING pc=0x000000011a25433a sp=0x00007ffee7da8f20 mode 0
Event: 152.680 Thread 0x00007fc660577800 DEOPT PACKING pc=0x000000011a94bd82 sp=0x00007ffee7da9990
Event: 152.680 Thread 0x00007fc660577800 DEOPT UNPACKING pc=0x000000011a25433a sp=0x00007ffee7da8f20 mode 0

Classes unloaded (0 events):
No events

Classes redefined (0 events):
No events

Internal exceptions (1 events):
Event: 34.371 Thread 0x00007fc660577800 Exception <a 'java/lang/NoSuchMethodError'{0x00000007e0ff5dd8}: 'int java.lang.invoke.DirectMethodHandle$Holder.invokeSpecialIFC(java.lang.Object, java.lang.Object, int)'> (0x00000007e0ff5dd8) 
thrown [./open/src/hotspot/share/interpreter/linkResolver.cpp, line 766]

Events (20 events):
Event: 142.186 Executing VM operation: HandshakeAllThreads done
Event: 142.200 Executing VM operation: G1CollectFull
Event: 142.209 Executing VM operation: G1CollectFull done
Event: 142.230 Executing VM operation: G1CollectFull
Event: 142.238 Executing VM operation: G1CollectFull done
Event: 147.257 Protecting memory [0x00007000042ea000,0x00007000042ee000] with protection modes 3
Event: 147.257 Thread 0x00007fc655629000 Thread exited: 0x00007fc655629000
Event: 152.637 Executing VM operation: G1CollectFull
Event: 152.652 Executing VM operation: G1CollectFull done
Event: 152.665 Executing VM operation: G1CollectForAllocation
Event: 152.667 Executing VM operation: G1CollectForAllocation done
Event: 152.672 Executing VM operation: G1CollectForAllocation
Event: 152.678 Executing VM operation: G1CollectForAllocation done
Event: 152.681 Executing VM operation: G1CollectForAllocation
Event: 152.684 Executing VM operation: G1CollectForAllocation done
Event: 152.687 Executing VM operation: G1CollectForAllocation
Event: 152.689 Executing VM operation: G1CollectForAllocation done
Event: 152.699 Executing VM operation: G1CollectForAllocation
Event: 152.700 Executing VM operation: G1CollectForAllocation done
Event: 152.701 Executing VM operation: G1Concurrent


Dynamic libraries:
0x00007fff34128000 	/System/Library/Frameworks/AppKit.framework/Versions/C/AppKit
0x0000000108ee6000 	/Library/Frameworks/R.framework/Versions/3.6/Resources/lib/libR.dylib
0x00007fff6df48000 	/usr/lib/libSystem.B.dylib
0x00007fff70484000 	/usr/lib/libz.1.dylib
0x00007fff3825d000 	/System/Library/Frameworks/CoreServices.framework/Versions/A/CoreServices
0x0000000109376000 	/Applications/RStudio.app/Contents/Frameworks/libssl.1.0.0.dylib
0x00000001093db000 	/Applications/RStudio.app/Contents/Frameworks/libcrypto.1.0.0.dylib
0x00007fff6e22e000 	/usr/lib/libc++.1.dylib
0x00007fff36e75000 	/System/Library/Frameworks/CoreFoundation.framework/Versions/A/CoreFoundation
0x00007fff39532000 	/System/Library/Frameworks/Foundation.framework/Versions/C/Foundation
0x00007fff6fda8000 	/usr/lib/libobjc.A.dylib
0x00007fff67f5e000 	/System/Library/PrivateFrameworks/UIFoundation.framework/Versions/A/UIFoundation
0x00007fff62ff2000 	/System/Library/PrivateFrameworks/RemoteViewServices.framework/Versions/A/RemoteViewServices
0x00007fff6aab8000 	/System/Library/PrivateFrameworks/XCTTargetBootstrap.framework/Versions/A/XCTTargetBootstrap
0x00007fff36d42000 	/System/Library/Frameworks/CoreDisplay.framework/Versions/A/CoreDisplay
0x00007fff3c3ec000 	/System/Library/Frameworks/Metal.framework/Versions/A/Metal
0x00007fff50fdf000 	/System/Library/PrivateFrameworks/DesktopServicesPriv.framework/Versions/A/DesktopServicesPriv
0x00007fff6f083000 	/usr/lib/liblangid.dylib
0x00007fff50274000 	/System/Library/PrivateFrameworks/CoreSVG.framework/Versions/A/CoreSVG
0x00007fff6614e000 	/System/Library/PrivateFrameworks/SkyLight.framework/Versions/A/SkyLight
0x00007fff372f6000 	/System/Library/Frameworks/CoreGraphics.framework/Versions/A/CoreGraphics
0x00007fff32afc000 	/System/Library/Frameworks/Accelerate.framework/Versions/A/Accelerate
0x00007fff70375000 	/usr/lib/libxml2.2.dylib
0x00007fff5bf7d000 	/System/Library/PrivateFrameworks/IconServices.framework/Versions/A/IconServices
0x00007fff39d11000 	/System/Library/Frameworks/IOSurface.framework/Versions/A/IOSurface
0x00007fff6da72000 	/usr/lib/libDiagnosticMessagesClient.dylib
0x00007fff34f38000 	/System/Library/Frameworks/ApplicationServices.framework/Versions/A/ApplicationServices
0x00007fff50e39000 	/System/Library/PrivateFrameworks/DFRFoundation.framework/Versions/A/DFRFoundation
0x00007fff6ee12000 	/usr/lib/libicucore.A.dylib
0x00007fff3526a000 	/System/Library/Frameworks/AudioToolbox.framework/Versions/A/AudioToolbox
0x00007fff3534d000 	/System/Library/Frameworks/AudioUnit.framework/Versions/A/AudioUnit
0x00007fff6e14a000 	/usr/lib/libauto.dylib
0x00007fff36957000 	/System/Library/Frameworks/CoreData.framework/Versions/A/CoreData
0x00007fff50edb000 	/System/Library/PrivateFrameworks/DataDetectorsCore.framework/Versions/A/DataDetectorsCore
0x00007fff35af4000 	/System/Library/Frameworks/Carbon.framework/Versions/A/Frameworks/HIToolbox.framework/Versions/A/HIToolbox
0x00007fff429c4000 	/System/Library/Frameworks/QuartzCore.framework/Versions/A/QuartzCore
0x00007fff437c8000 	/System/Library/Frameworks/Security.framework/Versions/A/Security
0x00007fff35e33000 	/System/Library/Frameworks/Carbon.framework/Versions/A/Frameworks/SpeechRecognition.framework/Versions/A/SpeechRecognition
0x00007fff5094d000 	/System/Library/PrivateFrameworks/CoreUI.framework/Versions/A/CoreUI
0x00007fff363c2000 	/System/Library/Frameworks/CoreAudio.framework/Versions/A/CoreAudio
0x00007fff391f1000 	/System/Library/Frameworks/DiskArbitration.framework/Versions/A/DiskArbitration
0x00007fff5dfcd000 	/System/Library/PrivateFrameworks/MultitouchSupport.framework/Versions/A/MultitouchSupport
0x00007fff6ecd9000 	/usr/lib/libenergytrace.dylib
0x00007fff39c6b000 	/System/Library/Frameworks/IOKit.framework/Versions/A/IOKit
0x00007fff60185000 	/System/Library/PrivateFrameworks/PerformanceAnalysis.framework/Versions/A/PerformanceAnalysis
0x00007fff419f7000 	/System/Library/Frameworks/OpenGL.framework/Versions/A/OpenGL
0x00007fff35fe1000 	/System/Library/Frameworks/ColorSync.framework/Versions/A/ColorSync
0x00007fff37979000 	/System/Library/Frameworks/CoreImage.framework/Versions/A/CoreImage
0x00007fff38cd0000 	/System/Library/Frameworks/CoreText.framework/Versions/A/CoreText
0x00007fff39da1000 	/System/Library/Frameworks/ImageIO.framework/Versions/A/ImageIO
0x00007fff6e2aa000 	/usr/lib/libcompression.dylib
0x00007fff6ddb6000 	/usr/lib/libMobileGestalt.dylib
0x00007fff67cc8000 	/System/Library/PrivateFrameworks/TextureIO.framework/Versions/A/TextureIO
0x00007fff6e0ad000 	/usr/lib/libate.dylib
0x00007fff5c186000 	/System/Library/PrivateFrameworks/InternationalSupport.framework/Versions/A/InternationalSupport
0x00007fff70d45000 	/usr/lib/system/libcache.dylib
0x00007fff70d4b000 	/usr/lib/system/libcommonCrypto.dylib
0x00007fff70d57000 	/usr/lib/system/libcompiler_rt.dylib
0x00007fff70d5f000 	/usr/lib/system/libcopyfile.dylib
0x00007fff70d69000 	/usr/lib/system/libcorecrypto.dylib
0x00007fff70f08000 	/usr/lib/system/libdispatch.dylib
0x00007fff70f49000 	/usr/lib/system/libdyld.dylib
0x00007fff70f80000 	/usr/lib/system/libkeymgr.dylib
0x00007fff70f8e000 	/usr/lib/system/liblaunch.dylib
0x00007fff70f8f000 	/usr/lib/system/libmacho.dylib
0x00007fff70f95000 	/usr/lib/system/libquarantine.dylib
0x00007fff70f98000 	/usr/lib/system/libremovefile.dylib
0x00007fff70f9a000 	/usr/lib/system/libsystem_asl.dylib
0x00007fff70fb2000 	/usr/lib/system/libsystem_blocks.dylib
0x00007fff70fb3000 	/usr/lib/system/libsystem_c.dylib
0x00007fff7103b000 	/usr/lib/system/libsystem_configuration.dylib
0x00007fff7103f000 	/usr/lib/system/libsystem_coreservices.dylib
0x00007fff71043000 	/usr/lib/system/libsystem_darwin.dylib
0x00007fff7104c000 	/usr/lib/system/libsystem_dnssd.dylib
0x00007fff71054000 	/usr/lib/system/libsystem_featureflags.dylib
0x00007fff71056000 	/usr/lib/system/libsystem_info.dylib
0x00007fff710d1000 	/usr/lib/system/libsystem_m.dylib
0x00007fff71119000 	/usr/lib/system/libsystem_malloc.dylib
0x00007fff71141000 	/usr/lib/system/libsystem_networkextension.dylib
0x00007fff7114f000 	/usr/lib/system/libsystem_notify.dylib
0x00007fff7116d000 	/usr/lib/system/libsystem_sandbox.dylib
0x00007fff71172000 	/usr/lib/system/libsystem_secinit.dylib
0x00007fff710a4000 	/usr/lib/system/libsystem_kernel.dylib
0x00007fff71159000 	/usr/lib/system/libsystem_platform.dylib
0x00007fff71162000 	/usr/lib/system/libsystem_pthread.dylib
0x00007fff71175000 	/usr/lib/system/libsystem_symptoms.dylib
0x00007fff7117d000 	/usr/lib/system/libsystem_trace.dylib
0x00007fff71195000 	/usr/lib/system/libunwind.dylib
0x00007fff7119b000 	/usr/lib/system/libxpc.dylib
0x00007fff6e281000 	/usr/lib/libc++abi.dylib
0x00007fff6f085000 	/usr/lib/liblzma.5.dylib
0x00007fff6ed00000 	/usr/lib/libfakelink.dylib
0x00007fff6e03a000 	/usr/lib/libarchive.2.dylib
0x00007fff44879000 	/System/Library/Frameworks/SystemConfiguration.framework/Versions/A/SystemConfiguration
0x00007fff6d9a5000 	/usr/lib/libCRFSuite.dylib
0x00007fff356e4000 	/System/Library/Frameworks/CFNetwork.framework/Versions/A/CFNetwork
0x00007fff6e210000 	/usr/lib/libbsm.0.dylib
0x00007fff70f81000 	/usr/lib/system/libkxld.dylib
0x00007fff4a7b6000 	/System/Library/PrivateFrameworks/AppleFSCompression.framework/Versions/A/AppleFSCompression
0x00007fff6e59b000 	/usr/lib/libcoretls.dylib
0x00007fff6e5b2000 	/usr/lib/libcoretls_cfhelpers.dylib
0x00007fff6fdee000 	/usr/lib/libpam.2.dylib
0x00007fff6ff23000 	/usr/lib/libsqlite3.dylib
0x00007fff70362000 	/usr/lib/libxar.1.dylib
0x00007fff6e221000 	/usr/lib/libbz2.1.0.dylib
0x00007fff6ed21000 	/usr/lib/libiconv.2.dylib
0x00007fff6e297000 	/usr/lib/libcharset.1.dylib
0x00007fff6f88b000 	/usr/lib/libnetwork.dylib
0x00007fff6fdf5000 	/usr/lib/libpcap.A.dylib
0x00007fff6dfef000 	/usr/lib/libapple_nghttp2.dylib
0x00007fff38614000 	/System/Library/Frameworks/CoreServices.framework/Versions/A/Frameworks/FSEvents.framework/Versions/A/FSEvents
0x00007fff382e4000 	/System/Library/Frameworks/CoreServices.framework/Versions/A/Frameworks/CarbonCore.framework/Versions/A/CarbonCore
0x00007fff38858000 	/System/Library/Frameworks/CoreServices.framework/Versions/A/Frameworks/Metadata.framework/Versions/A/Metadata
0x00007fff388f1000 	/System/Library/Frameworks/CoreServices.framework/Versions/A/Frameworks/OSServices.framework/Versions/A/OSServices
0x00007fff3891f000 	/System/Library/Frameworks/CoreServices.framework/Versions/A/Frameworks/SearchKit.framework/Versions/A/SearchKit
0x00007fff3825e000 	/System/Library/Frameworks/CoreServices.framework/Versions/A/Frameworks/AE.framework/Versions/A/AE
0x00007fff3861d000 	/System/Library/Frameworks/CoreServices.framework/Versions/A/Frameworks/LaunchServices.framework/Versions/A/LaunchServices
0x00007fff385c6000 	/System/Library/Frameworks/CoreServices.framework/Versions/A/Frameworks/DictionaryServices.framework/Versions/A/DictionaryServices
0x00007fff38987000 	/System/Library/Frameworks/CoreServices.framework/Versions/A/Frameworks/SharedFileList.framework/Versions/A/SharedFileList
0x00007fff3d816000 	/System/Library/Frameworks/NetFS.framework/Versions/A/NetFS
0x00007fff5e4fd000 	/System/Library/PrivateFrameworks/NetAuth.framework/Versions/A/NetAuth
0x00007fff6ae85000 	/System/Library/PrivateFrameworks/login.framework/Versions/A/Frameworks/loginsupport.framework/Versions/A/loginsupport
0x00007fff67793000 	/System/Library/PrivateFrameworks/TCC.framework/Versions/A/TCC
0x00007fff4f3e7000 	/System/Library/PrivateFrameworks/CoreNLP.framework/Versions/A/CoreNLP
0x00007fff5d9fa000 	/System/Library/PrivateFrameworks/MetadataUtilities.framework/Versions/A/MetadataUtilities
0x00007fff6f15d000 	/usr/lib/libmecabra.dylib
0x00007fff6f0b5000 	/usr/lib/libmecab.dylib
0x00007fff6ed11000 	/usr/lib/libgermantok.dylib
0x00007fff6dfd6000 	/usr/lib/libThaiTokenizer.dylib
0x00007fff6d9dc000 	/usr/lib/libChineseTokenizer.dylib
0x00007fff32b14000 	/System/Library/Frameworks/Accelerate.framework/Versions/A/Frameworks/vImage.framework/Versions/A/vImage
0x00007fff33f7e000 	/System/Library/Frameworks/Accelerate.framework/Versions/A/Frameworks/vecLib.framework/Versions/A/vecLib
0x00007fff33ebb000 	/System/Library/Frameworks/Accelerate.framework/Versions/A/Frameworks/vecLib.framework/Versions/A/libvMisc.dylib
0x00007fff33ce3000 	/System/Library/Frameworks/Accelerate.framework/Versions/A/Frameworks/vecLib.framework/Versions/A/libvDSP.dylib
0x00007fff3316b000 	/System/Library/Frameworks/Accelerate.framework/Versions/A/Frameworks/vecLib.framework/Versions/A/libBLAS.dylib
0x00007fff338a7000 	/System/Library/Frameworks/Accelerate.framework/Versions/A/Frameworks/vecLib.framework/Versions/A/libLAPACK.dylib
0x00007fff33c43000 	/System/Library/Frameworks/Accelerate.framework/Versions/A/Frameworks/vecLib.framework/Versions/A/libLinearAlgebra.dylib
0x00007fff33cd0000 	/System/Library/Frameworks/Accelerate.framework/Versions/A/Frameworks/vecLib.framework/Versions/A/libSparseBLAS.dylib
0x00007fff33c59000 	/System/Library/Frameworks/Accelerate.framework/Versions/A/Frameworks/vecLib.framework/Versions/A/libQuadrature.dylib
0x00007fff333d3000 	/System/Library/Frameworks/Accelerate.framework/Versions/A/Frameworks/vecLib.framework/Versions/A/libBNNS.dylib
0x00007fff33c5f000 	/System/Library/Frameworks/Accelerate.framework/Versions/A/Frameworks/vecLib.framework/Versions/A/libSparse.dylib
0x00007fff5c56e000 	/System/Library/PrivateFrameworks/LanguageModeling.framework/Versions/A/LanguageModeling
0x00007fff4ed97000 	/System/Library/PrivateFrameworks/CoreEmoji.framework/Versions/A/CoreEmoji
0x00007fff5c68c000 	/System/Library/PrivateFrameworks/LinguisticData.framework/Versions/A/LinguisticData
0x00007fff5c63d000 	/System/Library/PrivateFrameworks/Lexicon.framework/Versions/A/Lexicon
0x00007fff6e298000 	/usr/lib/libcmph.dylib
0x00007fff40405000 	/System/Library/Frameworks/OpenDirectory.framework/Versions/A/Frameworks/CFOpenDirectory.framework/Versions/A/CFOpenDirectory
0x00007fff40422000 	/System/Library/Frameworks/OpenDirectory.framework/Versions/A/OpenDirectory
0x00007fff48863000 	/System/Library/PrivateFrameworks/APFS.framework/Versions/A/APFS
0x00007fff43b12000 	/System/Library/Frameworks/SecurityFoundation.framework/Versions/A/SecurityFoundation
0x00007fff7035e000 	/usr/lib/libutil.dylib
0x00007fff502cc000 	/System/Library/PrivateFrameworks/CoreServicesStore.framework/Versions/A/CoreServicesStore
0x00007fff43bc9000 	/System/Library/Frameworks/ServiceManagement.framework/Versions/A/ServiceManagement
0x00007fff4bf86000 	/System/Library/PrivateFrameworks/BackgroundTaskManagement.framework/Versions/A/BackgroundTaskManagement
0x00007fff7045b000 	/usr/lib/libxslt.1.dylib
0x00007fff4ae29000 	/System/Library/PrivateFrameworks/AppleSystemInfo.framework/Versions/A/AppleSystemInfo
0x00007fff39fbc000 	/System/Library/Frameworks/ImageIO.framework/Versions/A/Resources/libJPEG.dylib
0x00007fff3a27a000 	/System/Library/Frameworks/ImageIO.framework/Versions/A/Resources/libTIFF.dylib
0x00007fff3a25d000 	/System/Library/Frameworks/ImageIO.framework/Versions/A/Resources/libPng.dylib
0x00007fff39efe000 	/System/Library/Frameworks/ImageIO.framework/Versions/A/Resources/libGIF.dylib
0x00007fff39f02000 	/System/Library/Frameworks/ImageIO.framework/Versions/A/Resources/libJP2.dylib
0x00007fff3a278000 	/System/Library/Frameworks/ImageIO.framework/Versions/A/Resources/libRadiance.dylib
0x00007fff6ecda000 	/usr/lib/libexpat.1.dylib
0x00007fff4a911000 	/System/Library/PrivateFrameworks/AppleJPEG.framework/Versions/A/AppleJPEG
0x00007fff535e2000 	/System/Library/PrivateFrameworks/FontServices.framework/libFontParser.dylib
0x00007fff69e87000 	/System/Library/PrivateFrameworks/WatchdogClient.framework/Versions/A/WatchdogClient
0x00007fff5bbc9000 	/System/Library/PrivateFrameworks/IOAccelerator.framework/Versions/A/IOAccelerator
0x00007fff3c787000 	/System/Library/Frameworks/MetalPerformanceShaders.framework/Versions/A/MetalPerformanceShaders
0x00007fff5835f000 	/System/Library/PrivateFrameworks/GPUWrangler.framework/Versions/A/GPUWrangler
0x00007fff5bbde000 	/System/Library/PrivateFrameworks/IOPresentment.framework/Versions/A/IOPresentment
0x00007fff50e4c000 	/System/Library/PrivateFrameworks/DSExternalDisplay.framework/Versions/A/DSExternalDisplay
0x00007fff40d96000 	/System/Library/Frameworks/OpenGL.framework/Versions/A/Libraries/libCoreFSCache.dylib
0x00007fff3c4d3000 	/System/Library/Frameworks/MetalPerformanceShaders.framework/Frameworks/MPSCore.framework/Versions/A/MPSCore
0x00007fff3c511000 	/System/Library/Frameworks/MetalPerformanceShaders.framework/Frameworks/MPSImage.framework/Versions/A/MPSImage
0x00007fff3c5d8000 	/System/Library/Frameworks/MetalPerformanceShaders.framework/Frameworks/MPSNeuralNetwork.framework/Versions/A/MPSNeuralNetwork
0x00007fff3c59c000 	/System/Library/Frameworks/MetalPerformanceShaders.framework/Frameworks/MPSMatrix.framework/Versions/A/MPSMatrix
0x00007fff3c737000 	/System/Library/Frameworks/MetalPerformanceShaders.framework/Frameworks/MPSRayIntersector.framework/Versions/A/MPSRayIntersector
0x00007fff3c5c2000 	/System/Library/Frameworks/MetalPerformanceShaders.framework/Frameworks/MPSNDArray.framework/Versions/A/MPSNDArray
0x00007fff5da47000 	/System/Library/PrivateFrameworks/MetalTools.framework/Versions/A/MetalTools
0x00007fff49a3d000 	/System/Library/PrivateFrameworks/AggregateDictionary.framework/Versions/A/AggregateDictionary
0x00007fff4e7df000 	/System/Library/PrivateFrameworks/CoreAnalytics.framework/Versions/A/CoreAnalytics
0x00007fff4ad48000 	/System/Library/PrivateFrameworks/AppleSauce.framework/Versions/A/AppleSauce
0x00007fff6dc98000 	/usr/lib/libIOReport.dylib
0x00007fff38e88000 	/System/Library/Frameworks/CoreVideo.framework/Versions/A/CoreVideo
0x00007fff597d8000 	/System/Library/PrivateFrameworks/GraphVisualizer.framework/Versions/A/GraphVisualizer
0x00007fff52b28000 	/System/Library/PrivateFrameworks/FaceCore.framework/Versions/A/FaceCore
0x00007fff403ac000 	/System/Library/Frameworks/OpenCL.framework/Versions/A/OpenCL
0x00007fff6daba000 	/usr/lib/libFosl_dynamic.dylib
0x00007fff5ef1d000 	/System/Library/PrivateFrameworks/OTSVG.framework/Versions/A/OTSVG
0x00007fff3503d000 	/System/Library/Frameworks/ApplicationServices.framework/Versions/A/Frameworks/ATS.framework/Versions/A/Resources/libFontRegistry.dylib
0x00007fff537b3000 	/System/Library/PrivateFrameworks/FontServices.framework/libhvf.dylib
0x00007fff40da1000 	/System/Library/Frameworks/OpenGL.framework/Versions/A/Libraries/libGFXShared.dylib
0x00007fff40f7f000 	/System/Library/Frameworks/OpenGL.framework/Versions/A/Libraries/libGLU.dylib
0x00007fff40daa000 	/System/Library/Frameworks/OpenGL.framework/Versions/A/Libraries/libGL.dylib
0x00007fff40db5000 	/System/Library/Frameworks/OpenGL.framework/Versions/A/Libraries/libGLImage.dylib
0x00007fff40d93000 	/System/Library/Frameworks/OpenGL.framework/Versions/A/Libraries/libCVMSPluginSupport.dylib
0x00007fff40d9c000 	/System/Library/Frameworks/OpenGL.framework/Versions/A/Libraries/libCoreVMClient.dylib
0x00007fff6f72c000 	/usr/lib/libncurses.5.4.dylib
0x00007fff34f39000 	/System/Library/Frameworks/ApplicationServices.framework/Versions/A/Frameworks/ATS.framework/Versions/A/ATS
0x00007fff35106000 	/System/Library/Frameworks/ApplicationServices.framework/Versions/A/Frameworks/ColorSyncLegacy.framework/Versions/A/ColorSyncLegacy
0x00007fff351a4000 	/System/Library/Frameworks/ApplicationServices.framework/Versions/A/Frameworks/HIServices.framework/Versions/A/HIServices
0x00007fff351fc000 	/System/Library/Frameworks/ApplicationServices.framework/Versions/A/Frameworks/LangAnalysis.framework/Versions/A/LangAnalysis
0x00007fff3520b000 	/System/Library/Frameworks/ApplicationServices.framework/Versions/A/Frameworks/PrintCore.framework/Versions/A/PrintCore
0x00007fff35251000 	/System/Library/Frameworks/ApplicationServices.framework/Versions/A/Frameworks/QD.framework/Versions/A/QD
0x00007fff3525c000 	/System/Library/Frameworks/ApplicationServices.framework/Versions/A/Frameworks/SpeechSynthesis.framework/Versions/A/SpeechSynthesis
0x00007fff350d6000 	/System/Library/Frameworks/ApplicationServices.framework/Versions/A/Frameworks/ATSUI.framework/Versions/A/ATSUI
0x00007fff6eb70000 	/usr/lib/libcups.2.dylib
0x00007fff3b822000 	/System/Library/Frameworks/Kerberos.framework/Versions/A/Kerberos
0x00007fff39964000 	/System/Library/Frameworks/GSS.framework/Versions/A/GSS
0x00007fff6feaf000 	/usr/lib/libresolv.9.dylib
0x00007fff59985000 	/System/Library/PrivateFrameworks/Heimdal.framework/Versions/A/Heimdal
0x00007fff3b835000 	/System/Library/Frameworks/Kerberos.framework/Versions/A/Libraries/libHeimdalProxy.dylib
0x00007fff6ed17000 	/usr/lib/libheimdal-asn1.dylib
0x00007fff4dc77000 	/System/Library/PrivateFrameworks/CommonAuth.framework/Versions/A/CommonAuth
0x00007fff4aec6000 	/System/Library/PrivateFrameworks/AssertionServices.framework/Versions/A/AssertionServices
0x00007fff4ba69000 	/System/Library/PrivateFrameworks/AudioToolboxCore.framework/Versions/A/AudioToolboxCore
0x00007fff6ab35000 	/System/Library/PrivateFrameworks/caulk.framework/Versions/A/caulk
0x00007fff4c032000 	/System/Library/PrivateFrameworks/BaseBoard.framework/Versions/A/BaseBoard
0x00007fff63180000 	/System/Library/PrivateFrameworks/RunningBoardServices.framework/Versions/A/RunningBoardServices
0x00007fff60191000 	/System/Library/PrivateFrameworks/PersistentConnection.framework/Versions/A/PersistentConnection
0x00007fff62b79000 	/System/Library/PrivateFrameworks/ProtocolBuffer.framework/Versions/A/ProtocolBuffer
0x00007fff4dc9b000 	/System/Library/PrivateFrameworks/CommonUtilities.framework/Versions/A/CommonUtilities
0x00007fff4c1c0000 	/System/Library/PrivateFrameworks/Bom.framework/Versions/A/Bom
0x00007fff6d96b000 	/usr/lib/libAudioToolboxUtility.dylib
0x00007fff4bf90000 	/System/Library/PrivateFrameworks/Backup.framework/Versions/A/Backup
0x00007fff50d6d000 	/System/Library/PrivateFrameworks/CrashReporterSupport.framework/Versions/A/CrashReporterSupport
0x00007fff64c12000 	/System/Library/PrivateFrameworks/Sharing.framework/Versions/A/Sharing
0x00007fff4a4d4000 	/System/Library/PrivateFrameworks/Apple80211.framework/Versions/A/Apple80211
0x00007fff4bcad000 	/System/Library/PrivateFrameworks/AuthKit.framework/Versions/A/AuthKit
0x00007fff50a7a000 	/System/Library/PrivateFrameworks/CoreUtils.framework/Versions/A/CoreUtils
0x00007fff38ecd000 	/System/Library/Frameworks/CoreWLAN.framework/Versions/A/CoreWLAN
0x00007fff39af1000 	/System/Library/Frameworks/IOBluetooth.framework/Versions/A/IOBluetooth
0x00007fff5dd4c000 	/System/Library/PrivateFrameworks/MobileKeyBag.framework/Versions/A/MobileKeyBag
0x00007fff4f87f000 	/System/Library/PrivateFrameworks/CorePhoneNumbers.framework/Versions/A/CorePhoneNumbers
0x00007fff4a8c4000 	/System/Library/PrivateFrameworks/AppleIDAuthSupport.framework/Versions/A/AppleIDAuthSupport
0x00007fff3d823000 	/System/Library/Frameworks/Network.framework/Versions/A/Network
0x00007fff5c41a000 	/System/Library/PrivateFrameworks/KeychainCircle.framework/Versions/A/KeychainCircle
0x00007fff3691e000 	/System/Library/Frameworks/CoreBluetooth.framework/Versions/A/CoreBluetooth
0x00007fff66c91000 	/System/Library/PrivateFrameworks/SpeechRecognitionCore.framework/Versions/A/SpeechRecognitionCore
0x00000001095a5000 	/Library/Frameworks/R.framework/Versions/3.6/Resources/lib/libRblas.dylib
0x00000001095d9000 	/Library/Frameworks/R.framework/Versions/3.6/Resources/lib/libgfortran.3.dylib
0x000000010976b000 	/Library/Frameworks/R.framework/Versions/3.6/Resources/lib/libquadmath.0.dylib
0x00000001097b3000 	/Library/Frameworks/R.framework/Versions/3.6/Resources/lib/libreadline.5.2.dylib
0x00000001097f5000 	/Library/Frameworks/R.framework/Versions/3.6/Resources/lib/libomp.dylib
0x0000000109890000 	/Library/Frameworks/R.framework/Versions/3.6/Resources/lib/libgcc_s.1.dylib
0x00000001098b0000 	/Library/Frameworks/R.framework/Versions/3.6/Resources/library/methods/libs/methods.so
0x00000001098bb000 	/Library/Frameworks/R.framework/Versions/3.6/Resources/library/grDevices/libs/grDevices.so
0x00007fff6ae88000 	/System/Library/PrivateFrameworks/login.framework/Versions/A/login
0x000000010990a000 	/Library/Frameworks/R.framework/Versions/3.6/Resources/library/graphics/libs/graphics.so
0x000000010994e000 	/Library/Frameworks/R.framework/Versions/3.6/Resources/library/utils/libs/utils.so
0x000000010995d000 	/Library/Frameworks/R.framework/Versions/3.6/Resources/library/stats/libs/stats.so
0x0000000109a23000 	/Library/Frameworks/R.framework/Versions/3.6/Resources/lib/libRlapack.dylib
0x0000000109c50000 	/Library/Frameworks/R.framework/Versions/3.6/Resources/library/fansi/libs/fansi.so
0x00000001095d4000 	/Library/Frameworks/R.framework/Versions/3.6/Resources/library/glue/libs/glue.so
0x0000000109c62000 	/Library/Frameworks/R.framework/Versions/3.6/Resources/library/tools/libs/tools.so
0x0000000109c7c000 	/Library/Frameworks/R.framework/Versions/3.6/Resources/library/rlang/libs/rlang.so
0x00000001093d7000 	/Library/Frameworks/R.framework/Versions/3.6/Resources/library/ellipsis/libs/ellipsis.so
0x0000000109ca8000 	/Library/Frameworks/R.framework/Versions/3.6/Resources/library/digest/libs/digest.so
0x0000000109cca000 	/Library/Frameworks/R.framework/Versions/3.6/Resources/lib/libc++.1.dylib
0x0000000109d9c000 	/Library/Frameworks/R.framework/Versions/3.6/Resources/lib/libc++abi.1.dylib
0x0000000109e11000 	/Library/Frameworks/R.framework/Versions/3.6/Resources/library/processx/libs/processx.so
0x0000000109e23000 	/Library/Frameworks/R.framework/Versions/3.6/Resources/library/ps/libs/ps.so
0x00000001097f1000 	/Library/Frameworks/R.framework/Versions/3.6/Resources/library/pkgload/libs/pkgload.so
0x000000010988b000 	/Library/Frameworks/R.framework/Versions/3.6/Resources/library/backports/libs/backports.so
0x0000000109e36000 	/Library/Frameworks/R.framework/Versions/3.6/Resources/library/testthat/libs/testthat.so
0x0000000109eef000 	/Library/Frameworks/R.framework/Versions/3.6/Resources/library/fs/libs/fs.so
0x0000000109f2a000 	/Library/Frameworks/R.framework/Versions/3.6/Resources/library/curl/libs/curl.so
0x00007fff6ebd1000 	/usr/lib/libcurl.4.dylib
0x00007fff6ea56000 	/usr/lib/libcrypto.44.dylib
0x00007fff70201000 	/usr/lib/libssl.46.dylib
0x00007fff3b836000 	/System/Library/Frameworks/LDAP.framework/Versions/A/LDAP
0x00007fff67f25000 	/System/Library/PrivateFrameworks/TrustEvaluationAgent.framework/Versions/A/TrustEvaluationAgent
0x00007fff6ff0e000 	/usr/lib/libsasl2.2.dylib
0x00007fff4eb0b000 	/System/Library/PrivateFrameworks/CoreDaemon.framework/Versions/B/CoreDaemon
0x00007fff4ad43000 	/System/Library/PrivateFrameworks/AppleSRP.framework/Versions/A/AppleSRP
0x00007fff70303000 	/usr/lib/libusrtcp.dylib
0x0000000109f42000 	/Library/Frameworks/R.framework/Versions/3.6/Resources/library/vctrs/libs/vctrs.so
0x0000000109f99000 	/Library/Frameworks/R.framework/Versions/3.6/Resources/library/tibble/libs/tibble.so
0x0000000109f9f000 	/Library/Frameworks/R.framework/Versions/3.6/Resources/library/purrr/libs/purrr.so
0x0000000109fa9000 	/Library/Frameworks/R.framework/Versions/3.6/Resources/library/dplyr/libs/dplyr.so
0x0000000109fb7000 	/Library/Frameworks/R.framework/Versions/3.6/Resources/library/stringi/libs/stringi.so
0x000000010a647000 	/Library/Frameworks/R.framework/Versions/3.6/Resources/library/grid/libs/grid.so
0x000000010a66f000 	/Library/Frameworks/R.framework/Versions/3.6/Resources/library/colorspace/libs/colorspace.so
0x000000010a681000 	/Library/Frameworks/R.framework/Versions/3.6/Resources/library/jsonlite/libs/jsonlite.so
0x000000010a694000 	/Library/Frameworks/R.framework/Versions/3.6/Resources/library/Rcpp/libs/Rcpp.so
0x000000010e06a000 	/Library/Frameworks/R.framework/Versions/3.6/Resources/library/magick/libs/magick.so
0x000000010a725000 	/Library/Frameworks/R.framework/Versions/3.6/Resources/library/lattice/libs/lattice.so
0x000000010a72a000 	/Library/Frameworks/R.framework/Versions/3.6/Resources/library/hexbin/libs/hexbin.so
0x000000010a72f000 	/Library/Frameworks/R.framework/Versions/3.6/Resources/library/sysfonts/libs/sysfonts.so
0x000000010a734000 	/opt/X11/lib/libfreetype.6.dylib
0x000000010a96e000 	/Library/Frameworks/R.framework/Versions/3.6/Resources/library/showtext/libs/showtext.so
0x000000010a977000 	/Library/Frameworks/R.framework/Versions/3.6/Resources/library/MASS/libs/MASS.so
0x000000010a981000 	/Library/Frameworks/R.framework/Versions/3.6/Resources/library/readr/libs/readr.so
0x000000010aa3e000 	/Library/Frameworks/R.framework/Versions/3.6/Resources/library/readr/rcon/librcon.so
0x000000011029e000 	/Library/Frameworks/R.framework/Versions/3.6/Resources/library/qpdf/libs/qpdf.so
0x000000011045a000 	/Library/Frameworks/R.framework/Versions/3.6/Resources/library/pdftools/libs/pdftools.so
0x000000010aa42000 	/Library/Frameworks/R.framework/Versions/3.6/Resources/library/splines/libs/splines.so
0x00000001108ba000 	/Library/Frameworks/R.framework/Versions/3.6/Resources/library/Matrix/libs/Matrix.so
0x000000011099e000 	/Library/Frameworks/R.framework/Versions/3.6/Resources/library/survival/libs/survival.so
0x000000010aa47000 	/Library/Frameworks/R.framework/Versions/3.6/Resources/library/base64enc/libs/base64enc.so
0x00000001109e3000 	/Library/Frameworks/R.framework/Versions/3.6/Resources/library/png/libs/png.so
0x0000000110a24000 	/Library/Frameworks/R.framework/Versions/3.6/Resources/library/jpeg/libs/jpeg.so
0x0000000110a6d000 	/Library/Frameworks/R.framework/Versions/3.6/Resources/library/cluster/libs/cluster.so
0x0000000110a82000 	/Library/Frameworks/R.framework/Versions/3.6/Resources/library/foreign/libs/foreign.so
0x000000010aa4e000 	/Library/Frameworks/R.framework/Versions/3.6/Resources/library/nnet/libs/nnet.so
0x0000000110aa1000 	/Library/Frameworks/R.framework/Versions/3.6/Resources/library/rpart/libs/rpart.so
0x0000000110ab5000 	/Library/Frameworks/R.framework/Versions/3.6/Resources/library/checkmate/libs/checkmate.so
0x000000010aa57000 	/Library/Frameworks/R.framework/Versions/3.6/Resources/library/htmltools/libs/htmltools.so
0x0000000110ac8000 	/Library/Frameworks/R.framework/Versions/3.6/Resources/library/xfun/libs/xfun.so
0x0000000110acd000 	/Library/Frameworks/R.framework/Versions/3.6/Resources/library/data.table/libs/datatable.so
0x0000000110b52000 	/Library/Frameworks/R.framework/Versions/3.6/Resources/library/Hmisc/libs/Hmisc.so
0x0000000110b5b000 	/Library/Frameworks/R.framework/Versions/3.6/Resources/library/gmp/libs/gmp.so
0x0000000110bdc000 	/Library/Frameworks/R.framework/Versions/3.6/Resources/library/lubridate/libs/lubridate.so
0x0000000110c1a000 	/Library/Frameworks/R.framework/Versions/3.6/Resources/library/tidyr/libs/tidyr.so
0x0000000110c35000 	/Library/Frameworks/R.framework/Versions/3.6/Resources/library/utf8/libs/utf8.so
0x0000000110c83000 	/Library/Java/JavaVirtualMachines/jdk-14.0.2.jdk/Contents/Home/lib/server/libjvm.dylib
0x0000000111a0d000 	/Library/Frameworks/R.framework/Versions/3.6/Resources/library/rJava/libs/rJava.so
0x0000000111a21000 	/Library/Java/JavaVirtualMachines/jdk-14.0.2.jdk/Contents/Home/lib/libjimage.dylib
0x000000011a1d7000 	/Library/Java/JavaVirtualMachines/jdk-14.0.2.jdk/Contents/Home/lib/libjava.dylib
0x000000011a1ff000 	/Library/Java/JavaVirtualMachines/jdk-14.0.2.jdk/Contents/Home/lib/libzip.dylib
0x000000012d800000 	/Applications/Xcode.app/Contents/Developer/Toolchains/XcodeDefault.xctoolchain/usr/lib/libclang.dylib
0x000000013353a000 	/Library/Frameworks/R.framework/Versions/3.6/Resources/modules/internet.so
0x000000012cf07000 	/Library/Frameworks/R.framework/Versions/3.6/Resources/library/haven/libs/haven.so
0x000000012cf8c000 	/Library/Frameworks/R.framework/Versions/3.6/Resources/library/readxl/libs/readxl.so
0x000000013365b000 	/Library/Frameworks/R.framework/Versions/3.6/Resources/library/xml2/libs/xml2.so
0x0000000133676000 	/Library/Frameworks/R.framework/Versions/3.6/Resources/library/later/libs/later.so
0x00000001336bb000 	/Library/Frameworks/R.framework/Versions/3.6/Resources/library/promises/libs/promises.so
0x00000001336d4000 	/Library/Frameworks/R.framework/Versions/3.6/Resources/library/httpuv/libs/httpuv.so
0x000000012cfea000 	/Library/Frameworks/R.framework/Versions/3.6/Resources/library/mime/libs/mime.so
0x000000012cfee000 	/Library/Frameworks/R.framework/Versions/3.6/Resources/library/fastmap/libs/fastmap.so
0x0000000133816000 	/Library/Frameworks/R.framework/Versions/3.6/Resources/library/yaml/libs/yaml.so
0x0000000133842000 	/Library/Frameworks/R.framework/Versions/3.6/Resources/library/RMySQL/libs/RMySQL.so
0x0000000133b2d000 	/Library/Java/JavaVirtualMachines/jdk-14.0.2.jdk/Contents/Home/lib/libnio.dylib
0x0000000133b40000 	/Library/Java/JavaVirtualMachines/jdk-14.0.2.jdk/Contents/Home/lib/libnet.dylib
0x0000000133b58000 	/Library/Java/JavaVirtualMachines/jdk-14.0.2.jdk/Contents/Home/lib/libextnet.dylib
0x0000000133b5f000 	/Library/Frameworks/R.framework/Versions/3.6/Resources/library/triebeard/libs/triebeard.so
0x0000000133baf000 	/Library/Frameworks/R.framework/Versions/3.6/Resources/library/urltools/libs/urltools.so


VM Arguments:
jvm_args: -Djava.awt.headless=true -Xmx512m -Xrs vfprintf exit -Xss2m 
java_command: <unknown>
java_class_path (initial): /Library/Frameworks/R.framework/Versions/3.6/Resources/library/rJava/java/boot
Launcher Type: generic

[Global flags]
     intx CICompilerCount                          = 3                                         {product} {ergonomic}
     uint ConcGCThreads                            = 1                                         {product} {ergonomic}
     uint G1ConcRefinementThreads                  = 4                                         {product} {ergonomic}
   size_t G1HeapRegionSize                         = 1048576                                   {product} {ergonomic}
    uintx GCDrainStackTargetSize                   = 64                                        {product} {ergonomic}
   size_t InitialHeapSize                          = 268435456                                 {product} {ergonomic}
   size_t MarkStackSize                            = 4194304                                   {product} {ergonomic}
   size_t MaxHeapSize                              = 536870912                                 {product} {command line}
   size_t MaxNewSize                               = 321912832                                 {product} {ergonomic}
   size_t MinHeapDeltaBytes                        = 1048576                                   {product} {ergonomic}
   size_t MinHeapSize                              = 8388608                                   {product} {ergonomic}
    uintx NonNMethodCodeHeapSize                   = 5832780                                {pd product} {ergonomic}
    uintx NonProfiledCodeHeapSize                  = 122912730                              {pd product} {ergonomic}
    uintx ProfiledCodeHeapSize                     = 122912730                              {pd product} {ergonomic}
     bool ReduceSignalUsage                        = true                                      {product} {command line}
    uintx ReservedCodeCacheSize                    = 251658240                              {pd product} {ergonomic}
     bool SegmentedCodeCache                       = true                                      {product} {ergonomic}
   size_t SoftMaxHeapSize                          = 536870912                              {manageable} {ergonomic}
     intx ThreadStackSize                          = 2048                                   {pd product} {command line}
     bool UseCompressedClassPointers               = true                                 {lp64_product} {ergonomic}
     bool UseCompressedOops                        = true                                 {lp64_product} {ergonomic}
     bool UseG1GC                                  = true                                      {product} {ergonomic}

Logging:
Log output configuration:
 #0: stdout all=warning uptime,level,tags
 #1: stderr all=off uptime,level,tags

Environment Variables:
PATH=/usr/bin:/bin:/usr/sbin:/sbin:/Applications/RStudio.app/Contents/MacOS/rpostback:/Applications/RStudio.app/Contents/MacOS/postback:/usr/local/bin:/Users/meerapatel/Library/Python/2.7/bin:/Library/TeX/texbin:/opt/X11/bin:/Library/Apple/usr/bin:/Applications/Postgres.app/Contents/Versions/latest/bin:/opt/local/bin
SHELL=/bin/zsh
DISPLAY=/private/tmp/com.apple.launchd.B7JF8H5ucJ/org.macosforge.xquartz:0
DYLD_LIBRARY_PATH=/Library/Java/JavaVirtualMachines/jdk-14.0.2.jdk/Contents/Home/lib/server
DYLD_FALLBACK_LIBRARY_PATH=/Library/Frameworks/R.framework/Resources/lib:/Users/meerapatel/lib:/usr/local/lib:/usr/lib:::/lib:/Library/Java/JavaVirtualMachines/openjdk-13.jdk/Contents/Home/lib/server

Signal Handlers:
SIGSEGV: [libjvm.dylib+0x7415b8], sa_mask[0]=11111111011111110111111111111111, sa_flags=SA_ONSTACK|SA_RESTART|SA_SIGINFO
SIGBUS: [libjvm.dylib+0x7415b8], sa_mask[0]=11111111011111110111111111111111, sa_flags=SA_RESTART|SA_SIGINFO
SIGFPE: [libjvm.dylib+0x7415b8], sa_mask[0]=11111111011111110111111111111111, sa_flags=SA_RESTART|SA_SIGINFO
SIGPIPE: SIG_IGN, sa_mask[0]=00000000000000000000000000000000, sa_flags=SA_RESTART
SIGXFSZ: [libjvm.dylib+0x5eb4b1], sa_mask[0]=11111111011111110111111111111111, sa_flags=SA_RESTART|SA_SIGINFO
SIGILL: [libjvm.dylib+0x7415b8], sa_mask[0]=11111111011111110111111111111111, sa_flags=SA_RESTART|SA_SIGINFO
SIGUSR2: SIG_IGN, sa_mask[0]=00000000000000000000000000000000, sa_flags=none
SIGHUP: SIG_DFL, sa_mask[0]=00000000000000000000000000000000, sa_flags=none
SIGINT: [rsession+0x1053c0], sa_mask[0]=00000000000000000000000000000000, sa_flags=SA_RESTART
SIGTERM: SIG_DFL, sa_mask[0]=00000000000000000000000000000000, sa_flags=none
SIGQUIT: SIG_DFL, sa_mask[0]=00000000000000000000000000000000, sa_flags=none


---------------  S Y S T E M  ---------------

OS:uname:Darwin 19.6.0 Darwin Kernel Version 19.6.0: Sun Jul  5 00:43:10 PDT 2020; root:xnu-6153.141.1~9/RELEASE_X86_64 x86_64
OS uptime: 6 days 4:36 hours
rlimit: STACK 8192k, CORE 0k, NPROC 2784, NOFILE 12544, AS infinity, DATA infinity, FSIZE infinity
load average:2.17 2.40 2.35

CPU:total 4 (initial active 4) (2 cores per cpu, 2 threads per core) family 6 model 142 stepping 9, cmov, cx8, fxsr, mmx, sse, sse2, sse3, ssse3, sse4.1, sse4.2, popcnt, avx, avx2, aes, clmul, erms, rtm, 3dnowpref, lzcnt, ht, tsc, tscinvbit, bmi1, bmi2, adx, fma

Memory: 4k page, physical 16777216k(405320k free), swap 2097152k(1613568k free)

vm_info: Java HotSpot(TM) 64-Bit Server VM (14.0.2+12-46) for bsd-amd64 JRE (14.0.2+12-46), built on Jul  8 2020 23:32:31 by "mach5one" with clang 4.2.1 Compatible Apple LLVM 10.0.0 (clang-1000.11.45.5)

END.
