#
# A fatal error has been detected by the Java Runtime Environment:
#
#  SIGSEGV (0xb) at pc=0x00000001295a45c2, pid=8695, tid=775
#
# JRE version: Java(TM) SE Runtime Environment (14.0.2+12) (build 14.0.2+12-46)
# Java VM: Java HotSpot(TM) 64-Bit Server VM (14.0.2+12-46, mixed mode, sharing, tiered, compressed oops, g1 gc, bsd-amd64)
# Problematic frame:
# J 714 c2 sun.util.calendar.BaseCalendar.getFixedDate(IIILsun/util/calendar/BaseCalendar$Date;)J java.base@14.0.2 (324 bytes) @ 0x00000001295a45c2 [0x00000001295a4560+0x0000000000000062]
#
# No core dump will be written. Core dumps have been disabled. To enable core dumping, try "ulimit -c unlimited" before starting Java again
#
# If you would like to submit a bug report, please visit:
#   https://bugreport.java.com/bugreport/crash.jsp
#

---------------  S U M M A R Y ------------

Command Line: -Djava.awt.headless=true -Xmx512m -Xrs vfprintf exit -Xss2m 

Host: MacBookPro14,1 x86_64 2300 MHz, 4 cores, 16G, Darwin 19.6.0
Time: Sat Sep 19 17:56:43 2020 EDT elapsed time: 2 seconds (0d 0h 0m 2s)

---------------  T H R E A D  ---------------

Current thread (0x00007ff74e94b800):  JavaThread "main" [_thread_in_Java, id=775, stack(0x00007ffee71ce000,0x00007ffee79ce000)]

Stack: [0x00007ffee71ce000,0x00007ffee79ce000],  sp=0x00007ffee79b2760,  free space=8081k
Native frames: (J=compiled Java code, A=aot compiled Java code, j=interpreted, Vv=VM code, C=native code)
J 714 c2 sun.util.calendar.BaseCalendar.getFixedDate(IIILsun/util/calendar/BaseCalendar$Date;)J java.base@14.0.2 (324 bytes) @ 0x00000001295a45c2 [0x00000001295a4560+0x0000000000000062]
j  sun.util.calendar.BaseCalendar.getCalendarDateFromFixedDate(Lsun/util/calendar/CalendarDate;J)V+53 java.base@14.0.2
J 734 c1 java.util.GregorianCalendar.computeFields(II)I java.base@14.0.2 (1585 bytes) @ 0x0000000122194d74 [0x0000000122193860+0x0000000000001514]
J 697 c1 java.util.GregorianCalendar.computeFields()V java.base@14.0.2 (85 bytes) @ 0x000000012218471c [0x0000000122184460+0x00000000000002bc]
J 645 c1 java.util.Calendar.setTimeInMillis(J)V java.base@14.0.2 (84 bytes) @ 0x0000000122153594 [0x00000001221530c0+0x00000000000004d4]
j  java.util.Calendar.setTime(Ljava/util/Date;)V+5 java.base@14.0.2
j  java.text.SimpleDateFormat.format(Ljava/util/Date;Ljava/lang/StringBuffer;Ljava/text/Format$FieldDelegate;)Ljava/lang/StringBuffer;+5 java.base@14.0.2
J 688 c1 java.text.SimpleDateFormat.format(Ljava/util/Date;Ljava/lang/StringBuffer;Ljava/text/FieldPosition;)Ljava/lang/StringBuffer; java.base@14.0.2 (21 bytes) @ 0x0000000122183a3c [0x00000001221838c0+0x000000000000017c]
J 687 c1 java.text.DateFormat.format(Ljava/util/Date;)Ljava/lang/String; java.base@14.0.2 (19 bytes) @ 0x0000000122183474 [0x0000000122183260+0x0000000000000214]
j  org.ohdsi.databaseConnector.BatchedQuery.fetchBatch()V+188
v  ~StubRoutines::call_stub
V  [libjvm.dylib+0x34b6f6]  JavaCalls::call_helper(JavaValue*, methodHandle const&, JavaCallArguments*, Thread*)+0x256
V  [libjvm.dylib+0x386d9e]  jni_invoke_nonstatic(JNIEnv_*, JavaValue*, _jobject*, JNICallType, _jmethodID*, JNI_ArgumentPusher*, Thread*)+0x27b
V  [libjvm.dylib+0x38ba83]  jni_CallVoidMethodA+0x12c
C  [rJava.so+0x3d54]  RcallMethod+0x4c4
C  [libR.dylib+0x8272c]  do_External+0x12c
C  [libR.dylib+0xbbc61]  bcEval+0x6be1
C  [libR.dylib+0xb494d]  Rf_eval+0x1bd
C  [libR.dylib+0xd3209]  R_execClosure+0x869
C  [libR.dylib+0xd210a]  Rf_applyClosure+0x15a
C  [libR.dylib+0xbbd71]  bcEval+0x6cf1
C  [libR.dylib+0xb494d]  Rf_eval+0x1bd
C  [libR.dylib+0xd3209]  R_execClosure+0x869
C  [libR.dylib+0xd210a]  Rf_applyClosure+0x15a
C  [libR.dylib+0x117675]  dispatchMethod+0x2f5
C  [libR.dylib+0x117232]  Rf_usemethod+0x1e2
C  [libR.dylib+0x117926]  do_usemethod+0x286
C  [libR.dylib+0xbc369]  bcEval+0x72e9
C  [libR.dylib+0xb494d]  Rf_eval+0x1bd
C  [libR.dylib+0xd3209]  R_execClosure+0x869
C  [libR.dylib+0xd210a]  Rf_applyClosure+0x15a
C  [libR.dylib+0xbbd71]  bcEval+0x6cf1
C  [libR.dylib+0xb494d]  Rf_eval+0x1bd
C  [libR.dylib+0xd3209]  R_execClosure+0x869
C  [libR.dylib+0xd3f43]  R_execMethod+0x263
C  [methods.so+0x28e7]  R_dispatchGeneric+0x997
C  [libR.dylib+0x119ec3]  do_standardGeneric+0x2a3
C  [libR.dylib+0xbbc61]  bcEval+0x6be1
C  [libR.dylib+0xb494d]  Rf_eval+0x1bd
C  [libR.dylib+0xd3209]  R_execClosure+0x869
C  [libR.dylib+0xd210a]  Rf_applyClosure+0x15a
C  [libR.dylib+0xbbd71]  bcEval+0x6cf1
C  [libR.dylib+0xb494d]  Rf_eval+0x1bd
C  [libR.dylib+0xd3209]  R_execClosure+0x869
C  [libR.dylib+0xd210a]  Rf_applyClosure+0x15a
C  [libR.dylib+0xbbd71]  bcEval+0x6cf1
C  [libR.dylib+0xb494d]  Rf_eval+0x1bd
C  [libR.dylib+0xd3209]  R_execClosure+0x869
C  [libR.dylib+0xd210a]  Rf_applyClosure+0x15a
C  [libR.dylib+0xb4e7d]  Rf_eval+0x6ed
C  [libR.dylib+0xd3209]  R_execClosure+0x869
C  [libR.dylib+0xd210a]  Rf_applyClosure+0x15a
C  [libR.dylib+0xd3b85]  R_forceAndCall+0x335
C  [purrr.so+0x35be]  call_loop+0xbe
C  [purrr.so+0x3789]  map_impl+0x129
C  [libR.dylib+0x83789]  R_doDotCall+0x3e9
C  [libR.dylib+0xcd46a]  bcEval+0x183ea
C  [libR.dylib+0xb494d]  Rf_eval+0x1bd
C  [libR.dylib+0xd3209]  R_execClosure+0x869
C  [libR.dylib+0xd210a]  Rf_applyClosure+0x15a
C  [libR.dylib+0xb4e7d]  Rf_eval+0x6ed
C  [libR.dylib+0xd3209]  R_execClosure+0x869
C  [libR.dylib+0xd210a]  Rf_applyClosure+0x15a
C  [libR.dylib+0xbbd71]  bcEval+0x6cf1
C  [libR.dylib+0xb494d]  Rf_eval+0x1bd
C  [libR.dylib+0xd18c3]  forcePromise+0xb3
C  [libR.dylib+0xb4c30]  Rf_eval+0x4a0
C  [libR.dylib+0xd7241]  do_withVisible+0x31
C  [libR.dylib+0x116603]  do_internal+0x153
C  [libR.dylib+0xbc369]  bcEval+0x72e9
C  [libR.dylib+0xb494d]  Rf_eval+0x1bd
C  [libR.dylib+0xd3209]  R_execClosure+0x869
C  [libR.dylib+0xd210a]  Rf_applyClosure+0x15a
C  [libR.dylib+0xbbd71]  bcEval+0x6cf1
C  [libR.dylib+0xb494d]  Rf_eval+0x1bd
C  [libR.dylib+0xd3209]  R_execClosure+0x869
C  [libR.dylib+0xd210a]  Rf_applyClosure+0x15a
C  [libR.dylib+0xb4e7d]  Rf_eval+0x6ed
C  [libR.dylib+0xd3209]  R_execClosure+0x869
C  [libR.dylib+0xd210a]  Rf_applyClosure+0x15a
C  [libR.dylib+0xb4e7d]  Rf_eval+0x6ed
C  [libR.dylib+0xd6bc6]  do_eval+0x286
C  [libR.dylib+0xbc186]  bcEval+0x7106
C  [libR.dylib+0xb494d]  Rf_eval+0x1bd
C  [libR.dylib+0xd3209]  R_execClosure+0x869
C  [libR.dylib+0xd210a]  Rf_applyClosure+0x15a
C  [libR.dylib+0xbbd71]  bcEval+0x6cf1
C  [libR.dylib+0xb494d]  Rf_eval+0x1bd
C  [libR.dylib+0xd18c3]  forcePromise+0xb3
C  [libR.dylib+0xb4c30]  Rf_eval+0x4a0
C  [libR.dylib+0xd7241]  do_withVisible+0x31
C  [libR.dylib+0x116603]  do_internal+0x153
C  [libR.dylib+0xbc369]  bcEval+0x72e9
C  [libR.dylib+0xb494d]  Rf_eval+0x1bd
C  [libR.dylib+0xd3209]  R_execClosure+0x869
C  [libR.dylib+0xd210a]  Rf_applyClosure+0x15a
C  [libR.dylib+0xbbd71]  bcEval+0x6cf1
C  [libR.dylib+0xb494d]  Rf_eval+0x1bd
C  [libR.dylib+0xd3209]  R_execClosure+0x869
C  [libR.dylib+0xd210a]  Rf_applyClosure+0x15a
...<more frames>...


siginfo: si_signo: 11 (SIGSEGV), si_code: 1 (SEGV_MAPERR), si_addr: 0x00007ff755c05b00

Register to memory mapping:

RAX={method} {0x00000008000868e0} 'getFixedDate' '(IIILsun/util/calendar/BaseCalendar$Date;)J' in 'sun/util/calendar/BaseCalendar'
RBX=0x0000000000000001 is an unknown value
RCX=0x0000000000000001 is an unknown value
RDX=0x00000000000007e4 is an unknown value
RSP=0x00007ffee79b2760 is pointing into the stack for thread: 0x00007ff74e94b800
RBP=0x00007ffee79b2830 is pointing into the stack for thread: 0x00007ff74e94b800
RSI=0x00000007e0127a88 is an oop: sun.util.calendar.Gregorian 
{0x00000007e0127a88} - klass: 'sun/util/calendar/Gregorian'
RDI=0x000000080006f4a0 is a pointer to class: 
sun.util.calendar.Gregorian$Date {0x000000080006f4a0}
R8 =0x0000000000000001 is an unknown value
R9 =0x0 is NULL
R10=0x00000007e0127a88 is an oop: sun.util.calendar.Gregorian 
{0x00000007e0127a88} - klass: 'sun/util/calendar/Gregorian'
R11=0x00000001295a4590 is at entry_point+48 in (nmethod*)0x00000001295a4390
R12=0x0 is NULL
R13=0x00007ffee79b27c0 is pointing into the stack for thread: 0x00007ff74e94b800
R14=0x00000001153995f8 is pointing into metadata
R15=0x00007ff74e94b800 is a thread


Registers:
RAX=0x00000008000868e0, RBX=0x0000000000000001, RCX=0x0000000000000001, RDX=0x00000000000007e4
RSP=0x00007ffee79b2760, RBP=0x00007ffee79b2830, RSI=0x00000007e0127a88, RDI=0x000000080006f4a0
R8 =0x0000000000000001, R9 =0x0000000000000000, R10=0x00000007e0127a88, R11=0x00000001295a4590
R12=0x0000000000000000, R13=0x00007ffee79b27c0, R14=0x00000001153995f8, R15=0x00007ff74e94b800
RIP=0x00000001295a45c2, EFLAGS=0x0000000000000246, ERR=0x00000000020000b8
  TRAPNO=0x0000000000000085

Top of Stack: (sp=0x00007ffee79b2760)
0x00007ffee79b2760:   00007ffee79b27d0 00007ffee79b2830
0x00007ffee79b2770:   0000000121aa7900 00000000000007e4
0x00007ffee79b2780:   0000000000000003 0000000000000004
0x00007ffee79b2790:   0000000000000000 0000000000000005
0x00007ffee79b27a0:   00007ffee79b2830 0000000121aa79d0
0x00007ffee79b27b0:   0000000000001c1e 0000000121aa79d0
0x00007ffee79b27c0:   0000000000000000 0000000000000001
0x00007ffee79b27d0:   0000000000000001 00000000000007e4
0x00007ffee79b27e0:   00000007e0127a88 00007ffee79b27e8
0x00007ffee79b27f0:   00000008006016ad 00007ffee79b28c0
0x00007ffee79b2800:   00000008003ced90 00000001153995f8
0x00007ffee79b2810:   00000007ffe07408 0000000800086780
0x00007ffee79b2820:   00007ffee79b27c0 00007ffee79b28d0
0x00007ffee79b2830:   00007ffee79b2c38 0000000122194d74
0x00007ffee79b2840:   0000000000000000 0000000000000000
0x00007ffee79b2850:   0000000000000000 0000000000000000
0x00007ffee79b2860:   0000000000000000 0000000000000000
0x00007ffee79b2870:   0000000000000000 0000000000000000
0x00007ffee79b2880:   0000000000000000 0000000000000000
0x00007ffee79b2890:   0000000000000000 00000000000007e4
0x00007ffee79b28a0:   00000007e0287c98 00000000000b4194
0x00007ffee79b28b0:   0000000000000000 00000007e0287c98
0x00007ffee79b28c0:   00000007e0127a88 0000000122194d74
0x00007ffee79b28d0:   0000000000000000 0000000000000000
0x00007ffee79b28e0:   0000000000000000 0000000111158d03
0x00007ffee79b28f0:   0000000000000000 0000000000000000
0x00007ffee79b2900:   0000000000000000 0000000000000000
0x00007ffee79b2910:   0000000000000000 0000000000000000
0x00007ffee79b2920:   0000000000000000 0000000000000000
0x00007ffee79b2930:   0000000000000000 0000000000000000
0x00007ffee79b2940:   0000000000000000 0000000000000000
0x00007ffee79b2950:   0000000000000000 0000000000000000 

Instructions: (pc=0x00000001295a45c2)
0x00000001295a44c2:   00 00 00 00 00 00 02 00 00 00 00 00 00 00 00 00
0x00000001295a44d2:   00 00 00 00 00 00 e0 01 00 00 06 00 00 00 ff ff
0x00000001295a44e2:   ff ff ff ff ff ff 1b 60 a7 10 2a b0 23 64 03 f8
0x00000001295a44f2:   70 11 b5 e2 01 00 05 70 0e 64 19 64 03 f8 70 11
0x00000001295a4502:   b5 e2 01 00 05 70 0e 64 1d 64 03 f8 70 11 b5 e2
0x00000001295a4512:   01 00 05 70 0e 64 21 64 03 f8 70 11 b5 e2 01 00
0x00000001295a4522:   05 70 0e 64 21 64 03 f8 70 11 b5 e2 01 00 05 70
0x00000001295a4532:   0e 64 25 64 03 f8 70 11 b5 e2 01 00 05 70 0e 64
0x00000001295a4542:   22 00 00 64 0f 64 00 00 00 00 00 00 00 00 00 00
0x00000001295a4552:   00 00 00 00 00 00 00 00 00 00 00 00 00 00 44 8b
0x00000001295a4562:   56 08 49 c1 e2 03 49 bc 00 00 00 00 08 00 00 00
0x00000001295a4572:   4d 03 d4 4d 33 e4 49 3b c2 0f 85 7f 47 54 f8 66
0x00000001295a4582:   66 90 0f 1f 84 00 00 00 00 00 66 66 66 90 89 84
0x00000001295a4592:   24 00 c0 fe ff 55 48 83 ec 40 4c 8b d6 83 f9 01
0x00000001295a45a2:   74 04 33 db eb 1a 41 83 f8 01 0f 85 02 01 00 00
0x00000001295a45b2:   b9 01 00 00 00 41 b8 01 00 00 00 bb 01 00 00 00
0x00000001295a45c2:   41 8b 69 4c 3b d5 0f 85 82 00 00 00 4d 8b 59 50
0x00000001295a45d2:   85 db 75 67 85 d2 7c 07 8b da 83 e3 03 eb 09 8b
0x00000001295a45e2:   da f7 db 83 e3 03 f7 db 4d 63 d0 85 db 0f 85 ef
0x00000001295a45f2:   00 00 00 44 8b c2 41 c1 f8 1f 4c 63 ca 4d 69 c9
0x00000001295a4602:   1f 85 eb 51 49 c1 f9 25 45 8b c9 45 2b c8 45 6b
0x00000001295a4612:   c1 64 41 3b d0 0f 84 fb 00 00 00 83 f9 0d 73 66
0x00000001295a4622:   49 b8 40 7a 12 e0 07 00 00 00 4d 63 44 88 10 4d
0x00000001295a4632:   03 c2 4d 03 c3 4d 8b d8 49 ff cb 49 8b c3 48 83
0x00000001295a4642:   c4 40 5d 4d 8b 97 10 01 00 00 41 85 02 c3 be 45
0x00000001295a4652:   ff ff ff 4c 89 14 24 89 4c 24 0c 44 89 44 24 10
0x00000001295a4662:   4c 89 4c 24 18 89 54 24 14 89 5c 24 20 e8 0c 27
0x00000001295a4672:   54 f8 48 bf b5 e2 70 11 01 00 00 00 48 83 e4 f0
0x00000001295a4682:   e8 a9 4f ed e7 f4 be e4 ff ff ff 8b e9 4c 89 1c
0x00000001295a4692:   24 4c 89 54 24 08 66 66 90 e8 e0 26 54 f8 48 bf
0x00000001295a46a2:   b5 e2 70 11 01 00 00 00 48 83 e4 f0 e8 7d 4f ed
0x00000001295a46b2:   e7 f4 be 45 ff ff ff 49 8b ea 89 14 24 4c 89 4c 


Stack slot to memory mapping:
stack at sp + 0 slots: 0x00007ffee79b27d0 is pointing into the stack for thread: 0x00007ff74e94b800
stack at sp + 1 slots: 0x00007ffee79b2830 is pointing into the stack for thread: 0x00007ff74e94b800
stack at sp + 2 slots: 0x0000000121aa7900 is at code_begin+832 in an Interpreter codelet
invoke return entry points  [0x0000000121aa75c0, 0x0000000121aa7fe0]  2592 bytes
stack at sp + 3 slots: 0x00000000000007e4 is an unknown value
stack at sp + 4 slots: 0x0000000000000003 is an unknown value
stack at sp + 5 slots: 0x0000000000000004 is an unknown value
stack at sp + 6 slots: 0x0 is NULL
stack at sp + 7 slots: 0x0000000000000005 is an unknown value

--------------------------------------------------------------------------------
[Constant Pool (empty)]

--------------------------------------------------------------------------------

[MachCode]
  0x00000001295a4560: 448b 5608 | 49c1 e203 | 49bc 0000 | 0000 0800 | 0000 4d03 | d44d 33e4 | 493b c20f | 857f 4754 
  0x00000001295a4580: f866 6690 | 0f1f 8400 | 0000 0000 | 6666 6690 | 8984 2400 | c0fe ff55 | 4883 ec40 | 4c8b d683 
  0x00000001295a45a0: f901 7404 | 33db eb1a | 4183 f801 | 0f85 0201 | 0000 b901 | 0000 0041 | b801 0000 | 00bb 0100 
  0x00000001295a45c0: 0000 418b | 694c 3bd5 | 0f85 8200 | 0000 4d8b | 5950 85db | 7567 85d2 | 7c07 8bda | 83e3 03eb 
  0x00000001295a45e0: 098b daf7 | db83 e303 | f7db 4d63 | d085 db0f | 85ef 0000 | 0044 8bc2 | 41c1 f81f | 4c63 ca4d 
  0x00000001295a4600: 69c9 1f85 | eb51 49c1 | f925 458b | c945 2bc8 | 456b c164 | 413b d00f | 84fb 0000 | 0083 f90d 
  0x00000001295a4620: 7366 49b8 | 407a 12e0 | 0700 0000 | 4d63 4488 | 104d 03c2 | 4d03 c34d | 8bd8 49ff | cb49 8bc3 
  0x00000001295a4640: 4883 c440 | 5d4d 8b97 | 1001 0000 | 4185 02c3 | be45 ffff | ff4c 8914 | 2489 4c24 | 0c44 8944 
  0x00000001295a4660: 2410 4c89 | 4c24 1889 | 5424 1489 | 5c24 20e8 | 0c27 54f8 | 48bf b5e2 | 7011 0100 | 0000 4883 
  0x00000001295a4680: e4f0 e8a9 | 4fed e7f4 | bee4 ffff | ff8b e94c | 891c 244c | 8954 2408 | 6666 90e8 | e026 54f8 
  0x00000001295a46a0: 48bf b5e2 | 7011 0100 | 0000 4883 | e4f0 e87d | 4fed e7f4 | be45 ffff | ff49 8bea | 8914 244c 
  0x00000001295a46c0: 894c 2408 | 4489 4424 | 1066 90e8 | b026 54f8 | 48bf b5e2 | 7011 0100 | 0000 4883 | e4f0 e84d 
  0x00000001295a46e0: 4fed e7f4 | be45 ffff | ff8b e989 | 1424 4c89 | 5c24 084c | 8954 2410 | 895c 2404 | 6666 90e8 
  0x00000001295a4700: 7c26 54f8 | 48bf b5e2 | 7011 0100 | 0000 4883 | e4f0 e819 | 4fed e7f4 | 8bea 412b | e8be 45ff 
  0x00000001295a4720: ffff 890c | 2489 5424 | 044c 895c | 2408 4c89 | 5424 10e8 | 4826 54f8 | 48bf b5e2 | 7011 0100 
  0x00000001295a4740: 0000 4883 | e4f0 e8e5 | 4eed e7f4 | be45 ffff | ff49 8bea | 8914 2489 | 4c24 0444 | 8944 2408 
  0x00000001295a4760: 4c89 4c24 | 1889 5c24 | 0c66 90e8 | 1026 54f8 | 48bf b5e2 | 7011 0100 | 0000 4883 | e4f0 e8ad 
  0x00000001295a4780: 4eed e7f4 | f4f4 f4f4 | f4f4 f4f4 | f4f4 f4f4 | f4f4 f4f4 | f4f4 f4f4 | f4f4 f4f4 | f4f4 f4f4 
  0x00000001295a47a0: e9db eb5e | f8e8 0000 | 0000 4883 | 2c24 05e9 | ec28 54f8 | f4f4 f4f4 
[/MachCode]
--------------------------------------------------------------------------------


---------------  P R O C E S S  ---------------

Threads class SMR info:
_java_thread_list=0x00007ff73cce22c0, length=10, elements={
0x00007ff74e94b800, 0x00007ff75b95d800, 0x00007ff75b95e800, 0x00007ff7575fc000,
0x00007ff757617800, 0x00007ff757dff800, 0x00007ff7576e9000, 0x00007ff75774c000,
0x00007ff75a3bf000, 0x00007ff75b024800
}

Java Threads: ( => current thread )
=>0x00007ff74e94b800 JavaThread "main" [_thread_in_Java, id=775, stack(0x00007ffee71ce000,0x00007ffee79ce000)]
  0x00007ff75b95d800 JavaThread "Reference Handler" daemon [_thread_blocked, id=18435, stack(0x00007000050c3000,0x00007000052c3000)]
  0x00007ff75b95e800 JavaThread "Finalizer" daemon [_thread_blocked, id=18179, stack(0x00007000052c6000,0x00007000054c6000)]
  0x00007ff7575fc000 JavaThread "Attach Listener" daemon [_thread_blocked, id=15619, stack(0x00007000055cf000,0x00007000057cf000)]
  0x00007ff757617800 JavaThread "Service Thread" daemon [_thread_blocked, id=15107, stack(0x00007000057d2000,0x00007000059d2000)]
  0x00007ff757dff800 JavaThread "C2 CompilerThread0" daemon [_thread_blocked, id=43011, stack(0x00007000059d5000,0x0000700005ad5000)]
  0x00007ff7576e9000 JavaThread "C1 CompilerThread0" daemon [_thread_blocked, id=22019, stack(0x0000700005ad8000,0x0000700005bd8000)]
  0x00007ff75774c000 JavaThread "Sweeper thread" daemon [_thread_blocked, id=22531, stack(0x0000700005bdb000,0x0000700005ddb000)]
  0x00007ff75a3bf000 JavaThread "Notification Thread" daemon [_thread_blocked, id=23043, stack(0x0000700005dde000,0x0000700005fde000)]
  0x00007ff75b024800 JavaThread "Common-Cleaner" daemon [_thread_blocked, id=41475, stack(0x00007000060e4000,0x00007000062e4000)]

Other Threads:
  0x00007ff75bbae800 VMThread "VM Thread" [stack: 0x0000700004fc0000,0x00007000050c0000] [id=13059]
  0x00007ff7562e1000 WatcherThread [stack: 0x0000700005fe1000,0x00007000060e1000] [id=23299]
  0x00007ff75b9f6000 GCTaskThread "GC Thread#0" [stack: 0x0000700004ab1000,0x0000700004bb1000] [id=11779]
  0x00007ff73da2f000 GCTaskThread "GC Thread#1" [stack: 0x0000700006470000,0x0000700006570000] [id=37635]
  0x00007ff73d746800 GCTaskThread "GC Thread#2" [stack: 0x0000700006573000,0x0000700006673000] [id=25859]
  0x00007ff75b11d000 GCTaskThread "GC Thread#3" [stack: 0x0000700006676000,0x0000700006776000] [id=37123]
  0x00007ff75bb1e000 ConcurrentGCThread "G1 Main Marker" [stack: 0x0000700004bb4000,0x0000700004cb4000] [id=20995]
  0x00007ff759e4d800 ConcurrentGCThread "G1 Conc#0" [stack: 0x0000700004cb7000,0x0000700004db7000] [id=20483]
  0x00007ff756cc8000 ConcurrentGCThread "G1 Refine#0" [stack: 0x0000700004dba000,0x0000700004eba000] [id=12803]
  0x00007ff74eda9000 ConcurrentGCThread "G1 Young RemSet Sampling" [stack: 0x0000700004ebd000,0x0000700004fbd000] [id=19715]

Threads with active compile tasks:

VM state:not at safepoint (normal execution)

VM Mutex/Monitor currently owned by a thread: None

Heap address: 0x00000007e0000000, size: 512 MB, Compressed Oops mode: Zero based, Oop shift amount: 3
Narrow klass base: 0x0000000800000000, Narrow klass shift: 3
Compressed class space size: 1073741824 Address: 0x0000000800b05000

Heap:
 garbage-first heap   total 20480K, used 4651K [0x00000007e0000000, 0x0000000800000000)
  region size 1024K, 1 young (1024K), 0 survivors (0K)
 Metaspace       used 3251K, capacity 6220K, committed 6528K, reserved 1056768K
  class space    used 303K, capacity 609K, committed 640K, reserved 1048576K
Heap Regions: E=young(eden), S=young(survivor), O=old, HS=humongous(starts), HC=humongous(continues), CS=collection set, F=free, OA=open archive, CA=closed archive, TAMS=top-at-mark-start (previous, next)
|   0|0x00000007e0000000, 0x00000007e00ffff8, 0x00000007e0100000| 99%| O|  |TAMS 0x00000007e0000000, 0x00000007e0000000| Untracked 
|   1|0x00000007e0100000, 0x00000007e01fffd8, 0x00000007e0200000| 99%| O|  |TAMS 0x00000007e0100000, 0x00000007e0100000| Untracked 
|   2|0x00000007e0200000, 0x00000007e02d5e28, 0x00000007e0300000| 83%| O|  |TAMS 0x00000007e0200000, 0x00000007e0200000| Untracked 
|   3|0x00000007e0300000, 0x00000007e03e9020, 0x00000007e0400000| 91%| O|  |TAMS 0x00000007e0300000, 0x00000007e0300000| Untracked 
|   4|0x00000007e0400000, 0x00000007e0400000, 0x00000007e0500000|  0%| F|  |TAMS 0x00000007e0400000, 0x00000007e0400000| Untracked 
|   5|0x00000007e0500000, 0x00000007e0500000, 0x00000007e0600000|  0%| F|  |TAMS 0x00000007e0500000, 0x00000007e0500000| Untracked 
|   6|0x00000007e0600000, 0x00000007e0600000, 0x00000007e0700000|  0%| F|  |TAMS 0x00000007e0600000, 0x00000007e0600000| Untracked 
|   7|0x00000007e0700000, 0x00000007e0700000, 0x00000007e0800000|  0%| F|  |TAMS 0x00000007e0700000, 0x00000007e0700000| Untracked 
|   8|0x00000007e0800000, 0x00000007e0800000, 0x00000007e0900000|  0%| F|  |TAMS 0x00000007e0800000, 0x00000007e0800000| Untracked 
|   9|0x00000007e0900000, 0x00000007e0900000, 0x00000007e0a00000|  0%| F|  |TAMS 0x00000007e0900000, 0x00000007e0900000| Untracked 
|  10|0x00000007e0a00000, 0x00000007e0a00000, 0x00000007e0b00000|  0%| F|  |TAMS 0x00000007e0a00000, 0x00000007e0a00000| Untracked 
|  11|0x00000007e0b00000, 0x00000007e0b00000, 0x00000007e0c00000|  0%| F|  |TAMS 0x00000007e0b00000, 0x00000007e0b00000| Untracked 
|  12|0x00000007e0c00000, 0x00000007e0c00000, 0x00000007e0d00000|  0%| F|  |TAMS 0x00000007e0c00000, 0x00000007e0c00000| Untracked 
|  13|0x00000007e0d00000, 0x00000007e0d00000, 0x00000007e0e00000|  0%| F|  |TAMS 0x00000007e0d00000, 0x00000007e0d00000| Untracked 
|  14|0x00000007e0e00000, 0x00000007e0e00000, 0x00000007e0f00000|  0%| F|  |TAMS 0x00000007e0e00000, 0x00000007e0e00000| Untracked 
|  15|0x00000007e0f00000, 0x00000007e0f00000, 0x00000007e1000000|  0%| F|  |TAMS 0x00000007e0f00000, 0x00000007e0f00000| Untracked 
|  16|0x00000007e1000000, 0x00000007e1000000, 0x00000007e1100000|  0%| F|  |TAMS 0x00000007e1000000, 0x00000007e1000000| Untracked 
| 232|0x00000007ee800000, 0x00000007ee8a0be0, 0x00000007ee900000| 62%| E|  |TAMS 0x00000007ee800000, 0x00000007ee800000| Complete 
| 510|0x00000007ffe00000, 0x00000007ffe51000, 0x00000007fff00000| 31%|OA|  |TAMS 0x00000007ffe00000, 0x00000007ffe00000| Untracked 
| 511|0x00000007fff00000, 0x00000007fff7b000, 0x0000000800000000| 48%|CA|  |TAMS 0x00000007fff00000, 0x00000007fff00000| Untracked 

Card table byte_map: [0x0000000112015000,0x0000000112115000] _byte_map_base: 0x000000010e115000

Marking Bits (Prev, Next): (CMBitMap*) 0x00007ff75bae9a18, (CMBitMap*) 0x00007ff75bae9a58
 Prev Bits: [0x0000000112215000, 0x0000000112a15000)
 Next Bits: [0x0000000112a15000, 0x0000000113215000)

Polling page: 0x00000001099b6000

Metaspace:

Usage:
  Non-class:      5.48 MB capacity,     2.88 MB ( 53%) used,     2.59 MB ( 47%) free+waste,     6.44 KB ( <1%) overhead. 
      Class:    609.00 KB capacity,   303.48 KB ( 50%) used,   301.71 KB ( 50%) free+waste,     3.81 KB ( <1%) overhead. 
       Both:      6.07 MB capacity,     3.17 MB ( 52%) used,     2.89 MB ( 48%) free+waste,    10.25 KB ( <1%) overhead. 

Virtual space:
  Non-class space:        8.00 MB reserved,       5.75 MB ( 72%) committed 
      Class space:        1.00 GB reserved,     640.00 KB ( <1%) committed 
             Both:        1.01 GB reserved,       6.38 MB ( <1%) committed 

Chunk freelists:
   Non-Class:  57.00 KB
       Class:  11.00 KB
        Both:  68.00 KB

MaxMetaspaceSize: unlimited
CompressedClassSpaceSize: 1.00 GB

CodeHeap 'non-profiled nmethods': size=120032Kb used=313Kb max_used=313Kb free=119718Kb
 bounds [0x0000000129566000, 0x00000001297d6000, 0x0000000130a9e000]
CodeHeap 'profiled nmethods': size=120028Kb used=1474Kb max_used=1474Kb free=118553Kb
 bounds [0x000000012202f000, 0x000000012229f000, 0x0000000129566000]
CodeHeap 'non-nmethods': size=5700Kb used=1157Kb max_used=1196Kb free=4542Kb
 bounds [0x0000000121a9e000, 0x0000000121d0e000, 0x000000012202f000]
 total_blobs=1158 nmethods=745 adapters=327
 compilation: enabled
              stopped_count=0, restarted_count=0
 full_count=0

Compilation events (20 events):
Event: 2.580 Thread 0x00007ff757dff800  736       4       sun.util.calendar.Gregorian$Date::getNormalizedYear (5 bytes)
Event: 2.581 Thread 0x00007ff757dff800 nmethod 736 0x00000001295b3410 code [0x00000001295b3580, 0x00000001295b35f8]
Event: 2.581 Thread 0x00007ff757dff800  738       4       java.nio.DirectByteBuffer::ix (10 bytes)
Event: 2.582 Thread 0x00007ff7576e9000 nmethod 737 0x000000012219b710 code [0x000000012219ba40, 0x000000012219ced0]
Event: 2.582 Thread 0x00007ff757dff800 nmethod 738 0x00000001295b3710 code [0x00000001295b3880, 0x00000001295b38f8]
Event: 2.582 Thread 0x00007ff757a6b000 nmethod 735 0x00000001295b3a10 code [0x00000001295b3be0, 0x00000001295b3df8]
Event: 2.901 Thread 0x00007ff7576e9000  739       3       java.util.regex.Pattern::has (15 bytes)
Event: 2.901 Thread 0x00007ff7576e9000 nmethod 739 0x000000012219d710 code [0x000000012219d8a0, 0x000000012219da10]
Event: 2.902 Thread 0x00007ff7576e9000  740       3       java.util.Objects::checkFromIndexSize (8 bytes)
Event: 2.903 Thread 0x00007ff7576e9000 nmethod 740 0x000000012219da90 code [0x000000012219dc40, 0x000000012219de40]
Event: 2.903 Thread 0x00007ff7576e9000  741       3       jdk.internal.util.Preconditions::checkFromIndexSize (25 bytes)
Event: 2.903 Thread 0x00007ff7576e9000 nmethod 741 0x000000012219df90 code [0x000000012219e1a0, 0x000000012219e9f0]
Event: 2.903 Thread 0x00007ff7576e9000  742       3       jdk.internal.misc.Unsafe::checkPointer (19 bytes)
Event: 2.903 Thread 0x00007ff7576e9000 nmethod 742 0x000000012219ec10 code [0x000000012219ede0, 0x000000012219f1a0]
Event: 2.906 Thread 0x00007ff757dff800  743       4       java.lang.Class::getComponentType (14 bytes)
Event: 2.907 Thread 0x00007ff7576e9000  744       3       java.util.LinkedHashMap::get (33 bytes)
Event: 2.907 Thread 0x00007ff757dff800 nmethod 743 0x00000001295b3f10 code [0x00000001295b4080, 0x00000001295b4138]
Event: 2.907 Thread 0x00007ff7576e9000 nmethod 744 0x000000012219f310 code [0x000000012219f4e0, 0x000000012219f940]
Event: 2.911 Thread 0x00007ff7576e9000  745       1       java.lang.Integer::intValue (5 bytes)
Event: 2.922 Thread 0x00007ff7576e9000 nmethod 745 0x00000001295b4210 code [0x00000001295b43a0, 0x00000001295b4470]

GC Heap History (8 events):
Event: 2.336 GC heap before
{Heap before GC invocations=0 (full 0):
 garbage-first heap   total 264192K, used 9008K [0x00000007e0000000, 0x0000000800000000)
  region size 1024K, 9 young (9216K), 0 survivors (0K)
 Metaspace       used 3039K, capacity 6155K, committed 6272K, reserved 1056768K
  class space    used 300K, capacity 609K, committed 640K, reserved 1048576K
}
Event: 2.344 GC heap after
{Heap after GC invocations=1 (full 1):
 garbage-first heap   total 20480K, used 2661K [0x00000007e0000000, 0x0000000800000000)
  region size 1024K, 0 young (0K), 0 survivors (0K)
 Metaspace       used 3039K, capacity 6155K, committed 6272K, reserved 1056768K
  class space    used 300K, capacity 609K, committed 640K, reserved 1048576K
}
Event: 2.500 GC heap before
{Heap before GC invocations=1 (full 1):
 garbage-first heap   total 20480K, used 7781K [0x00000007e0000000, 0x0000000800000000)
  region size 1024K, 5 young (5120K), 0 survivors (0K)
 Metaspace       used 3219K, capacity 6220K, committed 6528K, reserved 1056768K
  class space    used 302K, capacity 609K, committed 640K, reserved 1048576K
}
Event: 2.503 GC heap after
{Heap after GC invocations=2 (full 1):
 garbage-first heap   total 20480K, used 4638K [0x00000007e0000000, 0x0000000800000000)
  region size 1024K, 1 young (1024K), 1 survivors (1024K)
 Metaspace       used 3219K, capacity 6220K, committed 6528K, reserved 1056768K
  class space    used 302K, capacity 609K, committed 640K, reserved 1048576K
}
Event: 2.564 GC heap before
{Heap before GC invocations=2 (full 1):
 garbage-first heap   total 20480K, used 7710K [0x00000007e0000000, 0x0000000800000000)
  region size 1024K, 4 young (4096K), 1 survivors (1024K)
 Metaspace       used 3220K, capacity 6220K, committed 6528K, reserved 1056768K
  class space    used 302K, capacity 609K, committed 640K, reserved 1048576K
}
Event: 2.566 GC heap after
{Heap after GC invocations=3 (full 1):
 garbage-first heap   total 20480K, used 5237K [0x00000007e0000000, 0x0000000800000000)
  region size 1024K, 1 young (1024K), 1 survivors (1024K)
 Metaspace       used 3220K, capacity 6220K, committed 6528K, reserved 1056768K
  class space    used 302K, capacity 609K, committed 640K, reserved 1048576K
}
Event: 2.911 GC heap before
{Heap before GC invocations=3 (full 1):
 garbage-first heap   total 20480K, used 6261K [0x00000007e0000000, 0x0000000800000000)
  region size 1024K, 3 young (3072K), 1 survivors (1024K)
 Metaspace       used 3239K, capacity 6220K, committed 6528K, reserved 1056768K
  class space    used 302K, capacity 609K, committed 640K, reserved 1048576K
}
Event: 2.922 GC heap after
{Heap after GC invocations=4 (full 2):
 garbage-first heap   total 20480K, used 4651K [0x00000007e0000000, 0x0000000800000000)
  region size 1024K, 0 young (0K), 0 survivors (0K)
 Metaspace       used 3239K, capacity 6220K, committed 6528K, reserved 1056768K
  class space    used 302K, capacity 609K, committed 640K, reserved 1048576K
}

Deoptimization events (20 events):
Event: 2.033 Thread 0x00007ff74e94b800 DEOPT PACKING pc=0x0000000122062f68 sp=0x00007ffee79bdfa0
Event: 2.033 Thread 0x00007ff74e94b800 DEOPT UNPACKING pc=0x0000000121ae733a sp=0x00007ffee79bd438 mode 0
Event: 2.531 Thread 0x00007ff74e94b800 DEOPT PACKING pc=0x000000012217d171 sp=0x00007ffee79b2900
Event: 2.531 Thread 0x00007ff74e94b800 DEOPT UNPACKING pc=0x0000000121ae733a sp=0x00007ffee79b1f28 mode 0
Event: 2.563 Thread 0x00007ff74e94b800 Uncommon trap: trap_request=0xffffff45 fr.pc=0x00000001295adba8 relative=0x0000000000000b88
Event: 2.563 Thread 0x00007ff74e94b800 Uncommon trap: reason=unstable_if action=reinterpret pc=0x00000001295adba8 method=java.util.GregorianCalendar.computeFields(II)I @ 225 c2
Event: 2.563 Thread 0x00007ff74e94b800 DEOPT PACKING pc=0x00000001295adba8 sp=0x00007ffee79b2960
Event: 2.563 Thread 0x00007ff74e94b800 DEOPT UNPACKING pc=0x0000000121ae6e25 sp=0x00007ffee79b2870 mode 2
Event: 2.911 Thread 0x00007ff74e94b800 Uncommon trap: trap_request=0xffffff45 fr.pc=0x00000001295a1700 relative=0x0000000000000120
Event: 2.911 Thread 0x00007ff74e94b800 Uncommon trap: reason=unstable_if action=reinterpret pc=0x00000001295a1700 method=org.postgresql.jdbc.PgResultSet.checkResultSet(I)V @ 46 c2
Event: 2.911 Thread 0x00007ff74e94b800 DEOPT PACKING pc=0x00000001295a1700 sp=0x00007ffee79b2b10
Event: 2.911 Thread 0x00007ff74e94b800 DEOPT UNPACKING pc=0x0000000121ae6e25 sp=0x00007ffee79b2ad8 mode 2
Event: 2.923 Thread 0x00007ff74e94b800 Uncommon trap: trap_request=0xffffff45 fr.pc=0x000000012959b1ec relative=0x000000000000016c
Event: 2.923 Thread 0x00007ff74e94b800 Uncommon trap: reason=unstable_if action=reinterpret pc=0x000000012959b1ec method=java.util.Calendar.set(II)V @ 4 c2
Event: 2.923 Thread 0x00007ff74e94b800 DEOPT PACKING pc=0x000000012959b1ec sp=0x00007ffee79b2ba0
Event: 2.923 Thread 0x00007ff74e94b800 DEOPT UNPACKING pc=0x0000000121ae6e25 sp=0x00007ffee79b2b60 mode 2
Event: 2.924 Thread 0x00007ff74e94b800 Uncommon trap: trap_request=0xffffffde fr.pc=0x00000001295a2580 relative=0x00000000000002c0
Event: 2.924 Thread 0x00007ff74e94b800 Uncommon trap: reason=class_check action=maybe_recompile pc=0x00000001295a2580 method=java.util.Calendar.setTime(Ljava/util/Date;)V @ 2 c2
Event: 2.924 Thread 0x00007ff74e94b800 DEOPT PACKING pc=0x00000001295a2580 sp=0x00007ffee79b2ca0
Event: 2.924 Thread 0x00007ff74e94b800 DEOPT UNPACKING pc=0x0000000121ae6e25 sp=0x00007ffee79b2bd0 mode 2

Classes unloaded (0 events):
No events

Classes redefined (0 events):
No events

Internal exceptions (1 events):
Event: 2.308 Thread 0x00007ff74e94b800 Exception <a 'java/lang/NoSuchMethodError'{0x00000007ef8c4640}: 'int java.lang.invoke.DirectMethodHandle$Holder.invokeSpecialIFC(java.lang.Object, java.lang.Object, int)'> (0x00000007ef8c4640) 
thrown [./open/src/hotspot/share/interpreter/linkResolver.cpp, line 766]

Events (20 events):
Event: 2.309 loading class java/util/Stack
Event: 2.309 loading class java/util/Stack done
Event: 2.336 Executing VM operation: G1CollectFull
Event: 2.344 Executing VM operation: G1CollectFull done
Event: 2.345 Executing VM operation: HandshakeOneThread
Event: 2.345 Executing VM operation: HandshakeOneThread done
Event: 2.377 Thread 0x00007ff757a6b000 Thread added: 0x00007ff757a6b000
Event: 2.377 Protecting memory [0x0000700006779000,0x000070000677d000] with protection modes 0
Event: 2.463 Executing VM operation: HandshakeOneThread
Event: 2.463 Executing VM operation: HandshakeOneThread done
Event: 2.499 Executing VM operation: G1CollectForAllocation
Event: 2.513 Executing VM operation: G1CollectForAllocation done
Event: 2.563 Executing VM operation: G1CollectForAllocation
Event: 2.568 Executing VM operation: G1CollectForAllocation done
Event: 2.901 Protecting memory [0x0000700006779000,0x000070000677d000] with protection modes 3
Event: 2.901 Thread 0x00007ff757a6b000 Thread exited: 0x00007ff757a6b000
Event: 2.911 Executing VM operation: G1CollectFull
Event: 2.922 Executing VM operation: G1CollectFull done
Event: 2.923 loading class jdk/internal/math/FloatingDecimal$ASCIIToBinaryBuffer
Event: 2.923 loading class jdk/internal/math/FloatingDecimal$ASCIIToBinaryBuffer done


Dynamic libraries:
0x00007fff2b99c000 	/System/Library/Frameworks/AppKit.framework/Versions/C/AppKit
0x00000001092cc000 	/Library/Frameworks/R.framework/Versions/3.6/Resources/lib/libR.dylib
0x00007fff657be000 	/usr/lib/libSystem.B.dylib
0x00007fff67cfa000 	/usr/lib/libz.1.dylib
0x00007fff2fad1000 	/System/Library/Frameworks/CoreServices.framework/Versions/A/CoreServices
0x000000010975b000 	/Applications/RStudio.app/Contents/Frameworks/libssl.1.0.0.dylib
0x00000001097bd000 	/Applications/RStudio.app/Contents/Frameworks/libcrypto.1.0.0.dylib
0x00007fff65aa4000 	/usr/lib/libc++.1.dylib
0x00007fff2e6e9000 	/System/Library/Frameworks/CoreFoundation.framework/Versions/A/CoreFoundation
0x00007fff30da6000 	/System/Library/Frameworks/Foundation.framework/Versions/C/Foundation
0x00007fff6761e000 	/usr/lib/libobjc.A.dylib
0x00007fff5f7d4000 	/System/Library/PrivateFrameworks/UIFoundation.framework/Versions/A/UIFoundation
0x00007fff5a868000 	/System/Library/PrivateFrameworks/RemoteViewServices.framework/Versions/A/RemoteViewServices
0x00007fff6232e000 	/System/Library/PrivateFrameworks/XCTTargetBootstrap.framework/Versions/A/XCTTargetBootstrap
0x00007fff2e5b6000 	/System/Library/Frameworks/CoreDisplay.framework/Versions/A/CoreDisplay
0x00007fff33c60000 	/System/Library/Frameworks/Metal.framework/Versions/A/Metal
0x00007fff48855000 	/System/Library/PrivateFrameworks/DesktopServicesPriv.framework/Versions/A/DesktopServicesPriv
0x00007fff668f9000 	/usr/lib/liblangid.dylib
0x00007fff47aea000 	/System/Library/PrivateFrameworks/CoreSVG.framework/Versions/A/CoreSVG
0x00007fff5d9c4000 	/System/Library/PrivateFrameworks/SkyLight.framework/Versions/A/SkyLight
0x00007fff2eb6a000 	/System/Library/Frameworks/CoreGraphics.framework/Versions/A/CoreGraphics
0x00007fff2a370000 	/System/Library/Frameworks/Accelerate.framework/Versions/A/Accelerate
0x00007fff67beb000 	/usr/lib/libxml2.2.dylib
0x00007fff537f3000 	/System/Library/PrivateFrameworks/IconServices.framework/Versions/A/IconServices
0x00007fff31585000 	/System/Library/Frameworks/IOSurface.framework/Versions/A/IOSurface
0x00007fff652e8000 	/usr/lib/libDiagnosticMessagesClient.dylib
0x00007fff2c7ac000 	/System/Library/Frameworks/ApplicationServices.framework/Versions/A/ApplicationServices
0x00007fff486af000 	/System/Library/PrivateFrameworks/DFRFoundation.framework/Versions/A/DFRFoundation
0x00007fff66688000 	/usr/lib/libicucore.A.dylib
0x00007fff2cade000 	/System/Library/Frameworks/AudioToolbox.framework/Versions/A/AudioToolbox
0x00007fff2cbc1000 	/System/Library/Frameworks/AudioUnit.framework/Versions/A/AudioUnit
0x00007fff659c0000 	/usr/lib/libauto.dylib
0x00007fff2e1cb000 	/System/Library/Frameworks/CoreData.framework/Versions/A/CoreData
0x00007fff48751000 	/System/Library/PrivateFrameworks/DataDetectorsCore.framework/Versions/A/DataDetectorsCore
0x00007fff2d368000 	/System/Library/Frameworks/Carbon.framework/Versions/A/Frameworks/HIToolbox.framework/Versions/A/HIToolbox
0x00007fff3a238000 	/System/Library/Frameworks/QuartzCore.framework/Versions/A/QuartzCore
0x00007fff3b03e000 	/System/Library/Frameworks/Security.framework/Versions/A/Security
0x00007fff2d6a7000 	/System/Library/Frameworks/Carbon.framework/Versions/A/Frameworks/SpeechRecognition.framework/Versions/A/SpeechRecognition
0x00007fff481c3000 	/System/Library/PrivateFrameworks/CoreUI.framework/Versions/A/CoreUI
0x00007fff2dc36000 	/System/Library/Frameworks/CoreAudio.framework/Versions/A/CoreAudio
0x00007fff30a65000 	/System/Library/Frameworks/DiskArbitration.framework/Versions/A/DiskArbitration
0x00007fff55843000 	/System/Library/PrivateFrameworks/MultitouchSupport.framework/Versions/A/MultitouchSupport
0x00007fff6654f000 	/usr/lib/libenergytrace.dylib
0x00007fff314df000 	/System/Library/Frameworks/IOKit.framework/Versions/A/IOKit
0x00007fff579fb000 	/System/Library/PrivateFrameworks/PerformanceAnalysis.framework/Versions/A/PerformanceAnalysis
0x00007fff3926b000 	/System/Library/Frameworks/OpenGL.framework/Versions/A/OpenGL
0x00007fff2d855000 	/System/Library/Frameworks/ColorSync.framework/Versions/A/ColorSync
0x00007fff2f1ed000 	/System/Library/Frameworks/CoreImage.framework/Versions/A/CoreImage
0x00007fff30544000 	/System/Library/Frameworks/CoreText.framework/Versions/A/CoreText
0x00007fff31615000 	/System/Library/Frameworks/ImageIO.framework/Versions/A/ImageIO
0x00007fff65b20000 	/usr/lib/libcompression.dylib
0x00007fff6562c000 	/usr/lib/libMobileGestalt.dylib
0x00007fff5f53e000 	/System/Library/PrivateFrameworks/TextureIO.framework/Versions/A/TextureIO
0x00007fff65923000 	/usr/lib/libate.dylib
0x00007fff539fc000 	/System/Library/PrivateFrameworks/InternationalSupport.framework/Versions/A/InternationalSupport
0x00007fff685bb000 	/usr/lib/system/libcache.dylib
0x00007fff685c1000 	/usr/lib/system/libcommonCrypto.dylib
0x00007fff685cd000 	/usr/lib/system/libcompiler_rt.dylib
0x00007fff685d5000 	/usr/lib/system/libcopyfile.dylib
0x00007fff685df000 	/usr/lib/system/libcorecrypto.dylib
0x00007fff6877e000 	/usr/lib/system/libdispatch.dylib
0x00007fff687bf000 	/usr/lib/system/libdyld.dylib
0x00007fff687f6000 	/usr/lib/system/libkeymgr.dylib
0x00007fff68804000 	/usr/lib/system/liblaunch.dylib
0x00007fff68805000 	/usr/lib/system/libmacho.dylib
0x00007fff6880b000 	/usr/lib/system/libquarantine.dylib
0x00007fff6880e000 	/usr/lib/system/libremovefile.dylib
0x00007fff68810000 	/usr/lib/system/libsystem_asl.dylib
0x00007fff68828000 	/usr/lib/system/libsystem_blocks.dylib
0x00007fff68829000 	/usr/lib/system/libsystem_c.dylib
0x00007fff688b1000 	/usr/lib/system/libsystem_configuration.dylib
0x00007fff688b5000 	/usr/lib/system/libsystem_coreservices.dylib
0x00007fff688b9000 	/usr/lib/system/libsystem_darwin.dylib
0x00007fff688c2000 	/usr/lib/system/libsystem_dnssd.dylib
0x00007fff688ca000 	/usr/lib/system/libsystem_featureflags.dylib
0x00007fff688cc000 	/usr/lib/system/libsystem_info.dylib
0x00007fff68947000 	/usr/lib/system/libsystem_m.dylib
0x00007fff6898f000 	/usr/lib/system/libsystem_malloc.dylib
0x00007fff689b7000 	/usr/lib/system/libsystem_networkextension.dylib
0x00007fff689c5000 	/usr/lib/system/libsystem_notify.dylib
0x00007fff689e3000 	/usr/lib/system/libsystem_sandbox.dylib
0x00007fff689e8000 	/usr/lib/system/libsystem_secinit.dylib
0x00007fff6891a000 	/usr/lib/system/libsystem_kernel.dylib
0x00007fff689cf000 	/usr/lib/system/libsystem_platform.dylib
0x00007fff689d8000 	/usr/lib/system/libsystem_pthread.dylib
0x00007fff689eb000 	/usr/lib/system/libsystem_symptoms.dylib
0x00007fff689f3000 	/usr/lib/system/libsystem_trace.dylib
0x00007fff68a0b000 	/usr/lib/system/libunwind.dylib
0x00007fff68a11000 	/usr/lib/system/libxpc.dylib
0x00007fff65af7000 	/usr/lib/libc++abi.dylib
0x00007fff668fb000 	/usr/lib/liblzma.5.dylib
0x00007fff66576000 	/usr/lib/libfakelink.dylib
0x00007fff658b0000 	/usr/lib/libarchive.2.dylib
0x00007fff3c0ef000 	/System/Library/Frameworks/SystemConfiguration.framework/Versions/A/SystemConfiguration
0x00007fff6521b000 	/usr/lib/libCRFSuite.dylib
0x00007fff2cf58000 	/System/Library/Frameworks/CFNetwork.framework/Versions/A/CFNetwork
0x00007fff65a86000 	/usr/lib/libbsm.0.dylib
0x00007fff687f7000 	/usr/lib/system/libkxld.dylib
0x00007fff4202c000 	/System/Library/PrivateFrameworks/AppleFSCompression.framework/Versions/A/AppleFSCompression
0x00007fff65e11000 	/usr/lib/libcoretls.dylib
0x00007fff65e28000 	/usr/lib/libcoretls_cfhelpers.dylib
0x00007fff67664000 	/usr/lib/libpam.2.dylib
0x00007fff67799000 	/usr/lib/libsqlite3.dylib
0x00007fff67bd8000 	/usr/lib/libxar.1.dylib
0x00007fff65a97000 	/usr/lib/libbz2.1.0.dylib
0x00007fff66597000 	/usr/lib/libiconv.2.dylib
0x00007fff65b0d000 	/usr/lib/libcharset.1.dylib
0x00007fff67101000 	/usr/lib/libnetwork.dylib
0x00007fff6766b000 	/usr/lib/libpcap.A.dylib
0x00007fff65865000 	/usr/lib/libapple_nghttp2.dylib
0x00007fff2fe88000 	/System/Library/Frameworks/CoreServices.framework/Versions/A/Frameworks/FSEvents.framework/Versions/A/FSEvents
0x00007fff2fb58000 	/System/Library/Frameworks/CoreServices.framework/Versions/A/Frameworks/CarbonCore.framework/Versions/A/CarbonCore
0x00007fff300cc000 	/System/Library/Frameworks/CoreServices.framework/Versions/A/Frameworks/Metadata.framework/Versions/A/Metadata
0x00007fff30165000 	/System/Library/Frameworks/CoreServices.framework/Versions/A/Frameworks/OSServices.framework/Versions/A/OSServices
0x00007fff30193000 	/System/Library/Frameworks/CoreServices.framework/Versions/A/Frameworks/SearchKit.framework/Versions/A/SearchKit
0x00007fff2fad2000 	/System/Library/Frameworks/CoreServices.framework/Versions/A/Frameworks/AE.framework/Versions/A/AE
0x00007fff2fe91000 	/System/Library/Frameworks/CoreServices.framework/Versions/A/Frameworks/LaunchServices.framework/Versions/A/LaunchServices
0x00007fff2fe3a000 	/System/Library/Frameworks/CoreServices.framework/Versions/A/Frameworks/DictionaryServices.framework/Versions/A/DictionaryServices
0x00007fff301fb000 	/System/Library/Frameworks/CoreServices.framework/Versions/A/Frameworks/SharedFileList.framework/Versions/A/SharedFileList
0x00007fff3508a000 	/System/Library/Frameworks/NetFS.framework/Versions/A/NetFS
0x00007fff55d73000 	/System/Library/PrivateFrameworks/NetAuth.framework/Versions/A/NetAuth
0x00007fff626fb000 	/System/Library/PrivateFrameworks/login.framework/Versions/A/Frameworks/loginsupport.framework/Versions/A/loginsupport
0x00007fff5f009000 	/System/Library/PrivateFrameworks/TCC.framework/Versions/A/TCC
0x00007fff46c5d000 	/System/Library/PrivateFrameworks/CoreNLP.framework/Versions/A/CoreNLP
0x00007fff55270000 	/System/Library/PrivateFrameworks/MetadataUtilities.framework/Versions/A/MetadataUtilities
0x00007fff669d3000 	/usr/lib/libmecabra.dylib
0x00007fff6692b000 	/usr/lib/libmecab.dylib
0x00007fff66587000 	/usr/lib/libgermantok.dylib
0x00007fff6584c000 	/usr/lib/libThaiTokenizer.dylib
0x00007fff65252000 	/usr/lib/libChineseTokenizer.dylib
0x00007fff2a388000 	/System/Library/Frameworks/Accelerate.framework/Versions/A/Frameworks/vImage.framework/Versions/A/vImage
0x00007fff2b7f2000 	/System/Library/Frameworks/Accelerate.framework/Versions/A/Frameworks/vecLib.framework/Versions/A/vecLib
0x00007fff2b72f000 	/System/Library/Frameworks/Accelerate.framework/Versions/A/Frameworks/vecLib.framework/Versions/A/libvMisc.dylib
0x00007fff2b557000 	/System/Library/Frameworks/Accelerate.framework/Versions/A/Frameworks/vecLib.framework/Versions/A/libvDSP.dylib
0x00007fff2a9df000 	/System/Library/Frameworks/Accelerate.framework/Versions/A/Frameworks/vecLib.framework/Versions/A/libBLAS.dylib
0x00007fff2b11b000 	/System/Library/Frameworks/Accelerate.framework/Versions/A/Frameworks/vecLib.framework/Versions/A/libLAPACK.dylib
0x00007fff2b4b7000 	/System/Library/Frameworks/Accelerate.framework/Versions/A/Frameworks/vecLib.framework/Versions/A/libLinearAlgebra.dylib
0x00007fff2b544000 	/System/Library/Frameworks/Accelerate.framework/Versions/A/Frameworks/vecLib.framework/Versions/A/libSparseBLAS.dylib
0x00007fff2b4cd000 	/System/Library/Frameworks/Accelerate.framework/Versions/A/Frameworks/vecLib.framework/Versions/A/libQuadrature.dylib
0x00007fff2ac47000 	/System/Library/Frameworks/Accelerate.framework/Versions/A/Frameworks/vecLib.framework/Versions/A/libBNNS.dylib
0x00007fff2b4d3000 	/System/Library/Frameworks/Accelerate.framework/Versions/A/Frameworks/vecLib.framework/Versions/A/libSparse.dylib
0x00007fff53de4000 	/System/Library/PrivateFrameworks/LanguageModeling.framework/Versions/A/LanguageModeling
0x00007fff4660d000 	/System/Library/PrivateFrameworks/CoreEmoji.framework/Versions/A/CoreEmoji
0x00007fff53f02000 	/System/Library/PrivateFrameworks/LinguisticData.framework/Versions/A/LinguisticData
0x00007fff53eb3000 	/System/Library/PrivateFrameworks/Lexicon.framework/Versions/A/Lexicon
0x00007fff65b0e000 	/usr/lib/libcmph.dylib
0x00007fff37c79000 	/System/Library/Frameworks/OpenDirectory.framework/Versions/A/Frameworks/CFOpenDirectory.framework/Versions/A/CFOpenDirectory
0x00007fff37c96000 	/System/Library/Frameworks/OpenDirectory.framework/Versions/A/OpenDirectory
0x00007fff400d9000 	/System/Library/PrivateFrameworks/APFS.framework/Versions/A/APFS
0x00007fff3b388000 	/System/Library/Frameworks/SecurityFoundation.framework/Versions/A/SecurityFoundation
0x00007fff67bd4000 	/usr/lib/libutil.dylib
0x00007fff47b42000 	/System/Library/PrivateFrameworks/CoreServicesStore.framework/Versions/A/CoreServicesStore
0x00007fff3b43f000 	/System/Library/Frameworks/ServiceManagement.framework/Versions/A/ServiceManagement
0x00007fff437fc000 	/System/Library/PrivateFrameworks/BackgroundTaskManagement.framework/Versions/A/BackgroundTaskManagement
0x00007fff67cd1000 	/usr/lib/libxslt.1.dylib
0x00007fff4269f000 	/System/Library/PrivateFrameworks/AppleSystemInfo.framework/Versions/A/AppleSystemInfo
0x00007fff31830000 	/System/Library/Frameworks/ImageIO.framework/Versions/A/Resources/libJPEG.dylib
0x00007fff31aee000 	/System/Library/Frameworks/ImageIO.framework/Versions/A/Resources/libTIFF.dylib
0x00007fff31ad1000 	/System/Library/Frameworks/ImageIO.framework/Versions/A/Resources/libPng.dylib
0x00007fff31772000 	/System/Library/Frameworks/ImageIO.framework/Versions/A/Resources/libGIF.dylib
0x00007fff31776000 	/System/Library/Frameworks/ImageIO.framework/Versions/A/Resources/libJP2.dylib
0x00007fff31aec000 	/System/Library/Frameworks/ImageIO.framework/Versions/A/Resources/libRadiance.dylib
0x00007fff66550000 	/usr/lib/libexpat.1.dylib
0x00007fff42187000 	/System/Library/PrivateFrameworks/AppleJPEG.framework/Versions/A/AppleJPEG
0x00007fff4ae58000 	/System/Library/PrivateFrameworks/FontServices.framework/libFontParser.dylib
0x00007fff616fd000 	/System/Library/PrivateFrameworks/WatchdogClient.framework/Versions/A/WatchdogClient
0x00007fff5343f000 	/System/Library/PrivateFrameworks/IOAccelerator.framework/Versions/A/IOAccelerator
0x00007fff33ffb000 	/System/Library/Frameworks/MetalPerformanceShaders.framework/Versions/A/MetalPerformanceShaders
0x00007fff4fbd5000 	/System/Library/PrivateFrameworks/GPUWrangler.framework/Versions/A/GPUWrangler
0x00007fff53454000 	/System/Library/PrivateFrameworks/IOPresentment.framework/Versions/A/IOPresentment
0x00007fff486c2000 	/System/Library/PrivateFrameworks/DSExternalDisplay.framework/Versions/A/DSExternalDisplay
0x00007fff3860a000 	/System/Library/Frameworks/OpenGL.framework/Versions/A/Libraries/libCoreFSCache.dylib
0x00007fff33d47000 	/System/Library/Frameworks/MetalPerformanceShaders.framework/Frameworks/MPSCore.framework/Versions/A/MPSCore
0x00007fff33d85000 	/System/Library/Frameworks/MetalPerformanceShaders.framework/Frameworks/MPSImage.framework/Versions/A/MPSImage
0x00007fff33e4c000 	/System/Library/Frameworks/MetalPerformanceShaders.framework/Frameworks/MPSNeuralNetwork.framework/Versions/A/MPSNeuralNetwork
0x00007fff33e10000 	/System/Library/Frameworks/MetalPerformanceShaders.framework/Frameworks/MPSMatrix.framework/Versions/A/MPSMatrix
0x00007fff33fab000 	/System/Library/Frameworks/MetalPerformanceShaders.framework/Frameworks/MPSRayIntersector.framework/Versions/A/MPSRayIntersector
0x00007fff33e36000 	/System/Library/Frameworks/MetalPerformanceShaders.framework/Frameworks/MPSNDArray.framework/Versions/A/MPSNDArray
0x00007fff552bd000 	/System/Library/PrivateFrameworks/MetalTools.framework/Versions/A/MetalTools
0x00007fff412b3000 	/System/Library/PrivateFrameworks/AggregateDictionary.framework/Versions/A/AggregateDictionary
0x00007fff46055000 	/System/Library/PrivateFrameworks/CoreAnalytics.framework/Versions/A/CoreAnalytics
0x00007fff425be000 	/System/Library/PrivateFrameworks/AppleSauce.framework/Versions/A/AppleSauce
0x00007fff6550e000 	/usr/lib/libIOReport.dylib
0x00007fff306fc000 	/System/Library/Frameworks/CoreVideo.framework/Versions/A/CoreVideo
0x00007fff5104e000 	/System/Library/PrivateFrameworks/GraphVisualizer.framework/Versions/A/GraphVisualizer
0x00007fff4a39e000 	/System/Library/PrivateFrameworks/FaceCore.framework/Versions/A/FaceCore
0x00007fff37c20000 	/System/Library/Frameworks/OpenCL.framework/Versions/A/OpenCL
0x00007fff65330000 	/usr/lib/libFosl_dynamic.dylib
0x00007fff56793000 	/System/Library/PrivateFrameworks/OTSVG.framework/Versions/A/OTSVG
0x00007fff2c8b1000 	/System/Library/Frameworks/ApplicationServices.framework/Versions/A/Frameworks/ATS.framework/Versions/A/Resources/libFontRegistry.dylib
0x00007fff4b029000 	/System/Library/PrivateFrameworks/FontServices.framework/libhvf.dylib
0x00007fff38615000 	/System/Library/Frameworks/OpenGL.framework/Versions/A/Libraries/libGFXShared.dylib
0x00007fff387f3000 	/System/Library/Frameworks/OpenGL.framework/Versions/A/Libraries/libGLU.dylib
0x00007fff3861e000 	/System/Library/Frameworks/OpenGL.framework/Versions/A/Libraries/libGL.dylib
0x00007fff38629000 	/System/Library/Frameworks/OpenGL.framework/Versions/A/Libraries/libGLImage.dylib
0x00007fff38607000 	/System/Library/Frameworks/OpenGL.framework/Versions/A/Libraries/libCVMSPluginSupport.dylib
0x00007fff38610000 	/System/Library/Frameworks/OpenGL.framework/Versions/A/Libraries/libCoreVMClient.dylib
0x00007fff66fa2000 	/usr/lib/libncurses.5.4.dylib
0x00007fff2c7ad000 	/System/Library/Frameworks/ApplicationServices.framework/Versions/A/Frameworks/ATS.framework/Versions/A/ATS
0x00007fff2c97a000 	/System/Library/Frameworks/ApplicationServices.framework/Versions/A/Frameworks/ColorSyncLegacy.framework/Versions/A/ColorSyncLegacy
0x00007fff2ca18000 	/System/Library/Frameworks/ApplicationServices.framework/Versions/A/Frameworks/HIServices.framework/Versions/A/HIServices
0x00007fff2ca70000 	/System/Library/Frameworks/ApplicationServices.framework/Versions/A/Frameworks/LangAnalysis.framework/Versions/A/LangAnalysis
0x00007fff2ca7f000 	/System/Library/Frameworks/ApplicationServices.framework/Versions/A/Frameworks/PrintCore.framework/Versions/A/PrintCore
0x00007fff2cac5000 	/System/Library/Frameworks/ApplicationServices.framework/Versions/A/Frameworks/QD.framework/Versions/A/QD
0x00007fff2cad0000 	/System/Library/Frameworks/ApplicationServices.framework/Versions/A/Frameworks/SpeechSynthesis.framework/Versions/A/SpeechSynthesis
0x00007fff2c94a000 	/System/Library/Frameworks/ApplicationServices.framework/Versions/A/Frameworks/ATSUI.framework/Versions/A/ATSUI
0x00007fff663e6000 	/usr/lib/libcups.2.dylib
0x00007fff33096000 	/System/Library/Frameworks/Kerberos.framework/Versions/A/Kerberos
0x00007fff311d8000 	/System/Library/Frameworks/GSS.framework/Versions/A/GSS
0x00007fff67725000 	/usr/lib/libresolv.9.dylib
0x00007fff511fb000 	/System/Library/PrivateFrameworks/Heimdal.framework/Versions/A/Heimdal
0x00007fff330a9000 	/System/Library/Frameworks/Kerberos.framework/Versions/A/Libraries/libHeimdalProxy.dylib
0x00007fff6658d000 	/usr/lib/libheimdal-asn1.dylib
0x00007fff454ed000 	/System/Library/PrivateFrameworks/CommonAuth.framework/Versions/A/CommonAuth
0x00007fff4273c000 	/System/Library/PrivateFrameworks/AssertionServices.framework/Versions/A/AssertionServices
0x00007fff432df000 	/System/Library/PrivateFrameworks/AudioToolboxCore.framework/Versions/A/AudioToolboxCore
0x00007fff623ab000 	/System/Library/PrivateFrameworks/caulk.framework/Versions/A/caulk
0x00007fff438a8000 	/System/Library/PrivateFrameworks/BaseBoard.framework/Versions/A/BaseBoard
0x00007fff5a9f6000 	/System/Library/PrivateFrameworks/RunningBoardServices.framework/Versions/A/RunningBoardServices
0x00007fff57a07000 	/System/Library/PrivateFrameworks/PersistentConnection.framework/Versions/A/PersistentConnection
0x00007fff5a3ef000 	/System/Library/PrivateFrameworks/ProtocolBuffer.framework/Versions/A/ProtocolBuffer
0x00007fff45511000 	/System/Library/PrivateFrameworks/CommonUtilities.framework/Versions/A/CommonUtilities
0x00007fff43a36000 	/System/Library/PrivateFrameworks/Bom.framework/Versions/A/Bom
0x00007fff651e1000 	/usr/lib/libAudioToolboxUtility.dylib
0x00007fff43806000 	/System/Library/PrivateFrameworks/Backup.framework/Versions/A/Backup
0x00007fff485e3000 	/System/Library/PrivateFrameworks/CrashReporterSupport.framework/Versions/A/CrashReporterSupport
0x00007fff5c488000 	/System/Library/PrivateFrameworks/Sharing.framework/Versions/A/Sharing
0x00007fff41d4a000 	/System/Library/PrivateFrameworks/Apple80211.framework/Versions/A/Apple80211
0x00007fff43523000 	/System/Library/PrivateFrameworks/AuthKit.framework/Versions/A/AuthKit
0x00007fff482f0000 	/System/Library/PrivateFrameworks/CoreUtils.framework/Versions/A/CoreUtils
0x00007fff30741000 	/System/Library/Frameworks/CoreWLAN.framework/Versions/A/CoreWLAN
0x00007fff31365000 	/System/Library/Frameworks/IOBluetooth.framework/Versions/A/IOBluetooth
0x00007fff555c2000 	/System/Library/PrivateFrameworks/MobileKeyBag.framework/Versions/A/MobileKeyBag
0x00007fff470f5000 	/System/Library/PrivateFrameworks/CorePhoneNumbers.framework/Versions/A/CorePhoneNumbers
0x00007fff4213a000 	/System/Library/PrivateFrameworks/AppleIDAuthSupport.framework/Versions/A/AppleIDAuthSupport
0x00007fff35097000 	/System/Library/Frameworks/Network.framework/Versions/A/Network
0x00007fff53c90000 	/System/Library/PrivateFrameworks/KeychainCircle.framework/Versions/A/KeychainCircle
0x00007fff2e192000 	/System/Library/Frameworks/CoreBluetooth.framework/Versions/A/CoreBluetooth
0x00007fff5e507000 	/System/Library/PrivateFrameworks/SpeechRecognitionCore.framework/Versions/A/SpeechRecognitionCore
0x0000000109987000 	/Library/Frameworks/R.framework/Versions/3.6/Resources/lib/libRblas.dylib
0x00000001099b8000 	/Library/Frameworks/R.framework/Versions/3.6/Resources/lib/libgfortran.3.dylib
0x0000000109b46000 	/Library/Frameworks/R.framework/Versions/3.6/Resources/lib/libquadmath.0.dylib
0x0000000109b90000 	/Library/Frameworks/R.framework/Versions/3.6/Resources/lib/libreadline.5.2.dylib
0x0000000109bd5000 	/Library/Frameworks/R.framework/Versions/3.6/Resources/lib/libomp.dylib
0x0000000109c6c000 	/Library/Frameworks/R.framework/Versions/3.6/Resources/lib/libgcc_s.1.dylib
0x000000010b7d8000 	/Library/Frameworks/R.framework/Versions/3.6/Resources/library/methods/libs/methods.so
0x000000010b7e3000 	/Library/Frameworks/R.framework/Versions/3.6/Resources/library/grDevices/libs/grDevices.so
0x00007fff626fe000 	/System/Library/PrivateFrameworks/login.framework/Versions/A/login
0x000000010b832000 	/Library/Frameworks/R.framework/Versions/3.6/Resources/library/graphics/libs/graphics.so
0x000000010b876000 	/Library/Frameworks/R.framework/Versions/3.6/Resources/library/utils/libs/utils.so
0x000000010b885000 	/Library/Frameworks/R.framework/Versions/3.6/Resources/library/stats/libs/stats.so
0x000000010b94b000 	/Library/Frameworks/R.framework/Versions/3.6/Resources/lib/libRlapack.dylib
0x000000010bb78000 	/Library/Frameworks/R.framework/Versions/3.6/Resources/library/fansi/libs/fansi.so
0x000000010bb8a000 	/Library/Frameworks/R.framework/Versions/3.6/Resources/library/glue/libs/glue.so
0x000000010bb8f000 	/Library/Frameworks/R.framework/Versions/3.6/Resources/library/tools/libs/tools.so
0x000000010bba9000 	/Library/Frameworks/R.framework/Versions/3.6/Resources/library/rlang/libs/rlang.so
0x0000000109b8c000 	/Library/Frameworks/R.framework/Versions/3.6/Resources/library/ellipsis/libs/ellipsis.so
0x000000010bbd5000 	/Library/Frameworks/R.framework/Versions/3.6/Resources/library/digest/libs/digest.so
0x000000010bbf7000 	/Library/Frameworks/R.framework/Versions/3.6/Resources/lib/libc++.1.dylib
0x000000010bcc9000 	/Library/Frameworks/R.framework/Versions/3.6/Resources/lib/libc++abi.1.dylib
0x000000010bd3e000 	/Library/Frameworks/R.framework/Versions/3.6/Resources/library/processx/libs/processx.so
0x000000010bd50000 	/Library/Frameworks/R.framework/Versions/3.6/Resources/library/ps/libs/ps.so
0x000000010bd63000 	/Library/Frameworks/R.framework/Versions/3.6/Resources/library/pkgload/libs/pkgload.so
0x000000010bd67000 	/Library/Frameworks/R.framework/Versions/3.6/Resources/library/backports/libs/backports.so
0x000000010bd6b000 	/Library/Frameworks/R.framework/Versions/3.6/Resources/library/testthat/libs/testthat.so
0x000000010be24000 	/Library/Frameworks/R.framework/Versions/3.6/Resources/library/fs/libs/fs.so
0x000000010be5f000 	/Library/Frameworks/R.framework/Versions/3.6/Resources/library/curl/libs/curl.so
0x00007fff66447000 	/usr/lib/libcurl.4.dylib
0x00007fff662cc000 	/usr/lib/libcrypto.44.dylib
0x00007fff67a77000 	/usr/lib/libssl.46.dylib
0x00007fff330aa000 	/System/Library/Frameworks/LDAP.framework/Versions/A/LDAP
0x00007fff5f79b000 	/System/Library/PrivateFrameworks/TrustEvaluationAgent.framework/Versions/A/TrustEvaluationAgent
0x00007fff67784000 	/usr/lib/libsasl2.2.dylib
0x00007fff46381000 	/System/Library/PrivateFrameworks/CoreDaemon.framework/Versions/B/CoreDaemon
0x00007fff425b9000 	/System/Library/PrivateFrameworks/AppleSRP.framework/Versions/A/AppleSRP
0x00007fff67b79000 	/usr/lib/libusrtcp.dylib
0x000000010be77000 	/Library/Frameworks/R.framework/Versions/3.6/Resources/library/vctrs/libs/vctrs.so
0x000000010bece000 	/Library/Frameworks/R.framework/Versions/3.6/Resources/library/tibble/libs/tibble.so
0x000000010bed4000 	/Library/Frameworks/R.framework/Versions/3.6/Resources/library/purrr/libs/purrr.so
0x000000010bede000 	/Library/Frameworks/R.framework/Versions/3.6/Resources/library/dplyr/libs/dplyr.so
0x000000010beec000 	/Library/Frameworks/R.framework/Versions/3.6/Resources/library/stringi/libs/stringi.so
0x000000010df21000 	/Library/Frameworks/R.framework/Versions/3.6/Resources/library/grid/libs/grid.so
0x000000010df49000 	/Library/Frameworks/R.framework/Versions/3.6/Resources/library/colorspace/libs/colorspace.so
0x000000010df5b000 	/Library/Frameworks/R.framework/Versions/3.6/Resources/library/jsonlite/libs/jsonlite.so
0x000000010df6e000 	/Library/Frameworks/R.framework/Versions/3.6/Resources/library/Rcpp/libs/Rcpp.so
0x000000010dfff000 	/Library/Frameworks/R.framework/Versions/3.6/Resources/library/magick/libs/magick.so
0x000000010fd42000 	/Library/Frameworks/R.framework/Versions/3.6/Resources/library/lattice/libs/lattice.so
0x000000010fd47000 	/Library/Frameworks/R.framework/Versions/3.6/Resources/library/hexbin/libs/hexbin.so
0x000000010fd4c000 	/Library/Frameworks/R.framework/Versions/3.6/Resources/library/sysfonts/libs/sysfonts.so
0x000000010fd51000 	/opt/X11/lib/libfreetype.6.dylib
0x000000010ff8b000 	/Library/Frameworks/R.framework/Versions/3.6/Resources/library/showtext/libs/showtext.so
0x0000000110485000 	/Library/Frameworks/R.framework/Versions/3.6/Resources/library/MASS/libs/MASS.so
0x000000011048f000 	/Library/Frameworks/R.framework/Versions/3.6/Resources/library/readr/libs/readr.so
0x000000011054c000 	/Library/Frameworks/R.framework/Versions/3.6/Resources/library/readr/rcon/librcon.so
0x0000000110550000 	/Library/Frameworks/R.framework/Versions/3.6/Resources/library/qpdf/libs/qpdf.so
0x000000011070c000 	/Library/Frameworks/R.framework/Versions/3.6/Resources/library/pdftools/libs/pdftools.so
0x0000000110b6c000 	/Library/Frameworks/R.framework/Versions/3.6/Resources/library/splines/libs/splines.so
0x0000000110b71000 	/Library/Frameworks/R.framework/Versions/3.6/Resources/library/Matrix/libs/Matrix.so
0x0000000110c55000 	/Library/Frameworks/R.framework/Versions/3.6/Resources/library/survival/libs/survival.so
0x0000000110c9a000 	/Library/Frameworks/R.framework/Versions/3.6/Resources/library/base64enc/libs/base64enc.so
0x0000000110ca1000 	/Library/Frameworks/R.framework/Versions/3.6/Resources/library/png/libs/png.so
0x0000000110ce2000 	/Library/Frameworks/R.framework/Versions/3.6/Resources/library/jpeg/libs/jpeg.so
0x0000000110d2b000 	/Library/Frameworks/R.framework/Versions/3.6/Resources/library/cluster/libs/cluster.so
0x0000000110d40000 	/Library/Frameworks/R.framework/Versions/3.6/Resources/library/foreign/libs/foreign.so
0x0000000110d5f000 	/Library/Frameworks/R.framework/Versions/3.6/Resources/library/nnet/libs/nnet.so
0x0000000110d68000 	/Library/Frameworks/R.framework/Versions/3.6/Resources/library/rpart/libs/rpart.so
0x0000000110d7c000 	/Library/Frameworks/R.framework/Versions/3.6/Resources/library/checkmate/libs/checkmate.so
0x0000000110d8f000 	/Library/Frameworks/R.framework/Versions/3.6/Resources/library/htmltools/libs/htmltools.so
0x0000000110d93000 	/Library/Frameworks/R.framework/Versions/3.6/Resources/library/xfun/libs/xfun.so
0x0000000110d98000 	/Library/Frameworks/R.framework/Versions/3.6/Resources/library/data.table/libs/datatable.so
0x0000000110e1d000 	/Library/Frameworks/R.framework/Versions/3.6/Resources/library/Hmisc/libs/Hmisc.so
0x0000000110e26000 	/Library/Frameworks/R.framework/Versions/3.6/Resources/library/gmp/libs/gmp.so
0x0000000110ea7000 	/Library/Frameworks/R.framework/Versions/3.6/Resources/library/lubridate/libs/lubridate.so
0x0000000110ee5000 	/Library/Frameworks/R.framework/Versions/3.6/Resources/library/tidyr/libs/tidyr.so
0x0000000110f00000 	/Library/Frameworks/R.framework/Versions/3.6/Resources/library/utf8/libs/utf8.so
0x0000000110f4e000 	/Library/Java/JavaVirtualMachines/jdk-14.0.2.jdk/Contents/Home/lib/server/libjvm.dylib
0x0000000111cd8000 	/Library/Frameworks/R.framework/Versions/3.6/Resources/library/rJava/libs/rJava.so
0x0000000111cec000 	/Library/Java/JavaVirtualMachines/jdk-14.0.2.jdk/Contents/Home/lib/libjimage.dylib
0x0000000111cff000 	/Library/Java/JavaVirtualMachines/jdk-14.0.2.jdk/Contents/Home/lib/libjava.dylib
0x0000000111d27000 	/Library/Java/JavaVirtualMachines/jdk-14.0.2.jdk/Contents/Home/lib/libzip.dylib
0x0000000130a9e000 	/Applications/Xcode.app/Contents/Developer/Toolchains/XcodeDefault.xctoolchain/usr/lib/libclang.dylib
0x0000000115a2f000 	/Library/Frameworks/R.framework/Versions/3.6/Resources/modules/internet.so
0x0000000115b50000 	/Library/Frameworks/R.framework/Versions/3.6/Resources/library/haven/libs/haven.so
0x0000000116400000 	/Library/Frameworks/R.framework/Versions/3.6/Resources/library/readxl/libs/readxl.so
0x0000000115bd5000 	/Library/Frameworks/R.framework/Versions/3.6/Resources/library/xml2/libs/xml2.so
0x000000011645e000 	/Library/Frameworks/R.framework/Versions/3.6/Resources/library/RMySQL/libs/RMySQL.so
0x0000000116749000 	/Library/Java/JavaVirtualMachines/jdk-14.0.2.jdk/Contents/Home/lib/libnio.dylib
0x000000011675c000 	/Library/Java/JavaVirtualMachines/jdk-14.0.2.jdk/Contents/Home/lib/libnet.dylib
0x0000000115bf0000 	/Library/Java/JavaVirtualMachines/jdk-14.0.2.jdk/Contents/Home/lib/libextnet.dylib
0x0000000116774000 	/Library/Frameworks/R.framework/Versions/3.6/Resources/library/triebeard/libs/triebeard.so
0x00000001167c4000 	/Library/Frameworks/R.framework/Versions/3.6/Resources/library/urltools/libs/urltools.so


VM Arguments:
jvm_args: -Djava.awt.headless=true -Xmx512m -Xrs vfprintf exit -Xss2m 
java_command: <unknown>
java_class_path (initial): /Library/Frameworks/R.framework/Versions/3.6/Resources/library/rJava/java/boot
Launcher Type: generic

[Global flags]
     intx CICompilerCount                          = 3                                         {product} {ergonomic}
     uint ConcGCThreads                            = 1                                         {product} {ergonomic}
     uint G1ConcRefinementThreads                  = 4                                         {product} {ergonomic}
   size_t G1HeapRegionSize                         = 1048576                                   {product} {ergonomic}
    uintx GCDrainStackTargetSize                   = 64                                        {product} {ergonomic}
   size_t InitialHeapSize                          = 268435456                                 {product} {ergonomic}
   size_t MarkStackSize                            = 4194304                                   {product} {ergonomic}
   size_t MaxHeapSize                              = 536870912                                 {product} {command line}
   size_t MaxNewSize                               = 321912832                                 {product} {ergonomic}
   size_t MinHeapDeltaBytes                        = 1048576                                   {product} {ergonomic}
   size_t MinHeapSize                              = 8388608                                   {product} {ergonomic}
    uintx NonNMethodCodeHeapSize                   = 5832780                                {pd product} {ergonomic}
    uintx NonProfiledCodeHeapSize                  = 122912730                              {pd product} {ergonomic}
    uintx ProfiledCodeHeapSize                     = 122912730                              {pd product} {ergonomic}
     bool ReduceSignalUsage                        = true                                      {product} {command line}
    uintx ReservedCodeCacheSize                    = 251658240                              {pd product} {ergonomic}
     bool SegmentedCodeCache                       = true                                      {product} {ergonomic}
   size_t SoftMaxHeapSize                          = 536870912                              {manageable} {ergonomic}
     intx ThreadStackSize                          = 2048                                   {pd product} {command line}
     bool UseCompressedClassPointers               = true                                 {lp64_product} {ergonomic}
     bool UseCompressedOops                        = true                                 {lp64_product} {ergonomic}
     bool UseG1GC                                  = true                                      {product} {ergonomic}

Logging:
Log output configuration:
 #0: stdout all=warning uptime,level,tags
 #1: stderr all=off uptime,level,tags

Environment Variables:
PATH=/usr/bin:/bin:/usr/sbin:/sbin:/Applications/RStudio.app/Contents/MacOS/rpostback:/Applications/RStudio.app/Contents/MacOS/postback:/usr/local/bin:/Users/meerapatel/Library/Python/2.7/bin:/Library/TeX/texbin:/opt/X11/bin:/Library/Apple/usr/bin:/Applications/Postgres.app/Contents/Versions/latest/bin:/opt/local/bin
SHELL=/bin/bash
DISPLAY=/private/tmp/com.apple.launchd.7u329D1ILG/org.macosforge.xquartz:0
DYLD_LIBRARY_PATH=/Library/Java/JavaVirtualMachines/jdk-14.0.2.jdk/Contents/Home/lib/server
DYLD_FALLBACK_LIBRARY_PATH=/Library/Frameworks/R.framework/Resources/lib:/Users/meerapatel/lib:/usr/local/lib:/usr/lib:::/lib:/Library/Java/JavaVirtualMachines/openjdk-13.jdk/Contents/Home/lib/server

Signal Handlers:
SIGSEGV: [libjvm.dylib+0x7415b8], sa_mask[0]=11111111011111110111111111111111, sa_flags=SA_ONSTACK|SA_RESTART|SA_SIGINFO
SIGBUS: [libjvm.dylib+0x7415b8], sa_mask[0]=11111111011111110111111111111111, sa_flags=SA_RESTART|SA_SIGINFO
SIGFPE: [libjvm.dylib+0x7415b8], sa_mask[0]=11111111011111110111111111111111, sa_flags=SA_RESTART|SA_SIGINFO
SIGPIPE: SIG_IGN, sa_mask[0]=00000000000000000000000000000000, sa_flags=SA_RESTART
SIGXFSZ: [libjvm.dylib+0x5eb4b1], sa_mask[0]=11111111011111110111111111111111, sa_flags=SA_RESTART|SA_SIGINFO
SIGILL: [libjvm.dylib+0x7415b8], sa_mask[0]=11111111011111110111111111111111, sa_flags=SA_RESTART|SA_SIGINFO
SIGUSR2: SIG_IGN, sa_mask[0]=00000000000000000000000000000000, sa_flags=none
SIGHUP: SIG_DFL, sa_mask[0]=00000000000000000000000000000000, sa_flags=none
SIGINT: [rsession+0x1053c0], sa_mask[0]=00000000000000000000000000000000, sa_flags=SA_RESTART
SIGTERM: SIG_DFL, sa_mask[0]=00000000000000000000000000000000, sa_flags=none
SIGQUIT: SIG_DFL, sa_mask[0]=00000000000000000000000000000000, sa_flags=none


---------------  S Y S T E M  ---------------

OS:uname:Darwin 19.6.0 Darwin Kernel Version 19.6.0: Thu Jun 18 20:49:00 PDT 2020; root:xnu-6153.141.1~1/RELEASE_X86_64 x86_64
OS uptime: 1 days 0:05 hours
rlimit: STACK 8192k, CORE 0k, NPROC 2784, NOFILE 12544, AS infinity, DATA infinity, FSIZE infinity
load average:3.28 3.59 3.29

CPU:total 4 (initial active 4) (2 cores per cpu, 2 threads per core) family 6 model 142 stepping 9, cmov, cx8, fxsr, mmx, sse, sse2, sse3, ssse3, sse4.1, sse4.2, popcnt, avx, avx2, aes, clmul, erms, rtm, 3dnowpref, lzcnt, ht, tsc, tscinvbit, bmi1, bmi2, adx, fma

Memory: 4k page, physical 16777216k(743580k free), swap 0k(0k free)

vm_info: Java HotSpot(TM) 64-Bit Server VM (14.0.2+12-46) for bsd-amd64 JRE (14.0.2+12-46), built on Jul  8 2020 23:32:31 by "mach5one" with clang 4.2.1 Compatible Apple LLVM 10.0.0 (clang-1000.11.45.5)

END.
