#
# A fatal error has been detected by the Java Runtime Environment:
#
#  SIGBUS (0xa) at pc=0x0000000129a0d44b, pid=47324, tid=775
#
# JRE version: OpenJDK Runtime Environment (13.0.1+9) (build 13.0.1+9)
# Java VM: OpenJDK 64-Bit Server VM (13.0.1+9, mixed mode, sharing, tiered, compressed oops, g1 gc, bsd-amd64)
# Problematic frame:
# J 637 c2 java.lang.String.toString()Ljava/lang/String; java.base@13.0.1 (2 bytes) @ 0x0000000129a0d44b [0x0000000129a0d400+0x000000000000004b]
#
# No core dump will be written. Core dumps have been disabled. To enable core dumping, try "ulimit -c unlimited" before starting Java again
#
# If you would like to submit a bug report, please visit:
#   http://bugreport.java.com/bugreport/crash.jsp
#

---------------  S U M M A R Y ------------

Command Line: -Djava.awt.headless=true -Xmx512m -Xrs vfprintf exit -Xss2m 

Host: MacBookPro15,4 x86_64 1400 MHz, 8 cores, 16G, Darwin 18.7.0
Time: Fri Sep 25 19:02:32 2020 EDT elapsed time: 11004 seconds (0d 3h 3m 24s)

---------------  T H R E A D  ---------------

Current thread (0x00007fefa9429800):  JavaThread "main" [_thread_in_Java, id=775, stack(0x00007ffee31f4000,0x00007ffee39f4000)]

Stack: [0x00007ffee31f4000,0x00007ffee39f4000],  sp=0x00007ffee39e9638,  free space=8149k
Native frames: (J=compiled Java code, A=aot compiled Java code, j=interpreted, Vv=VM code, C=native code)
J 637 c2 java.lang.String.toString()Ljava/lang/String; java.base@13.0.1 (2 bytes) @ 0x0000000129a0d44b [0x0000000129a0d400+0x000000000000004b]

[error occurred during error reporting (printing native stack), id 0xb, SIGSEGV (0xb) at pc=0x0000000117167587]


siginfo: si_signo: 10 (SIGBUS), si_code: 2 (BUS_ADRERR), si_addr: 0x00000001396590d0

Register to memory mapping:

RAX=0x00000007e0c81958 is an oop: java.lang.String 
{0x00000007e0c81958} - klass: 'java/lang/String'
RBX={method} {0x00000008003059f0} 'toString' '()Ljava/lang/String;' in 'java/lang/String'
RCX=0x00000007e0c81958 is an oop: java.lang.String 
{0x00000007e0c81958} - klass: 'java/lang/String'
RDX=0x0000000133ba9660 is pointing into metadata
RSP=0x00007ffee39e9638 is pointing into the stack for thread: 0x00007fefa9429800
RBP=0x00007ffee39e96a8 is pointing into the stack for thread: 0x00007fefa9429800
RSI=0x00000007e0c81958 is an oop: java.lang.String 
{0x00000007e0c81958} - klass: 'java/lang/String'
RDI=0x00000008003056f0 is a pointer to class: 
java.lang.String {0x00000008003056f0}
R8 =0x0000000118567109 points into unknown readable memory: 00 00 00 00 00 00 00
R9 =0x000000000000001b is an unknown value
R10=0x000000010fc3e008 is an unknown value
R11=0x0000000129a0d430 is at entry_point+48 in (nmethod*)0x0000000129a0d290
R12=0x0 is NULL
R13=0x00007ffee39e9648 is pointing into the stack for thread: 0x00007fefa9429800
R14=0x0000000133ba9660 is pointing into metadata
R15=0x00007fefa9429800 is a thread


Registers:
RAX=0x00000007e0c81958, RBX=0x00000008003059f0, RCX=0x00000007e0c81958, RDX=0x0000000133ba9660
RSP=0x00007ffee39e9638, RBP=0x00007ffee39e96a8, RSI=0x00000007e0c81958, RDI=0x00000008003056f0
R8 =0x0000000118567109, R9 =0x000000000000001b, R10=0x000000010fc3e008, R11=0x0000000129a0d430
R12=0x0000000000000000, R13=0x00007ffee39e9648, R14=0x0000000133ba9660, R15=0x00007fefa9429800
RIP=0x0000000129a0d44b, EFLAGS=0x0000000000000206, ERR=0x00000000020000b8
  TRAPNO=0x0000000000000085

Top of Stack: (sp=0x00007ffee39e9638)
0x00007ffee39e9638:   0000000121f1ad00 0000000121f1ad00
0x00007ffee39e9648:   00000007e0c81958 0000000000000003
0x00007ffee39e9658:   00000007e06212c0 00007ffee39e9660
0x00007ffee39e9668:   0000000133ae7c00 00007ffee39e96c0
0x00007ffee39e9678:   0000000133ae86e0 0000000133ba9660
0x00007ffee39e9688:   00000007e012eb88 0000000133ae7c38
0x00007ffee39e9698:   00007ffee39e9648 00007ffee39e96b8
0x00007ffee39e96a8:   00007ffee39e9730 0000000121f1a9c0
0x00007ffee39e96b8:   0000000000000003 00000007e0621188
0x00007ffee39e96c8:   0000000000000004 0000000000000000
0x00007ffee39e96d8:   0000000000000052 0000000000000000
0x00007ffee39e96e8:   00007ffee39e96e8 0000000133aac3a2
0x00007ffee39e96f8:   00007ffee39e97b0 0000000133aca748
0x00007ffee39e9708:   0000000000000000 00000007e00cf998
0x00007ffee39e9718:   0000000133aac778 00007ffee39e96b8
0x00007ffee39e9728:   00007ffee39e9790 00007ffee39e9800
0x00007ffee39e9738:   0000000121f1afb3 0000000000000000
0x00007ffee39e9748:   0000000000000000 0000000000000000
0x00007ffee39e9758:   0000000000000000 0000000000000004
0x00007ffee39e9768:   0000000000000052 0000000000000000
0x00007ffee39e9778:   0000000000000000 00000007e0b18b88
0x00007ffee39e9788:   00000007e0b18b58 0000000000000000
0x00007ffee39e9798:   0000000000000000 00000007e0621188
0x00007ffee39e97a8:   00000007e06573e8 00000007e016a420
0x00007ffee39e97b8:   00007ffee39e97b8 0000000133aad34e
0x00007ffee39e97c8:   00007ffee39e98b0 0000000133aca748
0x00007ffee39e97d8:   0000000000000000 00000007e00cf998
0x00007ffee39e97e8:   0000000133aad4f8 00007ffee39e9790
0x00007ffee39e97f8:   00007ffee39e9888 00007ffee39e9900
0x00007ffee39e9808:   0000000121f1afb3 0000000000000000
0x00007ffee39e9818:   0000000000000000 0000000000000000
0x00007ffee39e9828:   0000000000000000 0000000000000001 

Instructions: (pc=0x0000000129a0d44b)
0x0000000129a0d34b:   00 00 00 00 00 ff ff ff ff 00 00 00 00 00 00 00
0x0000000129a0d35b:   00 00 00 00 00 00 00 00 00 00 00 00 00 00 00 00
0x0000000129a0d36b:   00 00 00 00 00 00 d4 a0 29 01 00 00 00 30 d4 a0
0x0000000129a0d37b:   29 01 00 00 00 00 d4 a0 29 01 00 00 00 d0 01 00
0x0000000129a0d38b:   00 ff ff ff ff 70 01 00 00 d0 01 00 00 e8 01 00
0x0000000129a0d39b:   00 e8 01 00 00 00 00 00 00 f0 01 00 00 10 02 00
0x0000000129a0d3ab:   00 18 02 00 00 18 02 00 00 18 02 00 00 18 02 00
0x0000000129a0d3bb:   00 18 02 00 00 00 00 00 00 7d 02 00 00 04 00 00
0x0000000129a0d3cb:   00 00 00 00 00 02 00 00 00 00 00 00 00 00 00 00
0x0000000129a0d3db:   00 00 00 00 00 e0 01 00 00 04 00 00 00 ff ff ff
0x0000000129a0d3eb:   ff ff ff ff ff 1b 60 30 b0 15 00 00 64 0f 64 00
0x0000000129a0d3fb:   00 00 00 00 00 44 8b 56 08 49 c1 e2 03 49 bc 00
0x0000000129a0d40b:   00 00 00 08 00 00 00 4d 03 d4 4d 33 e4 49 3b c2
0x0000000129a0d41b:   0f 85 df e8 54 f8 66 66 90 0f 1f 84 00 00 00 00
0x0000000129a0d42b:   00 66 66 66 90 48 81 ec 18 00 00 00 48 89 6c 24
0x0000000129a0d43b:   10 48 8b c6 48 83 c4 10 5d 4d 8b 97 08 01 00 00
0x0000000129a0d44b:   41 85 02 c3 f4 f4 f4 f4 f4 f4 f4 f4 f4 f4 f4 f4
0x0000000129a0d45b:   f4 f4 f4 f4 f4 e9 1b 9e 5f f8 e8 00 00 00 00 48
0x0000000129a0d46b:   83 2c 24 05 e9 2c cc 54 f8 f4 f4 f4 f4 ff 00 00
0x0000000129a0d47b:   00 00 00 00 00 ff ff ff ff 00 00 00 00 00 00 00
0x0000000129a0d48b:   00 00 00 00 00 79 00 00 00 00 00 00 00 00 00 00
0x0000000129a0d49b:   00 00 00 00 00 00 00 00 00 00 00 00 00 00 00 00
0x0000000129a0d4ab:   00 00 00 00 00 00 00 00 00 00 00 00 00 00 00 00
0x0000000129a0d4bb:   00 00 00 00 00 00 00 00 00 00 00 00 00 00 00 00
0x0000000129a0d4cb:   00 00 00 00 00 00 00 00 00 00 00 00 00 00 00 00
0x0000000129a0d4db:   00 00 00 00 00 00 00 00 00 00 00 00 00 00 00 00
0x0000000129a0d4eb:   00 00 00 00 00 00 00 00 00 00 00 00 00 00 00 00
0x0000000129a0d4fb:   00 00 00 00 00 00 00 00 00 00 00 00 00 00 00 00
0x0000000129a0d50b:   00 00 00 00 00 00 00 00 00 00 00 00 00 00 00 00
0x0000000129a0d51b:   00 00 00 00 00 00 00 00 00 00 00 00 00 00 00 00
0x0000000129a0d52b:   00 00 00 00 00 00 00 00 00 00 00 00 00 00 00 00
0x0000000129a0d53b:   00 00 00 00 00 00 00 00 00 00 00 00 00 00 00 00 


Stack slot to memory mapping:
stack at sp + 0 slots: 0x0000000121f1ad00 is at code_begin+1664 in an Interpreter codelet
invoke return entry points  [0x0000000121f1a680, 0x0000000121f1b0a0]  2592 bytes
stack at sp + 1 slots: 0x0000000121f1ad00 is at code_begin+1664 in an Interpreter codelet
invoke return entry points  [0x0000000121f1a680, 0x0000000121f1b0a0]  2592 bytes
stack at sp + 2 slots: 0x00000007e0c81958 is an oop: java.lang.String 
{0x00000007e0c81958} - klass: 'java/lang/String'
stack at sp + 3 slots: 0x0000000000000003 is an unknown value
stack at sp + 4 slots: 0x00000007e06212c0 is an oop: [[B 
{0x00000007e06212c0} - klass: {type array byte}[]
 - length: 11
stack at sp + 5 slots: 0x00007ffee39e9660 is pointing into the stack for thread: 0x00007fefa9429800
stack at sp + 6 slots: 0x0000000133ae7c00 is pointing into metadata
stack at sp + 7 slots: 0x00007ffee39e96c0 is pointing into the stack for thread: 0x00007fefa9429800

--------------------------------------------------------------------------------
[Constant Pool (empty)]

--------------------------------------------------------------------------------

[MachCode]
  0x0000000129a0d400: 448b 5608 | 49c1 e203 | 49bc 0000 | 0000 0800 | 0000 4d03 | d44d 33e4 | 493b c20f | 85df e854 
  0x0000000129a0d420: f866 6690 | 0f1f 8400 | 0000 0000 | 6666 6690 | 4881 ec18 | 0000 0048 | 896c 2410 | 488b c648 
  0x0000000129a0d440: 83c4 105d | 4d8b 9708 | 0100 0041 | 8502 c3f4 | f4f4 f4f4 | f4f4 f4f4 | f4f4 f4f4 | f4f4 f4f4 
  0x0000000129a0d460: e91b 9e5f | f8e8 0000 | 0000 4883 | 2c24 05e9 | 2ccc 54f8 | f4f4 f4f4 
[/MachCode]
--------------------------------------------------------------------------------


---------------  P R O C E S S  ---------------

Threads class SMR info:
_java_thread_list=0x00007fef9766f770, length=10, elements={
0x00007fefa9429800, 0x00007fefacf70800, 0x00007fefa4e39800, 0x00007fefa4e3a000,
0x00007fefab949000, 0x00007fefa015b800, 0x00007fefacf73800, 0x00007fefa9347800,
0x00007fefa9629800, 0x00007fef83234800
}

Java Threads: ( => current thread )
=>0x00007fefa9429800 JavaThread "main" [_thread_in_Java, id=775, stack(0x00007ffee31f4000,0x00007ffee39f4000)]
  0x00007fefacf70800 JavaThread "Reference Handler" daemon [_thread_blocked, id=17923, stack(0x000070000b18e000,0x000070000b38e000)]
  0x00007fefa4e39800 JavaThread "Finalizer" daemon [_thread_blocked, id=17411, stack(0x000070000b391000,0x000070000b591000)]
  0x00007fefa4e3a000 JavaThread "Attach Listener" daemon [_thread_blocked, id=21763, stack(0x000070000b69a000,0x000070000b89a000)]
  0x00007fefab949000 JavaThread "C2 CompilerThread0" daemon [_thread_blocked, id=22275, stack(0x000070000b89d000,0x000070000b99d000)]
  0x00007fefa015b800 JavaThread "C1 CompilerThread0" daemon [_thread_blocked, id=42755, stack(0x000070000b9a0000,0x000070000baa0000)]
  0x00007fefacf73800 JavaThread "Sweeper thread" daemon [_thread_blocked, id=42243, stack(0x000070000baa3000,0x000070000bca3000)]
  0x00007fefa9347800 JavaThread "Service Thread" daemon [_thread_blocked, id=41475, stack(0x000070000bca6000,0x000070000bea6000)]
  0x00007fefa9629800 JavaThread "Common-Cleaner" daemon [_thread_blocked, id=40451, stack(0x000070000bfac000,0x000070000c1ac000)]
  0x00007fef83234800 JavaThread "C2 CompilerThread1" daemon [_thread_blocked, id=26631, stack(0x000070000c847000,0x000070000c947000)]

Other Threads:
  0x00007fefa7374000 VMThread "VM Thread" [stack: 0x000070000b08b000,0x000070000b18b000] [id=18947] _threads_hazard_ptr=0x00007fef9766f770
  0x00007fefacf94800 WatcherThread [stack: 0x000070000bea9000,0x000070000bfa9000] [id=40963]
  0x00007fefa43b1800 GCTaskThread "GC Thread#0" [stack: 0x000070000ab7c000,0x000070000ac7c000] [id=20995]
  0x00007fefa8363800 GCTaskThread "GC Thread#1" [stack: 0x000070000c338000,0x000070000c438000] [id=36623]
  0x00007fef80af9800 GCTaskThread "GC Thread#2" [stack: 0x000070000c43b000,0x000070000c53b000] [id=36355]
  0x00007fef8e2b3800 GCTaskThread "GC Thread#3" [stack: 0x000070000c53e000,0x000070000c63e000] [id=36099]
  0x00007fef85322000 GCTaskThread "GC Thread#4" [stack: 0x000070000c641000,0x000070000c741000] [id=25859]
  0x00007fef8eb0d000 GCTaskThread "GC Thread#5" [stack: 0x000070000c744000,0x000070000c844000] [id=35587]
  0x00007fefa4298000 ConcurrentGCThread "G1 Main Marker" [stack: 0x000070000ac7f000,0x000070000ad7f000] [id=11267]
  0x00007fefa45b7800 ConcurrentGCThread "G1 Conc#0" [stack: 0x000070000ad82000,0x000070000ae82000] [id=20227]
  0x00007fef9c606000 ConcurrentGCThread "G1 Conc#1" [stack: 0x000070000c94a000,0x000070000ca4a000] [id=34819]
  0x00007fefa95d2800 ConcurrentGCThread "G1 Refine#0" [stack: 0x000070000ae85000,0x000070000af85000] [id=19971]
  0x00007fefa9603000 ConcurrentGCThread "G1 Young RemSet Sampling" [stack: 0x000070000af88000,0x000070000b088000] [id=19459]

Threads with active compile tasks:
C2 CompilerThread0  11004837  876       4       java.util.GregorianCalendar::setTimeZone (42 bytes)
C1 CompilerThread0  11004837  883       3       org.postgresql.core.PGStream::sendInteger2 (72 bytes)
C2 CompilerThread1  11004837  888       4       org.postgresql.core.v3.SimpleParameterList::getParameterCount (6 bytes)

VM state:synchronizing (normal execution)

VM Mutex/Monitor currently owned by a thread:  ([mutex/lock_event])
[0x00007fef9f52b570] Threads_lock - owner thread: 0x00007fefa7374000
[0x00007fefaa0ce140] Heap_lock - owner thread: 0x00007fefa4298000

Heap address: 0x00000007e0000000, size: 512 MB, Compressed Oops mode: Zero based, Oop shift amount: 3
Narrow klass base: 0x0000000800000000, Narrow klass shift: 3
Compressed class space size: 1073741824 Address: 0x0000000800add000

Heap:
 garbage-first heap   total 15360K, used 7877K [0x00000007e0000000, 0x0000000800000000)
  region size 1024K, 2 young (2048K), 1 survivors (1024K)
 Metaspace       used 3492K, capacity 6329K, committed 6528K, reserved 1056768K
  class space    used 310K, capacity 600K, committed 640K, reserved 1048576K
Heap Regions: E=young(eden), S=young(survivor), O=old, HS=humongous(starts), HC=humongous(continues), CS=collection set, F=free, A=archive, TAMS=top-at-mark-start (previous, next)
|   0|0x00000007e0000000, 0x00000007e0100000, 0x00000007e0100000|100%| O|  |TAMS 0x00000007e0000000, 0x00000007e0100000| Untracked 
|   1|0x00000007e0100000, 0x00000007e016ac20, 0x00000007e0200000| 41%| O|  |TAMS 0x00000007e0100000, 0x00000007e016ac20| Untracked 
|   2|0x00000007e0200000, 0x00000007e0300000, 0x00000007e0300000|100%| O|  |TAMS 0x00000007e0200000, 0x00000007e0300000| Untracked 
|   3|0x00000007e0300000, 0x00000007e0400000, 0x00000007e0400000|100%| O|  |TAMS 0x00000007e0300000, 0x00000007e0400000| Untracked 
|   4|0x00000007e0400000, 0x00000007e0500000, 0x00000007e0500000|100%| O|  |TAMS 0x00000007e0400000, 0x00000007e0500000| Untracked 
|   5|0x00000007e0500000, 0x00000007e0500000, 0x00000007e0600000|  0%| F|  |TAMS 0x00000007e0500000, 0x00000007e0500000| Untracked 
|   6|0x00000007e0600000, 0x00000007e06b8e00, 0x00000007e0700000| 72%| O|  |TAMS 0x00000007e0600000, 0x00000007e0600000| Untracked 
|   7|0x00000007e0700000, 0x00000007e0700000, 0x00000007e0800000|  0%| F|  |TAMS 0x00000007e0700000, 0x00000007e0700000| Untracked 
|   8|0x00000007e0800000, 0x00000007e0800000, 0x00000007e0900000|  0%| F|  |TAMS 0x00000007e0800000, 0x00000007e0800000| Untracked 
|   9|0x00000007e0900000, 0x00000007e0900000, 0x00000007e0a00000|  0%| F|  |TAMS 0x00000007e0900000, 0x00000007e0900000| Untracked 
|  10|0x00000007e0a00000, 0x00000007e0ad0bb0, 0x00000007e0b00000| 81%| S|CS|TAMS 0x00000007e0a00000, 0x00000007e0a00000| Complete 
|  11|0x00000007e0b00000, 0x00000007e0b2e6a0, 0x00000007e0c00000| 18%| E|  |TAMS 0x00000007e0b00000, 0x00000007e0b00000| Complete 
|  12|0x00000007e0c00000, 0x00000007e0d00000, 0x00000007e0d00000|100%| O|  |TAMS 0x00000007e0c00000, 0x00000007e0c74e00| Untracked 
| 510|0x00000007ffe00000, 0x00000007ffe47000, 0x00000007fff00000| 27%|OA|  |TAMS 0x00000007ffe00000, 0x00000007ffe47000| Untracked 
| 511|0x00000007fff00000, 0x00000007fff76000, 0x0000000800000000| 46%|CA|  |TAMS 0x00000007fff00000, 0x00000007fff76000| Untracked 

Card table byte_map: [0x0000000118564000,0x0000000118664000] _byte_map_base: 0x0000000114664000

Marking Bits (Prev, Next): (CMBitMap*) 0x00007fefa4ebd018, (CMBitMap*) 0x00007fefa4ebd058
 Prev Bits: [0x0000000118764000, 0x0000000118f64000)
 Next Bits: [0x0000000118f64000, 0x0000000119764000)

Polling page: 0x000000010fc3e000

Metaspace:

Usage:
  Non-class:      5.59 MB capacity,     3.11 MB ( 56%) used,     2.48 MB ( 44%) free+waste,     5.94 KB ( <1%) overhead. 
      Class:    600.00 KB capacity,   310.54 KB ( 52%) used,   286.21 KB ( 48%) free+waste,     3.25 KB ( <1%) overhead. 
       Both:      6.18 MB capacity,     3.41 MB ( 55%) used,     2.76 MB ( 45%) free+waste,     9.19 KB ( <1%) overhead. 

Virtual space:
  Non-class space:        8.00 MB reserved,       5.75 MB ( 72%) committed 
      Class space:        1.00 GB reserved,     640.00 KB ( <1%) committed 
             Both:        1.01 GB reserved,       6.38 MB ( <1%) committed 

Chunk freelists:
   Non-Class:  27.00 KB
       Class:  20.00 KB
        Both:  47.00 KB

MaxMetaspaceSize: unlimited
CompressedClassSpaceSize: 1.00 GB

CodeHeap 'non-profiled nmethods': size=120032Kb used=304Kb max_used=304Kb free=119727Kb
 bounds [0x00000001299d9000, 0x0000000129c49000, 0x0000000130f11000]
CodeHeap 'profiled nmethods': size=120028Kb used=1829Kb max_used=1829Kb free=118198Kb
 bounds [0x00000001224a2000, 0x0000000122712000, 0x00000001299d9000]
CodeHeap 'non-nmethods': size=5700Kb used=1172Kb max_used=1198Kb free=4527Kb
 bounds [0x0000000121f11000, 0x0000000122181000, 0x00000001224a2000]
 total_blobs=1575 nmethods=883 adapters=338
 compilation: enabled
              stopped_count=0, restarted_count=0
 full_count=0

Compilation events (20 events):
Event: 11004.817 Thread 0x00007fefab949000 nmethod 877 0x0000000129a23890 code [0x0000000129a23a40, 0x0000000129a23d98]
Event: 11004.817 Thread 0x00007fefab949000  874       4       java.util.GregorianCalendar::getWeekNumber (89 bytes)
Event: 11004.818 Thread 0x00007fefa015b800 nmethod 878 0x0000000122664d90 code [0x00000001226651e0, 0x00000001226680e8]
Event: 11004.818 Thread 0x00007fefa015b800  880       2       org.postgresql.core.v3.SimpleParameterList::checkAllParametersSet (65 bytes)
Event: 11004.818 Thread 0x00007fef83234800 nmethod 873 0x0000000129a24090 code [0x0000000129a24240, 0x0000000129a24838]
Event: 11004.818 Thread 0x00007fef83234800  879       4       org.postgresql.core.v3.SimpleParameterList::direction (10 bytes)
Event: 11004.818 Thread 0x00007fefa015b800 nmethod 880 0x0000000122669290 code [0x0000000122669480, 0x0000000122669af8]
Event: 11004.818 Thread 0x00007fefa015b800  881       3       org.postgresql.core.v3.SimpleParameterList::getParameterCount (6 bytes)
Event: 11004.818 Thread 0x00007fefab949000 nmethod 874 0x0000000129a24c10 code [0x0000000129a24d80, 0x0000000129a24ef8]
Event: 11004.818 Thread 0x00007fefa015b800 nmethod 881 0x0000000122669e10 code [0x0000000122669fa0, 0x000000012266a130]
Event: 11004.818 Thread 0x00007fefab949000  876       4       java.util.GregorianCalendar::setTimeZone (42 bytes)
Event: 11004.818 Thread 0x00007fef83234800 nmethod 879 0x0000000129a25010 code [0x0000000129a25180, 0x0000000129a25238]
Event: 11004.819 Thread 0x00007fefa015b800  882       3       org.postgresql.core.PGStream::sendInteger4 (53 bytes)
Event: 11004.819 Thread 0x00007fefa015b800 nmethod 882 0x000000012266a210 code [0x000000012266a3c0, 0x000000012266a6c8]
Event: 11004.819 Thread 0x00007fefa015b800  885  s    3       java.io.BufferedOutputStream::write (35 bytes)
Event: 11004.819 Thread 0x00007fefa015b800 nmethod 885 0x000000012266a810 code [0x000000012266a9e0, 0x000000012266af28]
Event: 11004.819 Thread 0x00007fefa015b800  884       3       org.postgresql.core.v3.SimpleParameterList::isNull (20 bytes)
Event: 11004.819 Thread 0x00007fefa015b800 nmethod 884 0x000000012266b110 code [0x000000012266b2c0, 0x000000012266b4d0]
Event: 11004.819 Thread 0x00007fefa015b800  883       3       org.postgresql.core.PGStream::sendInteger2 (72 bytes)
Event: 11004.819 Thread 0x00007fef83234800  888       4       org.postgresql.core.v3.SimpleParameterList::getParameterCount (6 bytes)

GC Heap History (12 events):
Event: 10722.517 GC heap before
{Heap before GC invocations=0 (full 0):
 garbage-first heap   total 264192K, used 5876K [0x00000007e0000000, 0x0000000800000000)
  region size 1024K, 7 young (7168K), 0 survivors (0K)
 Metaspace       used 2826K, capacity 6008K, committed 6272K, reserved 1056768K
  class space    used 268K, capacity 557K, committed 640K, reserved 1048576K
}
Event: 10722.525 GC heap after
{Heap after GC invocations=1 (full 1):
 garbage-first heap   total 27648K, used 2263K [0x00000007e0000000, 0x0000000800000000)
  region size 1024K, 0 young (0K), 0 survivors (0K)
 Metaspace       used 2826K, capacity 6008K, committed 6272K, reserved 1056768K
  class space    used 268K, capacity 557K, committed 640K, reserved 1048576K
}
Event: 10755.217 GC heap before
{Heap before GC invocations=1 (full 1):
 garbage-first heap   total 27648K, used 3287K [0x00000007e0000000, 0x0000000800000000)
  region size 1024K, 2 young (2048K), 0 survivors (0K)
 Metaspace       used 2864K, capacity 6008K, committed 6272K, reserved 1056768K
  class space    used 270K, capacity 557K, committed 640K, reserved 1048576K
}
Event: 10755.222 GC heap after
{Heap after GC invocations=2 (full 2):
 garbage-first heap   total 14336K, used 2554K [0x00000007e0000000, 0x0000000800000000)
  region size 1024K, 0 young (0K), 0 survivors (0K)
 Metaspace       used 2864K, capacity 6008K, committed 6272K, reserved 1056768K
  class space    used 270K, capacity 557K, committed 640K, reserved 1048576K
}
Event: 10958.233 GC heap before
{Heap before GC invocations=2 (full 2):
 garbage-first heap   total 14336K, used 3578K [0x00000007e0000000, 0x0000000800000000)
  region size 1024K, 3 young (3072K), 0 survivors (0K)
 Metaspace       used 3013K, capacity 6130K, committed 6272K, reserved 1056768K
  class space    used 292K, capacity 598K, committed 640K, reserved 1048576K
}
Event: 10958.241 GC heap after
{Heap after GC invocations=3 (full 3):
 garbage-first heap   total 14336K, used 2207K [0x00000007e0000000, 0x0000000800000000)
  region size 1024K, 0 young (0K), 0 survivors (0K)
 Metaspace       used 3013K, capacity 6130K, committed 6272K, reserved 1056768K
  class space    used 292K, capacity 598K, committed 640K, reserved 1048576K
}
Event: 11004.737 GC heap before
{Heap before GC invocations=3 (full 3):
 garbage-first heap   total 14336K, used 6303K [0x00000007e0000000, 0x0000000800000000)
  region size 1024K, 4 young (4096K), 0 survivors (0K)
 Metaspace       used 3260K, capacity 6201K, committed 6272K, reserved 1056768K
  class space    used 300K, capacity 600K, committed 640K, reserved 1048576K
}
Event: 11004.738 GC heap after
{Heap after GC invocations=4 (full 3):
 garbage-first heap   total 14336K, used 2562K [0x00000007e0000000, 0x0000000800000000)
  region size 1024K, 1 young (1024K), 1 survivors (1024K)
 Metaspace       used 3260K, capacity 6201K, committed 6272K, reserved 1056768K
  class space    used 300K, capacity 600K, committed 640K, reserved 1048576K
}
Event: 11004.800 GC heap before
{Heap before GC invocations=4 (full 3):
 garbage-first heap   total 14336K, used 6658K [0x00000007e0000000, 0x0000000800000000)
  region size 1024K, 6 young (6144K), 1 survivors (1024K)
 Metaspace       used 3460K, capacity 6329K, committed 6528K, reserved 1056768K
  class space    used 307K, capacity 600K, committed 640K, reserved 1048576K
}
Event: 11004.806 GC heap after
{Heap after GC invocations=5 (full 3):
 garbage-first heap   total 15360K, used 6770K [0x00000007e0000000, 0x0000000800000000)
  region size 1024K, 1 young (1024K), 1 survivors (1024K)
 Metaspace       used 3460K, capacity 6329K, committed 6528K, reserved 1056768K
  class space    used 307K, capacity 600K, committed 640K, reserved 1048576K
}
Event: 11004.810 GC heap before
{Heap before GC invocations=5 (full 3):
 garbage-first heap   total 15360K, used 7794K [0x00000007e0000000, 0x0000000800000000)
  region size 1024K, 2 young (2048K), 1 survivors (1024K)
 Metaspace       used 3460K, capacity 6329K, committed 6528K, reserved 1056768K
  class space    used 307K, capacity 600K, committed 640K, reserved 1048576K
}
Event: 11004.813 GC heap after
{Heap after GC invocations=6 (full 3):
 garbage-first heap   total 15360K, used 7877K [0x00000007e0000000, 0x0000000800000000)
  region size 1024K, 1 young (1024K), 1 survivors (1024K)
 Metaspace       used 3460K, capacity 6329K, committed 6528K, reserved 1056768K
  class space    used 307K, capacity 600K, committed 640K, reserved 1048576K
}

Deoptimization events (20 events):
Event: 11004.656 Thread 0x00007fefa9429800 Uncommon trap: trap_request=0xffffff76 fr.pc=0x0000000129a0fdcc relative=0x000000000000046c
Event: 11004.656 Thread 0x00007fefa9429800 Uncommon trap: reason=predicate action=maybe_recompile pc=0x0000000129a0fdcc method=java.util.regex.Pattern$Start.match(Ljava/util/regex/Matcher;ILjava/lang/CharSequence;)Z @ 34 c2
Event: 11004.656 Thread 0x00007fefa9429800 DEOPT PACKING pc=0x0000000129a0fdcc sp=0x00007ffee39e4d00
Event: 11004.656 Thread 0x00007fefa9429800 DEOPT UNPACKING pc=0x0000000121f59e25 sp=0x00007ffee39e4c50 mode 2
Event: 11004.656 Thread 0x00007fefa9429800 Uncommon trap: trap_request=0xffffffde fr.pc=0x0000000129a0e530 relative=0x00000000000001f0
Event: 11004.656 Thread 0x00007fefa9429800 Uncommon trap: reason=class_check action=maybe_recompile pc=0x0000000129a0e530 method=java.util.regex.Pattern$BmpCharProperty.match(Ljava/util/regex/Matcher;ILjava/lang/CharSequence;)Z @ 36 c2
Event: 11004.656 Thread 0x00007fefa9429800 DEOPT PACKING pc=0x0000000129a0e530 sp=0x00007ffee39e4af0
Event: 11004.656 Thread 0x00007fefa9429800 DEOPT UNPACKING pc=0x0000000121f59e25 sp=0x00007ffee39e4ab8 mode 2
Event: 11004.713 Thread 0x00007fefa9429800 Uncommon trap: trap_request=0xffffff45 fr.pc=0x0000000129a0f534 relative=0x00000000000001f4
Event: 11004.713 Thread 0x00007fefa9429800 Uncommon trap: reason=unstable_if action=reinterpret pc=0x0000000129a0f534 method=java.util.regex.Matcher.reset()Ljava/util/regex/Matcher; @ 47 c2
Event: 11004.713 Thread 0x00007fefa9429800 DEOPT PACKING pc=0x0000000129a0f534 sp=0x00007ffee39e6dc0
Event: 11004.713 Thread 0x00007fefa9429800 DEOPT UNPACKING pc=0x0000000121f59e25 sp=0x00007ffee39e6d68 mode 2
Event: 11004.713 Thread 0x00007fefa9429800 Uncommon trap: trap_request=0xffffff76 fr.pc=0x0000000129a1140c relative=0x000000000000036c
Event: 11004.713 Thread 0x00007fefa9429800 Uncommon trap: reason=predicate action=maybe_recompile pc=0x0000000129a1140c method=java.util.regex.Pattern$Start.match(Ljava/util/regex/Matcher;ILjava/lang/CharSequence;)Z @ 34 c2
Event: 11004.713 Thread 0x00007fefa9429800 DEOPT PACKING pc=0x0000000129a1140c sp=0x00007ffee39e6d80
Event: 11004.713 Thread 0x00007fefa9429800 DEOPT UNPACKING pc=0x0000000121f59e25 sp=0x00007ffee39e6d60 mode 2
Event: 11004.714 Thread 0x00007fefa9429800 Uncommon trap: trap_request=0xffffffde fr.pc=0x0000000129a0e530 relative=0x00000000000001f0
Event: 11004.714 Thread 0x00007fefa9429800 Uncommon trap: reason=class_check action=maybe_recompile pc=0x0000000129a0e530 method=java.util.regex.Pattern$BmpCharProperty.match(Ljava/util/regex/Matcher;ILjava/lang/CharSequence;)Z @ 36 c2
Event: 11004.714 Thread 0x00007fefa9429800 DEOPT PACKING pc=0x0000000129a0e530 sp=0x00007ffee39e57b0
Event: 11004.714 Thread 0x00007fefa9429800 DEOPT UNPACKING pc=0x0000000121f59e25 sp=0x00007ffee39e5778 mode 2

Classes unloaded (0 events):
No events

Classes redefined (0 events):
No events

Internal exceptions (1 events):
Event: 10958.212 Thread 0x00007fefa9429800 Exception <a 'java/lang/NoSuchMethodError'{0x00000007e0ae20f0}: 'int java.lang.invoke.DirectMethodHandle$Holder.invokeSpecialIFC(java.lang.Object, java.lang.Object, int)'> (0x00000007e0ae20f0) 
thrown [/scratch/mesos/slaves/fcf4c0c4-d73e-4321-860c-6613427db92b-S1400/frameworks/1735e8a2-a1db-478c-8104-60c8b0af87dd-0196/executors/daacdadf-a1b9-40bc-9978-e61e217c02bb/runs/8ae9fce2-2d0e-4b1f-b6c6-d913bc747292/workspace/open/src/hotspot/share/interpreter/linkResolver.cpp, line 767]

Events (20 events):
Event: 11004.760 loading class org/postgresql/util/PGTimestamp done
Event: 11004.760 Protecting memory [0x000070000c847000,0x000070000c84b000] with protection modes 3
Event: 11004.760 Thread 0x00007fef870c3800 Thread exited: 0x00007fef870c3800
Event: 11004.761 loading class org/postgresql/util/ByteConverter
Event: 11004.761 loading class org/postgresql/util/ByteConverter done
Event: 11004.761 loading class org/postgresql/core/v3/BatchedQuery
Event: 11004.761 loading class org/postgresql/core/v3/BatchedQuery done
Event: 11004.785 Thread 0x00007fef83234800 Thread added: 0x00007fef83234800
Event: 11004.785 Protecting memory [0x000070000c847000,0x000070000c84b000] with protection modes 0
Event: 11004.800 Executing VM operation: G1CollectForAllocation
Event: 11004.806 Executing VM operation: G1CollectForAllocation done
Event: 11004.810 Executing VM operation: G1CollectForAllocation
Event: 11004.813 Executing VM operation: G1CollectForAllocation done
Event: 11004.814 loading class org/postgresql/jdbc/BatchResultHandler
Event: 11004.814 loading class org/postgresql/jdbc/BatchResultHandler done
Event: 11004.815 loading class org/postgresql/core/v3/DescribeRequest
Event: 11004.815 loading class org/postgresql/core/v3/DescribeRequest done
Event: 11004.818 loading class org/postgresql/util/StreamWrapper
Event: 11004.818 loading class org/postgresql/util/StreamWrapper done
Event: 11004.819 Executing VM operation: G1Concurrent


Dynamic libraries:
0x000000010ce78000 	/Library/Frameworks/R.framework/Resources/lib/libR.dylib
0x00007fff3ce60000 	/System/Library/Frameworks/AppKit.framework/Versions/C/AppKit
0x00007fff3dc67000 	/System/Library/Frameworks/ApplicationServices.framework/Versions/A/ApplicationServices
0x00007fff3f84a000 	/System/Library/Frameworks/CoreFoundation.framework/Versions/A/CoreFoundation
0x00007fff41acf000 	/System/Library/Frameworks/Foundation.framework/Versions/C/Foundation
0x00007fff42187000 	/System/Library/Frameworks/IOKit.framework/Versions/A/IOKit
0x00007fff4ad99000 	/System/Library/Frameworks/Security.framework/Versions/A/Security
0x00007fff68a0d000 	/usr/lib/libbsm.0.dylib
0x00007fff687e7000 	/usr/lib/libSystem.B.dylib
0x00007fff6ae90000 	/usr/lib/libz.1.dylib
0x00007fff40aa1000 	/System/Library/Frameworks/CoreServices.framework/Versions/A/CoreServices
0x000000010d36d000 	/Applications/RStudio.app/Contents/Frameworks/libssl.1.1.dylib
0x000000010d3ef000 	/Applications/RStudio.app/Contents/Frameworks/libcrypto.1.1.dylib
0x00007fff68a2c000 	/usr/lib/libc++.1.dylib
0x00007fff3fc91000 	/System/Library/Frameworks/CoreGraphics.framework/Versions/A/CoreGraphics
0x00007fff41479000 	/System/Library/Frameworks/CoreText.framework/Versions/A/CoreText
0x00007fff6a020000 	/usr/lib/libobjc.A.dylib
0x00007fff622aa000 	/System/Library/PrivateFrameworks/RemoteViewServices.framework/Versions/A/RemoteViewServices
0x00007fff66523000 	/System/Library/PrivateFrameworks/UIFoundation.framework/Versions/A/UIFoundation
0x00007fff67c08000 	/System/Library/PrivateFrameworks/XCTTargetBootstrap.framework/Versions/A/XCTTargetBootstrap
0x00007fff3f759000 	/System/Library/Frameworks/CoreDisplay.framework/Versions/A/CoreDisplay
0x00007fff5cfe2000 	/System/Library/PrivateFrameworks/IconServices.framework/Versions/A/IconServices
0x00007fff44404000 	/System/Library/Frameworks/Metal.framework/Versions/A/Metal
0x00007fff54526000 	/System/Library/PrivateFrameworks/DesktopServicesPriv.framework/Versions/A/DesktopServicesPriv
0x00007fff69383000 	/usr/lib/libenergytrace.dylib
0x00007fff64a09000 	/System/Library/PrivateFrameworks/SkyLight.framework/Versions/A/SkyLight
0x00007fff3bc2c000 	/System/Library/Frameworks/Accelerate.framework/Versions/A/Accelerate
0x00007fff42218000 	/System/Library/Frameworks/IOSurface.framework/Versions/A/IOSurface
0x00007fff54392000 	/System/Library/PrivateFrameworks/DFRFoundation.framework/Versions/A/DFRFoundation
0x00007fff3e14a000 	/System/Library/Frameworks/AudioToolbox.framework/Versions/A/AudioToolbox
0x00007fff3e3c3000 	/System/Library/Frameworks/AudioUnit.framework/Versions/A/AudioUnit
0x00007fff3f3d3000 	/System/Library/Frameworks/CoreData.framework/Versions/A/CoreData
0x00007fff54427000 	/System/Library/PrivateFrameworks/DataDetectorsCore.framework/Versions/A/DataDetectorsCore
0x00007fff3ead8000 	/System/Library/Frameworks/Carbon.framework/Versions/A/Frameworks/HIToolbox.framework/Versions/A/HIToolbox
0x00007fff694dc000 	/usr/lib/libicucore.A.dylib
0x00007fff4a30c000 	/System/Library/Frameworks/QuartzCore.framework/Versions/A/QuartzCore
0x00007fff3eead000 	/System/Library/Frameworks/Carbon.framework/Versions/A/Frameworks/SpeechRecognition.framework/Versions/A/SpeechRecognition
0x00007fff6893b000 	/usr/lib/libauto.dylib
0x00007fff6ad83000 	/usr/lib/libxml2.2.dylib
0x00007fff53f6d000 	/System/Library/PrivateFrameworks/CoreUI.framework/Versions/A/CoreUI
0x00007fff3f2be000 	/System/Library/Frameworks/CoreAudio.framework/Versions/A/CoreAudio
0x00007fff41903000 	/System/Library/Frameworks/DiskArbitration.framework/Versions/A/DiskArbitration
0x00007fff6978a000 	/usr/lib/liblangid.dylib
0x00007fff5e3ee000 	/System/Library/PrivateFrameworks/MultitouchSupport.framework/Versions/A/MultitouchSupport
0x00007fff683a7000 	/usr/lib/libDiagnosticMessagesClient.dylib
0x00007fff600a9000 	/System/Library/PrivateFrameworks/PerformanceAnalysis.framework/Versions/A/PerformanceAnalysis
0x00007fff494f3000 	/System/Library/Frameworks/OpenGL.framework/Versions/A/OpenGL
0x00007fff3efe3000 	/System/Library/Frameworks/ColorSync.framework/Versions/A/ColorSync
0x00007fff40323000 	/System/Library/Frameworks/CoreImage.framework/Versions/A/CoreImage
0x00007fff4227b000 	/System/Library/Frameworks/ImageIO.framework/Versions/A/ImageIO
0x00007fff505bd000 	/System/Library/PrivateFrameworks/Backup.framework/Versions/A/Backup
0x00007fff6888e000 	/usr/lib/libarchive.2.dylib
0x00007fff3e71c000 	/System/Library/Frameworks/CFNetwork.framework/Versions/A/CFNetwork
0x00007fff4b4f5000 	/System/Library/Frameworks/SystemConfiguration.framework/Versions/A/SystemConfiguration
0x00007fff682d8000 	/usr/lib/libCRFSuite.dylib
0x00007fff68a80000 	/usr/lib/libc++abi.dylib
0x00007fff6b686000 	/usr/lib/system/libcache.dylib
0x00007fff6b68b000 	/usr/lib/system/libcommonCrypto.dylib
0x00007fff6b696000 	/usr/lib/system/libcompiler_rt.dylib
0x00007fff6b69e000 	/usr/lib/system/libcopyfile.dylib
0x00007fff6b6a8000 	/usr/lib/system/libcorecrypto.dylib
0x00007fff6b7b3000 	/usr/lib/system/libdispatch.dylib
0x00007fff6b7ed000 	/usr/lib/system/libdyld.dylib
0x00007fff6b81a000 	/usr/lib/system/libkeymgr.dylib
0x00007fff6b828000 	/usr/lib/system/liblaunch.dylib
0x00007fff6b829000 	/usr/lib/system/libmacho.dylib
0x00007fff6b82f000 	/usr/lib/system/libquarantine.dylib
0x00007fff6b832000 	/usr/lib/system/libremovefile.dylib
0x00007fff6b834000 	/usr/lib/system/libsystem_asl.dylib
0x00007fff6b84c000 	/usr/lib/system/libsystem_blocks.dylib
0x00007fff6b84d000 	/usr/lib/system/libsystem_c.dylib
0x00007fff6b8d5000 	/usr/lib/system/libsystem_configuration.dylib
0x00007fff6b8d9000 	/usr/lib/system/libsystem_coreservices.dylib
0x00007fff6b8dd000 	/usr/lib/system/libsystem_darwin.dylib
0x00007fff6b8e4000 	/usr/lib/system/libsystem_dnssd.dylib
0x00007fff6b8eb000 	/usr/lib/system/libsystem_info.dylib
0x00007fff6b960000 	/usr/lib/system/libsystem_m.dylib
0x00007fff6b9ac000 	/usr/lib/system/libsystem_malloc.dylib
0x00007fff6b9d7000 	/usr/lib/system/libsystem_networkextension.dylib
0x00007fff6b9e2000 	/usr/lib/system/libsystem_notify.dylib
0x00007fff6b9ff000 	/usr/lib/system/libsystem_sandbox.dylib
0x00007fff6ba03000 	/usr/lib/system/libsystem_secinit.dylib
0x00007fff6b937000 	/usr/lib/system/libsystem_kernel.dylib
0x00007fff6b9ea000 	/usr/lib/system/libsystem_platform.dylib
0x00007fff6b9f4000 	/usr/lib/system/libsystem_pthread.dylib
0x00007fff6ba06000 	/usr/lib/system/libsystem_symptoms.dylib
0x00007fff6ba0e000 	/usr/lib/system/libsystem_trace.dylib
0x00007fff6ba25000 	/usr/lib/system/libunwind.dylib
0x00007fff6ba2b000 	/usr/lib/system/libxpc.dylib
0x00007fff6b81b000 	/usr/lib/system/libkxld.dylib
0x00007fff4f9ae000 	/System/Library/PrivateFrameworks/AppleFSCompression.framework/Versions/A/AppleFSCompression
0x00007fff686a7000 	/usr/lib/libOpenScriptingUtil.dylib
0x00007fff68d35000 	/usr/lib/libcoretls.dylib
0x00007fff68d4c000 	/usr/lib/libcoretls_cfhelpers.dylib
0x00007fff6a7b7000 	/usr/lib/libpam.2.dylib
0x00007fff6a977000 	/usr/lib/libsqlite3.dylib
0x00007fff6ad71000 	/usr/lib/libxar.1.dylib
0x00007fff68a1e000 	/usr/lib/libbz2.1.0.dylib
0x00007fff6978c000 	/usr/lib/liblzma.5.dylib
0x00007fff69c3d000 	/usr/lib/libnetwork.dylib
0x00007fff68877000 	/usr/lib/libapple_nghttp2.dylib
0x00007fff6a7be000 	/usr/lib/libpcap.A.dylib
0x00007fff40e40000 	/System/Library/Frameworks/CoreServices.framework/Versions/A/Frameworks/FSEvents.framework/Versions/A/FSEvents
0x00007fff40b1f000 	/System/Library/Frameworks/CoreServices.framework/Versions/A/Frameworks/CarbonCore.framework/Versions/A/CarbonCore
0x00007fff40ffb000 	/System/Library/Frameworks/CoreServices.framework/Versions/A/Frameworks/Metadata.framework/Versions/A/Metadata
0x00007fff4109a000 	/System/Library/Frameworks/CoreServices.framework/Versions/A/Frameworks/OSServices.framework/Versions/A/OSServices
0x00007fff410e5000 	/System/Library/Frameworks/CoreServices.framework/Versions/A/Frameworks/SearchKit.framework/Versions/A/SearchKit
0x00007fff40aa2000 	/System/Library/Frameworks/CoreServices.framework/Versions/A/Frameworks/AE.framework/Versions/A/AE
0x00007fff40e49000 	/System/Library/Frameworks/CoreServices.framework/Versions/A/Frameworks/LaunchServices.framework/Versions/A/LaunchServices
0x00007fff40df7000 	/System/Library/Frameworks/CoreServices.framework/Versions/A/Frameworks/DictionaryServices.framework/Versions/A/DictionaryServices
0x00007fff4114d000 	/System/Library/Frameworks/CoreServices.framework/Versions/A/Frameworks/SharedFileList.framework/Versions/A/SharedFileList
0x00007fff454ce000 	/System/Library/Frameworks/NetFS.framework/Versions/A/NetFS
0x00007fff5e654000 	/System/Library/PrivateFrameworks/NetAuth.framework/Versions/A/NetAuth
0x00007fff6800c000 	/System/Library/PrivateFrameworks/login.framework/Versions/A/Frameworks/loginsupport.framework/Versions/A/loginsupport
0x00007fff6612c000 	/System/Library/PrivateFrameworks/TCC.framework/Versions/A/TCC
0x00007fff535ca000 	/System/Library/PrivateFrameworks/CoreNLP.framework/Versions/A/CoreNLP
0x00007fff5e0e9000 	/System/Library/PrivateFrameworks/MetadataUtilities.framework/Versions/A/MetadataUtilities
0x00007fff69861000 	/usr/lib/libmecabra.dylib
0x00007fff3dc68000 	/System/Library/Frameworks/ApplicationServices.framework/Versions/A/Frameworks/ATS.framework/Versions/A/ATS
0x00007fff3dfb7000 	/System/Library/Frameworks/ApplicationServices.framework/Versions/A/Frameworks/ColorSyncLegacy.framework/Versions/A/ColorSyncLegacy
0x00007fff3e056000 	/System/Library/Frameworks/ApplicationServices.framework/Versions/A/Frameworks/HIServices.framework/Versions/A/HIServices
0x00007fff3e0a9000 	/System/Library/Frameworks/ApplicationServices.framework/Versions/A/Frameworks/LangAnalysis.framework/Versions/A/LangAnalysis
0x00007fff3e0b9000 	/System/Library/Frameworks/ApplicationServices.framework/Versions/A/Frameworks/PrintCore.framework/Versions/A/PrintCore
0x00007fff3e103000 	/System/Library/Frameworks/ApplicationServices.framework/Versions/A/Frameworks/QD.framework/Versions/A/QD
0x00007fff3e13d000 	/System/Library/Frameworks/ApplicationServices.framework/Versions/A/Frameworks/SpeechSynthesis.framework/Versions/A/SpeechSynthesis
0x00007fff68aa8000 	/usr/lib/libcompression.dylib
0x00007fff446d4000 	/System/Library/Frameworks/MetalPerformanceShaders.framework/Versions/A/MetalPerformanceShaders
0x00007fff3bc44000 	/System/Library/Frameworks/Accelerate.framework/Versions/A/Frameworks/vImage.framework/Versions/A/vImage
0x00007fff3ccbe000 	/System/Library/Frameworks/Accelerate.framework/Versions/A/Frameworks/vecLib.framework/Versions/A/vecLib
0x00007fff3cc0a000 	/System/Library/Frameworks/Accelerate.framework/Versions/A/Frameworks/vecLib.framework/Versions/A/libvMisc.dylib
0x00007fff3ca22000 	/System/Library/Frameworks/Accelerate.framework/Versions/A/Frameworks/vecLib.framework/Versions/A/libvDSP.dylib
0x00007fff3c2de000 	/System/Library/Frameworks/Accelerate.framework/Versions/A/Frameworks/vecLib.framework/Versions/A/libBLAS.dylib
0x00007fff3c5cb000 	/System/Library/Frameworks/Accelerate.framework/Versions/A/Frameworks/vecLib.framework/Versions/A/libLAPACK.dylib
0x00007fff3c975000 	/System/Library/Frameworks/Accelerate.framework/Versions/A/Frameworks/vecLib.framework/Versions/A/libLinearAlgebra.dylib
0x00007fff3ca0e000 	/System/Library/Frameworks/Accelerate.framework/Versions/A/Frameworks/vecLib.framework/Versions/A/libSparseBLAS.dylib
0x00007fff3c98b000 	/System/Library/Frameworks/Accelerate.framework/Versions/A/Frameworks/vecLib.framework/Versions/A/libQuadrature.dylib
0x00007fff3c558000 	/System/Library/Frameworks/Accelerate.framework/Versions/A/Frameworks/vecLib.framework/Versions/A/libBNNS.dylib
0x00007fff3c991000 	/System/Library/Frameworks/Accelerate.framework/Versions/A/Frameworks/vecLib.framework/Versions/A/libSparse.dylib
0x00007fff5a918000 	/System/Library/PrivateFrameworks/GPUWrangler.framework/Versions/A/GPUWrangler
0x00007fff5cc17000 	/System/Library/PrivateFrameworks/IOAccelerator.framework/Versions/A/IOAccelerator
0x00007fff5cc22000 	/System/Library/PrivateFrameworks/IOPresentment.framework/Versions/A/IOPresentment
0x00007fff543a2000 	/System/Library/PrivateFrameworks/DSExternalDisplay.framework/Versions/A/DSExternalDisplay
0x00007fff4894a000 	/System/Library/Frameworks/OpenGL.framework/Versions/A/Libraries/libCoreFSCache.dylib
0x00007fff444c8000 	/System/Library/Frameworks/MetalPerformanceShaders.framework/Frameworks/MPSCore.framework/Versions/A/MPSCore
0x00007fff444e8000 	/System/Library/Frameworks/MetalPerformanceShaders.framework/Frameworks/MPSImage.framework/Versions/A/MPSImage
0x00007fff4458d000 	/System/Library/Frameworks/MetalPerformanceShaders.framework/Frameworks/MPSNeuralNetwork.framework/Versions/A/MPSNeuralNetwork
0x00007fff44565000 	/System/Library/Frameworks/MetalPerformanceShaders.framework/Frameworks/MPSMatrix.framework/Versions/A/MPSMatrix
0x00007fff446b9000 	/System/Library/Frameworks/MetalPerformanceShaders.framework/Frameworks/MPSRayIntersector.framework/Versions/A/MPSRayIntersector
0x00007fff5e112000 	/System/Library/PrivateFrameworks/MetalTools.framework/Versions/A/MetalTools
0x00007fff4f258000 	/System/Library/PrivateFrameworks/AggregateDictionary.framework/Versions/A/AggregateDictionary
0x00007fff68687000 	/usr/lib/libMobileGestalt.dylib
0x00007fff415dc000 	/System/Library/Frameworks/CoreVideo.framework/Versions/A/CoreVideo
0x00007fff5b729000 	/System/Library/PrivateFrameworks/GraphVisualizer.framework/Versions/A/GraphVisualizer
0x00007fff555a8000 	/System/Library/PrivateFrameworks/FaceCore.framework/Versions/A/FaceCore
0x00007fff47f78000 	/System/Library/Frameworks/OpenCL.framework/Versions/A/OpenCL
0x00007fff683df000 	/usr/lib/libFosl_dynamic.dylib
0x00007fff5eebf000 	/System/Library/PrivateFrameworks/OTSVG.framework/Versions/A/OTSVG
0x00007fff3dd6c000 	/System/Library/Frameworks/ApplicationServices.framework/Versions/A/Frameworks/ATS.framework/Versions/A/Resources/libFontParser.dylib
0x00007fff3de84000 	/System/Library/Frameworks/ApplicationServices.framework/Versions/A/Frameworks/ATS.framework/Versions/A/Resources/libFontRegistry.dylib
0x00007fff424ea000 	/System/Library/Frameworks/ImageIO.framework/Versions/A/Resources/libJPEG.dylib
0x00007fff4280f000 	/System/Library/Frameworks/ImageIO.framework/Versions/A/Resources/libTIFF.dylib
0x00007fff427e5000 	/System/Library/Frameworks/ImageIO.framework/Versions/A/Resources/libPng.dylib
0x00007fff42408000 	/System/Library/Frameworks/ImageIO.framework/Versions/A/Resources/libGIF.dylib
0x00007fff4240d000 	/System/Library/Frameworks/ImageIO.framework/Versions/A/Resources/libJP2.dylib
0x00007fff4280c000 	/System/Library/Frameworks/ImageIO.framework/Versions/A/Resources/libRadiance.dylib
0x00007fff4fb05000 	/System/Library/PrivateFrameworks/AppleJPEG.framework/Versions/A/AppleJPEG
0x00007fff48955000 	/System/Library/Frameworks/OpenGL.framework/Versions/A/Libraries/libGFXShared.dylib
0x00007fff48b18000 	/System/Library/Frameworks/OpenGL.framework/Versions/A/Libraries/libGLU.dylib
0x00007fff4895e000 	/System/Library/Frameworks/OpenGL.framework/Versions/A/Libraries/libGL.dylib
0x00007fff4896a000 	/System/Library/Frameworks/OpenGL.framework/Versions/A/Libraries/libGLImage.dylib
0x00007fff48947000 	/System/Library/Frameworks/OpenGL.framework/Versions/A/Libraries/libCVMSPluginSupport.dylib
0x00007fff48950000 	/System/Library/Frameworks/OpenGL.framework/Versions/A/Libraries/libCoreVMClient.dylib
0x00007fff691f9000 	/usr/lib/libcups.2.dylib
0x00007fff439cf000 	/System/Library/Frameworks/Kerberos.framework/Versions/A/Kerberos
0x00007fff41eeb000 	/System/Library/Frameworks/GSS.framework/Versions/A/GSS
0x00007fff6a90c000 	/usr/lib/libresolv.9.dylib
0x00007fff693eb000 	/usr/lib/libiconv.2.dylib
0x00007fff5b89e000 	/System/Library/PrivateFrameworks/Heimdal.framework/Versions/A/Heimdal
0x00007fff693bb000 	/usr/lib/libheimdal-asn1.dylib
0x00007fff47fec000 	/System/Library/Frameworks/OpenDirectory.framework/Versions/A/OpenDirectory
0x00007fff5232d000 	/System/Library/PrivateFrameworks/CommonAuth.framework/Versions/A/CommonAuth
0x00007fff47fd0000 	/System/Library/Frameworks/OpenDirectory.framework/Versions/A/Frameworks/CFOpenDirectory.framework/Versions/A/CFOpenDirectory
0x00007fff4b09a000 	/System/Library/Frameworks/SecurityFoundation.framework/Versions/A/SecurityFoundation
0x00007fff4e79e000 	/System/Library/PrivateFrameworks/APFS.framework/Versions/A/APFS
0x00007fff6ad6d000 	/usr/lib/libutil.dylib
0x00007fff68a96000 	/usr/lib/libcharset.1.dylib
0x00007fff4fda2000 	/System/Library/PrivateFrameworks/AppleSauce.framework/Versions/A/AppleSauce
0x00007fff4ff23000 	/System/Library/PrivateFrameworks/AssertionServices.framework/Versions/A/AssertionServices
0x00007fff50653000 	/System/Library/PrivateFrameworks/BaseBoard.framework/Versions/A/BaseBoard
0x00007fff697bc000 	/usr/lib/libmecab.1.0.0.dylib
0x00007fff693b5000 	/usr/lib/libgermantok.dylib
0x00007fff68864000 	/usr/lib/libThaiTokenizer.dylib
0x00007fff6830f000 	/usr/lib/libChineseTokenizer.dylib
0x00007fff5d2cf000 	/System/Library/PrivateFrameworks/LanguageModeling.framework/Versions/A/LanguageModeling
0x00007fff5300f000 	/System/Library/PrivateFrameworks/CoreEmoji.framework/Versions/A/CoreEmoji
0x00007fff5d3ab000 	/System/Library/PrivateFrameworks/Lexicon.framework/Versions/A/Lexicon
0x00007fff5d3ee000 	/System/Library/PrivateFrameworks/LinguisticData.framework/Versions/A/LinguisticData
0x00007fff68a97000 	/usr/lib/libcmph.dylib
0x00007fff4b158000 	/System/Library/Frameworks/ServiceManagement.framework/Versions/A/ServiceManagement
0x00007fff505b4000 	/System/Library/PrivateFrameworks/BackgroundTaskManagement.framework/Versions/A/BackgroundTaskManagement
0x00007fff6ae67000 	/usr/lib/libxslt.1.dylib
0x00007fff3edda000 	/System/Library/Frameworks/Carbon.framework/Versions/A/Frameworks/Ink.framework/Versions/A/Ink
0x00007fff6639e000 	/System/Library/PrivateFrameworks/TextureIO.framework/Versions/A/TextureIO
0x00007fff688b8000 	/usr/lib/libate.dylib
0x00007fff542f1000 	/System/Library/PrivateFrameworks/CrashReporterSupport.framework/Versions/A/CrashReporterSupport
0x00007fff63ad6000 	/System/Library/PrivateFrameworks/Sharing.framework/Versions/A/Sharing
0x00007fff50306000 	/System/Library/PrivateFrameworks/AuthKit.framework/Versions/A/AuthKit
0x00007fff4f85a000 	/System/Library/PrivateFrameworks/Apple80211.framework/Versions/A/Apple80211
0x00007fff54099000 	/System/Library/PrivateFrameworks/CoreUtils.framework/Versions/A/CoreUtils
0x00007fff4161d000 	/System/Library/Frameworks/CoreWLAN.framework/Versions/A/CoreWLAN
0x00007fff4201a000 	/System/Library/Frameworks/IOBluetooth.framework/Versions/A/IOBluetooth
0x00007fff61f4a000 	/System/Library/PrivateFrameworks/ProtocolBuffer.framework/Versions/A/ProtocolBuffer
0x00007fff5e34a000 	/System/Library/PrivateFrameworks/MobileKeyBag.framework/Versions/A/MobileKeyBag
0x00007fff538dd000 	/System/Library/PrivateFrameworks/CorePhoneNumbers.framework/Versions/A/CorePhoneNumbers
0x00007fff4fab9000 	/System/Library/PrivateFrameworks/AppleIDAuthSupport.framework/Versions/A/AppleIDAuthSupport
0x00007fff5d2a2000 	/System/Library/PrivateFrameworks/KeychainCircle.framework/Versions/A/KeychainCircle
0x00007fff62100000 	/System/Library/PrivateFrameworks/ROCKit.framework/Versions/A/ROCKit
0x00007fff5428d000 	/System/Library/PrivateFrameworks/CoreWiFi.framework/Versions/A/CoreWiFi
0x00007fff3f3a8000 	/System/Library/Frameworks/CoreBluetooth.framework/Versions/A/CoreBluetooth
0x00007fff544e8000 	/System/Library/PrivateFrameworks/DebugSymbols.framework/Versions/A/DebugSymbols
0x00007fff53e59000 	/System/Library/PrivateFrameworks/CoreSymbolication.framework/Versions/A/CoreSymbolication
0x00007fff65bb9000 	/System/Library/PrivateFrameworks/Symbolication.framework/Versions/A/Symbolication
0x00007fff6545c000 	/System/Library/PrivateFrameworks/SpeechRecognitionCore.framework/Versions/A/SpeechRecognitionCore
0x000000010d623000 	/Library/Frameworks/R.framework/Versions/4.0/Resources/lib/libRblas.dylib
0x000000010d655000 	/Library/Frameworks/R.framework/Versions/4.0/Resources/lib/libgfortran.5.dylib
0x000000010d90e000 	/Library/Frameworks/R.framework/Versions/4.0/Resources/lib/libquadmath.0.dylib
0x00007fff69a6a000 	/usr/lib/libncurses.5.4.dylib
0x000000010d95a000 	/Library/Frameworks/R.framework/Versions/4.0/Resources/lib/libgcc_s.1.dylib
0x000000010f9d6000 	/Library/Frameworks/R.framework/Versions/4.0/Resources/library/methods/libs/methods.so
0x000000010f912000 	/Library/Frameworks/R.framework/Versions/4.0/Resources/library/grDevices/libs/grDevices.so
0x000000010fb25000 	/Library/Frameworks/R.framework/Versions/4.0/Resources/library/graphics/libs/graphics.so
0x000000010f9b5000 	/Library/Frameworks/R.framework/Versions/4.0/Resources/library/utils/libs/utils.so
0x0000000110195000 	/Library/Frameworks/R.framework/Versions/4.0/Resources/library/stats/libs/stats.so
0x000000011025c000 	/Library/Frameworks/R.framework/Versions/4.0/Resources/lib/libRlapack.dylib
0x000000011048a000 	/Library/Frameworks/R.framework/Versions/4.0/Resources/library/fansi/libs/fansi.so
0x000000010f9c8000 	/Library/Frameworks/R.framework/Versions/4.0/Resources/library/glue/libs/glue.so
0x00000001104af000 	/Library/Frameworks/R.framework/Versions/4.0/Resources/library/tools/libs/tools.so
0x000000011053b000 	/Library/Frameworks/R.framework/Versions/4.0/Resources/library/rlang/libs/rlang.so
0x000000010d3eb000 	/Library/Frameworks/R.framework/Versions/4.0/Resources/library/ellipsis/libs/ellipsis.so
0x0000000110567000 	/Library/Frameworks/R.framework/Versions/4.0/Resources/library/digest/libs/digest.so
0x00000001105ca000 	/Library/Frameworks/R.framework/Versions/4.0/Resources/library/processx/libs/processx.so
0x00000001105dc000 	/Library/Frameworks/R.framework/Versions/4.0/Resources/library/ps/libs/ps.so
0x000000010f9cd000 	/Library/Frameworks/R.framework/Versions/4.0/Resources/library/pkgload/libs/pkgload.so
0x000000010f9d1000 	/Library/Frameworks/R.framework/Versions/4.0/Resources/library/backports/libs/backports.so
0x00000001107c8000 	/Library/Frameworks/R.framework/Versions/4.0/Resources/library/testthat/libs/testthat.so
0x00000001108bd000 	/Library/Frameworks/R.framework/Versions/4.0/Resources/library/fs/libs/fs.so
0x0000000110923000 	/Library/Frameworks/R.framework/Versions/4.0/Resources/library/curl/libs/curl.so
0x00007fff69278000 	/usr/lib/libcurl.4.dylib
0x00007fff690e5000 	/usr/lib/libcrypto.42.dylib
0x00007fff6ac18000 	/usr/lib/libssl.44.dylib
0x00007fff439e9000 	/System/Library/Frameworks/LDAP.framework/Versions/A/LDAP
0x00007fff6651c000 	/System/Library/PrivateFrameworks/TrustEvaluationAgent.framework/Versions/A/TrustEvaluationAgent
0x00007fff6a962000 	/usr/lib/libsasl2.2.dylib
0x00007fff52e0c000 	/System/Library/PrivateFrameworks/CoreDaemon.framework/Versions/B/CoreDaemon
0x00007fff4fd9d000 	/System/Library/PrivateFrameworks/AppleSRP.framework/Versions/A/AppleSRP
0x0000000110993000 	/Library/Frameworks/R.framework/Versions/4.0/Resources/library/vctrs/libs/vctrs.so
0x0000000110a1c000 	/Library/Frameworks/R.framework/Versions/4.0/Resources/library/tibble/libs/tibble.so
0x0000000110a47000 	/Library/Frameworks/R.framework/Versions/4.0/Resources/library/purrr/libs/purrr.so
0x0000000110aca000 	/Library/Frameworks/R.framework/Versions/4.0/Resources/library/dplyr/libs/dplyr.so
0x0000000110ad8000 	/Library/Frameworks/R.framework/Versions/4.0/Resources/library/stringi/libs/stringi.so
0x0000000112c68000 	/Library/Frameworks/R.framework/Versions/4.0/Resources/library/grid/libs/grid.so
0x0000000112cf8000 	/Library/Frameworks/R.framework/Versions/4.0/Resources/library/colorspace/libs/colorspace.so
0x0000000112fcb000 	/Library/Frameworks/R.framework/Versions/4.0/Resources/library/jsonlite/libs/jsonlite.so
0x00000001130ad000 	/Library/Frameworks/R.framework/Versions/4.0/Resources/library/Rcpp/libs/Rcpp.so
0x0000000113285000 	/Library/Frameworks/R.framework/Versions/4.0/Resources/library/magick/libs/magick.so
0x00007fff69384000 	/usr/lib/libexpat.1.dylib
0x000000010fc0d000 	/Library/Frameworks/R.framework/Versions/4.0/Resources/library/lattice/libs/lattice.so
0x000000010fc17000 	/Library/Frameworks/R.framework/Versions/4.0/Resources/library/hexbin/libs/hexbin.so
0x0000000115306000 	/Library/Frameworks/R.framework/Versions/4.0/Resources/library/sysfonts/libs/sysfonts.so
0x0000000115555000 	/Library/Frameworks/R.framework/Versions/4.0/Resources/library/showtext/libs/showtext.so
0x0000000115a66000 	/Library/Frameworks/R.framework/Versions/4.0/Resources/library/readr/libs/readr.so
0x000000010fc41000 	/Library/Frameworks/R.framework/Versions/4.0/Resources/library/readr/rcon/librcon.so
0x0000000112d2d000 	/Library/Frameworks/R.framework/Versions/4.0/Resources/library/splines/libs/splines.so
0x0000000115ddb000 	/Library/Frameworks/R.framework/Versions/4.0/Resources/library/Matrix/libs/Matrix.so
0x0000000113019000 	/Library/Frameworks/R.framework/Versions/4.0/Resources/library/survival/libs/survival.so
0x000000010fc37000 	/Library/Frameworks/R.framework/Versions/4.0/Resources/library/base64enc/libs/base64enc.so
0x0000000113215000 	/Library/Frameworks/R.framework/Versions/4.0/Resources/library/png/libs/png.so
0x0000000115218000 	/Library/Frameworks/R.framework/Versions/4.0/Resources/library/jpeg/libs/jpeg.so
0x0000000113145000 	/Library/Frameworks/R.framework/Versions/4.0/Resources/library/cluster/libs/cluster.so
0x0000000115294000 	/Library/Frameworks/R.framework/Versions/4.0/Resources/library/foreign/libs/foreign.so
0x000000010fcc2000 	/Library/Frameworks/R.framework/Versions/4.0/Resources/library/nnet/libs/nnet.so
0x00000001152b8000 	/Library/Frameworks/R.framework/Versions/4.0/Resources/library/rpart/libs/rpart.so
0x000000011049c000 	/Library/Frameworks/R.framework/Versions/4.0/Resources/library/checkmate/libs/checkmate.so
0x000000010fc45000 	/Library/Frameworks/R.framework/Versions/4.0/Resources/library/htmltools/libs/htmltools.so
0x000000010fcd0000 	/Library/Frameworks/R.framework/Versions/4.0/Resources/library/xfun/libs/xfun.so
0x00000001162e4000 	/Library/Frameworks/R.framework/Versions/4.0/Resources/library/data.table/libs/datatable.so
0x0000000113171000 	/Library/Frameworks/R.framework/Versions/4.0/Resources/library/Hmisc/libs/Hmisc.so
0x0000000116363000 	/Library/Frameworks/R.framework/Versions/4.0/Resources/library/gmp/libs/gmp.so
0x0000000116427000 	/Library/Frameworks/R.framework/Versions/4.0/Resources/library/lubridate/libs/lubridate.so
0x0000000116757000 	/Library/Frameworks/R.framework/Versions/4.0/Resources/library/tidyr/libs/tidyr.so
0x000000011682d000 	/Library/Frameworks/R.framework/Versions/4.0/Resources/library/utf8/libs/utf8.so
0x0000000116e83000 	/Library/Java/JavaVirtualMachines/openjdk-13.0.1.jdk/Contents/Home/lib/server/libjvm.dylib
0x0000000116046000 	/Library/Frameworks/R.framework/Versions/4.0/Resources/library/rJava/libs/rJava.so
0x0000000115f3d000 	/Library/Java/JavaVirtualMachines/openjdk-13.0.1.jdk/Contents/Home/lib/libverify.dylib
0x00000001167b3000 	/Library/Java/JavaVirtualMachines/openjdk-13.0.1.jdk/Contents/Home/lib/libjava.dylib
0x0000000112e41000 	/Library/Java/JavaVirtualMachines/openjdk-13.0.1.jdk/Contents/Home/lib/libzip.dylib
0x00000001152fc000 	/Library/Java/JavaVirtualMachines/openjdk-13.0.1.jdk/Contents/Home/lib/libjimage.dylib
0x0000000135220000 	/Library/Developer/CommandLineTools/usr/lib/libclang.dylib
0x000000013a7e3000 	/Library/Frameworks/R.framework/Resources/modules//internet.so
0x0000000133e7e000 	/Library/Frameworks/R.framework/Versions/4.0/Resources/library/haven/libs/haven.so
0x0000000133f55000 	/Library/Frameworks/R.framework/Versions/4.0/Resources/library/readxl/libs/readxl.so
0x0000000115fdd000 	/Library/Frameworks/R.framework/Versions/4.0/Resources/library/xml2/libs/xml2.so
0x000000013c910000 	/Library/Frameworks/R.framework/Versions/4.0/Resources/library/RMySQL/libs/RMySQL.so
0x0000000116b07000 	/Library/Frameworks/R.framework/Versions/4.0/Resources/library/qpdf/libs/qpdf.so
0x000000013b51c000 	/Library/Frameworks/R.framework/Versions/4.0/Resources/library/pdftools/libs/pdftools.so
0x000000013cdc0000 	/Library/Frameworks/R.framework/Versions/4.0/Resources/library/tesseract/libs/tesseract.so
0x0000000112be6000 	/Library/Frameworks/R.framework/Versions/4.0/Resources/library/rappdirs/libs/rappdirs.so
0x0000000116e45000 	/Library/Frameworks/R.framework/Versions/4.0/Resources/library/zip/libs/zip.so
0x000000013aa0d000 	/Library/Frameworks/R.framework/Versions/4.0/Resources/library/openxlsx/libs/openxlsx.so
0x000000013aaa0000 	/Library/Frameworks/R.framework/Versions/4.0/Resources/library/later/libs/later.so
0x00000001198e4000 	/Library/Frameworks/R.framework/Versions/4.0/Resources/library/promises/libs/promises.so
0x000000013ba71000 	/Library/Frameworks/R.framework/Versions/4.0/Resources/library/httpuv/libs/httpuv.so
0x0000000112bea000 	/Library/Frameworks/R.framework/Versions/4.0/Resources/library/mime/libs/mime.so
0x0000000116819000 	/Library/Frameworks/R.framework/Versions/4.0/Resources/library/fastmap/libs/fastmap.so
0x000000013bc4f000 	/Library/Frameworks/R.framework/Versions/4.0/Resources/library/yaml/libs/yaml.so
0x0000000115ff8000 	/Library/Java/JavaVirtualMachines/openjdk-13.0.1.jdk/Contents/Home/lib/libnio.dylib
0x0000000116006000 	/Library/Java/JavaVirtualMachines/openjdk-13.0.1.jdk/Contents/Home/lib/./libnet.dylib
0x0000000112bee000 	/Library/Java/JavaVirtualMachines/openjdk-13.0.1.jdk/Contents/Home/lib/libextnet.dylib
0x000000013bc7b000 	/Library/Frameworks/R.framework/Versions/4.0/Resources/library/triebeard/libs/triebeard.so
0x000000013bcd1000 	/Library/Frameworks/R.framework/Versions/4.0/Resources/library/urltools/libs/urltools.so


VM Arguments:
jvm_args: -Djava.awt.headless=true -Xmx512m -Xrs vfprintf exit -Xss2m 
java_command: <unknown>
java_class_path (initial): /Library/Frameworks/R.framework/Versions/4.0/Resources/library/rJava/java/boot
Launcher Type: generic

[Global flags]
     intx CICompilerCount                          = 4                                         {product} {ergonomic}
     uint ConcGCThreads                            = 2                                         {product} {ergonomic}
     uint G1ConcRefinementThreads                  = 8                                         {product} {ergonomic}
   size_t G1HeapRegionSize                         = 1048576                                   {product} {ergonomic}
    uintx GCDrainStackTargetSize                   = 64                                        {product} {ergonomic}
   size_t InitialHeapSize                          = 268435456                                 {product} {ergonomic}
   size_t MarkStackSize                            = 4194304                                   {product} {ergonomic}
   size_t MaxHeapSize                              = 536870912                                 {product} {command line}
   size_t MaxNewSize                               = 321912832                                 {product} {ergonomic}
   size_t MinHeapDeltaBytes                        = 1048576                                   {product} {ergonomic}
   size_t MinHeapSize                              = 8388608                                   {product} {ergonomic}
    uintx NonNMethodCodeHeapSize                   = 5836300                                {pd product} {ergonomic}
    uintx NonProfiledCodeHeapSize                  = 122910970                              {pd product} {ergonomic}
    uintx ProfiledCodeHeapSize                     = 122910970                              {pd product} {ergonomic}
     bool ReduceSignalUsage                        = true                                      {product} {command line}
    uintx ReservedCodeCacheSize                    = 251658240                              {pd product} {ergonomic}
     bool SegmentedCodeCache                       = true                                      {product} {ergonomic}
   size_t SoftMaxHeapSize                          = 536870912                              {manageable} {ergonomic}
     intx ThreadStackSize                          = 2048                                   {pd product} {command line}
     bool UseCompressedClassPointers               = true                                 {lp64_product} {ergonomic}
     bool UseCompressedOops                        = true                                 {lp64_product} {ergonomic}
     bool UseG1GC                                  = true                                      {product} {ergonomic}

Logging:
Log output configuration:
 #0: stdout all=warning uptime,level,tags
 #1: stderr all=off uptime,level,tags

Environment Variables:
PATH=/usr/bin:/bin:/usr/sbin:/sbin:/usr/local/bin:/opt/local/bin:/Applications/RStudio.app/Contents/MacOS/postback:/Applications/RStudio.app/Contents/MacOS/postback:/Applications/RStudio.app/Contents/MacOS/postback
LD_LIBRARY_PATH=
SHELL=/bin/bash
DISPLAY=:0
DYLD_LIBRARY_PATH=/Library/Java/JavaVirtualMachines/openjdk-13.0.1.jdk/Contents/Home/lib/server
DYLD_FALLBACK_LIBRARY_PATH=/Library/Frameworks/R.framework/Resources/lib:/Users/patelm9/lib:/usr/local/lib:/usr/lib:::/lib:/Library/Java/JavaVirtualMachines/jdk1.8.0_241.jdk/Contents/Home/jre/lib/server

Signal Handlers:
SIGSEGV: [libjvm.dylib+0x781580], sa_mask[0]=11111111011111110111111111111111, sa_flags=SA_ONSTACK|SA_RESTART|SA_SIGINFO
SIGBUS: [libjvm.dylib+0x781580], sa_mask[0]=11111111011111110111111111111111, sa_flags=SA_RESTART|SA_SIGINFO
SIGFPE: [libjvm.dylib+0x781580], sa_mask[0]=11111111011111110111111111111111, sa_flags=SA_RESTART|SA_SIGINFO
SIGPIPE: SIG_IGN, sa_mask[0]=00000000000000000000000000000000, sa_flags=SA_RESTART
SIGXFSZ: [libjvm.dylib+0x627f85], sa_mask[0]=11111111011111110111111111111111, sa_flags=SA_RESTART|SA_SIGINFO
SIGILL: [libjvm.dylib+0x781580], sa_mask[0]=11111111011111110111111111111111, sa_flags=SA_RESTART|SA_SIGINFO
SIGUSR2: SIG_IGN, sa_mask[0]=00000000000000000000000000000000, sa_flags=none
SIGHUP: SIG_DFL, sa_mask[0]=00000000000000000000000000000000, sa_flags=none
SIGINT: [rsession+0x156130], sa_mask[0]=00000000000000000000000000000000, sa_flags=SA_RESTART
SIGTERM: SIG_DFL, sa_mask[0]=00000000000000000000000000000000, sa_flags=none
SIGQUIT: SIG_DFL, sa_mask[0]=00000000000000000000000000000000, sa_flags=none


---------------  S Y S T E M  ---------------

OS:uname:Darwin 18.7.0 Darwin Kernel Version 18.7.0: Thu Jun 18 20:50:10 PDT 2020; root:xnu-4903.278.43~1/RELEASE_X86_64 x86_64
rlimit: STACK 8192k, CORE 0k, NPROC 1418, NOFILE 12544, AS infinity, DATA infinity, FSIZE infinity
load average:2.70 2.85 2.81

CPU:total 8 (initial active 8) (4 cores per cpu, 2 threads per core) family 6 model 142 stepping 10, cmov, cx8, fxsr, mmx, sse, sse2, sse3, ssse3, sse4.1, sse4.2, popcnt, avx, avx2, aes, clmul, erms, 3dnowpref, lzcnt, ht, tsc, tscinvbit, bmi1, bmi2, adx, fma

Memory: 4k page, physical 16777216k(505176k free), swap 6291456k(518912k free)

vm_info: OpenJDK 64-Bit Server VM (13.0.1+9) for bsd-amd64 JRE (13.0.1+9), built on Oct  6 2019 11:52:16 by "mach5one" with clang 4.2.1 Compatible Apple LLVM 10.0.0 (clang-1000.11.45.5)

END.
